
 *------------------------------------------------------------------------------------* 
 |                                                                                    | 
 |  *------------------------------------------------------------------------------*  | 
 |  |                                                                              |  | 
 |  |                                                                              |  | 
 |  |   PPP   Y   Y  TTTTT  H   H  III    A      Welcome to the Lund Monte Carlo!  |  | 
 |  |   P  P   Y Y     T    H   H   I    A A     This is PYTHIA version 8.315      |  | 
 |  |   PPP     Y      T    HHHHH   I   AAAAA    Last date of change: 27 May 2025  |  | 
 |  |   P       Y      T    H   H   I   A   A                                      |  | 
 |  |   P       Y      T    H   H  III  A   A    Now is 08 Oct 2025 at 02:44:39    |  | 
 |  |                                                                              |  | 
 |  |   Program documentation and an archive of historic versions is found on:     |  | 
 |  |                                                                              |  | 
 |  |                               https://pythia.org/                            |  | 
 |  |                                                                              |  | 
 |  |   PYTHIA is authored by a collaboration consisting of:                       |  | 
 |  |                                                                              |  | 
 |  |   Javira Altmann, Christian Bierlich, Naomi Cooke, Nishita Desai,            |  | 
 |  |   Ilkka Helenius, Philip Ilten, Leif Lonnblad, Stephen Mrenna,               |  | 
 |  |   Christian Preuss, Torbjorn Sjostrand, and Peter Skands.                    |  | 
 |  |                                                                              |  | 
 |  |   The complete list of authors, including contact information and            |  | 
 |  |   affiliations, can be found on https://pythia.org/.                         |  | 
 |  |   Problems or bugs should be reported on email at authors@pythia.org.        |  | 
 |  |                                                                              |  | 
 |  |   The main program reference is C. Bierlich et al,                           |  | 
 |  |   'A comprehensive guide to the physics and usage of Pythia 8.3',            |  | 
 |  |   SciPost Phys. Codebases 8-r8.3 (2022) [arXiv:2203.11601 [hep-ph]]          |  | 
 |  |                                                                              |  | 
 |  |   PYTHIA is released under the GNU General Public Licence version 2          |  | 
 |  |   or later. Please respect the MCnet Guidelines for Generator Authors        |  | 
 |  |   and Users.                                                                 |  | 
 |  |                                                                              |  | 
 |  |   Disclaimer: this program comes without any guarantees.                     |  | 
 |  |   Beware of errors and use common sense when interpreting results.           |  | 
 |  |                                                                              |  | 
 |  |   Copyright (C) 2025 Torbjorn Sjostrand                                      |  | 
 |  |                                                                              |  | 
 |  |                                                                              |  | 
 |  *------------------------------------------------------------------------------*  | 
 |                                                                                    | 
 *------------------------------------------------------------------------------------* 


 *-------  PYTHIA Process Initialization  --------------------------*
 |                                                                  |
 | We collide p+ with p+ at a CM energy of 2.000e+02 GeV            |
 |                                                                  |
 |------------------------------------------------------------------|
 |                                                    |             |
 | Subprocess                                    Code |   Estimated |
 |                                                    |    max (mb) |
 |                                                    |             |
 |------------------------------------------------------------------|
 |                                                    |             |
 | g g -> g g                                     111 |   9.329e-03 |
 | g g -> q qbar (uds)                            112 |   2.160e-04 |
 | q g -> q g                                     113 |   2.165e-02 |
 | q q(bar)' -> q q(bar)'                         114 |   7.869e-03 |
 | q qbar -> g g                                  115 |   5.019e-05 |
 | q qbar -> q' qbar' (uds)                       116 |   3.829e-05 |
 | g g -> c cbar                                  121 |   6.816e-05 |
 | q qbar -> c cbar                               122 |   1.234e-05 |
 | g g -> b bbar                                  123 |   4.160e-05 |
 | q qbar -> b bbar                               124 |   9.130e-06 |
 |                                                                  |
 *-------  End PYTHIA Process Initialization -----------------------*

 *-------  PYTHIA Multiparton Interactions Initialization  ---------* 
 |                                                                  | 
 |                   sigmaNonDiffractive =    28.49 mb              | 
 |                                                                  | 
 |    pT0 =  1.06 gives sigmaInteraction =    84.95 mb: accepted    | 
 |                                                                  | 
 *-------  End PYTHIA Multiparton Interactions Initialization  -----* 

 *-------  PYTHIA Flag + Mode + Parm + Word + FVec + MVec + PVec + WVec Settings (changes only)  ------------------* 
 |                                                                                                                 | 
 | Name                                          |                      Now |      Default         Min         Max | 
 |                                               |                          |                                      | 
 | Beams:eCM                                     |                200.00000 |    14000.000         0.0             | 
 | HardQCD:all                                   |                       on |          off                         | 
 | Main:numberOfEvents                           |                   100000 |         1000           0             | 
 | Main:rivetAnalyses                            |      BRAHMS_2007_I742956 |                                      | 
 |                                               |        STAR_2003_I631869 |                                      | 
 |                                               |        STAR_2012_I930463 |                                      | 
 |                                               |       STAR_2019_I1771348 |                                      | 
 |                                               |       STAR_2020_I1783875 |                                      | 
 |                                               |       STAR_2021_I1853218 |                                      | 
 |                                               |    STAR_2006_I709170TEST |                                      | 
 | Main:rivetDumpFile                            |                        # |                                      | 
 | Main:rivetRunName                             |                        # |                                      | 
 | Main:runRivet                                 |                       on |          off                         | 
 | Main:writeLog                                 |                       on |          off                         | 
 | PhaseSpace:pTHatMax                           |                 20.00000 |     -1.00000                         | 
 | PhaseSpace:pTHatMin                           |                 10.00000 |          0.0         0.0             | 
 | Stat:showPartonLevel                          |                       on |          off                         | 
 | StringZ:useOldAExtra                          |                       on |          off                         | 
 |                                                                                                                 | 
 *-------  End PYTHIA Flag + Mode + Parm + Word + FVec + MVec + PVec + WVec Settings  -----------------------------* 

 --------  PYTHIA Particle Data Table (changed only)  ------------------------------------------------------------------------------
 
      id   name            antiName         spn chg col      m0        mWidth      mMin       mMax       tau0    res dec ext vis wid
             no onMode   bRatio   meMode     products 

 no particle data has been changed from its default value 

 --------  End PYTHIA Particle Data Table  -----------------------------------------------------------------------------------------


 --------  PYTHIA Info Listing  ---------------------------------------- 
 
 Beam A: id =   2212, pz =  1.000e+02, e =  1.000e+02, m =  9.383e-01.
 Beam B: id =   2212, pz = -1.000e+02, e =  1.000e+02, m =  9.383e-01.

 In 1: id =    2, x =  2.218e-01, pdf =  5.362e-01 at Q2 =  1.059e+02.
 In 2: id =   21, x =  2.255e-01, pdf =  3.967e-01 at same Q2.

 Subprocess q g -> q g with code 113 is 2 -> 2.
 It has sHat =  2.001e+03,    tHat = -1.122e+02,    uHat = -1.889e+03,
       pTHat =  1.029e+01,   m3Hat =  3.300e-01,   m4Hat =  0.000e+00,
    thetaHat =  4.782e-01,  phiHat =  2.019e+00.
     alphaEM =  7.629e-03,  alphaS =  1.988e-01    at Q2 =  1.059e+02.

 Impact parameter b =  7.538e-01 gives enhancement factor =  1.337e+00.
 Max pT scale for MPI =  1.029e+01, ISR =  1.029e+01, FSR =  1.029e+01.
 Number of MPI =     6, ISR =     3, FSRproc =    14, FSRreson =     0.

 --------  End PYTHIA Info Listing  ------------------------------------

 --------  PYTHIA Event Listing  (hard process)  -----------------------------------------------------------------------------------
 
    no         id  name            status     mothers   daughters     colours      p_x        p_y        p_z         e          m 
     0         90  (system)           -11     0     0     0     0     0     0      0.000      0.000      0.000    200.000    200.000
     1       2212  (p+)               -12     0     0     3     0     0     0      0.000      0.000     99.996    100.000      0.938
     2       2212  (p+)               -12     0     0     4     0     0     0      0.000      0.000    -99.996    100.000      0.938
     3          2  (u)                -21     1     0     5     6   101     0      0.000      0.000     22.181     22.181      0.000
     4         21  (g)                -21     2     0     5     6   102   103      0.000      0.000    -22.551     22.551      0.000
     5          2  u                   23     3     4     0     0   102     0     -4.462      9.274     19.671     22.203      0.330
     6         21  g                   23     3     4     0     0   101   103      4.462     -9.274    -20.041     22.529      0.000
                                   Charge sum:  0.667           Momentum sum:      0.000      0.000     -0.370     44.732     44.731

 --------  End PYTHIA Event Listing  -----------------------------------------------------------------------------------------------

 --------  PYTHIA Event Listing  (complete event)  ---------------------------------------------------------------------------------
 
    no         id  name            status     mothers   daughters     colours      p_x        p_y        p_z         e          m 
     0         90  (system)           -11     0     0     0     0     0     0      0.000      0.000      0.000    200.000    200.000
     1       2212  (p+)               -12     0     0    88     0     0     0      0.000      0.000     99.996    100.000      0.938
     2       2212  (p+)               -12     0     0    89     0     0     0      0.000      0.000    -99.996    100.000      0.938
     3          2  (u)                -21     7     7     5     6   101     0      0.000      0.000     22.181     22.181      0.000
     4         21  (g)                -21     8     0     5     6   102   103      0.000      0.000    -22.551     22.551      0.000
     5          2  (u)                -23     3     4     9     9   102     0     -4.462      9.274     19.671     22.203      0.330
     6         21  (g)                -23     3     4    10    10   101   103      4.462     -9.274    -20.041     22.529      0.000
     7          2  (u)                -42    12    12     3     3   101     0      0.000     -0.000     22.181     22.181      0.000
     8         21  (g)                -41    13     0    11     4   102   104     -0.000      0.000    -24.234     24.234      0.000
     9          2  (u)                -44     5     5    14    14   102     0     -4.524      9.321     18.758     21.432      0.330
    10         21  (g)                -44     6     6    15    15   101   103      3.417     -8.478    -21.549     23.407      0.000
    11         21  (g)                -43     8     0    16    16   103   104      1.107     -0.843      0.738      1.575      0.000
    12          2  (u)                -42    25     0     7     7   101     0      0.000     -0.000     22.181     22.181      0.000
    13         21  (g)                -41    20    20    17     8   102   105     -0.000      0.000    -27.146     27.146      0.000
    14          2  (u)                -44     9     9    18    19   102     0     -4.581      9.430     18.638     21.387      0.330
    15         21  (g)                -44    10    10    28    28   101   103      2.459     -6.649    -22.564     23.651      0.000
    16         21  (g)                -44    11    11    29    29   103   104      1.089     -0.809      0.639      1.500      0.000
    17         21  (g)                -43    13     0    30    30   104   105      1.033     -1.972     -1.679      2.788      0.000
    18          2  (u)                -51    14     0    27    27   106     0     -2.768      2.693     10.722     11.401      0.330
    19         21  (g)                -51    14     0    31    31   102   106     -1.813      6.737      7.592     10.310      0.000
    20         21  (g)                -53    26    26    13    13   102   105     -0.000      0.000    -27.471     27.471      0.000
    21         21  (g)                -31    84    84    23    24   109   108      0.000      0.000     24.278     24.278      0.000
    22         -2  (ubar)             -31   105   105    23    24     0   107      0.000      0.000     -0.343      0.343      0.000
    23         21  (g)                -33    21    22    82    83   109   107      0.999      2.244      5.552      6.071      0.000
    24         -2  (ubar)             -33    21    22   107   107     0   108     -0.999     -2.244     18.384     18.550      0.330
    25          2  (u)                -41    88    88    32    12   110     0      0.000      0.000     26.848     26.848      0.000
    26         21  (g)                -42    45    45    20    20   102   105     -0.000      0.000    -27.471     27.471      0.000
    27          2  (u)                -44    18    18    70    71   106     0     -1.862      2.373     10.957     11.369      0.330
    28         21  (g)                -44    15    15    33    34   101   103      2.503     -6.665    -22.545     23.643      0.000
    29         21  (g)                -44    16    16    42    42   103   104      1.177     -0.840      0.595      1.564      0.000
    30         21  (g)                -44    17    17    43    44   104   105      1.079     -1.988     -1.725      2.844      0.000
    31         21  (g)                -44    19    19    72    72   102   106     -1.079      6.478      7.840     10.227      0.000
    32         21  (g)                -43    25     0    35    35   110   101     -1.818      0.642      4.256      4.672      0.000
    33         21  (g)                -51    28     0    40    41   111   103      3.028     -7.038    -18.829     20.328      0.000
    34         21  (g)                -51    28     0    55    55   101   111     -0.623      0.407     -3.487      3.566      0.000
    35         21  (g)                -52    32    32    53    54   110   101     -1.720      0.608      4.027      4.421      0.000
    36         21  (g)                -31    75    75    38    39   112   113      0.000      0.000      2.032      2.032      0.000
    37         21  (g)                -31   110   110    38    39   114   115      0.000      0.000    -15.333     15.333      0.000
    38         21  (g)                -33    36    37   111   111   112   115      0.321      1.575      1.664      2.314      0.000
    39         21  (g)                -33    36    37    73    74   114   113     -0.321     -1.575    -14.965     15.051      0.000
    40         21  (g)                -51    33     0    91    91   111   116     -0.116     -3.321     -7.516      8.217      0.000
    41         21  (g)                -51    33     0    48    48   116   103      3.301     -3.829    -11.234     12.319      0.000
    42         21  (g)                -52    29    29    46    47   103   104      1.020     -0.728      0.516      1.355      0.000
    43         21  (g)                -51    30     0    61    61   104   117      0.641     -2.763     -4.817      5.590      0.000
    44         21  (g)                -51    30     0    98    98   117   105      0.437      0.775     -0.969      1.316      0.000
    45         21  (g)                -53    89    89    26    26   102   105      0.000      0.000    -31.531     31.531      0.000
    46         21  (g)                -51    42     0    59    60   118   104      1.660     -1.145     -0.368      2.049      0.000
    47         21  (g)                -51    42     0    99    99   103   118     -0.353      0.085     -0.091      0.374      0.000
    48         21  (g)                -52    41    41    97    97   116   103      3.015     -3.497    -10.260     11.251      0.000
    49         21  (g)                -31   114   114    51    52   119   120      0.000      0.000      1.436      1.436      0.000
    50         21  (g)                -31   115   115    51    52   121   119      0.000      0.000     -1.051      1.051      0.000
    51         21  (g)                -33    49    50    76    77   121   122      0.150     -0.767     -0.767      1.095      0.000
    52         21  (g)                -33    49    50    78    78   122   120     -0.150      0.767      1.152      1.392      0.000
    53         21  (g)                -51    35     0    95    95   110   123     -0.989      0.238      0.510      1.138      0.000
    54         21  (g)                -51    35     0    58    58   123   101     -0.761      0.389      3.348      3.455      0.000
    55         21  (g)                -52    34    34    56    57   101   111     -0.593      0.387     -3.318      3.393      0.000
    56         21  (g)                -51    55     0    96    96   124   111     -0.584      0.880     -3.030      3.208      0.000
    57         21  (g)                -51    55     0   101   101   101   124     -0.071     -0.461     -0.016      0.466      0.000
    58         21  (g)                -52    54    54   100   100   123   101     -0.699      0.357      3.075      3.174      0.000
    59         21  (g)                -51    46     0    92    92   118   125      1.509     -0.716     -0.255      1.689      0.000
    60         21  (g)                -51    46     0   102   102   125   104      0.303     -1.083     -1.254      1.685      0.000
    61         21  (g)                -52    43    43    93    93   104   117      0.489     -2.108     -3.675      4.265      0.000
    62         21  (g)                -31   119   119    64    65   126   127      0.000      0.000      0.826      0.826      0.000
    63         21  (g)                -31   120   120    64    65   127   128      0.000      0.000     -5.689      5.689      0.000
    64         21  (g)                -33    62    63    81    81   126   129      0.164      0.611      0.684      0.932      0.000
    65         21  (g)                -33    62    63    79    80   129   128     -0.164     -0.611     -5.547      5.583      0.000
    66          2  (u)                -31   125   125    68    69   130     0      0.000      0.000      0.024      0.024      0.000
    67         21  (g)                -31   126   126    68    69   131   130      0.000      0.000    -18.538     18.538      0.000
    68          2  (u)                -33    66    67   127   127   132     0     -0.404      0.373     -5.766      5.802      0.330
    69         21  (g)                -33    66    67   128   128   131   132      0.404     -0.373    -12.748     12.760      0.000
    70          2  (u)                -51    27     0    90    90   133     0     -0.553      1.658      6.571      6.808      0.330
    71         21  (g)                -51    27     0   103   103   106   133     -1.365      1.054      4.796      5.097      0.000
    72         21  (g)                -52    31    31    94    94   102   106     -1.023      6.139      7.430      9.692      0.000
    73         21  (g)                -51    39     0   112   112   114   134     -0.381     -1.418     -8.257      8.386      0.000
    74         21  (g)                -51    39     0   113   113   134   113      0.060     -0.157     -6.685      6.687      0.000
    75         21  (g)                -53   109   109    36    36   112   113      0.000     -0.000      2.055      2.055      0.000
    76         21  (g)                -51    51     0   116   116   121   135      0.242     -0.638     -0.826      1.072      0.000
    77         21  (g)                -51    51     0   118   118   135   122     -0.135      0.093      0.393      0.426      0.000
    78         21  (g)                -52    52    52   117   117   122   120     -0.107      0.545      0.819      0.989      0.000
    79         21  (g)                -51    65     0    85    86   136   128      0.021     -0.840     -5.207      5.275      0.000
    80         21  (g)                -51    65     0    87    87   129   136     -0.164      0.309     -0.251      0.430      0.000
    81         21  (g)                -52    64    64   121   121   126   129      0.143      0.531      0.595      0.810      0.000
    82         21  (g)                -51    23     0   106   106   137   107      0.081      1.233      4.024      4.209      0.000
    83         21  (g)                -51    23     0   108   108   109   137      0.918      1.012      2.628      2.962      0.000
    84         21  (g)                -53   104   104    21    21   109   108      0.000      0.000     25.378     25.378      0.000
    85         21  (g)                -51    79     0   122   122   138   128      0.078     -0.944     -3.495      3.621      0.000
    86         21  (g)                -51    79     0   124   124   136   138     -0.128      0.240     -1.823      1.843      0.000
    87         21  (g)                -52    80    80   123   123   129   136     -0.092      0.173     -0.140      0.241      0.000
    88          2  (u)                -61     1     0    25    25   108     0     -0.360     -0.225     26.845     26.849      0.000
    89         21  (g)                -61     2     0    45    45   102   105     -0.539      0.564    -31.529     31.539      0.000
    90          2  (u)                -62    70    70   165   165   133     0     -0.644      1.604      6.593      6.824      0.330
    91         21  (g)                -62    40    40   197   197   111   116     -0.255     -3.183     -7.558      8.205      0.000
    92         21  (g)                -62    59    59   194   194   118   125      1.483     -0.704     -0.267      1.663      0.000
    93         21  (g)                -62    61    61   135     0   104   117      0.418     -2.039     -3.703      4.248      0.000
    94         21  (g)                -62    72    72   167   167   102   106     -1.157      6.087      7.511      9.737      0.000
    95         21  (g)                -62    53    53   201   201   108   123     -1.006      0.237      0.515      1.155      0.000
    96         21  (g)                -62    56    56   198   198   124   111     -0.638      0.935     -3.017      3.222      0.000
    97         21  (g)                -62    48    48   196   196   116   103      2.825     -3.308    -10.311     11.191      0.000
    98         21  (g)                -62    44    44   192   192   117   105      0.416      0.794     -0.960      1.313      0.000
    99         21  (g)                -62    47    47   195   195   103   118     -0.359      0.088     -0.089      0.380      0.000
   100         21  (g)                -62    58    58   200   200   123   101     -0.742      0.332      3.081      3.186      0.000
   101         21  (g)                -62    57    57   199   199   101   124     -0.078     -0.458     -0.022      0.465      0.000
   102         21  (g)                -62    60    60   135     0   125   104      0.275     -1.059     -1.269      1.675      0.000
   103         21  (g)                -62    71    71   166   166   106   133     -1.434      1.015      4.812      5.123      0.000
   104         21  (g)                -61     1     0    84    84   109   108      0.599      0.059     25.558     25.565      0.000
   105         -2  (ubar)             -61     2     0    22    22     0   107      0.801     -0.365      0.205      0.903      0.000
   106         21  (g)                -62    82    82   139   139   137   107      0.383      1.142      3.632      3.826      0.000
   107         -2  (ubar)             -62    24    24   202   202     0   108     -0.372     -2.288     18.708     18.854      0.330
   108         21  (g)                -62    83    83   140   140   109   137      1.388      0.840      3.423      3.788      0.000
   109         21  (g)                -61     1     0    75    75   112   113     -1.225     -1.309      1.704      2.473      0.000
   110         21  (g)                -61     2     0    37    37   114   102     -0.329     -0.086    -15.209     15.213      0.000
   111         21  (g)                -62    38    38   171   171   112   135     -0.861      0.310      1.909      2.117      0.000
   112         21  (g)                -62    73    73   151   151   114   134     -0.608     -1.510     -8.751      8.901      0.000
   113         21  (g)                -62    74    74   134     0   134   131     -0.084     -0.195     -6.663      6.667      0.000
   114         21  (g)                -61     1     0    49    49   119   119      1.830     -0.024      1.149      2.161      0.000
   115         21  (g)                -61     2     0    50    50   120   120     -0.042     -0.781     -0.656      1.021      0.000
   116         21  (g)                -62    76    76   148   148   121   113      0.526     -1.386     -0.367      1.527      0.000
   117         21  (g)                -62    78    78   136     0   122   126      0.893      0.480      0.505      1.133      0.000
   118         21  (g)                -62    77    77   136     0   135   122      0.369      0.100      0.356      0.522      0.000
   119         21  (g)                -61     1     0    62    62   128   128     -0.148      0.903      0.598      1.094      0.000
   120         21  (g)                -61     2     0    63    63   127   127      0.508      1.542     -6.197      6.406      0.000
   121         21  (g)                -62    81    81   169   169   126   129      0.040      1.401      0.180      1.413      0.000
   122         21  (g)                -62    85    85   149   149   138   121      0.357     -0.042     -3.407      3.425      0.000
   123         21  (g)                -62    87    87   137     0   129   136     -0.078      0.305     -0.260      0.408      0.000
   124         21  (g)                -62    86    86   137     0   136   102      0.041      0.781     -2.112      2.252      0.000
   125          2  (u)                -61     1     0    66    66   113     0     -0.132      0.268     -0.881      0.931      0.000
   126         21  (g)                -61     2     0    67    67   105   113     -0.104      0.107    -18.642     18.643      0.000
   127          2  (u)                -62    68    68   191   191   105     0     -0.552      0.626     -9.647      9.689      0.330
   128         21  (g)                -62    69    69   134     0   131   138      0.317     -0.251     -9.876      9.885      0.000
   129       2101  (ud_0)             -63     1     0   172   172     0   112     -0.486      0.471     39.518     39.528      0.579
   130         -2  (ubar)             -63     1     0   141   141     0   109     -0.079     -0.144      1.833      1.870      0.330
   131       2203  (uu_1)             -63     2     0   152   152     0   114     -0.033      0.179    -23.022     23.036      0.771
   132          1  (d)                -63     2     0   138   138   107     0     -0.295     -0.604     -1.791      1.941      0.330
   133          2  (u)                -63     2     0   147   147   113     0      0.032     -0.556      0.517      0.828      0.330
   134         21  (g)                -73   113   128   150   150   134   138      0.233     -0.446    -16.540     16.551      0.364
   135         21  (g)                -73    93   102   193   193   125   117      0.693     -3.098     -4.972      5.924      0.537
   136         21  (g)                -73   117   118   170   170   135   126      1.262      0.580      0.861      1.655      0.262
   137         21  (g)                -73   123   124   168   168   129   102     -0.038      1.086     -2.372      2.661      0.520
   138          1  (d)                -71   132   132   142   146   107     0     -0.295     -0.604     -1.791      1.941      0.330
   139         21  (g)                -71   106   106   142   146   137   107      0.383      1.142      3.632      3.826      0.000
   140         21  (g)                -71   108   108   142   146   109   137      1.388      0.840      3.423      3.788      0.000
   141         -2  (ubar)             -71   130   130   142   146     0   109     -0.079     -0.144      1.833      1.870      0.330
   142        221  (eta)              -83   138   141   253   255     0     0     -0.306     -0.689     -1.334      1.627      0.548
   143       -211  pi-                 83   138   141     0     0     0     0     -0.435      0.224     -0.068      0.514      0.140
   144        211  pi+                 84   138   141     0     0     0     0      0.983      0.578      1.469      1.865      0.140
   145       -211  pi-                 84   138   141     0     0     0     0      0.874      1.244      6.156      6.343      0.140
   146        221  (eta)              -84   138   141   256   258     0     0      0.283     -0.124      0.875      1.077      0.548
   147          2  (u)                -71   133   133   153   164   113     0      0.032     -0.556      0.517      0.828      0.330
   148         21  (g)                -71   116   116   153   164   121   113      0.526     -1.386     -0.367      1.527      0.000
   149         21  (g)                -71   122   122   153   164   138   121      0.357     -0.042     -3.407      3.425      0.000
   150         21  (g)                -71   134   134   153   164   134   138      0.233     -0.446    -16.540     16.551      0.364
   151         21  (g)                -71   112   112   153   164   114   134     -0.608     -1.510     -8.751      8.901      0.000
   152       2203  (uu_1)             -71   131   131   153   164     0   114     -0.033      0.179    -23.022     23.036      0.771
   153        211  pi+                 83   147   152     0     0     0     0      0.050     -0.611     -0.115      0.639      0.140
   154        313  (K*0)              -83   147   152   226   227     0     0      0.082     -0.860     -0.071      1.217      0.854
   155       -313  (K*bar0)           -83   147   152   228   229     0     0      0.436     -0.274     -0.634      1.234      0.926
   156       -211  pi-                 83   147   152     0     0     0     0     -0.174     -0.006     -0.767      0.798      0.140
   157        111  (pi0)              -83   147   152   259   260     0     0      0.398      0.054     -0.718      0.834      0.135
   158        211  pi+                 83   147   152     0     0     0     0     -0.112     -0.031     -0.546      0.575      0.140
   159        111  (pi0)              -83   147   152   261   262     0     0     -0.296     -0.480     -4.488      4.525      0.135
   160       -211  pi-                 83   147   152     0     0     0     0      0.128      0.017     -4.229      4.234      0.140
   161        111  (pi0)              -83   147   152   263   264     0     0      0.757     -0.764     -5.772      5.872      0.135
   162        211  pi+                 84   147   152     0     0     0     0     -0.717     -0.205    -19.286     19.301      0.140
   163        111  (pi0)              -84   147   152   265   266     0     0      0.148     -0.267     -0.938      0.995      0.135
   164       2212  p+                  84   147   152     0     0     0     0     -0.191     -0.334    -14.008     14.045      0.938
   165          2  (u)                -71    90    90   173   190   133     0     -0.644      1.604      6.593      6.824      0.330
   166         21  (g)                -71   103   103   173   190   106   133     -1.434      1.015      4.812      5.123      0.000
   167         21  (g)                -71    94    94   173   190   102   106     -1.157      6.087      7.511      9.737      0.000
   168         21  (g)                -71   137   137   173   190   129   102     -0.038      1.086     -2.372      2.661      0.520
   169         21  (g)                -71   121   121   173   190   126   129      0.040      1.401      0.180      1.413      0.000
   170         21  (g)                -71   136   136   173   190   135   126      1.262      0.580      0.861      1.655      0.262
   171         21  (g)                -71   111   111   173   190   112   135     -0.861      0.310      1.909      2.117      0.000
   172       2101  (ud_0)             -71   129   129   173   190     0   112     -0.486      0.471     39.518     39.528      0.579
   173        213  (rho+)             -83   165   172   230   231     0     0     -0.938      1.552      6.844      7.123      0.785
   174        113  (rho0)             -83   165   172   232   233     0     0     -0.168      1.131      1.975      2.412      0.781
   175        223  (omega)            -83   165   172   267   269     0     0     -1.391      2.184      4.830      5.535      0.780
   176        111  (pi0)              -83   165   172   270   271     0     0      0.201      0.438      1.131      1.237      0.135
   177       -211  pi-                 83   165   172     0     0     0     0     -0.694      0.704      0.752      1.250      0.140
   178        211  pi+                 83   165   172     0     0     0     0      0.662      1.445      1.520      2.203      0.140
   179        221  (eta)              -84   165   172   272   274     0     0     -0.680      0.556      0.116      1.042      0.548
   180       -213  (rho-)             -84   165   172   234   235     0     0     -0.139      0.451      0.273      1.177      1.043
   181        223  (omega)            -84   165   172   275   276     0     0      0.062      1.926      0.273      2.102      0.794
   182        223  (omega)            -84   165   172   277   279     0     0      0.262      0.050     -0.440      0.932      0.778
   183        211  pi+                 84   165   172     0     0     0     0      0.086      0.133     -0.245      0.323      0.140
   184       -211  pi-                 84   165   172     0     0     0     0     -0.187      0.528      0.179      0.605      0.140
   185        111  (pi0)              -84   165   172   280   281     0     0      0.485     -0.137     -0.117      0.535      0.135
   186        211  pi+                 84   165   172     0     0     0     0     -0.233      0.852      1.031      1.364      0.140
   187        221  (eta)              -84   165   172   282   283     0     0      0.134     -0.373      1.637      1.771      0.548
   188        313  (K*0)              -84   165   172   236   237     0     0     -0.082      0.399      5.647      5.737      0.929
   189       3122  (Lambda0)          -84   165   172   284   285     0     0     -0.552      0.333     10.096     10.178      1.116
   190        113  (rho0)             -84   165   172   238   239     0     0     -0.147      0.384     23.511     23.531      0.887
   191          2  (u)                -71   127   127   203   225   105     0     -0.552      0.626     -9.647      9.689      0.330
   192         21  (g)                -71    98    98   203   225   117   105      0.416      0.794     -0.960      1.313      0.000
   193         21  (g)                -71   135   135   203   225   125   117      0.693     -3.098     -4.972      5.924      0.537
   194         21  (g)                -71    92    92   203   225   118   125      1.483     -0.704     -0.267      1.663      0.000
   195         21  (g)                -71    99    99   203   225   103   118     -0.359      0.088     -0.089      0.380      0.000
   196         21  (g)                -71    97    97   203   225   116   103      2.825     -3.308    -10.311     11.191      0.000
   197         21  (g)                -71    91    91   203   225   111   116     -0.255     -3.183     -7.558      8.205      0.000
   198         21  (g)                -71    96    96   203   225   124   111     -0.638      0.935     -3.017      3.222      0.000
   199         21  (g)                -71   101   101   203   225   101   124     -0.078     -0.458     -0.022      0.465      0.000
   200         21  (g)                -71   100   100   203   225   123   101     -0.742      0.332      3.081      3.186      0.000
   201         21  (g)                -71    95    95   203   225   108   123     -1.006      0.237      0.515      1.155      0.000
   202         -2  (ubar)             -71   107   107   203   225     0   108     -0.372     -2.288     18.708     18.854      0.330
   203        221  (eta)              -83   191   202   286   287     0     0     -0.108      0.227     -1.840      1.936      0.548
   204       2214  (Delta+)           -83   191   202   240   241     0     0     -0.461      0.097     -5.669      5.797      1.116
   205        221  (eta)              -83   191   202   288   289     0     0      0.553      0.185     -1.385      1.600      0.548
   206      -2214  (Deltabar-)        -83   191   202   242   243     0     0      0.481     -1.420     -4.373      4.899      1.623
   207        321  K+                  83   191   202     0     0     0     0      0.564      0.094      0.204      0.782      0.494
   208       3122  (Lambda0)          -83   191   202   290   291     0     0      1.155     -2.083     -6.110      6.652      1.116
   209      -2112  nbar0               83   191   202     0     0     0     0      1.019     -1.251     -1.522      2.409      0.940
   210        111  (pi0)              -83   191   202   292   293     0     0      0.302     -0.921     -2.218      2.424      0.135
   211       -211  pi-                 83   191   202     0     0     0     0     -0.064      0.076     -0.470      0.500      0.140
   212        211  pi+                 83   191   202     0     0     0     0     -0.308     -1.140     -2.576      2.838      0.140
   213       -213  (rho-)             -83   191   202   244   245     0     0      0.506     -0.707     -3.107      3.302      0.702
   214        223  (omega)            -83   191   202   294   296     0     0      0.467     -1.189     -2.569      2.969      0.765
   215       2212  p+                  84   191   202     0     0     0     0     -0.455     -0.032     -3.211      3.376      0.938
   216      -2214  (Deltabar-)        -84   191   202   246   247     0     0      0.244     -0.413      0.016      1.308      1.217
   217        111  (pi0)              -84   191   202   297   298     0     0     -0.248      0.034      0.322      0.429      0.135
   218        211  pi+                 84   191   202     0     0     0     0      0.062      0.266     -0.147      0.340      0.140
   219       -213  (rho-)             -84   191   202   248   249     0     0     -0.035     -0.007     -0.626      0.973      0.744
   220        321  K+                  84   191   202     0     0     0     0     -0.961      0.063     -0.083      1.086      0.494
   221        221  (eta)              -84   191   202   299   301     0     0     -0.129      0.091      0.546      0.789      0.548
   222       -311  (Kbar0)            -84   191   202   250   250     0     0     -0.717      0.008      2.844      2.975      0.498
   223        223  (omega)            -84   191   202   302   304     0     0     -0.393     -0.177      2.133      2.311      0.778
   224       2112  n0                  84   191   202     0     0     0     0      0.132     -0.328      5.336      5.430      0.940
   225      -2212  pbar-               84   191   202     0     0     0     0     -0.192     -1.500      9.964     10.122      0.938
   226        311  (K0)               -91   154     0   251   251     0     0      0.224     -0.854     -0.019      1.014      0.498
   227        111  (pi0)              -91   154     0   305   306     0     0     -0.142     -0.005     -0.051      0.203      0.135
   228       -311  (Kbar0)            -91   155     0   252   252     0     0     -0.008     -0.302     -0.261      0.638      0.498
   229        111  (pi0)              -91   155     0   307   308     0     0      0.444      0.028     -0.373      0.596      0.135
   230        211  pi+                 91   173     0     0     0     0     0     -0.399      1.245      4.040      4.248      0.140
   231        111  (pi0)              -91   173     0   309   310     0     0     -0.539      0.306      2.804      2.875      0.135
   232        211  pi+                 91   174     0     0     0     0     0     -0.198      0.097      0.794      0.836      0.140
   233       -211  pi-                 91   174     0     0     0     0     0      0.031      1.034      1.181      1.576      0.140
   234       -211  pi-                 91   180     0     0     0     0     0     -0.544      0.133     -0.001      0.577      0.140
   235        111  (pi0)              -91   180     0   311   312     0     0      0.405      0.318      0.275      0.599      0.135
   236        321  K+                  91   188     0     0     0     0     0     -0.060     -0.037      3.879      3.910      0.494
   237       -211  pi-                 91   188     0     0     0     0     0     -0.022      0.436      1.768      1.826      0.140
   238        211  pi+                 91   190     0     0     0     0     0     -0.017      0.254      2.203      2.222      0.140
   239       -211  pi-                 91   190     0     0     0     0     0     -0.130      0.130     21.307     21.309      0.140
   240       2212  p+                  91   204     0     0     0     0     0     -0.302      0.021     -4.775      4.876      0.938
   241        111  (pi0)              -91   204     0   313   314     0     0     -0.159      0.076     -0.893      0.921      0.135
   242      -2212  pbar-               91   206     0     0     0     0     0     -0.072     -1.205     -3.634      3.942      0.938
   243        111  (pi0)              -91   206     0   315   316     0     0      0.553     -0.216     -0.739      0.957      0.135
   244       -211  pi-                 91   213     0     0     0     0     0      0.422     -0.742     -2.956      3.080      0.140
   245        111  (pi0)              -91   213     0   317   318     0     0      0.084      0.035     -0.151      0.222      0.135
   246      -2212  pbar-               91   216     0     0     0     0     0      0.145     -0.113      0.076      0.959      0.938
   247        111  (pi0)              -91   216     0   319   320     0     0      0.099     -0.300     -0.060      0.349      0.135
   248       -211  pi-                 91   219     0     0     0     0     0      0.096     -0.233     -0.007      0.288      0.140
   249        111  (pi0)              -91   219     0   321   322     0     0     -0.131      0.225     -0.619      0.685      0.135
   250        310  (K_S0)             -91   222   222   323   324     0     0     -0.717      0.008      2.844      2.975      0.498
   251        130  K_L0                91   226   226     0     0     0     0      0.224     -0.854     -0.019      1.014      0.498
   252        130  K_L0                91   228   228     0     0     0     0     -0.008     -0.302     -0.261      0.638      0.498
   253        211  pi+                 91   142     0     0     0     0     0     -0.032     -0.130     -0.142      0.240      0.140
   254       -211  pi-                 91   142     0     0     0     0     0     -0.155     -0.458     -0.843      0.982      0.140
   255        111  (pi0)              -91   142     0   325   326     0     0     -0.120     -0.101     -0.349      0.406      0.135
   256        211  pi+                 91   146     0     0     0     0     0      0.039      0.095      0.231      0.289      0.140
   257       -211  pi-                 91   146     0     0     0     0     0      0.167     -0.200      0.465      0.551      0.140
   258        111  (pi0)              -91   146     0   327   328     0     0      0.077     -0.019      0.179      0.237      0.135
   259         22  gamma               91   157     0     0     0     0     0      0.070      0.062     -0.196      0.217      0.000
   260         22  gamma               91   157     0     0     0     0     0      0.328     -0.008     -0.522      0.617      0.000
   261         22  gamma               91   159     0     0     0     0     0     -0.178     -0.311     -2.315      2.343      0.000
   262         22  gamma               91   159     0     0     0     0     0     -0.118     -0.169     -2.173      2.183      0.000
   263         22  gamma               91   161     0     0     0     0     0      0.710     -0.695     -5.116      5.212      0.000
   264         22  gamma               91   161     0     0     0     0     0      0.046     -0.069     -0.655      0.661      0.000
   265         22  gamma               91   163     0     0     0     0     0      0.078     -0.244     -0.658      0.706      0.000
   266         22  gamma               91   163     0     0     0     0     0      0.071     -0.023     -0.280      0.289      0.000
   267        211  pi+                 91   175     0     0     0     0     0     -0.417      0.531      0.976      1.195      0.140
   268       -211  pi-                 91   175     0     0     0     0     0     -0.191      0.253      1.070      1.125      0.140
   269        111  (pi0)              -91   175     0   329   330     0     0     -0.782      1.401      2.783      3.215      0.135
   270         22  gamma               91   176     0     0     0     0     0      0.094      0.100      0.221      0.261      0.000
   271         22  gamma               91   176     0     0     0     0     0      0.107      0.337      0.910      0.976      0.000
   272        111  (pi0)              -91   179     0   331   332     0     0     -0.373      0.389      0.101      0.564      0.135
   273        111  (pi0)              -91   179     0   333   334     0     0     -0.144      0.146     -0.058      0.252      0.135
   274        111  (pi0)              -91   179     0   335   336     0     0     -0.164      0.021      0.073      0.225      0.135
   275        211  pi+                 91   181     0     0     0     0     0     -0.166      0.144     -0.066      0.268      0.140
   276       -211  pi-                 91   181     0     0     0     0     0      0.228      1.782      0.339      1.834      0.140
   277        211  pi+                 91   182     0     0     0     0     0      0.033      0.145     -0.191      0.280      0.140
   278       -211  pi-                 91   182     0     0     0     0     0      0.113     -0.276     -0.222      0.397      0.140
   279        111  (pi0)              -91   182     0   337   338     0     0      0.116      0.181     -0.027      0.255      0.135
   280         22  gamma               91   185     0     0     0     0     0      0.391     -0.141     -0.138      0.438      0.000
   281         22  gamma               91   185     0     0     0     0     0      0.094      0.004      0.022      0.097      0.000
   282         22  gamma               91   187     0     0     0     0     0     -0.053      0.037      0.934      0.936      0.000
   283         22  gamma               91   187     0     0     0     0     0      0.187     -0.410      0.704      0.836      0.000
   284       2112  n0                  91   189     0     0     0     0     0     -0.391      0.253      8.830      8.892      0.940
   285        111  (pi0)              -91   189     0   339   340     0     0     -0.161      0.080      1.266      1.286      0.135
   286         22  gamma               91   203     0     0     0     0     0      0.088      0.141     -0.124      0.207      0.000
   287         22  gamma               91   203     0     0     0     0     0     -0.196      0.086     -1.715      1.729      0.000
   288         22  gamma               91   205     0     0     0     0     0      0.433     -0.136     -0.854      0.968      0.000
   289         22  gamma               91   205     0     0     0     0     0      0.120      0.322     -0.531      0.632      0.000
   290       2212  p+                  91   208     0     0     0     0     0      1.049     -1.963     -5.531      6.035      0.938
   291       -211  pi-                 91   208     0     0     0     0     0      0.106     -0.121     -0.579      0.616      0.140
   292         22  gamma               91   210     0     0     0     0     0      0.072     -0.417     -1.025      1.109      0.000
   293         22  gamma               91   210     0     0     0     0     0      0.230     -0.504     -1.193      1.315      0.000
   294        211  pi+                 91   214     0     0     0     0     0      0.311     -0.199     -0.443      0.593      0.140
   295       -211  pi-                 91   214     0     0     0     0     0      0.001     -0.454     -1.145      1.240      0.140
   296        111  (pi0)              -91   214     0   341   342     0     0      0.155     -0.535     -0.981      1.136      0.135
   297         22  gamma               91   217     0     0     0     0     0     -0.010      0.024     -0.004      0.026      0.000
   298         22  gamma               91   217     0     0     0     0     0     -0.238      0.011      0.325      0.403      0.000
   299        111  (pi0)              -91   221     0   343   344     0     0     -0.096     -0.034      0.297      0.341      0.135
   300        111  (pi0)              -91   221     0   345   346     0     0     -0.061      0.021      0.230      0.274      0.135
   301        111  (pi0)              -91   221     0   347   348     0     0      0.028      0.104      0.020      0.174      0.135
   302        211  pi+                 91   223     0     0     0     0     0     -0.173     -0.099      1.407      1.428      0.140
   303       -211  pi-                 91   223     0     0     0     0     0     -0.063     -0.182      0.208      0.316      0.140
   304        111  (pi0)              -91   223     0   349   350     0     0     -0.158      0.104      0.518      0.568      0.135
   305         22  gamma               91   227     0     0     0     0     0      0.016      0.016      0.018      0.029      0.000
   306         22  gamma               91   227     0     0     0     0     0     -0.158     -0.021     -0.070      0.174      0.000
   307         22  gamma               91   229     0     0     0     0     0     -0.002     -0.014     -0.025      0.029      0.000
   308         22  gamma               91   229     0     0     0     0     0      0.446      0.042     -0.348      0.567      0.000
   309         22  gamma               91   231     0     0     0     0     0     -0.348      0.130      1.783      1.822      0.000
   310         22  gamma               91   231     0     0     0     0     0     -0.190      0.177      1.021      1.053      0.000
   311         22  gamma               91   235     0     0     0     0     0      0.163      0.065      0.048      0.182      0.000
   312         22  gamma               91   235     0     0     0     0     0      0.243      0.253      0.227      0.418      0.000
   313         22  gamma               91   241     0     0     0     0     0     -0.013      0.024     -0.021      0.035      0.000
   314         22  gamma               91   241     0     0     0     0     0     -0.146      0.052     -0.872      0.886      0.000
   315         22  gamma               91   243     0     0     0     0     0      0.046      0.019     -0.068      0.084      0.000
   316         22  gamma               91   243     0     0     0     0     0      0.506     -0.235     -0.671      0.873      0.000
   317         22  gamma               91   245     0     0     0     0     0      0.018      0.047      0.007      0.050      0.000
   318         22  gamma               91   245     0     0     0     0     0      0.066     -0.012     -0.158      0.172      0.000
   319         22  gamma               91   247     0     0     0     0     0      0.010     -0.112     -0.083      0.139      0.000
   320         22  gamma               91   247     0     0     0     0     0      0.089     -0.188      0.022      0.209      0.000
   321         22  gamma               91   249     0     0     0     0     0     -0.122      0.165     -0.321      0.381      0.000
   322         22  gamma               91   249     0     0     0     0     0     -0.009      0.061     -0.298      0.304      0.000
   323        211  pi+                 91   250     0     0     0     0     0     -0.417     -0.178      1.876      1.935      0.140
   324       -211  pi-                 91   250     0     0     0     0     0     -0.301      0.186      0.969      1.041      0.140
   325         22  gamma               91   255     0     0     0     0     0     -0.071     -0.031     -0.295      0.305      0.000
   326         22  gamma               91   255     0     0     0     0     0     -0.049     -0.069     -0.054      0.101      0.000
   327         22  gamma               91   258     0     0     0     0     0     -0.010     -0.042      0.007      0.043      0.000
   328         22  gamma               91   258     0     0     0     0     0      0.086      0.023      0.172      0.194      0.000
   329         22  gamma               91   269     0     0     0     0     0     -0.103      0.105      0.265      0.303      0.000
   330         22  gamma               91   269     0     0     0     0     0     -0.680      1.295      2.518      2.912      0.000
   331         22  gamma               91   272     0     0     0     0     0     -0.298      0.220      0.077      0.378      0.000
   332         22  gamma               91   272     0     0     0     0     0     -0.075      0.169      0.024      0.186      0.000
   333         22  gamma               91   273     0     0     0     0     0     -0.098      0.054     -0.091      0.144      0.000
   334         22  gamma               91   273     0     0     0     0     0     -0.047      0.093      0.033      0.109      0.000
   335         22  gamma               91   274     0     0     0     0     0     -0.092     -0.001     -0.031      0.097      0.000
   336         22  gamma               91   274     0     0     0     0     0     -0.071      0.022      0.104      0.128      0.000
   337         22  gamma               91   279     0     0     0     0     0     -0.029      0.015      0.006      0.033      0.000
   338         22  gamma               91   279     0     0     0     0     0      0.144      0.166     -0.033      0.222      0.000
   339         22  gamma               91   285     0     0     0     0     0     -0.132     -0.007      0.796      0.807      0.000
   340         22  gamma               91   285     0     0     0     0     0     -0.029      0.087      0.470      0.479      0.000
   341         22  gamma               91   296     0     0     0     0     0     -0.016     -0.034     -0.116      0.122      0.000
   342         22  gamma               91   296     0     0     0     0     0      0.171     -0.502     -0.865      1.014      0.000
   343         22  gamma               91   299     0     0     0     0     0      0.008      0.023      0.155      0.157      0.000
   344         22  gamma               91   299     0     0     0     0     0     -0.103     -0.057      0.141      0.184      0.000
   345         22  gamma               91   300     0     0     0     0     0     -0.097     -0.011      0.183      0.207      0.000
   346         22  gamma               91   300     0     0     0     0     0      0.036      0.032      0.047      0.067      0.000
   347         22  gamma               91   301     0     0     0     0     0      0.049      0.006      0.049      0.070      0.000
   348         22  gamma               91   301     0     0     0     0     0     -0.021      0.098     -0.029      0.104      0.000
   349         22  gamma               91   304     0     0     0     0     0     -0.140      0.017      0.356      0.383      0.000
   350         22  gamma               91   304     0     0     0     0     0     -0.018      0.087      0.162      0.185      0.000
                                   Charge sum:  2.000           Momentum sum:     -0.000      0.000      0.000    200.000    200.000

 --------  End PYTHIA Event Listing  -----------------------------------------------------------------------------------------------
[0;33mRivet.AnalysisLoader: WARN [0m Ignoring duplicate plugin analysis called 'STAR_2006_I709170'
[0;33mRivet.AnalysisHandler: WARN [0m Analysis 'STAR_2006_I709170TEST' not found.
[0;33mRivet.AnalysisHandler: WARN [0m Analysis 'BRAHMS_2007_I742956' is unvalidated: be careful, it may be broken!
[0;33mRivet.AnalysisHandler: WARN [0m Analysis 'STAR_2003_I631869' is unvalidated: be careful, it may be broken!
[0;33mRivet.AnalysisHandler: WARN [0m Analysis 'STAR_2012_I930463' is unvalidated: be careful, it may be broken!
[0;33mRivet.AnalysisHandler: WARN [0m Analysis 'STAR_2019_I1771348' is unvalidated: be careful, it may be broken!
[0;33mRivet.AnalysisHandler: WARN [0m Analysis 'STAR_2020_I1783875' is unvalidated: be careful, it may be broken!
[0;33mRivet.AnalysisHandler: WARN [0m Analysis 'STAR_2021_I1853218' is unvalidated: be careful, it may be broken!

 Pythia::next(): 1000 events have been generated 
 PYTHIA Error in SimpleSpaceShower::pT2nearThreshold: stuck in loop
 PYTHIA Error in BeamRemnants::setKinematics: kinematics construction failed after retrying 10 times

 Pythia::next(): 2000 events have been generated 

 Pythia::next(): 3000 events have been generated 

 Pythia::next(): 4000 events have been generated 

 Pythia::next(): 5000 events have been generated 

 Pythia::next(): 6000 events have been generated 

 Pythia::next(): 7000 events have been generated 

 Pythia::next(): 8000 events have been generated 
 PYTHIA Warning in SimpleSpaceShower::pT2nextQCD: weight above unity

 Pythia::next(): 9000 events have been generated 

 Pythia::next(): 10000 events have been generated 

 Pythia::next(): 11000 events have been generated 

 Pythia::next(): 12000 events have been generated 

 Pythia::next(): 13000 events have been generated 

 Pythia::next(): 14000 events have been generated 

 Pythia::next(): 15000 events have been generated 

 Pythia::next(): 16000 events have been generated 

 Pythia::next(): 17000 events have been generated 

 Pythia::next(): 18000 events have been generated 

 Pythia::next(): 19000 events have been generated 

 Pythia::next(): 20000 events have been generated 

 Pythia::next(): 21000 events have been generated 

 Pythia::next(): 22000 events have been generated 

 Pythia::next(): 23000 events have been generated 

 Pythia::next(): 24000 events have been generated 

 Pythia::next(): 25000 events have been generated 

 Pythia::next(): 26000 events have been generated 

 Pythia::next(): 27000 events have been generated 

 Pythia::next(): 28000 events have been generated 

 Pythia::next(): 29000 events have been generated 

 Pythia::next(): 30000 events have been generated 

 Pythia::next(): 31000 events have been generated 

 Pythia::next(): 32000 events have been generated 

 Pythia::next(): 33000 events have been generated 

 Pythia::next(): 34000 events have been generated 

 Pythia::next(): 35000 events have been generated 

 Pythia::next(): 36000 events have been generated 

 Pythia::next(): 37000 events have been generated 

 Pythia::next(): 38000 events have been generated 

 Pythia::next(): 39000 events have been generated 

 Pythia::next(): 40000 events have been generated 

 Pythia::next(): 41000 events have been generated 

 Pythia::next(): 42000 events have been generated 

 Pythia::next(): 43000 events have been generated 

 Pythia::next(): 44000 events have been generated 

 Pythia::next(): 45000 events have been generated 

 Pythia::next(): 46000 events have been generated 

 Pythia::next(): 47000 events have been generated 

 Pythia::next(): 48000 events have been generated 

 Pythia::next(): 49000 events have been generated 

 Pythia::next(): 50000 events have been generated 

 Pythia::next(): 51000 events have been generated 

 Pythia::next(): 52000 events have been generated 

 Pythia::next(): 53000 events have been generated 

 Pythia::next(): 54000 events have been generated 

 Pythia::next(): 55000 events have been generated 

 Pythia::next(): 56000 events have been generated 

 Pythia::next(): 57000 events have been generated 

 Pythia::next(): 58000 events have been generated 

 Pythia::next(): 59000 events have been generated 

 Pythia::next(): 60000 events have been generated 

 Pythia::next(): 61000 events have been generated 

 Pythia::next(): 62000 events have been generated 

 Pythia::next(): 63000 events have been generated 

 Pythia::next(): 64000 events have been generated 

 Pythia::next(): 65000 events have been generated 

 Pythia::next(): 66000 events have been generated 

 Pythia::next(): 67000 events have been generated 

 Pythia::next(): 68000 events have been generated 

 Pythia::next(): 69000 events have been generated 

 Pythia::next(): 70000 events have been generated 

 Pythia::next(): 71000 events have been generated 

 Pythia::next(): 72000 events have been generated 

 Pythia::next(): 73000 events have been generated 

 Pythia::next(): 74000 events have been generated 

 Pythia::next(): 75000 events have been generated 

 Pythia::next(): 76000 events have been generated 

 Pythia::next(): 77000 events have been generated 

 Pythia::next(): 78000 events have been generated 

 Pythia::next(): 79000 events have been generated 

 Pythia::next(): 80000 events have been generated 

 Pythia::next(): 81000 events have been generated 

 Pythia::next(): 82000 events have been generated 

 Pythia::next(): 83000 events have been generated 

 Pythia::next(): 84000 events have been generated 

 Pythia::next(): 85000 events have been generated 

 Pythia::next(): 86000 events have been generated 

 Pythia::next(): 87000 events have been generated 

 Pythia::next(): 88000 events have been generated 

 Pythia::next(): 89000 events have been generated 

 Pythia::next(): 90000 events have been generated 

 Pythia::next(): 91000 events have been generated 

 Pythia::next(): 92000 events have been generated 

 Pythia::next(): 93000 events have been generated 

 Pythia::next(): 94000 events have been generated 

 Pythia::next(): 95000 events have been generated 

 Pythia::next(): 96000 events have been generated 

 Pythia::next(): 97000 events have been generated 

 Pythia::next(): 98000 events have been generated 

 Pythia::next(): 99000 events have been generated 

 *-------  PYTHIA Event and Cross Section Statistics  -------------------------------------------------------------*
 |                                                                                                                 |
 | Subprocess                                    Code |            Number of events       |      sigma +- delta    |
 |                                                    |       Tried   Selected   Accepted |     (estimated) (mb)   |
 |                                                    |                                   |                        |
 |-----------------------------------------------------------------------------------------------------------------|
 |                                                    |                                   |                        |
 | g g -> g g                                     111 |      164114      30297      30297 |   1.734e-03  5.139e-06 |
 | g g -> q qbar (uds)                            112 |        3707        745        745 |   4.432e-05  8.977e-07 |
 | q g -> q g                                     113 |      379574      51518      51518 |   2.956e-03  6.275e-06 |
 | q q(bar)' -> q q(bar)'                         114 |      138046      16484      16484 |   9.361e-04  3.253e-06 |
 | q qbar -> g g                                  115 |         850        219        219 |   1.239e-05  4.632e-07 |
 | q qbar -> q' qbar' (uds)                       116 |         654        165        165 |   9.946e-06  4.419e-07 |
 | g g -> c cbar                                  121 |        1218        283        283 |   1.443e-05  4.970e-07 |
 | q qbar -> c cbar                               122 |         210         57         57 |   3.342e-06  2.603e-07 |
 | g g -> b bbar                                  123 |         744        182        182 |   9.756e-06  4.386e-07 |
 | q qbar -> b bbar                               124 |         163         50         50 |   2.334e-06  2.097e-07 |
 |                                                    |                                   |                        |
 | sum                                                |      689280     100000     100000 |   5.722e-03  8.839e-06 |
 |                                                                                                                 |
 *-------  End PYTHIA Event and Cross Section Statistics ----------------------------------------------------------*

 *-------  PYTHIA Multiparton Interactions Statistics  --------*
 |                                                             |
 |  Note: excludes hardest subprocess if already listed above  |
 |                                                             |
 | Subprocess                               Code |       Times |
 |                                               |             |
 |-------------------------------------------------------------|
 |                                               |             |
 | g g -> g g                                111 |      163453 |
 | g g -> q qbar (uds)                       112 |        2193 |
 | q g -> q g                                113 |      134680 |
 | q q(bar)' -> q q(bar)'                    114 |       25161 |
 | q qbar -> g g                             115 |         492 |
 | q qbar -> q' qbar' (uds)                  116 |         265 |
 | g g -> c cbar                             121 |         159 |
 | q qbar -> c cbar                          122 |          18 |
 | g g -> b bbar                             123 |           1 |
 | q qbar -> b bbar                          124 |           0 |
 | q g -> q gamma (udscb)                    201 |          23 |
 | q qbar -> g gamma                         202 |           5 |
 | g g -> g gamma                            203 |           1 |
 | f fbar -> gamma gamma                     204 |           0 |
 | g g -> gamma gamma                        205 |           0 |
 | f f' -> f f' (t-channel gamma*/Z0)        211 |           2 |
 | f_1 f_2 -> f_3 f_4 (t-channel W+-)        212 |           0 |
 | f fbar -> f' fbar' (s-channel gamma*)     223 |           0 |
 | g g -> ccbar(3S1)[3S1(1)] g               401 |           2 |
 | g g -> ccbar(3S1)[3S1(8)] g               402 |           1 |
 | q g -> ccbar(3S1)[3S1(8)] q               403 |           1 |
 | q qbar -> ccbar(3S1)[3S1(8)] g            404 |           0 |
 | g g -> ccbar(3S1)[1S0(8)] g               405 |           6 |
 | q g -> ccbar(3S1)[1S0(8)] q               406 |           1 |
 | q qbar -> ccbar(3S1)[1S0(8)] g            407 |           0 |
 | g g -> ccbar(3S1)[3PJ(8)] g               408 |           4 |
 | q g -> ccbar(3S1)[3PJ(8)] q               409 |           2 |
 | q qbar -> ccbar(3S1)[3PJ(8)] g            410 |           0 |
 | g g -> ccbar(3PJ)[3PJ(1)] g               411 |         229 |
 | q g -> ccbar(3PJ)[3PJ(1)] q               412 |          20 |
 | q qbar -> ccbar(3PJ)[3PJ(1)] g            413 |           0 |
 | g g -> ccbar(3PJ)[3S1(8)] g               414 |           0 |
 | q g -> ccbar(3PJ)[3S1(8)] q               415 |           0 |
 | q qbar -> ccbar(3PJ)[3S1(8)] g            416 |           0 |
 | g g -> ccbar(3DJ)[3DJ(1)] g               417 |           0 |
 | g g -> ccbar(3DJ)[3PJ(8)] g               418 |           3 |
 | q g -> ccbar(3DJ)[3PJ(8)] q               419 |           0 |
 | q qbar -> ccbar(3DJ)[3PJ(8)] g            420 |           0 |
 | g g -> double ccbar(3S1)[3S1(1)]          421 |           0 |
 | q qbar -> double ccbar(3S1)[3S1(1)]       422 |           0 |
 | g g -> ccbar(3S1)[3S1(1)] gamma           441 |           0 |
 | g g -> bbbar(3S1)[3S1(1)] g               501 |           0 |
 | g g -> bbbar(3S1)[3S1(8)] g               502 |           0 |
 | q g -> bbbar(3S1)[3S1(8)] q               503 |           0 |
 | q qbar -> bbbar(3S1)[3S1(8)] g            504 |           0 |
 | g g -> bbbar(3S1)[1S0(8)] g               505 |           0 |
 | q g -> bbbar(3S1)[1S0(8)] q               506 |           0 |
 | q qbar -> bbbar(3S1)[1S0(8)] g            507 |           0 |
 | g g -> bbbar(3S1)[3PJ(8)] g               508 |           0 |
 | q g -> bbbar(3S1)[3PJ(8)] q               509 |           0 |
 | q qbar -> bbbar(3S1)[3PJ(8)] g            510 |           0 |
 | g g -> bbbar(3PJ)[3PJ(1)] g               511 |           0 |
 | q g -> bbbar(3PJ)[3PJ(1)] q               512 |           0 |
 | q qbar -> bbbar(3PJ)[3PJ(1)] g            513 |           0 |
 | g g -> bbbar(3PJ)[3S1(8)] g               514 |           0 |
 | q g -> bbbar(3PJ)[3S1(8)] q               515 |           0 |
 | q qbar -> bbbar(3PJ)[3S1(8)] g            516 |           0 |
 | g g -> double bbbar(3S1)[3S1(1)]          521 |           0 |
 | q qbar -> double bbbar(3S1)[3S1(1)]       522 |           0 |
 | g g -> bbbar(3S1)[3S1(1)] gamma           551 |           0 |
 |                                                             |
 | sum                                           |      326722 |
 |                                               |             |
 *-------  End PYTHIA Multiparton Interactions Statistics -----*

 *-------  PYTHIA Error and Warning Messages Statistics  ----------------------------------------------------------* 
 |                                                                                                                 | 
 |  times   message                                                                                                | 
 |                                                                                                                 | 
 |     69   Error in BeamRemnants::setKinematics: kinematics construction failed after retrying 10 times           | 
 |     11   Error in SimpleSpaceShower::pT2nearThreshold: stuck in loop                                            | 
 |     33   Warning in SimpleSpaceShower::pT2nextQCD: weight above unity                                           | 
 |                                                                                                                 | 
 *-------  End PYTHIA Error and Warning Messages Statistics  ------------------------------------------------------* 
