
 *------------------------------------------------------------------------------------* 
 |                                                                                    | 
 |  *------------------------------------------------------------------------------*  | 
 |  |                                                                              |  | 
 |  |                                                                              |  | 
 |  |   PPP   Y   Y  TTTTT  H   H  III    A      Welcome to the Lund Monte Carlo!  |  | 
 |  |   P  P   Y Y     T    H   H   I    A A     This is PYTHIA version 8.315      |  | 
 |  |   PPP     Y      T    HHHHH   I   AAAAA    Last date of change: 27 May 2025  |  | 
 |  |   P       Y      T    H   H   I   A   A                                      |  | 
 |  |   P       Y      T    H   H  III  A   A    Now is 08 Oct 2025 at 02:53:13    |  | 
 |  |                                                                              |  | 
 |  |   Program documentation and an archive of historic versions is found on:     |  | 
 |  |                                                                              |  | 
 |  |                               https://pythia.org/                            |  | 
 |  |                                                                              |  | 
 |  |   PYTHIA is authored by a collaboration consisting of:                       |  | 
 |  |                                                                              |  | 
 |  |   Javira Altmann, Christian Bierlich, Naomi Cooke, Nishita Desai,            |  | 
 |  |   Ilkka Helenius, Philip Ilten, Leif Lonnblad, Stephen Mrenna,               |  | 
 |  |   Christian Preuss, Torbjorn Sjostrand, and Peter Skands.                    |  | 
 |  |                                                                              |  | 
 |  |   The complete list of authors, including contact information and            |  | 
 |  |   affiliations, can be found on https://pythia.org/.                         |  | 
 |  |   Problems or bugs should be reported on email at authors@pythia.org.        |  | 
 |  |                                                                              |  | 
 |  |   The main program reference is C. Bierlich et al,                           |  | 
 |  |   'A comprehensive guide to the physics and usage of Pythia 8.3',            |  | 
 |  |   SciPost Phys. Codebases 8-r8.3 (2022) [arXiv:2203.11601 [hep-ph]]          |  | 
 |  |                                                                              |  | 
 |  |   PYTHIA is released under the GNU General Public Licence version 2          |  | 
 |  |   or later. Please respect the MCnet Guidelines for Generator Authors        |  | 
 |  |   and Users.                                                                 |  | 
 |  |                                                                              |  | 
 |  |   Disclaimer: this program comes without any guarantees.                     |  | 
 |  |   Beware of errors and use common sense when interpreting results.           |  | 
 |  |                                                                              |  | 
 |  |   Copyright (C) 2025 Torbjorn Sjostrand                                      |  | 
 |  |                                                                              |  | 
 |  |                                                                              |  | 
 |  *------------------------------------------------------------------------------*  | 
 |                                                                                    | 
 *------------------------------------------------------------------------------------* 


 *-------  PYTHIA Process Initialization  --------------------------*
 |                                                                  |
 | We collide p+ with p+ at a CM energy of 2.000e+02 GeV            |
 |                                                                  |
 |------------------------------------------------------------------|
 |                                                    |             |
 | Subprocess                                    Code |   Estimated |
 |                                                    |    max (mb) |
 |                                                    |             |
 |------------------------------------------------------------------|
 |                                                    |             |
 | g g -> g g                                     111 |   2.150e-09 |
 | g g -> q qbar (uds)                            112 |   6.267e-11 |
 | q g -> q g                                     113 |   2.917e-08 |
 | q q(bar)' -> q q(bar)'                         114 |   5.486e-08 |
 | q qbar -> g g                                  115 |   1.179e-10 |
 | q qbar -> q' qbar' (uds)                       116 |   1.280e-10 |
 | g g -> c cbar                                  121 |   2.073e-11 |
 | q qbar -> c cbar                               122 |   4.240e-11 |
 | g g -> b bbar                                  123 |   1.931e-11 |
 | q qbar -> b bbar                               124 |   4.008e-11 |
 |                                                                  |
 *-------  End PYTHIA Process Initialization -----------------------*

 *-------  PYTHIA Multiparton Interactions Initialization  ---------* 
 |                                                                  | 
 |                   sigmaNonDiffractive =    28.49 mb              | 
 |                                                                  | 
 |    pT0 =  1.06 gives sigmaInteraction =    84.95 mb: accepted    | 
 |                                                                  | 
 *-------  End PYTHIA Multiparton Interactions Initialization  -----* 

 *-------  PYTHIA Flag + Mode + Parm + Word + FVec + MVec + PVec + WVec Settings (changes only)  ------------------* 
 |                                                                                                                 | 
 | Name                                          |                      Now |      Default         Min         Max | 
 |                                               |                          |                                      | 
 | Beams:eCM                                     |                200.00000 |    14000.000         0.0             | 
 | HardQCD:all                                   |                       on |          off                         | 
 | Main:numberOfEvents                           |                   100000 |         1000           0             | 
 | Main:rivetAnalyses                            |      BRAHMS_2007_I742956 |                                      | 
 |                                               |        STAR_2003_I631869 |                                      | 
 |                                               |        STAR_2012_I930463 |                                      | 
 |                                               |       STAR_2019_I1771348 |                                      | 
 |                                               |       STAR_2020_I1783875 |                                      | 
 |                                               |       STAR_2021_I1853218 |                                      | 
 |                                               |    STAR_2006_I709170TEST |                                      | 
 | Main:rivetDumpFile                            |                        # |                                      | 
 | Main:rivetRunName                             |                        # |                                      | 
 | Main:runRivet                                 |                       on |          off                         | 
 | Main:writeLog                                 |                       on |          off                         | 
 | PhaseSpace:pTHatMax                           |                 60.00000 |     -1.00000                         | 
 | PhaseSpace:pTHatMin                           |                 50.00000 |          0.0         0.0             | 
 | Stat:showPartonLevel                          |                       on |          off                         | 
 | StringZ:useOldAExtra                          |                       on |          off                         | 
 |                                                                                                                 | 
 *-------  End PYTHIA Flag + Mode + Parm + Word + FVec + MVec + PVec + WVec Settings  -----------------------------* 

 --------  PYTHIA Particle Data Table (changed only)  ------------------------------------------------------------------------------
 
      id   name            antiName         spn chg col      m0        mWidth      mMin       mMax       tau0    res dec ext vis wid
             no onMode   bRatio   meMode     products 

 no particle data has been changed from its default value 

 --------  End PYTHIA Particle Data Table  -----------------------------------------------------------------------------------------


 --------  PYTHIA Info Listing  ---------------------------------------- 
 
 Beam A: id =   2212, pz =  1.000e+02, e =  1.000e+02, m =  9.383e-01.
 Beam B: id =   2212, pz = -1.000e+02, e =  1.000e+02, m =  9.383e-01.

 In 1: id =    2, x =  5.697e-01, pdf =  7.261e-02 at Q2 =  2.787e+03.
 In 2: id =   21, x =  5.058e-01, pdf =  1.479e-02 at same Q2.

 Subprocess q g -> q g with code 113 is 2 -> 2.
 It has sHat =  1.153e+04,    tHat = -4.721e+03,    uHat = -6.804e+03,
       pTHat =  5.279e+01,   m3Hat =  3.300e-01,   m4Hat =  0.000e+00,
    thetaHat =  1.389e+00,  phiHat =  4.293e+00.
     alphaEM =  7.769e-03,  alphaS =  1.423e-01    at Q2 =  2.787e+03.

 Impact parameter b =  2.125e-01 gives enhancement factor =  3.035e+00.
 Max pT scale for MPI =  5.279e+01, ISR =  5.279e+01, FSR =  5.279e+01.
 Number of MPI =     6, ISR =     2, FSRproc =    22, FSRreson =     0.

 --------  End PYTHIA Info Listing  ------------------------------------

 --------  PYTHIA Event Listing  (hard process)  -----------------------------------------------------------------------------------
 
    no         id  name            status     mothers   daughters     colours      p_x        p_y        p_z         e          m 
     0         90  (system)           -11     0     0     0     0     0     0      0.000      0.000      0.000    200.000    200.000
     1       2212  (p+)               -12     0     0     3     0     0     0      0.000      0.000     99.996    100.000      0.938
     2       2212  (p+)               -12     0     0     4     0     0     0      0.000      0.000    -99.996    100.000      0.938
     3          2  (u)                -21     1     0     5     6   101     0      0.000      0.000     56.971     56.971      0.000
     4         21  (g)                -21     2     0     5     6   102   101      0.000      0.000    -50.577     50.577      0.000
     5          2  u                   23     3     4     0     0   103     0    -21.477    -48.228     12.917     54.352      0.330
     6         21  g                   23     3     4     0     0   102   103     21.477     48.228     -6.523     53.195      0.000
                                   Charge sum:  0.667           Momentum sum:      0.000      0.000      6.394    107.548    107.358

 --------  End PYTHIA Event Listing  -----------------------------------------------------------------------------------------------

 --------  PYTHIA Event Listing  (complete event)  ---------------------------------------------------------------------------------
 
    no         id  name            status     mothers   daughters     colours      p_x        p_y        p_z         e          m 
     0         90  (system)           -11     0     0     0     0     0     0      0.000      0.000      0.000    200.000    200.000
     1       2212  (p+)               -12     0     0   105     0     0     0      0.000      0.000     99.996    100.000      0.938
     2       2212  (p+)               -12     0     0   106     0     0     0      0.000      0.000    -99.996    100.000      0.938
     3          2  (u)                -21    13     0     5     6   101     0      0.000      0.000     56.971     56.971      0.000
     4         21  (g)                -21    14    14     5     6   102   101      0.000      0.000    -50.577     50.577      0.000
     5          2  (u)                -23     3     4     9     9   103     0    -21.477    -48.228     12.917     54.352      0.330
     6         21  (g)                -23     3     4     7     8   102   103     21.477     48.228     -6.523     53.195      0.000
     7         21  (g)                -51     6     0    10    11   102   104     10.681     46.715     -2.100     47.966      0.000
     8         21  (g)                -51     6     0    12    12   104   103      8.951     -2.631     -3.312      9.900      0.000
     9          2  (u)                -52     5     5    15    15   103     0    -19.631    -44.084     11.807     49.682      0.330
    10         21  (g)                -51     7     0    16    16   102   105     12.208     45.063     -0.930     46.696      0.000
    11         21  (g)                -51     7     0    18    18   105   104     -0.720      1.415     -1.469      2.163      0.000
    12         21  (g)                -52     8     8    17    17   104   103      8.144     -2.394     -3.014      9.007      0.000
    13          2  (u)                -41   105   105    19     3   106     0      0.000      0.000     59.893     59.893      0.000
    14         21  (g)                -42    29    29     4     4   102   101      0.000      0.000    -50.577     50.577      0.000
    15          2  (u)                -44     9     9    35    36   103     0    -20.793    -44.627     11.721     50.611      0.330
    16         21  (g)                -44    10    10    27    28   102   105     11.343     44.658      0.317     46.077      0.000
    17         21  (g)                -44    12    12    22    22   104   103      8.030     -2.447     -2.762      8.837      0.000
    18         21  (g)                -44    11    11    20    21   105   104     -0.733      1.409     -1.441      2.144      0.000
    19         21  (g)                -43    13     0    62    63   106   101      2.153      1.008      1.480      2.800      0.000
    20         21  (g)                -51    18     0    41    42   105   107      3.494      0.005      0.375      3.515      0.000
    21         21  (g)                -51    18     0    40    40   107   104     -0.013      0.119     -3.265      3.267      0.000
    22         21  (g)                -52    17    17    37    37   104   103      3.816     -1.163     -1.312      4.199      0.000
    23         -1  (dbar)             -31    30    30    25    26     0   108      0.000      0.000      6.493      6.493      0.000
    24         21  (g)                -31    31     0    25    26   108   109      0.000      0.000     -2.059      2.059      0.000
    25         -1  (dbar)             -33    23    24    32    32     0   110      0.724      2.267      5.456      5.962      0.330
    26         21  (g)                -33    23    24    33    33   110   109     -0.724     -2.267     -1.022      2.590      0.000
    27         21  (g)                -51    16     0    43    43   111   105     11.503     38.353     -0.579     40.045      0.000
    28         21  (g)                -51    16     0    47    48   102   111     -0.160      6.305      0.593      6.335      0.000
    29         21  (g)                -53    64    64    14    14   102   101      0.000      0.000    -50.880     50.880      0.000
    30         -1  (dbar)             -42   128   128    23    23     0   108     -0.000     -0.000      6.493      6.493      0.000
    31         21  (g)                -41   100   100    34    24   108   113      0.000      0.000     -3.005      3.005      0.000
    32         -1  (dbar)             -44    25    25    59    60     0   110      0.864      2.344      5.175      5.756      0.330
    33         21  (g)                -44    26    26    61    61   110   109      0.278     -1.719     -1.709      2.440      0.000
    34         21  (g)                -43    31     0    83    84   109   113     -1.142     -0.625      0.022      1.302      0.000
    35          2  (u)                -51    15     0   107   107   114     0    -10.206    -24.059      7.411     27.167      0.330
    36         21  (g)                -51    15     0    86    87   103   114    -10.523    -20.588      4.289     23.516      0.000
    37         21  (g)                -52    22    22    38    39   104   103      3.751     -1.143     -1.290      4.128      0.000
    38         -2  (ubar)             -51    37     0    88    88     0   103      1.935     -1.942     -1.210      3.015      0.330
    39          2  (u)                -51    37     0   115   115   104     0      1.810      0.849     -1.468      2.503      0.330
    40         21  (g)                -52    21    21    46    46   107   104     -0.007      0.069     -1.877      1.878      0.000
    41         21  (g)                -51    20     0    44    45   115   107      3.319      2.141      0.919      4.055      0.000
    42         21  (g)                -51    20     0    52    52   105   115      0.632     -0.614     -0.567      1.048      0.000
    43         21  (g)                -52    27    27    49    49   111   105     11.046     36.832     -0.556     38.457      0.000
    44         21  (g)                -51    41     0    92    93   115   116      1.291      2.179     -0.357      2.558      0.000
    45         21  (g)                -51    41     0   117   117   116   107      2.025     -0.015      0.648      2.126      0.000
    46         21  (g)                -52    40    40   112   112   107   104     -0.005      0.046     -1.248      1.249      0.000
    47         21  (g)                -51    28     0    76    77   102   117      1.576     12.680     -0.228     12.780      0.000
    48         21  (g)                -51    28     0   118   118   117   111      0.605      1.431      0.703      1.705      0.000
    49         21  (g)                -52    43    43    50    51   111   105      8.705     29.026     -0.438     30.306      0.000
    50         21  (g)                -51    49     0    55    55   111   118      6.163     19.795     -1.467     20.784      0.000
    51         21  (g)                -51    49     0    53    54   118   105      2.587      9.188      0.989      9.596      0.000
    52         21  (g)                -52    42    42    56    57   105   115      0.587     -0.571     -0.527      0.974      0.000
    53         21  (g)                -51    51     0    58    58   119   105      6.021     18.185      0.209     19.157      0.000
    54         21  (g)                -51    51     0    71    71   118   119      0.096      2.342     -0.060      2.345      0.000
    55         21  (g)                -52    50    50   108   108   111   118      2.633      8.456     -0.626      8.879      0.000
    56         21  (g)                -51    52     0    94    94   121   115      1.502      0.254     -0.370      1.568      0.000
    57         21  (g)                -51    52     0    97    97   105   121     -0.524      0.354     -0.143      0.649      0.000
    58         21  (g)                -52    53    53    69    70   119   105      5.631     17.005      0.195     17.914      0.000
    59         -1  (dbar)             -51    32     0   130   130     0   122      1.283      1.033      3.363      3.759      0.330
    60         21  (g)                -51    32     0   133   133   122   110     -0.403      1.212      1.714      2.137      0.000
    61         21  (g)                -52    33    33    85    85   110   109      0.262     -1.621     -1.611      2.300      0.000
    62         21  (g)                -51    19     0   111   111   106   123      2.448      0.977      0.650      2.714      0.000
    63         21  (g)                -51    19     0   122   122   123   101     -0.294      0.031      0.410      0.506      0.000
    64         21  (g)                -53    78    78    29    29   102   101      0.000      0.000    -51.299     51.299      0.000
    65         21  (g)                -31   136   136    67    68   124   125      0.000      0.000      1.642      1.642      0.000
    66         21  (g)                -31   137   137    67    68   126   127      0.000      0.000     -0.351      0.351      0.000
    67         21  (g)                -33    65    66   138   138   124   127     -0.742      0.160      0.653      1.001      0.000
    68         21  (g)                -33    65    66   139   139   126   125      0.742     -0.160      0.638      0.992      0.000
    69         21  (g)                -51    58     0    95    96   128   105      5.428     16.754      0.462     17.618      0.000
    70         21  (g)                -51    58     0   123   123   119   128      0.260      1.666     -0.303      1.714      0.000
    71         21  (g)                -52    54    54   120   120   118   119      0.038      0.926     -0.024      0.927      0.000
    72          1  (d)                -31   140   140    74    75   129     0      0.000      0.000      0.961      0.961      0.000
    73         21  (g)                -31   141   141    74    75   130   129      0.000      0.000     -1.592      1.592      0.000
    74          1  (d)                -33    72    73    91    91   131     0     -0.355     -0.573      0.722      1.042      0.330
    75         21  (g)                -33    72    73    89    90   130   131      0.355      0.573     -1.353      1.512      0.000
    76         -3  (sbar)             -51    47     0   113   113     0   117      1.117      9.237     -0.712      9.345      0.500
    77          3  (s)                -51    47     0   124   124   102     0      0.459      3.443      0.388      3.531      0.500
    78         21  (g)                -53   106   106    64    64   102   101     -0.000      0.000    -51.395     51.395      0.000
    79         -2  (ubar)             -31   145   145    81    82     0   134      0.000      0.000      1.707      1.707      0.000
    80         21  (g)                -31   146   146    81    82   136   135      0.000      0.000     -1.825      1.825      0.000
    81         -2  (ubar)             -33    79    80   147   147     0   135     -0.484     -0.297      1.597      1.726      0.330
    82         21  (g)                -33    79    80   148   148   136   134      0.484      0.297     -1.714      1.806      0.000
    83         21  (g)                -51    34     0    98    99   137   113     -1.312     -0.795     -0.462      1.602      0.000
    84         21  (g)                -51    34     0   134   134   109   137      0.252     -0.339     -0.023      0.423      0.000
    85         21  (g)                -52    61    61   131   131   110   109      0.180     -1.111     -1.104      1.576      0.000
    86         21  (g)                -51    36     0   114   114   138   114     -9.657    -18.143      3.421     20.836      0.000
    87         21  (g)                -51    36     0   125   125   103   138     -0.818     -2.491      0.837      2.753      0.000
    88         -2  (ubar)             -52    38    38   109   109     0   103      1.887     -1.895     -1.180      2.942      0.330
    89         21  (g)                -51    75     0   143   143   130   139      0.018      0.701     -0.339      0.779      0.000
    90         21  (g)                -51    75     0   144   144   139   131      0.262     -0.248     -0.858      0.931      0.000
    91          1  (d)                -52    74    74   142   142   131     0     -0.280     -0.453      0.565      0.844      0.330
    92         21  (g)                -51    44     0   110   110   140   116      1.718      2.304     -0.228      2.883      0.000
    93         21  (g)                -51    44     0   126   126   115   140      0.283     -0.005     -0.304      0.415      0.000
    94         21  (g)                -52    56    56   116   116   121   115      0.793      0.134     -0.195      0.827      0.000
    95         21  (g)                -51    69     0   119   119   128   141      1.558      3.308      0.140      3.659      0.000
    96         21  (g)                -51    69     0   127   127   141   105      3.827     13.476      0.310     14.012      0.000
    97         21  (g)                -52    57    57   121   121   105   121     -0.481      0.325     -0.132      0.596      0.000
    98         21  (g)                -51    83     0   132   132   137   142     -1.387     -0.447     -0.941      1.735      0.000
    99         21  (g)                -51    83     0   135   135   142   113      0.075     -0.348     -0.009      0.356      0.000
   100         21  (g)                -53   129   129    31    31   108   113      0.000      0.000     -3.494      3.494      0.000
   101         21  (g)                -31   149   149   103   104   144   143      0.000      0.000      1.754      1.754      0.000
   102         21  (g)                -31   150   150   103   104   146   145      0.000      0.000     -0.855      0.855      0.000
   103         21  (g)                -33   101   102   151   151   146   143     -0.051     -0.348     -0.800      0.874      0.000
   104         21  (g)                -33   101   102   152   152   144   145      0.051      0.348      1.699      1.735      0.000
   105          2  (u)                -61     1     0    13    13   106     0     -2.627     -1.907     59.870     59.958      0.000
   106         21  (g)                -61     2     0    78    78   102   101      0.566     -0.398    -51.369     51.374      0.000
   107          2  (u)                -62    35    35   185   185   114     0    -10.853    -24.689      6.839     27.825      0.330
   108         21  (g)                -62    55    55   209   209   111   118      2.504      8.289     -0.452      8.671      0.000
   109         -2  (ubar)             -62    88    88   188   188     0   103      1.871     -1.939     -1.151      2.948      0.330
   110         21  (g)                -62    92    92   203   203   140   116      1.676      2.250     -0.153      2.810      0.000
   111         21  (g)                -62    62    62   232   232   106   123      2.385      0.915      0.729      2.656      0.000
   112         21  (g)                -62    46    46   201   201   107   104      0.009      0.036     -1.247      1.247      0.000
   113         -3  (sbar)             -62    76    76   211   211     0   117      0.983      9.062     -0.570      9.147      0.500
   114         21  (g)                -62    86    86   186   186   138   114    -10.091    -18.599      2.938     21.363      0.000
   115          2  (u)                -62    39    39   200   200   104     0      1.809      0.818     -1.408      2.456      0.330
   116         21  (g)                -62    94    94   160     0   121   115      0.784      0.120     -0.172      0.812      0.000
   117         21  (g)                -62    45    45   202   202   116   107      1.972     -0.065      0.703      2.095      0.000
   118         21  (g)                -62    48    48   210   210   117   111      0.558      1.389      0.737      1.668      0.000
   119         21  (g)                -62    95    95   207   207   128   141      1.494      3.234      0.223      3.569      0.000
   120         21  (g)                -62    71    71   159     0   118   119      0.023      0.908     -0.011      0.908      0.000
   121         21  (g)                -62    97    97   205   205   105   121     -0.487      0.315     -0.141      0.597      0.000
   122         21  (g)                -62    63    63   231   231   123   101     -0.314      0.016      0.402      0.510      0.000
   123         21  (g)                -62    70    70   159     0   119   128      0.240      1.636     -0.276      1.677      0.000
   124          3  (s)                -62    77    77   161   161   102     0      0.390      3.369      0.442      3.456      0.500
   125         21  (g)                -62    87    87   187   187   103   138     -0.886     -2.556      0.785      2.817      0.000
   126         21  (g)                -62    93    93   160     0   115   140      0.285     -0.010     -0.296      0.411      0.000
   127         21  (g)                -62    96    96   206   206   141   105      3.587     13.196      0.578     13.687      0.000
   128         -1  (dbar)             -61     1     0    30    30     0   106     -0.222     -0.190      6.489      6.495      0.000
   129         21  (g)                -61     2     0   100   100   106   106     -0.223      0.272     -3.486      3.503      0.000
   130         -1  (dbar)             -62    59    59   243   243     0   126      1.150      0.943      3.397      3.723      0.330
   131         21  (g)                -62    85    85   238   238   110   109      0.087     -1.012     -1.163      1.544      0.000
   132         21  (g)                -62    98    98   236   236   137   142     -1.487     -0.354     -0.941      1.795      0.000
   133         21  (g)                -62    60    60   158     0   122   124     -0.483      1.170      1.784      2.187      0.000
   134         21  (g)                -62    84    84   237   237   109   137      0.232     -0.327     -0.045      0.404      0.000
   135         21  (g)                -62    99    99   157     0   142   139      0.058     -0.339     -0.029      0.345      0.000
   136         21  (g)                -61     1     0    65    65   127   127     -0.700     -0.639      1.215      1.541      0.000
   137         21  (g)                -61     2     0    66    66   125   125      0.265      0.457      0.137      0.545      0.000
   138         21  (g)                -62    67    67   240   240   124   146     -0.832      0.214      0.329      0.920      0.000
   139         21  (g)                -62    68    68   242   242   126   144      0.397     -0.396      1.023      1.167      0.000
   140          1  (d)                -61     1     0    72    72   106     0      1.349      1.830      0.209      2.283      0.000
   141         21  (g)                -61     2     0    73    73   131   106      0.607     -0.368     -1.095      1.305      0.000
   142          1  (d)                -62    91    91   174   174   131     0      0.651      0.944      0.535      1.308      0.330
   143         21  (g)                -62    89    89   234   234   130   136      0.613      0.812     -0.956      1.396      0.000
   144         21  (g)                -62    90    90   157     0   139   130      0.692     -0.294     -0.465      0.884      0.000
   145         -2  (ubar)             -61     1     0    79    79     0   106      0.471     -0.410      1.421      1.553      0.000
   146         21  (g)                -61     2     0    80    80   106   102     -1.107      0.794     -1.542      2.057      0.000
   147         -2  (ubar)             -62    81    81   162   162     0   102     -0.042     -0.686      1.438      1.628      0.330
   148         21  (g)                -62    82    82   233   233   136   106     -0.594      1.070     -1.559      1.982      0.000
   149         21  (g)                -61     1     0   101   101   145   145      0.108      0.773      1.215      1.444      0.000
   150         21  (g)                -61     2     0   102   102   143   143     -1.672     -0.267     -0.133      1.698      0.000
   151         21  (g)                -62   103   103   239   239   146   110     -1.603     -0.541      0.082      1.694      0.000
   152         21  (g)                -62   104   104   158     0   144   122      0.039      1.047      1.000      1.449      0.000
   153       2103  (ud_1)             -63     1     0   168   168     0   147      0.783      0.137     24.504     24.529      0.771
   154          2  (u)                -63     1     0   167   167   147     0      0.838      0.407      0.721      1.223      0.330
   155          2  (u)                -63     2     0   230   230   101     0      1.065      0.022      0.892      1.428      0.330
   156       2103  (ud_1)             -63     2     0   175   175     0   131      0.499     -0.512    -39.049     39.063      0.771
   157         21  (g)                -73   135   144   235   235   142   130      0.749     -0.633     -0.494      1.228      0.551
   158         21  (g)                -73   133   152   241   241   144   124     -0.443      2.218      2.784      3.636      0.597
   159         21  (g)                -73   120   123   208   208   118   128      0.264      2.544     -0.287      2.585      0.239
   160         21  (g)                -73   116   126   204   204   121   140      1.069      0.110     -0.468      1.223      0.348
   161          3  (s)                -71   124   124   163   166   102     0      0.390      3.369      0.442      3.456      0.500
   162         -2  (ubar)             -71   147   147   163   166     0   102     -0.042     -0.686      1.438      1.628      0.330
   163       -311  (Kbar0)            -83   161   162   262   262     0     0      0.186      0.636      0.115      0.837      0.498
   164        221  (eta)              -83   161   162   300   302     0     0      0.220      2.021      0.529      2.171      0.548
   165       -211  pi-                 84   161   162     0     0     0     0     -0.359      0.230     -0.204      0.493      0.140
   166        221  (eta)              -84   161   162   303   304     0     0      0.300     -0.205      1.441      1.584      0.548
   167          2  (u)                -71   154   154   169   173   147     0      0.838      0.407      0.721      1.223      0.330
   168       2103  (ud_1)             -71   153   153   169   173     0   147      0.783      0.137     24.504     24.529      0.771
   169        111  (pi0)              -83   167   168   305   306     0     0      0.619      0.074      0.604      0.878      0.135
   170        211  pi+                 84   167   168     0     0     0     0      0.105      0.414      7.405      7.419      0.140
   171       -211  pi-                 84   167   168     0     0     0     0     -0.024     -0.100      2.777      2.782      0.140
   172       2212  p+                  84   167   168     0     0     0     0     -0.231     -0.247      3.218      3.369      0.938
   173        113  (rho0)             -84   167   168   263   264     0     0      1.151      0.404     11.221     11.304      0.612
   174          1  (d)                -71   142   142   176   184   131     0      0.651      0.944      0.535      1.308      0.330
   175       2103  (ud_1)             -71   156   156   176   184     0   131      0.499     -0.512    -39.049     39.063      0.771
   176        111  (pi0)              -83   174   175   307   308     0     0      0.055      0.390     -0.205      0.464      0.135
   177       -211  pi-                 83   174   175     0     0     0     0      0.567     -0.375     -0.834      1.085      0.140
   178        211  pi+                 83   174   175     0     0     0     0     -0.228      0.223     -0.002      0.348      0.140
   179        111  (pi0)              -83   174   175   309   310     0     0      0.234      0.112      0.027      0.294      0.135
   180       -211  pi-                 83   174   175     0     0     0     0      0.074      0.314     -0.011      0.352      0.140
   181        113  (rho0)             -84   174   175   265   266     0     0     -0.037      0.122     -1.629      1.845      0.855
   182        223  (omega)            -84   174   175   311   313     0     0      0.987     -0.582    -17.713     17.767      0.774
   183       2224  (Delta++)          -84   174   175   267   268     0     0     -0.499      0.396    -15.673     15.733      1.219
   184       -211  pi-                 84   174   175     0     0     0     0     -0.006     -0.168     -2.472      2.482      0.140
   185          2  (u)                -71   107   107   189   199   114     0    -10.853    -24.689      6.839     27.825      0.330
   186         21  (g)                -71   114   114   189   199   138   114    -10.091    -18.599      2.938     21.363      0.000
   187         21  (g)                -71   125   125   189   199   103   138     -0.886     -2.556      0.785      2.817      0.000
   188         -2  (ubar)             -71   109   109   189   199     0   103      1.871     -1.939     -1.151      2.948      0.330
   189        111  (pi0)              -83   185   188   314   315     0     0     -1.506     -4.140      1.324      4.602      0.135
   190        211  pi+                 83   185   188     0     0     0     0     -3.772     -7.138      1.762      8.265      0.140
   191        111  (pi0)              -83   185   188   316   317     0     0     -8.477    -16.567      3.912     19.017      0.135
   192        111  (pi0)              -83   185   188   318   319     0     0     -0.562     -2.704      0.196      2.772      0.135
   193       -211  pi-                 83   185   188     0     0     0     0     -3.565     -7.976      1.357      8.842      0.140
   194        211  pi+                 84   185   188     0     0     0     0     -0.141      0.035      0.083      0.218      0.140
   195        111  (pi0)              -84   185   188   320   321     0     0     -1.934     -4.382      1.019      4.898      0.135
   196       -211  pi-                 84   185   188     0     0     0     0     -0.579     -1.950      0.574      2.118      0.140
   197        223  (omega)            -84   185   188   322   324     0     0     -0.552     -1.658     -0.153      1.919      0.777
   198        213  (rho+)             -84   185   188   269   270     0     0      0.041     -0.387     -0.054      0.747      0.635
   199       -211  pi-                 84   185   188     0     0     0     0      1.089     -0.917     -0.609      1.555      0.140
   200          2  (u)                -71   115   115   212   229   104     0      1.809      0.818     -1.408      2.456      0.330
   201         21  (g)                -71   112   112   212   229   107   104      0.009      0.036     -1.247      1.247      0.000
   202         21  (g)                -71   117   117   212   229   116   107      1.972     -0.065      0.703      2.095      0.000
   203         21  (g)                -71   110   110   212   229   140   116      1.676      2.250     -0.153      2.810      0.000
   204         21  (g)                -71   160   160   212   229   121   140      1.069      0.110     -0.468      1.223      0.348
   205         21  (g)                -71   121   121   212   229   105   121     -0.487      0.315     -0.141      0.597      0.000
   206         21  (g)                -71   127   127   212   229   141   105      3.587     13.196      0.578     13.687      0.000
   207         21  (g)                -71   119   119   212   229   128   141      1.494      3.234      0.223      3.569      0.000
   208         21  (g)                -71   159   159   212   229   118   128      0.264      2.544     -0.287      2.585      0.239
   209         21  (g)                -71   108   108   212   229   111   118      2.504      8.289     -0.452      8.671      0.000
   210         21  (g)                -71   118   118   212   229   117   111      0.558      1.389      0.737      1.668      0.000
   211         -3  (sbar)             -71   113   113   212   229     0   117      0.983      9.062     -0.570      9.147      0.500
   212        213  (rho+)             -83   200   211   271   272     0     0      0.697      0.703     -1.208      1.747      0.784
   213       -211  pi-                 83   200   211     0     0     0     0      0.338     -0.291     -0.268      0.539      0.140
   214        111  (pi0)              -83   200   211   325   326     0     0      0.977      0.180     -0.111      1.009      0.135
   215        111  (pi0)              -83   200   211   327   328     0     0      0.677      0.222     -0.027      0.726      0.135
   216       2214  (Delta+)           -83   200   211   273   274     0     0      1.035      1.090     -0.912      2.223      1.361
   217       -211  pi-                 83   200   211     0     0     0     0      0.103     -0.118      0.109      0.237      0.140
   218      -2114  (Deltabar0)        -83   200   211   275   276     0     0      1.345      1.500     -0.182      2.409      1.308
   219        113  (rho0)             -83   200   211   277   278     0     0      0.455      0.696      0.465      1.221      0.765
   220        111  (pi0)              -83   200   211   329   330     0     0      0.919      0.432     -0.561      1.168      0.135
   221        321  K+                  84   200   211     0     0     0     0      0.477      3.239      0.333      3.328      0.494
   222       -311  (Kbar0)            -84   200   211   279   279     0     0      0.717      2.105      0.202      2.287      0.498
   223        313  (K*0)              -84   200   211   280   281     0     0      1.335      4.120     -0.255      4.428      0.887
   224       -311  (Kbar0)            -84   200   211   282   282     0     0      2.800     11.135      0.009     11.492      0.498
   225       -213  (rho-)             -84   200   211   283   284     0     0      1.030      2.593      0.278      2.944      0.897
   226        211  pi+                 84   200   211     0     0     0     0      0.504      3.053     -0.263      3.108      0.140
   227       -211  pi-                 84   200   211     0     0     0     0      1.160      5.215     -0.238      5.349      0.140
   228        111  (pi0)              -84   200   211   331   332     0     0     -0.015      0.002      0.003      0.136      0.135
   229        321  K+                  84   200   211     0     0     0     0      0.883      5.307      0.140      5.405      0.494
   230          2  (u)                -71   155   155   244   261   101     0      1.065      0.022      0.892      1.428      0.330
   231         21  (g)                -71   122   122   244   261   123   101     -0.314      0.016      0.402      0.510      0.000
   232         21  (g)                -71   111   111   244   261   106   123      2.385      0.915      0.729      2.656      0.000
   233         21  (g)                -71   148   148   244   261   136   106     -0.594      1.070     -1.559      1.982      0.000
   234         21  (g)                -71   143   143   244   261   130   136      0.613      0.812     -0.956      1.396      0.000
   235         21  (g)                -71   157   157   244   261   142   130      0.749     -0.633     -0.494      1.228      0.551
   236         21  (g)                -71   132   132   244   261   137   142     -1.487     -0.354     -0.941      1.795      0.000
   237         21  (g)                -71   134   134   244   261   109   137      0.232     -0.327     -0.045      0.404      0.000
   238         21  (g)                -71   131   131   244   261   110   109      0.087     -1.012     -1.163      1.544      0.000
   239         21  (g)                -71   151   151   244   261   146   110     -1.603     -0.541      0.082      1.694      0.000
   240         21  (g)                -71   138   138   244   261   124   146     -0.832      0.214      0.329      0.920      0.000
   241         21  (g)                -71   158   158   244   261   144   124     -0.443      2.218      2.784      3.636      0.597
   242         21  (g)                -71   139   139   244   261   126   144      0.397     -0.396      1.023      1.167      0.000
   243         -1  (dbar)             -71   130   130   244   261     0   126      1.150      0.943      3.397      3.723      0.330
   244        113  (rho0)             -83   230   243   285   286     0     0      0.425     -0.053      0.525      1.002      0.738
   245        223  (omega)            -83   230   243   333   335     0     0      1.754      0.383      0.891      2.152      0.783
   246        211  pi+                 83   230   243     0     0     0     0      0.123      0.860      0.384      0.960      0.140
   247        111  (pi0)              -83   230   243   336   337     0     0      0.083     -0.368     -0.270      0.483      0.135
   248       -211  pi-                 83   230   243     0     0     0     0      0.486      1.135     -0.704      1.428      0.140
   249        211  pi+                 83   230   243     0     0     0     0      0.527      0.101      0.033      0.555      0.140
   250        313  (K*0)              -83   230   243   287   288     0     0     -0.306     -0.064     -1.790      2.013      0.865
   251       -313  (K*bar0)           -83   230   243   289   290     0     0      0.877     -0.058     -0.270      1.274      0.883
   252        111  (pi0)              -84   230   243   338   339     0     0     -1.010     -0.691     -0.945      1.552      0.135
   253       -211  pi-                 84   230   243     0     0     0     0     -1.544     -0.201     -0.251      1.584      0.140
   254        223  (omega)            -84   230   243   340   342     0     0      0.306     -0.264     -0.047      0.887      0.788
   255        213  (rho+)             -84   230   243   291   292     0     0     -0.476     -0.395      0.231      0.970      0.710
   256        111  (pi0)              -84   230   243   343   344     0     0     -0.169      0.788      0.671      1.058      0.135
   257        313  (K*0)              -84   230   243   293   294     0     0     -0.395      0.096      0.293      0.996      0.861
   258       -311  (Kbar0)            -84   230   243   295   295     0     0     -0.547     -0.072      0.242      0.782      0.498
   259        113  (rho0)             -84   230   243   296   297     0     0      0.154      0.471      1.070      1.371      0.699
   260       -211  pi-                 84   230   243     0     0     0     0      0.838      1.319      2.661      3.090      0.140
   261        213  (rho+)             -84   230   243   298   299     0     0      0.278     -0.042      1.757      1.929      0.746
   262        130  K_L0                91   163   163     0     0     0     0      0.186      0.636      0.115      0.837      0.498
   263        211  pi+                 91   173     0     0     0     0     0      1.085      0.211      8.816      8.886      0.140
   264       -211  pi-                 91   173     0     0     0     0     0      0.067      0.193      2.405      2.417      0.140
   265        211  pi+                 91   181     0     0     0     0     0     -0.339      0.289     -1.117      1.211      0.140
   266       -211  pi-                 91   181     0     0     0     0     0      0.303     -0.168     -0.512      0.634      0.140
   267       2212  p+                  91   183     0     0     0     0     0     -0.231      0.328    -13.465     13.503      0.938
   268        211  pi+                 91   183     0     0     0     0     0     -0.268      0.068     -2.208      2.230      0.140
   269        211  pi+                 91   198     0     0     0     0     0      0.099     -0.454      0.130      0.502      0.140
   270        111  (pi0)              -91   198     0   345   346     0     0     -0.057      0.067     -0.184      0.245      0.135
   271        211  pi+                 91   212     0     0     0     0     0     -0.057     -0.003     -0.406      0.433      0.140
   272        111  (pi0)              -91   212     0   347   348     0     0      0.754      0.706     -0.802      1.315      0.135
   273       2212  p+                  91   216     0     0     0     0     0      0.879      1.056     -0.461      1.726      0.938
   274        111  (pi0)              -91   216     0   349   350     0     0      0.156      0.034     -0.450      0.496      0.135
   275      -2112  nbar0               91   218     0     0     0     0     0      0.699      0.841      0.069      1.443      0.940
   276        111  (pi0)              -91   218     0   351   352     0     0      0.645      0.659     -0.251      0.965      0.135
   277        211  pi+                 91   219     0     0     0     0     0     -0.060      0.308     -0.095      0.356      0.140
   278       -211  pi-                 91   219     0     0     0     0     0      0.515      0.388      0.559      0.865      0.140
   279        130  K_L0                91   222   222     0     0     0     0      0.717      2.105      0.202      2.287      0.498
   280        321  K+                  91   223     0     0     0     0     0      0.402      1.871     -0.003      1.976      0.494
   281       -211  pi-                 91   223     0     0     0     0     0      0.933      2.249     -0.252      2.452      0.140
   282        130  K_L0                91   224   224     0     0     0     0      2.800     11.135      0.009     11.492      0.498
   283       -211  pi-                 91   225     0     0     0     0     0      0.882      1.511     -0.153      1.761      0.140
   284        111  (pi0)              -91   225     0   353   354     0     0      0.148      1.082      0.432      1.182      0.135
   285        211  pi+                 91   244     0     0     0     0     0      0.498      0.193      0.413      0.689      0.140
   286       -211  pi-                 91   244     0     0     0     0     0     -0.072     -0.246      0.112      0.313      0.140
   287        321  K+                  91   250     0     0     0     0     0     -0.137     -0.042     -1.698      1.774      0.494
   288       -211  pi-                 91   250     0     0     0     0     0     -0.169     -0.021     -0.093      0.239      0.140
   289       -321  K-                  91   251     0     0     0     0     0      0.297     -0.001     -0.344      0.671      0.494
   290        211  pi+                 91   251     0     0     0     0     0      0.579     -0.057      0.074      0.603      0.140
   291        211  pi+                 91   255     0     0     0     0     0     -0.224      0.126     -0.075      0.302      0.140
   292        111  (pi0)              -91   255     0   355   356     0     0     -0.253     -0.521      0.305      0.668      0.135
   293        321  K+                  91   257     0     0     0     0     0     -0.254     -0.120      0.387      0.688      0.494
   294       -211  pi-                 91   257     0     0     0     0     0     -0.140      0.217     -0.094      0.308      0.140
   295        310  (K_S0)             -91   258   258   357   358     0     0     -0.547     -0.072      0.242      0.782      0.498
   296        211  pi+                 91   259     0     0     0     0     0      0.300      0.436      0.422      0.691      0.140
   297       -211  pi-                 91   259     0     0     0     0     0     -0.145      0.035      0.648      0.680      0.140
   298        211  pi+                 91   261     0     0     0     0     0      0.484      0.070      1.333      1.427      0.140
   299        111  (pi0)              -91   261     0   359   360     0     0     -0.206     -0.112      0.423      0.502      0.135
   300        211  pi+                 91   164     0     0     0     0     0      0.012      0.209      0.037      0.254      0.140
   301       -211  pi-                 91   164     0     0     0     0     0      0.106      0.524      0.123      0.566      0.140
   302        111  (pi0)              -91   164     0   361   362     0     0      0.102      1.288      0.369      1.351      0.135
   303         22  gamma               91   166     0     0     0     0     0      0.055      0.100      0.028      0.118      0.000
   304         22  gamma               91   166     0     0     0     0     0      0.245     -0.305      1.413      1.466      0.000
   305         22  gamma               91   169     0     0     0     0     0      0.502      0.014      0.435      0.664      0.000
   306         22  gamma               91   169     0     0     0     0     0      0.117      0.059      0.169      0.214      0.000
   307         22  gamma               91   176     0     0     0     0     0      0.032      0.377     -0.158      0.410      0.000
   308         22  gamma               91   176     0     0     0     0     0      0.023      0.013     -0.047      0.054      0.000
   309         22  gamma               91   179     0     0     0     0     0      0.151      0.083     -0.047      0.179      0.000
   310         22  gamma               91   179     0     0     0     0     0      0.084      0.029      0.074      0.116      0.000
   311        211  pi+                 91   182     0     0     0     0     0      0.324      0.005     -2.950      2.971      0.140
   312       -211  pi-                 91   182     0     0     0     0     0      0.368     -0.401     -6.445      6.470      0.140
   313        111  (pi0)              -91   182     0   363   364     0     0      0.295     -0.186     -8.318      8.327      0.135
   314         22  gamma               91   189     0     0     0     0     0     -0.606     -1.569      0.447      1.740      0.000
   315         22  gamma               91   189     0     0     0     0     0     -0.900     -2.570      0.878      2.861      0.000
   316         22  gamma               91   191     0     0     0     0     0     -0.785     -1.618      0.390      1.840      0.000
   317         22  gamma               91   191     0     0     0     0     0     -7.692    -14.949      3.522     17.177      0.000
   318         22  gamma               91   192     0     0     0     0     0     -0.021     -0.295      0.035      0.297      0.000
   319         22  gamma               91   192     0     0     0     0     0     -0.541     -2.410      0.161      2.475      0.000
   320         22  gamma               91   195     0     0     0     0     0     -1.778     -4.074      0.975      4.551      0.000
   321         22  gamma               91   195     0     0     0     0     0     -0.156     -0.308      0.043      0.348      0.000
   322        211  pi+                 91   197     0     0     0     0     0     -0.085     -0.079      0.054      0.189      0.140
   323       -211  pi-                 91   197     0     0     0     0     0     -0.383     -1.011     -0.303      1.131      0.140
   324        111  (pi0)              -91   197     0   365   366     0     0     -0.084     -0.568      0.097      0.598      0.135
   325         22  gamma               91   214     0     0     0     0     0      0.654      0.155     -0.021      0.672      0.000
   326         22  gamma               91   214     0     0     0     0     0      0.324      0.024     -0.090      0.337      0.000
   327         22  gamma               91   215     0     0     0     0     0      0.069     -0.016      0.009      0.071      0.000
   328         22  gamma               91   215     0     0     0     0     0      0.609      0.238     -0.036      0.655      0.000
   329         22  gamma               91   220     0     0     0     0     0      0.469      0.185     -0.210      0.547      0.000
   330         22  gamma               91   220     0     0     0     0     0      0.450      0.246     -0.350      0.621      0.000
   331         22  gamma               91   228     0     0     0     0     0     -0.031      0.035     -0.052      0.070      0.000
   332         22  gamma               91   228     0     0     0     0     0      0.016     -0.033      0.055      0.066      0.000
   333        211  pi+                 91   245     0     0     0     0     0      1.243      0.445      0.503      1.419      0.140
   334       -211  pi-                 91   245     0     0     0     0     0      0.087      0.020      0.136      0.215      0.140
   335        111  (pi0)              -91   245     0   367   368     0     0      0.424     -0.082      0.252      0.518      0.135
   336         22  gamma               91   247     0     0     0     0     0      0.011     -0.261     -0.230      0.348      0.000
   337         22  gamma               91   247     0     0     0     0     0      0.072     -0.107     -0.040      0.135      0.000
   338         22  gamma               91   252     0     0     0     0     0     -0.015     -0.025     -0.047      0.055      0.000
   339         22  gamma               91   252     0     0     0     0     0     -0.995     -0.666     -0.898      1.497      0.000
   340        211  pi+                 91   254     0     0     0     0     0      0.118      0.043      0.155      0.244      0.140
   341       -211  pi-                 91   254     0     0     0     0     0     -0.054     -0.267     -0.015      0.307      0.140
   342        111  (pi0)              -91   254     0   369   370     0     0      0.242     -0.041     -0.187      0.336      0.135
   343         22  gamma               91   256     0     0     0     0     0     -0.061      0.092      0.119      0.162      0.000
   344         22  gamma               91   256     0     0     0     0     0     -0.108      0.697      0.552      0.895      0.000
   345         22  gamma               91   270     0     0     0     0     0      0.011     -0.031     -0.077      0.084      0.000
   346         22  gamma               91   270     0     0     0     0     0     -0.068      0.099     -0.107      0.161      0.000
   347         22  gamma               91   272     0     0     0     0     0      0.098      0.118     -0.178      0.235      0.000
   348         22  gamma               91   272     0     0     0     0     0      0.657      0.588     -0.624      1.080      0.000
   349         22  gamma               91   274     0     0     0     0     0      0.082      0.080     -0.319      0.339      0.000
   350         22  gamma               91   274     0     0     0     0     0      0.074     -0.046     -0.131      0.157      0.000
   351         22  gamma               91   276     0     0     0     0     0      0.648      0.662     -0.245      0.958      0.000
   352         22  gamma               91   276     0     0     0     0     0     -0.002     -0.003     -0.006      0.007      0.000
   353         22  gamma               91   284     0     0     0     0     0     -0.008      0.110      0.009      0.111      0.000
   354         22  gamma               91   284     0     0     0     0     0      0.156      0.972      0.423      1.072      0.000
   355         22  gamma               91   292     0     0     0     0     0     -0.255     -0.522      0.313      0.660      0.000
   356         22  gamma               91   292     0     0     0     0     0      0.003      0.001     -0.008      0.008      0.000
   357        211  pi+                 91   295     0     0     0     0     0     -0.104     -0.074     -0.091      0.210      0.140
   358       -211  pi-                 91   295     0     0     0     0     0     -0.444      0.002      0.333      0.572      0.140
   359         22  gamma               91   299     0     0     0     0     0     -0.136     -0.012      0.149      0.202      0.000
   360         22  gamma               91   299     0     0     0     0     0     -0.070     -0.099      0.275      0.300      0.000
   361         22  gamma               91   302     0     0     0     0     0      0.072      1.200      0.314      1.242      0.000
   362         22  gamma               91   302     0     0     0     0     0      0.030      0.089      0.055      0.109      0.000
   363         22  gamma               91   313     0     0     0     0     0      0.125     -0.101     -5.284      5.286      0.000
   364         22  gamma               91   313     0     0     0     0     0      0.170     -0.085     -3.035      3.041      0.000
   365         22  gamma               91   324     0     0     0     0     0     -0.024     -0.040      0.043      0.064      0.000
   366         22  gamma               91   324     0     0     0     0     0     -0.061     -0.528      0.053      0.534      0.000
   367         22  gamma               91   335     0     0     0     0     0      0.338     -0.008      0.174      0.380      0.000
   368         22  gamma               91   335     0     0     0     0     0      0.086     -0.074      0.078      0.138      0.000
   369         22  gamma               91   342     0     0     0     0     0      0.065      0.020     -0.120      0.138      0.000
   370         22  gamma               91   342     0     0     0     0     0      0.177     -0.060     -0.066      0.198      0.000
                                   Charge sum:  2.000           Momentum sum:      0.000      0.000     -0.000    200.000    200.000

 --------  End PYTHIA Event Listing  -----------------------------------------------------------------------------------------------
[0;33mRivet.AnalysisLoader: WARN [0m Ignoring duplicate plugin analysis called 'STAR_2006_I709170'
[0;33mRivet.AnalysisHandler: WARN [0m Analysis 'STAR_2006_I709170TEST' not found.
[0;33mRivet.AnalysisHandler: WARN [0m Analysis 'BRAHMS_2007_I742956' is unvalidated: be careful, it may be broken!
[0;33mRivet.AnalysisHandler: WARN [0m Analysis 'STAR_2003_I631869' is unvalidated: be careful, it may be broken!
[0;33mRivet.AnalysisHandler: WARN [0m Analysis 'STAR_2012_I930463' is unvalidated: be careful, it may be broken!
[0;33mRivet.AnalysisHandler: WARN [0m Analysis 'STAR_2019_I1771348' is unvalidated: be careful, it may be broken!
[0;33mRivet.AnalysisHandler: WARN [0m Analysis 'STAR_2020_I1783875' is unvalidated: be careful, it may be broken!
[0;33mRivet.AnalysisHandler: WARN [0m Analysis 'STAR_2021_I1853218' is unvalidated: be careful, it may be broken!

 Pythia::next(): 1000 events have been generated 
 PYTHIA Warning in SimpleSpaceShower::pT2nextQCD: weight above unity
 PYTHIA Error in BeamRemnants::setKinematics: kinematics construction failed after retrying 10 times

 Pythia::next(): 2000 events have been generated 

 Pythia::next(): 3000 events have been generated 

 Pythia::next(): 4000 events have been generated 

 Pythia::next(): 5000 events have been generated 

 Pythia::next(): 6000 events have been generated 

 Pythia::next(): 7000 events have been generated 

 Pythia::next(): 8000 events have been generated 

 Pythia::next(): 9000 events have been generated 

 Pythia::next(): 10000 events have been generated 

 Pythia::next(): 11000 events have been generated 

 Pythia::next(): 12000 events have been generated 

 Pythia::next(): 13000 events have been generated 

 Pythia::next(): 14000 events have been generated 

 Pythia::next(): 15000 events have been generated 

 Pythia::next(): 16000 events have been generated 

 Pythia::next(): 17000 events have been generated 

 Pythia::next(): 18000 events have been generated 

 Pythia::next(): 19000 events have been generated 

 Pythia::next(): 20000 events have been generated 

 Pythia::next(): 21000 events have been generated 

 Pythia::next(): 22000 events have been generated 

 Pythia::next(): 23000 events have been generated 

 Pythia::next(): 24000 events have been generated 

 Pythia::next(): 25000 events have been generated 

 Pythia::next(): 26000 events have been generated 

 Pythia::next(): 27000 events have been generated 

 Pythia::next(): 28000 events have been generated 

 Pythia::next(): 29000 events have been generated 

 Pythia::next(): 30000 events have been generated 

 Pythia::next(): 31000 events have been generated 

 Pythia::next(): 32000 events have been generated 

 Pythia::next(): 33000 events have been generated 

 Pythia::next(): 34000 events have been generated 

 Pythia::next(): 35000 events have been generated 

 Pythia::next(): 36000 events have been generated 

 Pythia::next(): 37000 events have been generated 

 Pythia::next(): 38000 events have been generated 

 Pythia::next(): 39000 events have been generated 

 Pythia::next(): 40000 events have been generated 

 Pythia::next(): 41000 events have been generated 

 Pythia::next(): 42000 events have been generated 

 Pythia::next(): 43000 events have been generated 

 Pythia::next(): 44000 events have been generated 

 Pythia::next(): 45000 events have been generated 

 Pythia::next(): 46000 events have been generated 

 Pythia::next(): 47000 events have been generated 

 Pythia::next(): 48000 events have been generated 

 Pythia::next(): 49000 events have been generated 

 Pythia::next(): 50000 events have been generated 

 Pythia::next(): 51000 events have been generated 

 Pythia::next(): 52000 events have been generated 

 Pythia::next(): 53000 events have been generated 

 Pythia::next(): 54000 events have been generated 

 Pythia::next(): 55000 events have been generated 

 Pythia::next(): 56000 events have been generated 

 Pythia::next(): 57000 events have been generated 

 Pythia::next(): 58000 events have been generated 

 Pythia::next(): 59000 events have been generated 

 Pythia::next(): 60000 events have been generated 

 Pythia::next(): 61000 events have been generated 

 Pythia::next(): 62000 events have been generated 

 Pythia::next(): 63000 events have been generated 

 Pythia::next(): 64000 events have been generated 

 Pythia::next(): 65000 events have been generated 

 Pythia::next(): 66000 events have been generated 

 Pythia::next(): 67000 events have been generated 

 Pythia::next(): 68000 events have been generated 

 Pythia::next(): 69000 events have been generated 

 Pythia::next(): 70000 events have been generated 

 Pythia::next(): 71000 events have been generated 

 Pythia::next(): 72000 events have been generated 

 Pythia::next(): 73000 events have been generated 

 Pythia::next(): 74000 events have been generated 

 Pythia::next(): 75000 events have been generated 

 Pythia::next(): 76000 events have been generated 

 Pythia::next(): 77000 events have been generated 

 Pythia::next(): 78000 events have been generated 

 Pythia::next(): 79000 events have been generated 

 Pythia::next(): 80000 events have been generated 

 Pythia::next(): 81000 events have been generated 

 Pythia::next(): 82000 events have been generated 

 Pythia::next(): 83000 events have been generated 

 Pythia::next(): 84000 events have been generated 

 Pythia::next(): 85000 events have been generated 
 PYTHIA Error in SimpleSpaceShower::pT2nearThreshold: stuck in loop

 Pythia::next(): 86000 events have been generated 

 Pythia::next(): 87000 events have been generated 

 Pythia::next(): 88000 events have been generated 

 Pythia::next(): 89000 events have been generated 

 Pythia::next(): 90000 events have been generated 

 Pythia::next(): 91000 events have been generated 

 Pythia::next(): 92000 events have been generated 

 Pythia::next(): 93000 events have been generated 

 Pythia::next(): 94000 events have been generated 

 Pythia::next(): 95000 events have been generated 

 Pythia::next(): 96000 events have been generated 

 Pythia::next(): 97000 events have been generated 

 Pythia::next(): 98000 events have been generated 

 Pythia::next(): 99000 events have been generated 

 *-------  PYTHIA Event and Cross Section Statistics  -------------------------------------------------------------*
 |                                                                                                                 |
 | Subprocess                                    Code |            Number of events       |      sigma +- delta    |
 |                                                    |       Tried   Selected   Accepted |     (estimated) (mb)   |
 |                                                    |                                   |                        |
 |-----------------------------------------------------------------------------------------------------------------|
 |                                                    |                                   |                        |
 | g g -> g g                                     111 |       28375       2123       2123 |   1.580e-10  2.127e-12 |
 | g g -> q qbar (uds)                            112 |         797         66         66 |   5.186e-12  3.957e-13 |
 | q g -> q g                                     113 |      381521      31205      31205 |   2.389e-09  7.339e-12 |
 | q q(bar)' -> q q(bar)'                         114 |      717715      65798      65798 |   5.005e-09  1.022e-11 |
 | q qbar -> g g                                  115 |        1614        291        291 |   1.995e-11  7.314e-13 |
 | q qbar -> q' qbar' (uds)                       116 |        1679        275        275 |   2.205e-11  8.401e-13 |
 | g g -> c cbar                                  121 |         260         18         18 |   1.507e-12  2.324e-13 |
 | q qbar -> c cbar                               122 |         561         95         95 |   7.057e-12  4.680e-13 |
 | g g -> b bbar                                  123 |         253         30         30 |   2.004e-12  2.470e-13 |
 | q qbar -> b bbar                               124 |         547         99         99 |   6.757e-12  4.663e-13 |
 |                                                    |                                   |                        |
 | sum                                                |     1133322     100000     100000 |   7.616e-09  1.284e-11 |
 |                                                                                                                 |
 *-------  End PYTHIA Event and Cross Section Statistics ----------------------------------------------------------*

 *-------  PYTHIA Multiparton Interactions Statistics  --------*
 |                                                             |
 |  Note: excludes hardest subprocess if already listed above  |
 |                                                             |
 | Subprocess                               Code |       Times |
 |                                               |             |
 |-------------------------------------------------------------|
 |                                               |             |
 | g g -> g g                                111 |      115955 |
 | g g -> q qbar (uds)                       112 |        1560 |
 | q g -> q g                                113 |       87272 |
 | q q(bar)' -> q q(bar)'                    114 |       14553 |
 | q qbar -> g g                             115 |         334 |
 | q qbar -> q' qbar' (uds)                  116 |         157 |
 | g g -> c cbar                             121 |          68 |
 | q qbar -> c cbar                          122 |           8 |
 | g g -> b bbar                             123 |           0 |
 | q qbar -> b bbar                          124 |           0 |
 | q g -> q gamma (udscb)                    201 |          10 |
 | q qbar -> g gamma                         202 |           3 |
 | g g -> g gamma                            203 |           0 |
 | f fbar -> gamma gamma                     204 |           0 |
 | g g -> gamma gamma                        205 |           0 |
 | f f' -> f f' (t-channel gamma*/Z0)        211 |           0 |
 | f_1 f_2 -> f_3 f_4 (t-channel W+-)        212 |           0 |
 | f fbar -> f' fbar' (s-channel gamma*)     223 |           0 |
 | g g -> ccbar(3S1)[3S1(1)] g               401 |           0 |
 | g g -> ccbar(3S1)[3S1(8)] g               402 |           1 |
 | q g -> ccbar(3S1)[3S1(8)] q               403 |           0 |
 | q qbar -> ccbar(3S1)[3S1(8)] g            404 |           0 |
 | g g -> ccbar(3S1)[1S0(8)] g               405 |           3 |
 | q g -> ccbar(3S1)[1S0(8)] q               406 |           0 |
 | q qbar -> ccbar(3S1)[1S0(8)] g            407 |           0 |
 | g g -> ccbar(3S1)[3PJ(8)] g               408 |           3 |
 | q g -> ccbar(3S1)[3PJ(8)] q               409 |           1 |
 | q qbar -> ccbar(3S1)[3PJ(8)] g            410 |           0 |
 | g g -> ccbar(3PJ)[3PJ(1)] g               411 |         126 |
 | q g -> ccbar(3PJ)[3PJ(1)] q               412 |          16 |
 | q qbar -> ccbar(3PJ)[3PJ(1)] g            413 |           0 |
 | g g -> ccbar(3PJ)[3S1(8)] g               414 |           1 |
 | q g -> ccbar(3PJ)[3S1(8)] q               415 |           0 |
 | q qbar -> ccbar(3PJ)[3S1(8)] g            416 |           0 |
 | g g -> ccbar(3DJ)[3DJ(1)] g               417 |           0 |
 | g g -> ccbar(3DJ)[3PJ(8)] g               418 |           2 |
 | q g -> ccbar(3DJ)[3PJ(8)] q               419 |           0 |
 | q qbar -> ccbar(3DJ)[3PJ(8)] g            420 |           0 |
 | g g -> double ccbar(3S1)[3S1(1)]          421 |           0 |
 | q qbar -> double ccbar(3S1)[3S1(1)]       422 |           0 |
 | g g -> ccbar(3S1)[3S1(1)] gamma           441 |           0 |
 | g g -> bbbar(3S1)[3S1(1)] g               501 |           0 |
 | g g -> bbbar(3S1)[3S1(8)] g               502 |           0 |
 | q g -> bbbar(3S1)[3S1(8)] q               503 |           0 |
 | q qbar -> bbbar(3S1)[3S1(8)] g            504 |           0 |
 | g g -> bbbar(3S1)[1S0(8)] g               505 |           0 |
 | q g -> bbbar(3S1)[1S0(8)] q               506 |           0 |
 | q qbar -> bbbar(3S1)[1S0(8)] g            507 |           0 |
 | g g -> bbbar(3S1)[3PJ(8)] g               508 |           0 |
 | q g -> bbbar(3S1)[3PJ(8)] q               509 |           0 |
 | q qbar -> bbbar(3S1)[3PJ(8)] g            510 |           0 |
 | g g -> bbbar(3PJ)[3PJ(1)] g               511 |           0 |
 | q g -> bbbar(3PJ)[3PJ(1)] q               512 |           0 |
 | q qbar -> bbbar(3PJ)[3PJ(1)] g            513 |           0 |
 | g g -> bbbar(3PJ)[3S1(8)] g               514 |           0 |
 | q g -> bbbar(3PJ)[3S1(8)] q               515 |           0 |
 | q qbar -> bbbar(3PJ)[3S1(8)] g            516 |           0 |
 | g g -> double bbbar(3S1)[3S1(1)]          521 |           0 |
 | q qbar -> double bbbar(3S1)[3S1(1)]       522 |           0 |
 | g g -> bbbar(3S1)[3S1(1)] gamma           551 |           0 |
 |                                                             |
 | sum                                           |      220073 |
 |                                               |             |
 *-------  End PYTHIA Multiparton Interactions Statistics -----*

 *-------  PYTHIA Error and Warning Messages Statistics  ----------------------------------------------------------* 
 |                                                                                                                 | 
 |  times   message                                                                                                | 
 |                                                                                                                 | 
 |     77   Error in BeamRemnants::setKinematics: kinematics construction failed after retrying 10 times           | 
 |      1   Error in SimpleSpaceShower::pT2nearThreshold: stuck in loop                                            | 
 |     58   Warning in SimpleSpaceShower::pT2nextQCD: weight above unity                                           | 
 |                                                                                                                 | 
 *-------  End PYTHIA Error and Warning Messages Statistics  ------------------------------------------------------* 
