
 *------------------------------------------------------------------------------------* 
 |                                                                                    | 
 |  *------------------------------------------------------------------------------*  | 
 |  |                                                                              |  | 
 |  |                                                                              |  | 
 |  |   PPP   Y   Y  TTTTT  H   H  III    A      Welcome to the Lund Monte Carlo!  |  | 
 |  |   P  P   Y Y     T    H   H   I    A A     This is PYTHIA version 8.315      |  | 
 |  |   PPP     Y      T    HHHHH   I   AAAAA    Last date of change: 27 May 2025  |  | 
 |  |   P       Y      T    H   H   I   A   A                                      |  | 
 |  |   P       Y      T    H   H  III  A   A    Now is 08 Oct 2025 at 02:55:13    |  | 
 |  |                                                                              |  | 
 |  |   Program documentation and an archive of historic versions is found on:     |  | 
 |  |                                                                              |  | 
 |  |                               https://pythia.org/                            |  | 
 |  |                                                                              |  | 
 |  |   PYTHIA is authored by a collaboration consisting of:                       |  | 
 |  |                                                                              |  | 
 |  |   Javira Altmann, Christian Bierlich, Naomi Cooke, Nishita Desai,            |  | 
 |  |   Ilkka Helenius, Philip Ilten, Leif Lonnblad, Stephen Mrenna,               |  | 
 |  |   Christian Preuss, Torbjorn Sjostrand, and Peter Skands.                    |  | 
 |  |                                                                              |  | 
 |  |   The complete list of authors, including contact information and            |  | 
 |  |   affiliations, can be found on https://pythia.org/.                         |  | 
 |  |   Problems or bugs should be reported on email at authors@pythia.org.        |  | 
 |  |                                                                              |  | 
 |  |   The main program reference is C. Bierlich et al,                           |  | 
 |  |   'A comprehensive guide to the physics and usage of Pythia 8.3',            |  | 
 |  |   SciPost Phys. Codebases 8-r8.3 (2022) [arXiv:2203.11601 [hep-ph]]          |  | 
 |  |                                                                              |  | 
 |  |   PYTHIA is released under the GNU General Public Licence version 2          |  | 
 |  |   or later. Please respect the MCnet Guidelines for Generator Authors        |  | 
 |  |   and Users.                                                                 |  | 
 |  |                                                                              |  | 
 |  |   Disclaimer: this program comes without any guarantees.                     |  | 
 |  |   Beware of errors and use common sense when interpreting results.           |  | 
 |  |                                                                              |  | 
 |  |   Copyright (C) 2025 Torbjorn Sjostrand                                      |  | 
 |  |                                                                              |  | 
 |  |                                                                              |  | 
 |  *------------------------------------------------------------------------------*  | 
 |                                                                                    | 
 *------------------------------------------------------------------------------------* 


 *-------  PYTHIA Process Initialization  --------------------------*
 |                                                                  |
 | We collide p+ with p+ at a CM energy of 2.000e+02 GeV            |
 |                                                                  |
 |------------------------------------------------------------------|
 |                                                    |             |
 | Subprocess                                    Code |   Estimated |
 |                                                    |    max (mb) |
 |                                                    |             |
 |------------------------------------------------------------------|
 |                                                    |             |
 | g g -> g g                                     111 |   2.942e-11 |
 | g g -> q qbar (uds)                            112 |   8.548e-13 |
 | q g -> q g                                     113 |   7.779e-10 |
 | q q(bar)' -> q q(bar)'                         114 |   2.836e-09 |
 | q qbar -> g g                                  115 |   6.598e-12 |
 | q qbar -> q' qbar' (uds)                       116 |   7.211e-12 |
 | g g -> c cbar                                  121 |   2.829e-13 |
 | q qbar -> c cbar                               122 |   2.393e-12 |
 | g g -> b bbar                                  123 |   2.644e-13 |
 | q qbar -> b bbar                               124 |   2.295e-12 |
 |                                                                  |
 *-------  End PYTHIA Process Initialization -----------------------*

 *-------  PYTHIA Multiparton Interactions Initialization  ---------* 
 |                                                                  | 
 |                   sigmaNonDiffractive =    28.49 mb              | 
 |                                                                  | 
 |    pT0 =  1.06 gives sigmaInteraction =    84.95 mb: accepted    | 
 |                                                                  | 
 *-------  End PYTHIA Multiparton Interactions Initialization  -----* 

 *-------  PYTHIA Flag + Mode + Parm + Word + FVec + MVec + PVec + WVec Settings (changes only)  ------------------* 
 |                                                                                                                 | 
 | Name                                          |                      Now |      Default         Min         Max | 
 |                                               |                          |                                      | 
 | Beams:eCM                                     |                200.00000 |    14000.000         0.0             | 
 | HardQCD:all                                   |                       on |          off                         | 
 | Main:numberOfEvents                           |                   100000 |         1000           0             | 
 | Main:rivetAnalyses                            |      BRAHMS_2007_I742956 |                                      | 
 |                                               |        STAR_2003_I631869 |                                      | 
 |                                               |        STAR_2012_I930463 |                                      | 
 |                                               |       STAR_2019_I1771348 |                                      | 
 |                                               |       STAR_2020_I1783875 |                                      | 
 |                                               |       STAR_2021_I1853218 |                                      | 
 |                                               |    STAR_2006_I709170TEST |                                      | 
 | Main:rivetDumpFile                            |                        # |                                      | 
 | Main:rivetRunName                             |                        # |                                      | 
 | Main:runRivet                                 |                       on |          off                         | 
 | Main:writeLog                                 |                       on |          off                         | 
 | PhaseSpace:pTHatMax                           |                 70.00000 |     -1.00000                         | 
 | PhaseSpace:pTHatMin                           |                 60.00000 |          0.0         0.0             | 
 | Stat:showPartonLevel                          |                       on |          off                         | 
 | StringZ:useOldAExtra                          |                       on |          off                         | 
 |                                                                                                                 | 
 *-------  End PYTHIA Flag + Mode + Parm + Word + FVec + MVec + PVec + WVec Settings  -----------------------------* 

 --------  PYTHIA Particle Data Table (changed only)  ------------------------------------------------------------------------------
 
      id   name            antiName         spn chg col      m0        mWidth      mMin       mMax       tau0    res dec ext vis wid
             no onMode   bRatio   meMode     products 

 no particle data has been changed from its default value 

 --------  End PYTHIA Particle Data Table  -----------------------------------------------------------------------------------------


 --------  PYTHIA Info Listing  ---------------------------------------- 
 
 Beam A: id =   2212, pz =  1.000e+02, e =  1.000e+02, m =  9.383e-01.
 Beam B: id =   2212, pz = -1.000e+02, e =  1.000e+02, m =  9.383e-01.

 In 1: id =    2, x =  5.624e-01, pdf =  7.492e-02 at Q2 =  3.602e+03.
 In 2: id =    1, x =  6.587e-01, pdf =  7.291e-03 at same Q2.

 Subprocess q q(bar)' -> q q(bar)' with code 114 is 2 -> 2.
 It has sHat =  1.482e+04,    tHat = -8.641e+03,    uHat = -6.178e+03,
       pTHat =  6.002e+01,   m3Hat =  3.300e-01,   m4Hat =  3.300e-01,
    thetaHat =  1.738e+00,  phiHat =  4.791e+00.
     alphaEM =  7.781e-03,  alphaS =  1.392e-01    at Q2 =  3.602e+03.

 Impact parameter b =  9.327e-01 gives enhancement factor =  8.625e-01.
 Max pT scale for MPI =  6.002e+01, ISR =  6.002e+01, FSR =  6.002e+01.
 Number of MPI =     4, ISR =     2, FSRproc =     9, FSRreson =     0.

 --------  End PYTHIA Info Listing  ------------------------------------

 --------  PYTHIA Event Listing  (hard process)  -----------------------------------------------------------------------------------
 
    no         id  name            status     mothers   daughters     colours      p_x        p_y        p_z         e          m 
     0         90  (system)           -11     0     0     0     0     0     0      0.000      0.000      0.000    200.000    200.000
     1       2212  (p+)               -12     0     0     3     0     0     0      0.000      0.000     99.996    100.000      0.938
     2       2212  (p+)               -12     0     0     4     0     0     0      0.000      0.000    -99.996    100.000      0.938
     3          2  (u)                -21     1     0     5     6   101     0      0.000      0.000     56.242     56.242      0.000
     4          1  (d)                -21     2     0     5     6   102     0      0.000      0.000    -65.872     65.872      0.000
     5          2  u                   23     3     4     0     0   102     0      4.687    -59.836    -14.964     61.857      0.330
     6          1  d                   23     3     4     0     0   101     0     -4.687     59.836      5.334     60.256      0.330
                                   Charge sum:  0.333           Momentum sum:      0.000      0.000     -9.630    122.113    121.733

 --------  End PYTHIA Event Listing  -----------------------------------------------------------------------------------------------

 --------  PYTHIA Event Listing  (complete event)  ---------------------------------------------------------------------------------
 
    no         id  name            status     mothers   daughters     colours      p_x        p_y        p_z         e          m 
     0         90  (system)           -11     0     0     0     0     0     0      0.000      0.000      0.000    200.000    200.000
     1       2212  (p+)               -12     0     0    57     0     0     0      0.000      0.000     99.996    100.000      0.938
     2       2212  (p+)               -12     0     0    58     0     0     0      0.000      0.000    -99.996    100.000      0.938
     3          2  (u)                -21     7     7     5     6   101     0      0.000      0.000     56.242     56.242      0.000
     4          1  (d)                -21     8     0     5     6   102     0      0.000      0.000    -65.872     65.872      0.000
     5          2  (u)                -23     3     4     9     9   102     0      4.687    -59.836    -14.964     61.857      0.330
     6          1  (d)                -23     3     4    10    10   101     0     -4.687     59.836      5.334     60.256      0.330
     7          2  (u)                -42    12    12     3     3   101     0     -0.000      0.000     56.242     56.242      0.000
     8          1  (d)                -41    13     0    11     4   103     0      0.000     -0.000    -68.655     68.655      0.000
     9          2  (u)                -44     5     5    14    14   102     0      6.154    -59.903    -16.134     62.343      0.330
    10          1  (d)                -44     6     6    15    15   101     0     -3.638     59.787      3.922     60.027      0.330
    11         21  (g)                -43     8     0    16    16   103   102     -2.516      0.115     -0.200      2.526      0.000
    12          2  (u)                -42    57    57     7     7   101     0     -0.000     -0.000     56.242     56.242      0.000
    13          1  (d)                -41    58    58    17     8   104     0      0.000      0.000    -72.269     72.269      0.000
    14          2  (u)                -44     9     9    20    20   102     0      7.312    -58.693    -17.924     61.804      0.330
    15          1  (d)                -44    10    10    60    60   101     0     -2.810     60.652      3.839     60.839      0.330
    16         21  (g)                -44    11    11    18    19   103   102     -2.475      0.157     -0.275      2.496      0.000
    17         21  (g)                -43    13     0    62    62   104   103     -2.027     -2.116     -1.667      3.371      0.000
    18         21  (g)                -51    16     0    21    22   103   105     -3.465     -1.881     -0.229      3.949      0.000
    19         21  (g)                -51    16     0    23    23   105   102      1.499     -2.048     -1.294      2.849      0.000
    20          2  (u)                -52    14    14    26    26   102     0      6.803    -54.607    -16.676     57.502      0.330
    21         21  (g)                -51    18     0    35    36   103   106     -2.677     -2.672     -1.572      4.096      0.000
    22         21  (g)                -51    18     0    37    37   106   105     -0.237      0.038      0.868      0.901      0.000
    23         21  (g)                -52    19    19    24    25   105   102      0.948     -1.295     -0.818      1.802      0.000
    24         21  (g)                -51    23     0    40    40   105   107      2.218     -5.825     -2.470      6.705      0.000
    25         21  (g)                -51    23     0    38    39   107   102      0.472     -9.469     -2.622      9.836      0.000
    26          2  (u)                -52    20    20    59    59   102     0      5.061    -40.609    -12.402     42.762      0.330
    27          2  (u)                -31    47    47    29    30   108     0      0.000      0.000     14.659     14.659      0.000
    28         21  (g)                -31    72    72    29    30   109   110      0.000      0.000     -0.278      0.278      0.000
    29          2  (u)                -33    27    28    73    73   109     0     -0.047      0.973     13.726     13.764      0.330
    30         21  (g)                -33    27    28    45    46   108   110      0.047     -0.973      0.655      1.174      0.000
    31         21  (g)                -31    76    76    33    34   111   112      0.000      0.000      2.051      2.051      0.000
    32         21  (g)                -31    77    77    33    34   113   114      0.000      0.000     -0.715      0.715      0.000
    33         21  (g)                -33    31    32    78    78   111   114     -0.386      0.741      1.668      1.866      0.000
    34         21  (g)                -33    31    32    79    79   113   112      0.386     -0.741     -0.333      0.900      0.000
    35         21  (g)                -51    21     0    61    61   103   115     -1.632     -1.687      0.023      2.348      0.000
    36         21  (g)                -51    21     0    48    49   115   106     -1.112     -0.974     -1.351      2.002      0.000
    37         21  (g)                -52    22    22    50    50   106   105     -0.170      0.028      0.623      0.647      0.000
    38         21  (g)                -51    25     0    65    65   116   102      1.524     -7.706     -2.755      8.324      0.000
    39         21  (g)                -51    25     0    53    53   107   116     -0.200     -4.002     -0.816      4.089      0.000
    40         21  (g)                -52    24    24    51    52   105   107      1.366     -3.587     -1.521      4.128      0.000
    41         21  (g)                -31    80    80    43    44   119   118      0.000      0.000      0.562      0.562      0.000
    42         -2  (ubar)             -31    81    81    43    44     0   117      0.000      0.000     -2.646      2.646      0.000
    43         21  (g)                -33    41    42    82    82   119   117      0.380      0.561      0.276      0.731      0.000
    44         -2  (ubar)             -33    41    42    83    83     0   118     -0.380     -0.561     -2.360      2.477      0.330
    45         21  (g)                -51    30     0    74    74   120   110      0.374     -1.060      2.253      2.517      0.000
    46         21  (g)                -51    30     0    75    75   108   120     -0.327      0.087      0.099      0.352      0.000
    47          2  (u)                -53    71    71    27    27   108     0      0.000     -0.000     16.355     16.355      0.000
    48         21  (g)                -51    36     0    66    66   115   121     -1.279     -0.424     -0.566      1.461      0.000
    49         21  (g)                -51    36     0    68    68   121   106      0.104     -0.540     -0.554      0.780      0.000
    50         21  (g)                -52    37    37    56    56   106   105     -0.107      0.017      0.392      0.407      0.000
    51         21  (g)                -51    40     0    54    55   105   122      0.941     -3.957     -1.932      4.502      0.000
    52         21  (g)                -51    40     0    69    69   122   107      0.332     -1.500      0.030      1.536      0.000
    53         21  (g)                -52    39    39    67    67   107   116     -0.106     -2.132     -0.435      2.178      0.000
    54         21  (g)                -51    51     0    63    63   123   122      1.020     -3.895     -1.561      4.318      0.000
    55         21  (g)                -51    51     0    70    70   105   123     -0.108     -0.057     -0.266      0.293      0.000
    56         21  (g)                -52    50    50    64    64   106   105     -0.079      0.013      0.287      0.298      0.000
    57          2  (u)                -61     1     0    12    12   111     0     -2.150      4.338     56.206     56.414      0.000
    58          1  (d)                -61     2     0    13    13   104     0      0.499      3.610    -72.265     72.357      0.000
    59          2  (u)                -62    26    26   128   128   102     0      4.683    -38.140    -11.746     40.183      0.330
    60          1  (d)                -62    15    15   113   113   101     0     -3.867     64.688      2.933     64.870      0.330
    61         21  (g)                -62    35    35   116   116   103   115     -1.669     -1.541      0.009      2.271      0.000
    62         21  (g)                -62    17    17   115   115   104   103     -2.042     -1.928     -1.684      3.274      0.000
    63         21  (g)                -62    54    54   123   123   123   113      0.989     -3.650     -1.486      4.063      0.000
    64         21  (g)                -62    56    56    87     0   106   108     -0.090      0.036      0.285      0.301      0.000
    65         21  (g)                -62    38    38   127   127   116   102      1.458     -7.230     -2.618      7.826      0.000
    66         21  (g)                -62    48    48   117   117   115   121     -1.289     -0.339     -0.589      1.457      0.000
    67         21  (g)                -62    53    53   126   126   107   116     -0.130     -2.003     -0.409      2.049      0.000
    68         21  (g)                -62    49    49   118   118   121   119      0.105     -0.499     -0.544      0.746      0.000
    69         21  (g)                -62    52    52   125   125   122   107      0.308     -1.405      0.057      1.439      0.000
    70         21  (g)                -62    55    55   122   122   105   123     -0.107     -0.042     -0.268      0.292      0.000
    71          2  (u)                -61     1     0    47    47   110     0     -0.526     -1.688     18.250     18.336      0.000
    72         21  (g)                -61     2     0    28    28   109   110     -0.315     -0.444     -0.002      0.544      0.000
    73          2  (u)                -62    29    29    98    98   109     0     -0.485     -0.403     14.592     14.609      0.330
    74         21  (g)                -62    45    45   120   120   120   106      0.125     -1.579      3.279      3.642      0.000
    75         21  (g)                -62    46    46    87     0   108   105     -0.481     -0.149      0.377      0.629      0.000
    76         21  (g)                -61     1     0    31    31   114   114      0.465     -0.342      2.047      2.127      0.000
    77         21  (g)                -61     2     0    32    32   112   112      0.561     -1.112     -0.390      1.305      0.000
    78         21  (g)                -62    33    33   112   112   111   101     -0.029      0.418      1.150      1.224      0.000
    79         21  (g)                -62    34    34   124   124   113   122      1.055     -1.872      0.507      2.208      0.000
    80         21  (g)                -61     1     0    41    41   104   118      1.282     -1.796     -1.059      2.448      0.000
    81         -2  (ubar)             -61     2     0    42    42     0   104     -0.210      0.244     -1.575      1.608      0.000
    82         21  (g)                -62    43    43   119   119   119   120      1.547     -1.072     -0.749      2.025      0.000
    83         -2  (ubar)             -62    44    44    89    89     0   118     -0.475     -0.479     -1.886      2.030      0.330
    84          1  (d)                -63     1     0    88    88   118     0      0.929     -0.512     21.589     21.617      0.330
    85       2203  (uu_1)             -63     2     0    99    99     0   109     -0.219     -1.118    -20.994     21.039      0.771
    86          2  (u)                -63     2     0   114   114   110     0     -0.317     -1.180     -1.806      2.205      0.330
    87         21  (g)                -73    64    75   121   121   106   105     -0.571     -0.113      0.662      0.930      0.297
    88          1  (d)                -71    84    84    90    97   118     0      0.929     -0.512     21.589     21.617      0.330
    89         -2  (ubar)             -71    83    83    90    97     0   118     -0.475     -0.479     -1.886      2.030      0.330
    90       -211  pi-                 83    88    89     0     0     0     0     -0.084      0.213      7.430      7.435      0.140
    91        323  (K*+)              -83    88    89   161   162     0     0      0.539     -0.670      8.027      8.124      0.906
    92       -321  K-                  83    88    89     0     0     0     0      0.358      0.180      0.670      0.923      0.494
    93        221  (eta)              -83    88    89   190   192     0     0     -0.230     -0.399      3.837      3.904      0.548
    94        221  (eta)              -83    88    89   193   195     0     0      0.284      0.005      0.568      0.838      0.548
    95        223  (omega)            -84    88    89   196   198     0     0     -0.464      0.007      0.015      0.912      0.785
    96        211  pi+                 84    88    89     0     0     0     0      0.229     -0.142      0.054      0.308      0.140
    97       -213  (rho-)             -84    88    89   163   164     0     0     -0.176     -0.185     -0.899      1.203      0.758
    98          2  (u)                -71    73    73   100   111   109     0     -0.485     -0.403     14.592     14.609      0.330
    99       2203  (uu_1)             -71    85    85   100   111     0   109     -0.219     -1.118    -20.994     21.039      0.771
   100        211  pi+                 83    98    99     0     0     0     0      0.090     -0.293      9.995     10.001      0.140
   101        111  (pi0)              -83    98    99   199   200     0     0     -0.135      0.033      0.558      0.590      0.135
   102       -211  pi-                 83    98    99     0     0     0     0     -0.424      0.118      0.759      0.888      0.140
   103        211  pi+                 83    98    99     0     0     0     0      0.004     -0.086      0.545      0.569      0.140
   104       2112  n0                  83    98    99     0     0     0     0      0.007     -0.186      0.674      1.171      0.940
   105      -2212  pbar-               83    98    99     0     0     0     0     -0.191     -0.064      1.223      1.554      0.938
   106        321  K+                  84    98    99     0     0     0     0      0.241      0.206     -0.435      0.730      0.494
   107       -311  (Kbar0)            -84    98    99   165   165     0     0      0.101      0.039     -1.103      1.215      0.498
   108        111  (pi0)              -84    98    99   201   202     0     0     -0.201     -0.060     -0.642      0.688      0.135
   109       -211  pi-                 84    98    99     0     0     0     0      0.244     -0.031     -0.617      0.679      0.140
   110       2214  (Delta+)           -84    98    99   166   167     0     0     -0.728     -0.345     -8.335      8.465      1.238
   111        213  (rho+)             -84    98    99   168   169     0     0      0.288     -0.853     -9.024      9.097      0.723
   112         21  (g)                -71    78    78   129   160   111   101     -0.029      0.418      1.150      1.224      0.000
   113          1  (d)                -71    60    60   129   160   101     0     -3.867     64.688      2.933     64.870      0.330
   114          2  (u)                -71    86    86   129   160   110     0     -0.317     -1.180     -1.806      2.205      0.330
   115         21  (g)                -71    62    62   129   160   104   103     -2.042     -1.928     -1.684      3.274      0.000
   116         21  (g)                -71    61    61   129   160   103   115     -1.669     -1.541      0.009      2.271      0.000
   117         21  (g)                -71    66    66   129   160   115   121     -1.289     -0.339     -0.589      1.457      0.000
   118         21  (g)                -71    68    68   129   160   121   119      0.105     -0.499     -0.544      0.746      0.000
   119         21  (g)                -71    82    82   129   160   119   120      1.547     -1.072     -0.749      2.025      0.000
   120         21  (g)                -71    74    74   129   160   120   106      0.125     -1.579      3.279      3.642      0.000
   121         21  (g)                -71    87    87   129   160   106   105     -0.571     -0.113      0.662      0.930      0.297
   122         21  (g)                -71    70    70   129   160   105   123     -0.107     -0.042     -0.268      0.292      0.000
   123         21  (g)                -71    63    63   129   160   123   113      0.989     -3.650     -1.486      4.063      0.000
   124         21  (g)                -71    79    79   129   160   113   122      1.055     -1.872      0.507      2.208      0.000
   125         21  (g)                -71    69    69   129   160   122   107      0.308     -1.405      0.057      1.439      0.000
   126         21  (g)                -71    67    67   129   160   107   116     -0.130     -2.003     -0.409      2.049      0.000
   127         21  (g)                -71    65    65   129   160   116   102      1.458     -7.230     -2.618      7.826      0.000
   128          2  (u)                -71    59    59   129   160   102     0      4.683    -38.140    -11.746     40.183      0.330
   129        213  (rho+)             -85   112   128   170   171     0     0     -0.053     -0.432     -0.401      0.985      0.788
   130       -211  pi-                 85   112   128     0     0     0     0     -0.426     -0.527     -0.427      0.813      0.140
   131        223  (omega)            -86   112   128   203   205     0     0      3.284    -26.273     -8.146     27.713      0.777
   132        213  (rho+)             -86   112   128   172   173     0     0      0.494     -8.056     -2.254      8.431      0.933
   133        223  (omega)            -86   112   128   206   208     0     0      1.850     -9.243     -2.330      9.741      0.783
   134        221  (eta)              -86   112   128   209   211     0     0      0.496     -1.284     -0.680      1.630      0.548
   135       -213  (rho-)             -86   112   128   174   175     0     0      0.952     -6.636     -1.518      6.929      0.876
   136        213  (rho+)             -86   112   128   176   177     0     0      0.424     -0.733     -0.162      1.139      0.745
   137        311  (K0)               -86   112   128   178   178     0     0      0.509     -0.502      0.629      1.075      0.498
   138       -321  K-                  86   112   128     0     0     0     0     -0.352     -0.690     -0.312      0.970      0.494
   139        211  pi+                 86   112   128     0     0     0     0      0.013     -0.415      0.081      0.445      0.140
   140        111  (pi0)              -86   112   128   212   213     0     0      0.167     -0.125      0.054      0.254      0.135
   141       -213  (rho-)             -86   112   128   179   180     0     0      0.129     -1.190      0.584      1.498      0.686
   142        321  K+                  86   112   128     0     0     0     0      0.095     -0.113     -0.003      0.515      0.494
   143       -321  K-                  86   112   128     0     0     0     0      0.116     -0.552      0.149      0.764      0.494
   144        223  (omega)            -86   112   128   214   216     0     0      0.031     -0.206      0.912      1.202      0.755
   145        211  pi+                 86   112   128     0     0     0     0      0.150     -0.569     -0.325      0.687      0.140
   146        113  (rho0)             -86   112   128   181   182     0     0     -0.214     -0.033      0.371      0.912      0.805
   147       -211  pi-                 86   112   128     0     0     0     0     -0.127      0.359      0.214      0.459      0.140
   148        331  (eta')             -86   112   128   217   219     0     0     -0.154     -1.630     -0.303      1.921      0.958
   149        211  pi+                 86   112   128     0     0     0     0     -0.331     -0.218     -0.325      0.532      0.140
   150        223  (omega)            -86   112   128   220   222     0     0     -0.566     -1.027     -1.083      1.775      0.777
   151        111  (pi0)              -83   112   128   223   224     0     0     -0.392      3.673      0.136      3.699      0.135
   152       -211  pi-                 83   112   128     0     0     0     0     -1.013     24.146      1.326     24.204      0.140
   153       2212  p+                  83   112   128     0     0     0     0     -2.010     28.850      0.957     28.951      0.938
   154      -2212  pbar-               83   112   128     0     0     0     0     -0.235      4.888      0.945      5.071      0.938
   155        211  pi+                 83   112   128     0     0     0     0     -0.204      1.852     -0.138      1.874      0.140
   156        311  (K0)               -83   112   128   183   183     0     0      0.074      0.620      0.022      0.799      0.498
   157       -311  (Kbar0)            -84   112   128   184   184     0     0      0.040     -0.279      0.258      0.627      0.498
   158        313  (K*0)              -84   112   128   185   186     0     0     -0.327     -0.100     -0.548      1.119      0.913
   159       -321  K-                  84   112   128     0     0     0     0     -0.777      0.600      0.348      1.153      0.494
   160       2214  (Delta+)           -88   112   128   187   188     0     0     -1.395     -1.646     -1.330      2.817      1.229
   161        311  (K0)               -91    91     0   189   189     0     0      0.251     -0.351      6.439      6.473      0.498
   162        211  pi+                 91    91     0     0     0     0     0      0.288     -0.318      1.588      1.651      0.140
   163       -211  pi-                 91    97     0     0     0     0     0      0.174     -0.244     -0.700      0.774      0.140
   164        111  (pi0)              -91    97     0   225   226     0     0     -0.351      0.059     -0.199      0.429      0.135
   165        310  (K_S0)             -91   107   107   227   228     0     0      0.101      0.039     -1.103      1.215      0.498
   166       2112  n0                  91   110     0     0     0     0     0     -0.325     -0.181     -5.273      5.369      0.940
   167        211  pi+                 91   110     0     0     0     0     0     -0.402     -0.164     -3.063      3.096      0.140
   168        211  pi+                 91   111     0     0     0     0     0      0.291     -0.932     -7.284      7.350      0.140
   169        111  (pi0)              -91   111     0   229   230     0     0     -0.003      0.079     -1.740      1.747      0.135
   170        211  pi+                 91   129     0     0     0     0     0      0.023      0.168     -0.277      0.353      0.140
   171        111  (pi0)              -91   129     0   231   232     0     0     -0.075     -0.600     -0.124      0.632      0.135
   172        211  pi+                 91   132     0     0     0     0     0      0.446     -2.487     -0.409      2.564      0.140
   173        111  (pi0)              -91   132     0   233   234     0     0      0.048     -5.569     -1.845      5.868      0.135
   174       -211  pi-                 91   135     0     0     0     0     0      1.038     -6.322     -1.423      6.564      0.140
   175        111  (pi0)              -91   135     0   235   236     0     0     -0.086     -0.314     -0.095      0.365      0.135
   176        211  pi+                 91   136     0     0     0     0     0      0.018     -0.678     -0.053      0.695      0.140
   177        111  (pi0)              -91   136     0   237   238     0     0      0.405     -0.055     -0.109      0.444      0.135
   178        130  K_L0                91   137   137     0     0     0     0      0.509     -0.502      0.629      1.075      0.498
   179       -211  pi-                 91   141     0     0     0     0     0      0.047     -0.282      0.473      0.570      0.140
   180        111  (pi0)              -91   141     0   239   240     0     0      0.082     -0.907      0.111      0.928      0.135
   181        211  pi+                 91   146     0     0     0     0     0     -0.005      0.181     -0.165      0.282      0.140
   182       -211  pi-                 91   146     0     0     0     0     0     -0.209     -0.214      0.537      0.630      0.140
   183        310  (K_S0)             -91   156   156   241   242     0     0      0.074      0.620      0.022      0.799      0.498
   184        310  (K_S0)             -91   157   157   243   244     0     0      0.040     -0.279      0.258      0.627      0.498
   185        321  K+                  91   158     0     0     0     0     0      0.087      0.061     -0.340      0.609      0.494
   186       -211  pi-                 91   158     0     0     0     0     0     -0.414     -0.161     -0.209      0.510      0.140
   187       2212  p+                  91   160     0     0     0     0     0     -1.303     -1.227     -0.973      2.243      0.938
   188        111  (pi0)              -91   160     0   245   246     0     0     -0.092     -0.419     -0.357      0.574      0.135
   189        310  (K_S0)             -91   161   161   247   248     0     0      0.251     -0.351      6.439      6.473      0.498
   190        111  (pi0)              -91    93     0   249   250     0     0     -0.002     -0.013      0.649      0.663      0.135
   191        111  (pi0)              -91    93     0   251   252     0     0     -0.039     -0.018      0.669      0.684      0.135
   192        111  (pi0)              -91    93     0   253   254     0     0     -0.188     -0.368      2.520      2.557      0.135
   193        111  (pi0)              -91    94     0   255   256     0     0      0.095     -0.121      0.378      0.430      0.135
   194        111  (pi0)              -91    94     0   257   258     0     0      0.125      0.052      0.072      0.204      0.135
   195        111  (pi0)              -91    94     0   259   260     0     0      0.064      0.075      0.118      0.205      0.135
   196        211  pi+                 91    95     0     0     0     0     0     -0.057      0.202      0.010      0.252      0.140
   197       -211  pi-                 91    95     0     0     0     0     0     -0.147      0.021     -0.160      0.259      0.140
   198        111  (pi0)              -91    95     0   261   262     0     0     -0.261     -0.216      0.166      0.400      0.135
   199         22  gamma               91   101     0     0     0     0     0      0.015     -0.027      0.121      0.125      0.000
   200         22  gamma               91   101     0     0     0     0     0     -0.150      0.060      0.437      0.466      0.000
   201         22  gamma               91   108     0     0     0     0     0     -0.016     -0.029     -0.269      0.271      0.000
   202         22  gamma               91   108     0     0     0     0     0     -0.185     -0.030     -0.373      0.417      0.000
   203        211  pi+                 91   131     0     0     0     0     0      0.487     -4.245     -1.199      4.440      0.140
   204       -211  pi-                 91   131     0     0     0     0     0      0.234     -1.844     -0.510      1.933      0.140
   205        111  (pi0)              -91   131     0   263   264     0     0      2.563    -20.183     -6.437     21.340      0.135
   206        211  pi+                 91   133     0     0     0     0     0      0.420     -1.369     -0.284      1.467      0.140
   207       -211  pi-                 91   133     0     0     0     0     0      0.530     -2.503     -0.829      2.693      0.140
   208        111  (pi0)              -91   133     0   265   266     0     0      0.901     -5.371     -1.217      5.582      0.135
   209        111  (pi0)              -91   134     0   267   268     0     0     -0.018     -0.199     -0.158      0.288      0.135
   210        111  (pi0)              -91   134     0   269   270     0     0      0.182     -0.513     -0.219      0.602      0.135
   211        111  (pi0)              -91   134     0   271   272     0     0      0.332     -0.572     -0.302      0.739      0.135
   212         22  gamma               91   140     0     0     0     0     0      0.068     -0.037      0.088      0.117      0.000
   213         22  gamma               91   140     0     0     0     0     0      0.100     -0.088     -0.034      0.137      0.000
   214        211  pi+                 91   144     0     0     0     0     0      0.225     -0.067      0.318      0.419      0.140
   215       -211  pi-                 91   144     0     0     0     0     0     -0.069     -0.118      0.563      0.596      0.140
   216        111  (pi0)              -91   144     0   273   274     0     0     -0.124     -0.022      0.031      0.187      0.135
   217        211  pi+                 91   148     0     0     0     0     0      0.010     -0.172      0.053      0.228      0.140
   218       -211  pi-                 91   148     0     0     0     0     0     -0.008     -0.503     -0.240      0.575      0.140
   219        221  (eta)              -91   148     0   275   277     0     0     -0.156     -0.956     -0.116      1.119      0.548
   220        211  pi+                 91   150     0     0     0     0     0     -0.293     -0.367     -0.425      0.649      0.140
   221       -211  pi-                 91   150     0     0     0     0     0     -0.120     -0.285      0.003      0.339      0.140
   222        111  (pi0)              -91   150     0   278   280     0     0     -0.153     -0.375     -0.661      0.787      0.135
   223         22  gamma               91   151     0     0     0     0     0     -0.311      2.691      0.045      2.709      0.000
   224         22  gamma               91   151     0     0     0     0     0     -0.081      0.982      0.091      0.990      0.000
   225         22  gamma               91   164     0     0     0     0     0     -0.011      0.006      0.019      0.022      0.000
   226         22  gamma               91   164     0     0     0     0     0     -0.340      0.053     -0.217      0.407      0.000
   227        211  pi+                 91   165     0     0     0     0     0      0.208     -0.063     -0.351      0.436      0.140
   228       -211  pi-                 91   165     0     0     0     0     0     -0.107      0.102     -0.752      0.779      0.140
   229         22  gamma               91   169     0     0     0     0     0     -0.053      0.090     -1.050      1.055      0.000
   230         22  gamma               91   169     0     0     0     0     0      0.050     -0.010     -0.690      0.692      0.000
   231         22  gamma               91   171     0     0     0     0     0     -0.063     -0.256      0.007      0.263      0.000
   232         22  gamma               91   171     0     0     0     0     0     -0.012     -0.344     -0.131      0.368      0.000
   233         22  gamma               91   173     0     0     0     0     0      0.072     -1.838     -0.577      1.928      0.000
   234         22  gamma               91   173     0     0     0     0     0     -0.024     -3.730     -1.267      3.940      0.000
   235         22  gamma               91   175     0     0     0     0     0      0.002     -0.063     -0.075      0.098      0.000
   236         22  gamma               91   175     0     0     0     0     0     -0.088     -0.251     -0.020      0.266      0.000
   237         22  gamma               91   177     0     0     0     0     0      0.273     -0.081     -0.120      0.309      0.000
   238         22  gamma               91   177     0     0     0     0     0      0.133      0.026      0.011      0.136      0.000
   239         22  gamma               91   180     0     0     0     0     0      0.108     -0.811      0.076      0.821      0.000
   240         22  gamma               91   180     0     0     0     0     0     -0.026     -0.097      0.035      0.106      0.000
   241        211  pi+                 91   183     0     0     0     0     0     -0.071      0.376      0.180      0.445      0.140
   242       -211  pi-                 91   183     0     0     0     0     0      0.145      0.244     -0.158      0.353      0.140
   243        211  pi+                 91   184     0     0     0     0     0      0.198     -0.028      0.117      0.270      0.140
   244       -211  pi-                 91   184     0     0     0     0     0     -0.158     -0.251      0.141      0.357      0.140
   245         22  gamma               91   188     0     0     0     0     0     -0.099     -0.399     -0.287      0.501      0.000
   246         22  gamma               91   188     0     0     0     0     0      0.007     -0.020     -0.069      0.072      0.000
   247        211  pi+                 91   189     0     0     0     0     0      0.175     -0.021      3.992      3.998      0.140
   248       -211  pi-                 91   189     0     0     0     0     0      0.075     -0.330      2.447      2.474      0.140
   249         22  gamma               91   190     0     0     0     0     0     -0.057     -0.045      0.321      0.329      0.000
   250         22  gamma               91   190     0     0     0     0     0      0.054      0.032      0.328      0.334      0.000
   251         22  gamma               91   191     0     0     0     0     0     -0.086     -0.032      0.454      0.463      0.000
   252         22  gamma               91   191     0     0     0     0     0      0.047      0.014      0.216      0.221      0.000
   253         22  gamma               91   192     0     0     0     0     0     -0.172     -0.378      2.381      2.417      0.000
   254         22  gamma               91   192     0     0     0     0     0     -0.017      0.010      0.139      0.140      0.000
   255         22  gamma               91   193     0     0     0     0     0      0.080     -0.050      0.328      0.341      0.000
   256         22  gamma               91   193     0     0     0     0     0      0.015     -0.072      0.050      0.089      0.000
   257         22  gamma               91   194     0     0     0     0     0     -0.019     -0.022      0.005      0.029      0.000
   258         22  gamma               91   194     0     0     0     0     0      0.144      0.073      0.067      0.175      0.000
   259         22  gamma               91   195     0     0     0     0     0     -0.034      0.046      0.072      0.092      0.000
   260         22  gamma               91   195     0     0     0     0     0      0.098      0.029      0.046      0.112      0.000
   261         22  gamma               91   198     0     0     0     0     0     -0.236     -0.235      0.147      0.364      0.000
   262         22  gamma               91   198     0     0     0     0     0     -0.025      0.019      0.019      0.037      0.000
   263         22  gamma               91   205     0     0     0     0     0      0.673     -5.520     -1.704      5.816      0.000
   264         22  gamma               91   205     0     0     0     0     0      1.891    -14.663     -4.733     15.524      0.000
   265         22  gamma               91   208     0     0     0     0     0      0.794     -4.668     -1.012      4.842      0.000
   266         22  gamma               91   208     0     0     0     0     0      0.107     -0.703     -0.204      0.740      0.000
   267         22  gamma               91   209     0     0     0     0     0      0.043     -0.158     -0.084      0.184      0.000
   268         22  gamma               91   209     0     0     0     0     0     -0.060     -0.041     -0.075      0.104      0.000
   269         22  gamma               91   210     0     0     0     0     0      0.203     -0.467     -0.190      0.544      0.000
   270         22  gamma               91   210     0     0     0     0     0     -0.021     -0.046     -0.029      0.058      0.000
   271         22  gamma               91   211     0     0     0     0     0      0.138     -0.245     -0.203      0.347      0.000
   272         22  gamma               91   211     0     0     0     0     0      0.194     -0.326     -0.100      0.393      0.000
   273         22  gamma               91   216     0     0     0     0     0     -0.033     -0.013     -0.053      0.064      0.000
   274         22  gamma               91   216     0     0     0     0     0     -0.091     -0.009      0.083      0.124      0.000
   275        111  (pi0)              -91   219     0   281   282     0     0     -0.098     -0.438      0.088      0.477      0.135
   276        111  (pi0)              -91   219     0   283   284     0     0     -0.084     -0.339     -0.076      0.382      0.135
   277        111  (pi0)              -91   219     0   285   286     0     0      0.026     -0.179     -0.129      0.260      0.135
   278         22  gamma               91   222     0     0     0     0     0     -0.163     -0.380     -0.652      0.772      0.000
   279         11  e-                  91   222     0     0     0     0     0      0.004      0.002     -0.003      0.006      0.001
   280        -11  e+                  91   222     0     0     0     0     0      0.006      0.003     -0.006      0.009      0.001
   281         22  gamma               91   275     0     0     0     0     0     -0.038     -0.221     -0.024      0.226      0.000
   282         22  gamma               91   275     0     0     0     0     0     -0.060     -0.217      0.112      0.252      0.000
   283         22  gamma               91   276     0     0     0     0     0     -0.104     -0.321     -0.094      0.350      0.000
   284         22  gamma               91   276     0     0     0     0     0      0.020     -0.018      0.018      0.032      0.000
   285         22  gamma               91   277     0     0     0     0     0     -0.053     -0.043     -0.041      0.080      0.000
   286         22  gamma               91   277     0     0     0     0     0      0.079     -0.136     -0.088      0.180      0.000
                                   Charge sum:  2.000           Momentum sum:      0.000     -0.000     -0.000    200.000    200.000

 --------  End PYTHIA Event Listing  -----------------------------------------------------------------------------------------------
[0;33mRivet.AnalysisLoader: WARN [0m Ignoring duplicate plugin analysis called 'STAR_2006_I709170'
[0;33mRivet.AnalysisHandler: WARN [0m Analysis 'STAR_2006_I709170TEST' not found.
[0;33mRivet.AnalysisHandler: WARN [0m Analysis 'BRAHMS_2007_I742956' is unvalidated: be careful, it may be broken!
[0;33mRivet.AnalysisHandler: WARN [0m Analysis 'STAR_2003_I631869' is unvalidated: be careful, it may be broken!
[0;33mRivet.AnalysisHandler: WARN [0m Analysis 'STAR_2012_I930463' is unvalidated: be careful, it may be broken!
[0;33mRivet.AnalysisHandler: WARN [0m Analysis 'STAR_2019_I1771348' is unvalidated: be careful, it may be broken!
[0;33mRivet.AnalysisHandler: WARN [0m Analysis 'STAR_2020_I1783875' is unvalidated: be careful, it may be broken!
[0;33mRivet.AnalysisHandler: WARN [0m Analysis 'STAR_2021_I1853218' is unvalidated: be careful, it may be broken!

 Pythia::next(): 1000 events have been generated 
 PYTHIA Error in BeamRemnants::setKinematics: kinematics construction failed after retrying 10 times

 Pythia::next(): 2000 events have been generated 

 Pythia::next(): 3000 events have been generated 

 Pythia::next(): 4000 events have been generated 
 PYTHIA Error in SimpleSpaceShower::pT2nearThreshold: stuck in loop

 Pythia::next(): 5000 events have been generated 

 Pythia::next(): 6000 events have been generated 

 Pythia::next(): 7000 events have been generated 

 Pythia::next(): 8000 events have been generated 

 Pythia::next(): 9000 events have been generated 
 PYTHIA Warning in SimpleSpaceShower::pT2nextQCD: weight above unity

 Pythia::next(): 10000 events have been generated 

 Pythia::next(): 11000 events have been generated 

 Pythia::next(): 12000 events have been generated 

 Pythia::next(): 13000 events have been generated 

 Pythia::next(): 14000 events have been generated 

 Pythia::next(): 15000 events have been generated 

 Pythia::next(): 16000 events have been generated 

 Pythia::next(): 17000 events have been generated 

 Pythia::next(): 18000 events have been generated 

 Pythia::next(): 19000 events have been generated 

 Pythia::next(): 20000 events have been generated 

 Pythia::next(): 21000 events have been generated 

 Pythia::next(): 22000 events have been generated 

 Pythia::next(): 23000 events have been generated 

 Pythia::next(): 24000 events have been generated 

 Pythia::next(): 25000 events have been generated 

 Pythia::next(): 26000 events have been generated 

 Pythia::next(): 27000 events have been generated 

 Pythia::next(): 28000 events have been generated 

 Pythia::next(): 29000 events have been generated 

 Pythia::next(): 30000 events have been generated 

 Pythia::next(): 31000 events have been generated 

 Pythia::next(): 32000 events have been generated 

 Pythia::next(): 33000 events have been generated 

 Pythia::next(): 34000 events have been generated 

 Pythia::next(): 35000 events have been generated 

 Pythia::next(): 36000 events have been generated 

 Pythia::next(): 37000 events have been generated 

 Pythia::next(): 38000 events have been generated 

 Pythia::next(): 39000 events have been generated 

 Pythia::next(): 40000 events have been generated 

 Pythia::next(): 41000 events have been generated 

 Pythia::next(): 42000 events have been generated 

 Pythia::next(): 43000 events have been generated 

 Pythia::next(): 44000 events have been generated 

 Pythia::next(): 45000 events have been generated 

 Pythia::next(): 46000 events have been generated 

 Pythia::next(): 47000 events have been generated 

 Pythia::next(): 48000 events have been generated 

 Pythia::next(): 49000 events have been generated 

 Pythia::next(): 50000 events have been generated 

 Pythia::next(): 51000 events have been generated 

 Pythia::next(): 52000 events have been generated 

 Pythia::next(): 53000 events have been generated 

 Pythia::next(): 54000 events have been generated 

 Pythia::next(): 55000 events have been generated 

 Pythia::next(): 56000 events have been generated 

 Pythia::next(): 57000 events have been generated 

 Pythia::next(): 58000 events have been generated 

 Pythia::next(): 59000 events have been generated 

 Pythia::next(): 60000 events have been generated 

 Pythia::next(): 61000 events have been generated 
 PYTHIA Warning in SimpleSpaceShower::branch: used up beam momentum; retrying parton level
 PYTHIA Error in BeamRemnants::setKinematics: no momentum left for beam remnants
 PYTHIA Error in Pythia::next: partonLevel failed; try again
 PYTHIA Abort from Pythia::next: parton+hadronLevel failed; giving up

 Pythia::next(): 62000 events have been generated 

 Pythia::next(): 63000 events have been generated 

 Pythia::next(): 64000 events have been generated 

 Pythia::next(): 65000 events have been generated 

 Pythia::next(): 66000 events have been generated 

 Pythia::next(): 67000 events have been generated 

 Pythia::next(): 68000 events have been generated 

 Pythia::next(): 69000 events have been generated 

 Pythia::next(): 70000 events have been generated 

 Pythia::next(): 71000 events have been generated 

 Pythia::next(): 72000 events have been generated 

 Pythia::next(): 73000 events have been generated 

 Pythia::next(): 74000 events have been generated 

 Pythia::next(): 75000 events have been generated 

 Pythia::next(): 76000 events have been generated 

 Pythia::next(): 77000 events have been generated 

 Pythia::next(): 78000 events have been generated 

 Pythia::next(): 79000 events have been generated 

 Pythia::next(): 80000 events have been generated 

 Pythia::next(): 81000 events have been generated 

 Pythia::next(): 82000 events have been generated 

 Pythia::next(): 83000 events have been generated 

 Pythia::next(): 84000 events have been generated 

 Pythia::next(): 85000 events have been generated 

 Pythia::next(): 86000 events have been generated 

 Pythia::next(): 87000 events have been generated 

 Pythia::next(): 88000 events have been generated 

 Pythia::next(): 89000 events have been generated 

 Pythia::next(): 90000 events have been generated 

 Pythia::next(): 91000 events have been generated 

 Pythia::next(): 92000 events have been generated 

 Pythia::next(): 93000 events have been generated 

 Pythia::next(): 94000 events have been generated 

 Pythia::next(): 95000 events have been generated 

 Pythia::next(): 96000 events have been generated 

 Pythia::next(): 97000 events have been generated 

 Pythia::next(): 98000 events have been generated 

 Pythia::next(): 99000 events have been generated 

 *-------  PYTHIA Event and Cross Section Statistics  -------------------------------------------------------------*
 |                                                                                                                 |
 | Subprocess                                    Code |            Number of events       |      sigma +- delta    |
 |                                                    |       Tried   Selected   Accepted |     (estimated) (mb)   |
 |                                                    |                                   |                        |
 |-----------------------------------------------------------------------------------------------------------------|
 |                                                    |                                   |                        |
 | g g -> g g                                     111 |        9205        716        716 |   2.278e-12  5.354e-14 |
 | g g -> q qbar (uds)                            112 |         268         20         20 |   7.487e-14  1.014e-14 |
 | q g -> q g                                     113 |      239953      19601      19600 |   6.330e-11  2.539e-13 |
 | q q(bar)' -> q q(bar)'                         114 |      875885      78610      78610 |   2.547e-10  4.948e-13 |
 | q qbar -> g g                                  115 |        2052        337        337 |   1.137e-12  3.727e-14 |
 | q qbar -> q' qbar' (uds)                       116 |        2299        438        438 |   1.384e-12  4.279e-14 |
 | g g -> c cbar                                  121 |         102         10         10 |   2.179e-14  4.806e-15 |
 | q qbar -> c cbar                               122 |         799        141        141 |   4.026e-13  2.283e-14 |
 | g g -> b bbar                                  123 |          70          6          6 |   2.067e-14  5.276e-15 |
 | q qbar -> b bbar                               124 |         729        121        121 |   3.911e-13  2.308e-14 |
 |                                                    |                                   |                        |
 | sum                                                |     1131362     100000      99999 |   3.237e-10  5.626e-13 |
 |                                                                                                                 |
 *-------  End PYTHIA Event and Cross Section Statistics ----------------------------------------------------------*

 *-------  PYTHIA Multiparton Interactions Statistics  --------*
 |                                                             |
 |  Note: excludes hardest subprocess if already listed above  |
 |                                                             |
 | Subprocess                               Code |       Times |
 |                                               |             |
 |-------------------------------------------------------------|
 |                                               |             |
 | g g -> g g                                111 |       97174 |
 | g g -> q qbar (uds)                       112 |        1391 |
 | q g -> q g                                113 |       72409 |
 | q q(bar)' -> q q(bar)'                    114 |       11841 |
 | q qbar -> g g                             115 |         255 |
 | q qbar -> q' qbar' (uds)                  116 |         144 |
 | g g -> c cbar                             121 |          52 |
 | q qbar -> c cbar                          122 |          11 |
 | g g -> b bbar                             123 |           0 |
 | q qbar -> b bbar                          124 |           0 |
 | q g -> q gamma (udscb)                    201 |          11 |
 | q qbar -> g gamma                         202 |           4 |
 | g g -> g gamma                            203 |           0 |
 | f fbar -> gamma gamma                     204 |           0 |
 | g g -> gamma gamma                        205 |           0 |
 | f f' -> f f' (t-channel gamma*/Z0)        211 |           0 |
 | f_1 f_2 -> f_3 f_4 (t-channel W+-)        212 |           0 |
 | f fbar -> f' fbar' (s-channel gamma*)     223 |           0 |
 | g g -> ccbar(3S1)[3S1(1)] g               401 |           0 |
 | g g -> ccbar(3S1)[3S1(8)] g               402 |           1 |
 | q g -> ccbar(3S1)[3S1(8)] q               403 |           0 |
 | q qbar -> ccbar(3S1)[3S1(8)] g            404 |           0 |
 | g g -> ccbar(3S1)[1S0(8)] g               405 |           4 |
 | q g -> ccbar(3S1)[1S0(8)] q               406 |           0 |
 | q qbar -> ccbar(3S1)[1S0(8)] g            407 |           0 |
 | g g -> ccbar(3S1)[3PJ(8)] g               408 |           2 |
 | q g -> ccbar(3S1)[3PJ(8)] q               409 |           0 |
 | q qbar -> ccbar(3S1)[3PJ(8)] g            410 |           0 |
 | g g -> ccbar(3PJ)[3PJ(1)] g               411 |          90 |
 | q g -> ccbar(3PJ)[3PJ(1)] q               412 |           8 |
 | q qbar -> ccbar(3PJ)[3PJ(1)] g            413 |           1 |
 | g g -> ccbar(3PJ)[3S1(8)] g               414 |           0 |
 | q g -> ccbar(3PJ)[3S1(8)] q               415 |           0 |
 | q qbar -> ccbar(3PJ)[3S1(8)] g            416 |           0 |
 | g g -> ccbar(3DJ)[3DJ(1)] g               417 |           0 |
 | g g -> ccbar(3DJ)[3PJ(8)] g               418 |           0 |
 | q g -> ccbar(3DJ)[3PJ(8)] q               419 |           0 |
 | q qbar -> ccbar(3DJ)[3PJ(8)] g            420 |           0 |
 | g g -> double ccbar(3S1)[3S1(1)]          421 |           0 |
 | q qbar -> double ccbar(3S1)[3S1(1)]       422 |           0 |
 | g g -> ccbar(3S1)[3S1(1)] gamma           441 |           0 |
 | g g -> bbbar(3S1)[3S1(1)] g               501 |           0 |
 | g g -> bbbar(3S1)[3S1(8)] g               502 |           0 |
 | q g -> bbbar(3S1)[3S1(8)] q               503 |           0 |
 | q qbar -> bbbar(3S1)[3S1(8)] g            504 |           0 |
 | g g -> bbbar(3S1)[1S0(8)] g               505 |           1 |
 | q g -> bbbar(3S1)[1S0(8)] q               506 |           0 |
 | q qbar -> bbbar(3S1)[1S0(8)] g            507 |           0 |
 | g g -> bbbar(3S1)[3PJ(8)] g               508 |           0 |
 | q g -> bbbar(3S1)[3PJ(8)] q               509 |           0 |
 | q qbar -> bbbar(3S1)[3PJ(8)] g            510 |           0 |
 | g g -> bbbar(3PJ)[3PJ(1)] g               511 |           0 |
 | q g -> bbbar(3PJ)[3PJ(1)] q               512 |           0 |
 | q qbar -> bbbar(3PJ)[3PJ(1)] g            513 |           0 |
 | g g -> bbbar(3PJ)[3S1(8)] g               514 |           0 |
 | q g -> bbbar(3PJ)[3S1(8)] q               515 |           0 |
 | q qbar -> bbbar(3PJ)[3S1(8)] g            516 |           0 |
 | g g -> double bbbar(3S1)[3S1(1)]          521 |           0 |
 | q qbar -> double bbbar(3S1)[3S1(1)]       522 |           0 |
 | g g -> bbbar(3S1)[3S1(1)] gamma           551 |           0 |
 |                                                             |
 | sum                                           |      183399 |
 |                                               |             |
 *-------  End PYTHIA Multiparton Interactions Statistics -----*

 *-------  PYTHIA Error and Warning Messages Statistics  ----------------------------------------------------------* 
 |                                                                                                                 | 
 |  times   message                                                                                                | 
 |                                                                                                                 | 
 |      1   Abort from Pythia::next: parton+hadronLevel failed; giving up                                          | 
 |     64   Error in BeamRemnants::setKinematics: kinematics construction failed after retrying 10 times           | 
 |     24   Error in BeamRemnants::setKinematics: no momentum left for beam remnants                               | 
 |     10   Error in Pythia::next: partonLevel failed; try again                                                   | 
 |      5   Error in SimpleSpaceShower::pT2nearThreshold: stuck in loop                                            | 
 |     76   Warning in SimpleSpaceShower::branch: used up beam momentum; retrying parton level                     | 
 |     12   Warning in SimpleSpaceShower::pT2nextQCD: weight above unity                                           | 
 |                                                                                                                 | 
 *-------  End PYTHIA Error and Warning Messages Statistics  ------------------------------------------------------* 
