
 *------------------------------------------------------------------------------------* 
 |                                                                                    | 
 |  *------------------------------------------------------------------------------*  | 
 |  |                                                                              |  | 
 |  |                                                                              |  | 
 |  |   PPP   Y   Y  TTTTT  H   H  III    A      Welcome to the Lund Monte Carlo!  |  | 
 |  |   P  P   Y Y     T    H   H   I    A A     This is PYTHIA version 8.315      |  | 
 |  |   PPP     Y      T    HHHHH   I   AAAAA    Last date of change: 27 May 2025  |  | 
 |  |   P       Y      T    H   H   I   A   A                                      |  | 
 |  |   P       Y      T    H   H  III  A   A    Now is 08 Oct 2025 at 02:46:37    |  | 
 |  |                                                                              |  | 
 |  |   Program documentation and an archive of historic versions is found on:     |  | 
 |  |                                                                              |  | 
 |  |                               https://pythia.org/                            |  | 
 |  |                                                                              |  | 
 |  |   PYTHIA is authored by a collaboration consisting of:                       |  | 
 |  |                                                                              |  | 
 |  |   Javira Altmann, Christian Bierlich, Naomi Cooke, Nishita Desai,            |  | 
 |  |   Ilkka Helenius, Philip Ilten, Leif Lonnblad, Stephen Mrenna,               |  | 
 |  |   Christian Preuss, Torbjorn Sjostrand, and Peter Skands.                    |  | 
 |  |                                                                              |  | 
 |  |   The complete list of authors, including contact information and            |  | 
 |  |   affiliations, can be found on https://pythia.org/.                         |  | 
 |  |   Problems or bugs should be reported on email at authors@pythia.org.        |  | 
 |  |                                                                              |  | 
 |  |   The main program reference is C. Bierlich et al,                           |  | 
 |  |   'A comprehensive guide to the physics and usage of Pythia 8.3',            |  | 
 |  |   SciPost Phys. Codebases 8-r8.3 (2022) [arXiv:2203.11601 [hep-ph]]          |  | 
 |  |                                                                              |  | 
 |  |   PYTHIA is released under the GNU General Public Licence version 2          |  | 
 |  |   or later. Please respect the MCnet Guidelines for Generator Authors        |  | 
 |  |   and Users.                                                                 |  | 
 |  |                                                                              |  | 
 |  |   Disclaimer: this program comes without any guarantees.                     |  | 
 |  |   Beware of errors and use common sense when interpreting results.           |  | 
 |  |                                                                              |  | 
 |  |   Copyright (C) 2025 Torbjorn Sjostrand                                      |  | 
 |  |                                                                              |  | 
 |  |                                                                              |  | 
 |  *------------------------------------------------------------------------------*  | 
 |                                                                                    | 
 *------------------------------------------------------------------------------------* 


 *-------  PYTHIA Process Initialization  --------------------------*
 |                                                                  |
 | We collide p+ with p+ at a CM energy of 2.000e+02 GeV            |
 |                                                                  |
 |------------------------------------------------------------------|
 |                                                    |             |
 | Subprocess                                    Code |   Estimated |
 |                                                    |    max (mb) |
 |                                                    |             |
 |------------------------------------------------------------------|
 |                                                    |             |
 | g g -> g g                                     111 |   9.561e-05 |
 | g g -> q qbar (uds)                            112 |   2.548e-06 |
 | q g -> q g                                     113 |   4.164e-04 |
 | q q(bar)' -> q q(bar)'                         114 |   2.104e-04 |
 | q qbar -> g g                                  115 |   1.162e-06 |
 | q qbar -> q' qbar' (uds)                       116 |   9.956e-07 |
 | g g -> c cbar                                  121 |   8.344e-07 |
 | q qbar -> c cbar                               122 |   3.277e-07 |
 | g g -> b bbar                                  123 |   7.392e-07 |
 | q qbar -> b bbar                               124 |   2.919e-07 |
 |                                                                  |
 *-------  End PYTHIA Process Initialization -----------------------*

 *-------  PYTHIA Multiparton Interactions Initialization  ---------* 
 |                                                                  | 
 |                   sigmaNonDiffractive =    28.49 mb              | 
 |                                                                  | 
 |    pT0 =  1.06 gives sigmaInteraction =    84.95 mb: accepted    | 
 |                                                                  | 
 *-------  End PYTHIA Multiparton Interactions Initialization  -----* 

 *-------  PYTHIA Flag + Mode + Parm + Word + FVec + MVec + PVec + WVec Settings (changes only)  ------------------* 
 |                                                                                                                 | 
 | Name                                          |                      Now |      Default         Min         Max | 
 |                                               |                          |                                      | 
 | Beams:eCM                                     |                200.00000 |    14000.000         0.0             | 
 | HardQCD:all                                   |                       on |          off                         | 
 | Main:numberOfEvents                           |                   100000 |         1000           0             | 
 | Main:rivetAnalyses                            |      BRAHMS_2007_I742956 |                                      | 
 |                                               |        STAR_2003_I631869 |                                      | 
 |                                               |        STAR_2012_I930463 |                                      | 
 |                                               |       STAR_2019_I1771348 |                                      | 
 |                                               |       STAR_2020_I1783875 |                                      | 
 |                                               |       STAR_2021_I1853218 |                                      | 
 |                                               |    STAR_2006_I709170TEST |                                      | 
 | Main:rivetDumpFile                            |                        # |                                      | 
 | Main:rivetRunName                             |                        # |                                      | 
 | Main:runRivet                                 |                       on |          off                         | 
 | Main:writeLog                                 |                       on |          off                         | 
 | PhaseSpace:pTHatMax                           |                 30.00000 |     -1.00000                         | 
 | PhaseSpace:pTHatMin                           |                 20.00000 |          0.0         0.0             | 
 | Stat:showPartonLevel                          |                       on |          off                         | 
 | StringZ:useOldAExtra                          |                       on |          off                         | 
 |                                                                                                                 | 
 *-------  End PYTHIA Flag + Mode + Parm + Word + FVec + MVec + PVec + WVec Settings  -----------------------------* 

 --------  PYTHIA Particle Data Table (changed only)  ------------------------------------------------------------------------------
 
      id   name            antiName         spn chg col      m0        mWidth      mMin       mMax       tau0    res dec ext vis wid
             no onMode   bRatio   meMode     products 

 no particle data has been changed from its default value 

 --------  End PYTHIA Particle Data Table  -----------------------------------------------------------------------------------------


 --------  PYTHIA Info Listing  ---------------------------------------- 
 
 Beam A: id =   2212, pz =  1.000e+02, e =  1.000e+02, m =  9.383e-01.
 Beam B: id =   2212, pz = -1.000e+02, e =  1.000e+02, m =  9.383e-01.

 In 1: id =   21, x =  1.420e-01, pdf =  6.595e-01 at Q2 =  4.580e+02.
 In 2: id =    1, x =  3.392e-01, pdf =  1.323e-01 at same Q2.

 Subprocess q g -> q g with code 113 is 2 -> 2.
 It has sHat =  1.926e+03,    tHat = -7.499e+02,    uHat = -1.177e+03,
       pTHat =  2.140e+01,   m3Hat =  0.000e+00,   m4Hat =  3.300e-01,
    thetaHat =  1.347e+00,  phiHat =  4.293e+00.
     alphaEM =  7.691e-03,  alphaS =  1.688e-01    at Q2 =  4.580e+02.

 Impact parameter b =  2.125e-01 gives enhancement factor =  3.035e+00.
 Max pT scale for MPI =  2.140e+01, ISR =  2.140e+01, FSR =  2.140e+01.
 Number of MPI =     5, ISR =     3, FSRproc =    10, FSRreson =     0.

 --------  End PYTHIA Info Listing  ------------------------------------

 --------  PYTHIA Event Listing  (hard process)  -----------------------------------------------------------------------------------
 
    no         id  name            status     mothers   daughters     colours      p_x        p_y        p_z         e          m 
     0         90  (system)           -11     0     0     0     0     0     0      0.000      0.000      0.000    200.000    200.000
     1       2212  (p+)               -12     0     0     3     0     0     0      0.000      0.000     99.996    100.000      0.938
     2       2212  (p+)               -12     0     0     4     0     0     0      0.000      0.000    -99.996    100.000      0.938
     3         21  (g)                -21     1     0     5     6   102   101      0.000      0.000     14.200     14.200      0.000
     4          1  (d)                -21     2     0     5     6   101     0      0.000      0.000    -33.915     33.915      0.000
     5         21  g                   23     3     4     0     0   102   103     -8.705    -19.548     -4.530     21.873      0.000
     6          1  d                   23     3     4     0     0   103     0      8.705     19.548    -15.186     26.242      0.330
                                   Charge sum: -0.333           Momentum sum:      0.000      0.000    -19.715     48.115     43.891

 --------  End PYTHIA Event Listing  -----------------------------------------------------------------------------------------------

 --------  PYTHIA Event Listing  (complete event)  ---------------------------------------------------------------------------------
 
    no         id  name            status     mothers   daughters     colours      p_x        p_y        p_z         e          m 
     0         90  (system)           -11     0     0     0     0     0     0      0.000      0.000      0.000    200.000    200.000
     1       2212  (p+)               -12     0     0    71     0     0     0      0.000      0.000     99.996    100.000      0.938
     2       2212  (p+)               -12     0     0    72     0     0     0      0.000      0.000    -99.996    100.000      0.938
     3         21  (g)                -21     7     0     5     6   102   101      0.000      0.000     14.200     14.200      0.000
     4          1  (d)                -21     8     8     5     6   101     0      0.000      0.000    -33.915     33.915      0.000
     5         21  (g)                -23     3     4     9     9   102   103     -8.705    -19.548     -4.530     21.873      0.000
     6          1  (d)                -23     3     4    10    10   103     0      8.705     19.548    -15.186     26.242      0.330
     7         21  (g)                -41    71    71    11     3   104   101      0.000     -0.000     17.855     17.855      0.000
     8          1  (d)                -42    72    72     4     4   101     0      0.000      0.000    -33.915     33.915      0.000
     9         21  (g)                -44     5     5    18    18   102   103     -8.014    -21.731     -2.201     23.266      0.000
    10          1  (d)                -44     6     6    21    21   103     0      9.146     18.157     -8.679     22.108      0.330
    11         21  (g)                -43     7     0    16    17   104   102     -1.132      3.575     -5.181      6.396      0.000
    12         21  (g)                -31    22    22    14    15   108   109      0.000      0.000      3.629      3.629      0.000
    13          3  (s)                -31    23     0    14    15   107     0      0.000      0.000     -4.816      4.816      0.000
    14         21  (g)                -33    12    13    24    24   107   109      2.233      1.704      2.516      3.771      0.000
    15          3  (s)                -33    12    13    25    25   108     0     -2.233     -1.704     -3.703      4.674      0.500
    16         21  (g)                -51    11     0    75    75   104   110     -1.187     -0.416     -4.145      4.332      0.000
    17         21  (g)                -51    11     0    29    29   110   102     -0.330      2.949     -1.142      3.179      0.000
    18         21  (g)                -52     9     9    19    20   102   103     -7.630    -20.690     -2.095     22.151      0.000
    19         21  (g)                -51    18     0    27    28   102   111     -6.395    -17.566     -3.771     19.070      0.000
    20         21  (g)                -51    18     0    47    47   111   103     -1.095     -2.847      1.543      3.418      0.000
    21          1  (d)                -52    10    10    45    46   103     0      9.006     17.880     -8.546     21.770      0.330
    22         21  (g)                -42    41    41    12    12   108   109      0.000     -0.000      3.629      3.629      0.000
    23          3  (s)                -41    56    56    26    13   112     0     -0.000      0.000     -7.479      7.479      0.000
    24         21  (g)                -44    14    14    36    37   107   109      2.447      1.690      2.343      3.786      0.000
    25          3  (s)                -44    15    15    58    58   108     0     -0.800     -1.795     -4.605      5.032      0.500
    26         21  (g)                -43    23     0    38    38   112   107     -1.647      0.106     -1.588      2.290      0.000
    27         21  (g)                -51    19     0    52    53   113   111     -2.905    -10.946     -1.133     11.382      0.000
    28         21  (g)                -51    19     0    32    32   102   113     -3.506     -6.477     -2.693      7.842      0.000
    29         21  (g)                -52    17    17    30    31   110   102     -0.314      2.807     -1.087      3.026      0.000
    30         21  (g)                -51    29     0    35    35   110   114     -1.081      2.680     -0.861      3.016      0.000
    31         21  (g)                -51    29     0    33    34   114   102      0.382     -0.585     -0.521      0.872      0.000
    32         21  (g)                -52    28    28    44    44   102   113     -3.121     -5.766     -2.397      6.981      0.000
    33         21  (g)                -51    31     0    42    43   115   102      0.535     -0.077     -1.081      1.209      0.000
    34         21  (g)                -51    31     0    80    80   114   115     -0.547      0.470      0.246      0.762      0.000
    35         21  (g)                -52    30    30    76    76   110   114     -0.687      1.703     -0.547      1.916      0.000
    36         21  (g)                -51    24     0    39    40   116   109      2.238      1.477      2.499      3.666      0.000
    37         21  (g)                -51    24     0    60    60   107   116     -0.022      0.227     -0.379      0.442      0.000
    38         21  (g)                -52    26    26    59    59   112   107     -1.415      0.091     -1.365      1.968      0.000
    39         21  (g)                -51    36     0    57    57   116   117      1.113      0.728      0.652      1.481      0.000
    40         21  (g)                -51    36     0    61    61   117   109      1.125      0.749      2.541      2.878      0.000
    41         21  (g)                -53    55     0    22    22   108   109      0.000     -0.000      4.323      4.323      0.000
    42          1  (d)                -51    33     0    79    79   115     0      0.270     -0.019     -1.153      1.230      0.330
    43         -1  (dbar)             -51    33     0    81    81     0   102     -0.299     -1.102     -0.362      1.242      0.330
    44         21  (g)                -52    32    32    78    78   102   113     -2.556     -4.723     -1.964      5.718      0.000
    45          1  (d)                -51    21     0    74    74   118     0      8.048     14.757     -6.952     18.193      0.330
    46         21  (g)                -51    21     0    82    82   103   118      0.949      3.098     -1.582      3.606      0.000
    47         21  (g)                -52    20    20    54    54   111   103     -1.086     -2.823      1.531      3.390      0.000
    48          2  (u)                -31    92    92    50    51   119     0      0.000      0.000     28.633     28.633      0.000
    49          1  (d)                -31    93    93    50    51   120     0      0.000      0.000     -1.471      1.471      0.000
    50          2  (u)                -33    48    49    94    94   120     0      0.511      0.256     28.555     28.562      0.330
    51          1  (d)                -33    48    49    95    95   119     0     -0.511     -0.256     -1.393      1.542      0.330
    52         21  (g)                -51    27     0    73    73   113   121     -1.733     -4.975     -0.030      5.269      0.000
    53         21  (g)                -51    27     0    83    83   121   111     -1.283     -6.258     -0.947      6.458      0.000
    54         21  (g)                -52    47    47    77    77   111   103     -0.976     -2.536      1.375      3.045      0.000
    55         21  (g)                -41    84    84    62    41   108   122      0.000     -0.000      4.692      4.692      0.000
    56          3  (s)                -42    85    85    23    23   112     0     -0.000      0.000     -7.479      7.479      0.000
    57         21  (g)                -44    39    39    86    86   116   117      1.158      0.643      0.683      1.490      0.000
    58          3  (s)                -44    25    25    87    87   108     0     -0.792     -1.812     -4.565      5.000      0.500
    59         21  (g)                -44    38    38    88    88   112   107     -1.403      0.067     -1.296      1.911      0.000
    60         21  (g)                -44    37    37    89    89   107   116     -0.021      0.225     -0.361      0.426      0.000
    61         21  (g)                -44    40    40    90    90   117   109      1.238      0.534      2.596      2.925      0.000
    62         21  (g)                -43    55     0    91    91   109   122     -0.180      0.343      0.156      0.418      0.000
    63         21  (g)                -31    96    96    65    66   123   124      0.000      0.000      1.034      1.034      0.000
    64         -2  (ubar)             -31    97    97    65    66     0   123      0.000      0.000     -4.973      4.973      0.000
    65         21  (g)                -33    63    64    98    98   125   124      0.263     -0.231      0.993      1.052      0.000
    66         -2  (ubar)             -33    63    64    99    99     0   125     -0.263      0.231     -4.931      4.954      0.330
    67         21  (g)                -31   100   100    69    70   127   126      0.000      0.000      1.931      1.931      0.000
    68         21  (g)                -31   101   101    69    70   129   128      0.000      0.000     -0.270      0.270      0.000
    69         21  (g)                -33    67    68   102   102   129   126     -0.123      0.244     -0.188      0.332      0.000
    70         21  (g)                -33    67    68   103   103   127   128      0.123     -0.244      1.849      1.869      0.000
    71         21  (g)                -61     1     0     7     7   104   101     -0.999      1.030     17.809     17.867      0.000
    72          1  (d)                -61     2     0     8     8   101     0      1.885      0.509    -33.880     33.937      0.000
    73         21  (g)                -62    52    52   164   164   113   121     -1.733     -4.787     -0.025      5.092      0.000
    74          1  (d)                -62    45    45   160   160   118     0      8.431     15.280     -6.819     18.740      0.330
    75         21  (g)                -62    16    16   125   125   104   110     -0.955     -0.348     -4.198      4.319      0.000
    76         21  (g)                -62    35    35   124   124   110   114     -0.654      1.761     -0.622      1.979      0.000
    77         21  (g)                -62    54    54   162   162   111   103     -1.053     -2.397      1.370      2.955      0.000
    78         21  (g)                -62    44    44   165   165   102   113     -2.447     -4.560     -2.006      5.550      0.000
    79          1  (d)                -62    42    42   122   122   115     0      0.334      0.001     -1.137      1.230      0.330
    80         21  (g)                -62    34    34   123   123   114   115     -0.560      0.503      0.204      0.780      0.000
    81         -1  (dbar)             -62    43    43   166   166     0   102     -0.280     -1.065     -0.355      1.203      0.330
    82         21  (g)                -62    46    46   161   161   103   118      1.037      3.197     -1.595      3.721      0.000
    83         21  (g)                -62    53    53   163   163   121   111     -1.234     -6.047     -0.888      6.235      0.000
    84         21  (g)                -61     1     0    55    55   127   104      0.181     -0.904      4.559      4.651      0.000
    85          3  (s)                -61     2     0    56    56   112     0      1.233      1.506     -7.369      7.621      0.000
    86         21  (g)                -62    57    57   128   128   116   117      1.265      0.497      0.857      1.607      0.000
    87          3  (s)                -62    58    58   147   147   108     0      0.016     -0.852     -4.907      5.005      0.500
    88         21  (g)                -62    59    59   131   131   112   107     -1.132      0.336     -1.355      1.797      0.000
    89         21  (g)                -62    60    60   130   130   107   129      0.043      0.294     -0.313      0.432      0.000
    90         21  (g)                -62    61    61   109     0   117   125      1.372      0.019      2.702      3.031      0.000
    91         21  (g)                -62    62    62   126   126   109   104     -0.151      0.309      0.206      0.401      0.000
    92          2  (u)                -61     1     0    48    48   119     0      0.504      0.203     28.099     28.105      0.000
    93          1  (d)                -61     2     0    49    49   120     0     -0.358     -2.284     -0.590      2.385      0.000
    94          2  (u)                -62    50    50   180   180   120     0      1.008      0.450     27.761     27.785      0.330
    95          1  (d)                -62    51    51   115   115   119     0     -0.862     -2.530     -0.251      2.705      0.330
    96         21  (g)                -61     1     0    63    63   101   119      0.220      0.089      0.980      1.009      0.000
    97         -2  (ubar)             -61     2     0    64    64     0   101     -0.935     -0.528     -4.986      5.100      0.000
    98         21  (g)                -62    65    65   109     0   125   109      0.471     -0.147      0.909      1.034      0.000
    99         -2  (ubar)             -62    66    66   116   116     0   119     -1.187     -0.291     -4.914      5.075      0.330
   100         21  (g)                -61     1     0    67    67   128   128     -0.566     -0.361      1.545      1.685      0.000
   101         21  (g)                -61     2     0    68    68   126   126      0.392      0.337      0.128      0.532      0.000
   102         21  (g)                -62    69    69   129   129   129   116      0.216      0.543      0.246      0.634      0.000
   103         21  (g)                -62    70    70   148   148   127   108     -0.389     -0.567      1.427      1.584      0.000
   104       2101  (ud_0)             -63     1     0   149   149     0   127      0.659     -0.057     44.930     44.939      0.579
   105       2203  (uu_1)             -63     2     0   181   181     0   120     -0.909      0.176    -43.958     43.974      0.771
   106         -3  (sbar)             -63     2     0   111   111     0   132     -0.819     -0.023     -4.423      4.526      0.500
   107         -1  (dbar)             -63     2     0   132   132     0   112     -0.325     -0.478     -2.711      2.791      0.330
   108          2  (u)                -63     2     0   110   110   132     0     -0.163      0.785     -0.135      0.878      0.330
   109         21  (g)                -73    90    98   127   127   117   109      1.843     -0.129      3.611      4.065      0.264
   110          2  (u)                -71   108   108   112   114   132     0     -0.163      0.785     -0.135      0.878      0.330
   111         -3  (sbar)             -71   106   106   112   114     0   132     -0.819     -0.023     -4.423      4.526      0.500
   112        211  pi+                 83   110   111     0     0     0     0     -0.069     -0.089     -0.196      0.266      0.140
   113       -213  (rho-)             -83   110   111   194   195     0     0     -0.308      0.600     -0.451      1.141      0.802
   114        321  K+                  84   110   111     0     0     0     0     -0.606      0.250     -3.912      3.997      0.494
   115          1  (d)                -71    95    95   117   121   119     0     -0.862     -2.530     -0.251      2.705      0.330
   116         -2  (ubar)             -71    99    99   117   121     0   119     -1.187     -0.291     -4.914      5.075      0.330
   117       -211  pi-                 83   115   116     0     0     0     0     -0.178     -1.796     -0.384      1.850      0.140
   118        111  (pi0)              -83   115   116   232   233     0     0     -0.824     -0.152     -0.631      1.057      0.135
   119        111  (pi0)              -83   115   116   234   235     0     0     -0.097     -0.004     -2.059      2.066      0.135
   120        211  pi+                 84   115   116     0     0     0     0     -0.453     -0.269     -0.148      0.565      0.140
   121       -213  (rho-)             -84   115   116   196   197     0     0     -0.497     -0.601     -1.945      2.242      0.797
   122          1  (d)                -71    79    79   133   146   115     0      0.334      0.001     -1.137      1.230      0.330
   123         21  (g)                -71    80    80   133   146   114   115     -0.560      0.503      0.204      0.780      0.000
   124         21  (g)                -71    76    76   133   146   110   114     -0.654      1.761     -0.622      1.979      0.000
   125         21  (g)                -71    75    75   133   146   104   110     -0.955     -0.348     -4.198      4.319      0.000
   126         21  (g)                -71    91    91   133   146   109   104     -0.151      0.309      0.206      0.401      0.000
   127         21  (g)                -71   109   109   133   146   117   109      1.843     -0.129      3.611      4.065      0.264
   128         21  (g)                -71    86    86   133   146   116   117      1.265      0.497      0.857      1.607      0.000
   129         21  (g)                -71   102   102   133   146   129   116      0.216      0.543      0.246      0.634      0.000
   130         21  (g)                -71    89    89   133   146   107   129      0.043      0.294     -0.313      0.432      0.000
   131         21  (g)                -71    88    88   133   146   112   107     -1.132      0.336     -1.355      1.797      0.000
   132         -1  (dbar)             -71   107   107   133   146     0   112     -0.325     -0.478     -2.711      2.791      0.330
   133        111  (pi0)              -83   122   132   236   237     0     0      0.073      0.566     -0.021      0.587      0.135
   134        311  (K0)               -83   122   132   198   198     0     0     -0.877      0.393     -1.071      1.523      0.498
   135       -313  (K*bar0)           -83   122   132   199   200     0     0      0.598      0.279     -1.264      1.699      0.925
   136        311  (K0)               -83   122   132   201   201     0     0     -0.823     -0.071     -0.866      1.296      0.498
   137       -321  K-                  83   122   132     0     0     0     0     -0.486      0.834     -0.292      1.123      0.494
   138        211  pi+                 83   122   132     0     0     0     0     -0.294      0.422     -2.133      2.198      0.140
   139        113  (rho0)             -83   122   132   202   203     0     0      0.858     -0.484      2.022      2.365      0.731
   140       -211  pi-                 83   122   132     0     0     0     0      0.509      1.360      0.616      1.584      0.140
   141        213  (rho+)             -83   122   132   204   205     0     0      1.093     -0.610      1.545      2.120      0.737
   142       -211  pi-                 84   122   132     0     0     0     0     -0.118      0.357      0.301      0.501      0.140
   143        211  pi+                 84   122   132     0     0     0     0      0.287      0.232     -0.623      0.737      0.140
   144        111  (pi0)              -84   122   132   238   239     0     0     -0.335     -0.609     -1.013      1.235      0.135
   145        313  (K*0)              -84   122   132   206   207     0     0     -0.622      0.455     -0.985      1.545      0.906
   146       -311  (Kbar0)            -84   122   132   208   208     0     0      0.062      0.165     -1.427      1.522      0.498
   147          3  (s)                -71    87    87   150   159   108     0      0.016     -0.852     -4.907      5.005      0.500
   148         21  (g)                -71   103   103   150   159   127   108     -0.389     -0.567      1.427      1.584      0.000
   149       2101  (ud_0)             -71   104   104   150   159     0   127      0.659     -0.057     44.930     44.939      0.579
   150       -313  (K*bar0)           -83   147   149   209   210     0     0      0.309     -0.268     -1.919      2.161      0.906
   151       -211  pi-                 83   147   149     0     0     0     0      0.026      0.472     -0.825      0.960      0.140
   152        111  (pi0)              -83   147   149   240   241     0     0     -0.510     -0.870     -0.762      1.271      0.135
   153        213  (rho+)             -84   147   149   211   212     0     0      0.117     -0.717     -0.090      1.138      0.872
   154       -213  (rho-)             -84   147   149   213   214     0     0     -0.037      0.481      0.682      1.389      1.110
   155        213  (rho+)             -84   147   149   215   216     0     0      0.464      0.177      2.642      2.784      0.722
   156       -211  pi-                 84   147   149     0     0     0     0     -0.399     -0.033      3.852      3.875      0.140
   157        211  pi+                 84   147   149     0     0     0     0      0.584     -0.459     16.978     16.995      0.140
   158       -211  pi-                 84   147   149     0     0     0     0     -0.327      0.004      1.642      1.680      0.140
   159       2212  p+                  84   147   149     0     0     0     0      0.059     -0.263     19.249     19.274      0.938
   160          1  (d)                -71    74    74   167   179   118     0      8.431     15.280     -6.819     18.740      0.330
   161         21  (g)                -71    82    82   167   179   103   118      1.037      3.197     -1.595      3.721      0.000
   162         21  (g)                -71    77    77   167   179   111   103     -1.053     -2.397      1.370      2.955      0.000
   163         21  (g)                -71    83    83   167   179   121   111     -1.234     -6.047     -0.888      6.235      0.000
   164         21  (g)                -71    73    73   167   179   113   121     -1.733     -4.787     -0.025      5.092      0.000
   165         21  (g)                -71    78    78   167   179   102   113     -2.447     -4.560     -2.006      5.550      0.000
   166         -1  (dbar)             -71    81    81   167   179     0   102     -0.280     -1.065     -0.355      1.203      0.330
   167       -211  pi-                 83   160   166     0     0     0     0      0.225      0.948     -0.305      1.030      0.140
   168        113  (rho0)             -83   160   166   217   218     0     0      5.361     10.260     -5.010     12.638      0.789
   169        211  pi+                 83   160   166     0     0     0     0      2.243      3.312     -1.347      4.223      0.140
   170       -213  (rho-)             -83   160   166   219   220     0     0      1.041      2.171     -1.198      2.833      0.891
   171        111  (pi0)              -83   160   166   242   243     0     0      0.361      0.707     -0.011      0.806      0.135
   172        111  (pi0)              -83   160   166   244   245     0     0      0.221      0.611     -0.682      0.951      0.135
   173        111  (pi0)              -84   160   166   246   247     0     0     -0.164     -1.195      0.857      1.486      0.135
   174        213  (rho+)             -84   160   166   221   222     0     0     -0.298     -2.199      0.627      2.474      0.897
   175       -211  pi-                 84   160   166     0     0     0     0     -1.819     -3.129     -0.820      3.713      0.140
   176        211  pi+                 84   160   166     0     0     0     0     -0.299     -1.055     -0.087      1.109      0.140
   177        223  (omega)            -84   160   166   248   250     0     0     -0.578     -1.512     -0.277      1.819      0.783
   178       -213  (rho-)             -84   160   166   223   224     0     0     -2.364     -6.422     -0.424      6.886      0.638
   179        211  pi+                 84   160   166     0     0     0     0     -1.208     -2.876     -1.643      3.528      0.140
   180          2  (u)                -71    94    94   182   193   120     0      1.008      0.450     27.761     27.785      0.330
   181       2203  (uu_1)             -71   105   105   182   193     0   120     -0.909      0.176    -43.958     43.974      0.771
   182        221  (eta)              -83   180   181   251   253     0     0      0.350     -0.065      7.918      7.945      0.548
   183        211  pi+                 83   180   181     0     0     0     0      0.365     -0.241      4.316      4.340      0.140
   184        221  (eta)              -83   180   181   254   255     0     0     -0.385      0.557      5.947      6.010      0.548
   185       -211  pi-                 83   180   181     0     0     0     0      0.617      0.228      2.946      3.022      0.140
   186        211  pi+                 83   180   181     0     0     0     0      0.178      0.019      1.565      1.581      0.140
   187        111  (pi0)              -83   180   181   256   257     0     0     -0.483     -0.111      1.988      2.054      0.135
   188       -211  pi-                 83   180   181     0     0     0     0      0.483      0.265      2.399      2.465      0.140
   189        211  pi+                 84   180   181     0     0     0     0     -0.098     -0.727     -0.088      0.752      0.140
   190       -213  (rho-)             -84   180   181   225   226     0     0      0.040      0.709     -2.360      2.565      0.712
   191        221  (eta)              -84   180   181   258   260     0     0     -0.132      0.093     -1.316      1.434      0.548
   192       2224  (Delta++)          -84   180   181   227   228     0     0     -0.385     -0.057    -13.995     14.057      1.252
   193        113  (rho0)             -84   180   181   229   230     0     0     -0.451     -0.047    -25.517     25.534      0.788
   194       -211  pi-                 91   113     0     0     0     0     0     -0.289     -0.077     -0.029      0.331      0.140
   195        111  (pi0)              -91   113     0   261   262     0     0     -0.019      0.677     -0.422      0.809      0.135
   196       -211  pi-                 91   121     0     0     0     0     0      0.156     -0.034     -0.209      0.297      0.140
   197        111  (pi0)              -91   121     0   263   264     0     0     -0.653     -0.567     -1.736      1.944      0.135
   198        310  (K_S0)             -91   134   134   265   266     0     0     -0.877      0.393     -1.071      1.523      0.498
   199       -311  (Kbar0)            -91   135     0   231   231     0     0      0.549      0.371     -0.624      1.037      0.498
   200        111  (pi0)              -91   135     0   267   268     0     0      0.049     -0.092     -0.640      0.663      0.135
   201        130  K_L0                91   136   136     0     0     0     0     -0.823     -0.071     -0.866      1.296      0.498
   202        211  pi+                 91   139     0     0     0     0     0     -0.042     -0.223      0.313      0.411      0.140
   203       -211  pi-                 91   139     0     0     0     0     0      0.900     -0.261      1.709      1.954      0.140
   204        211  pi+                 91   141     0     0     0     0     0      0.471     -0.025      0.954      1.073      0.140
   205        111  (pi0)              -91   141     0   269   270     0     0      0.622     -0.585      0.591      1.047      0.135
   206        321  K+                  91   145     0     0     0     0     0     -0.057      0.324     -0.498      0.775      0.494
   207       -211  pi-                 91   145     0     0     0     0     0     -0.565      0.131     -0.487      0.770      0.140
   208        310  (K_S0)             -91   146   146   271   272     0     0      0.062      0.165     -1.427      1.522      0.498
   209       -321  K-                  91   150     0     0     0     0     0      0.117     -0.108     -1.758      1.833      0.494
   210        211  pi+                 91   150     0     0     0     0     0      0.192     -0.160     -0.161      0.328      0.140
   211        211  pi+                 91   153     0     0     0     0     0      0.387     -0.080      0.042      0.421      0.140
   212        111  (pi0)              -91   153     0   273   274     0     0     -0.271     -0.636     -0.132      0.717      0.135
   213       -211  pi-                 91   154     0     0     0     0     0      0.071     -0.303      0.428      0.547      0.140
   214        111  (pi0)              -91   154     0   275   276     0     0     -0.108      0.784      0.254      0.842      0.135
   215        211  pi+                 91   155     0     0     0     0     0     -0.147      0.127      0.914      0.945      0.140
   216        111  (pi0)              -91   155     0   277   278     0     0      0.611      0.050      1.729      1.839      0.135
   217        211  pi+                 91   168     0     0     0     0     0      0.184      0.581     -0.249      0.673      0.140
   218       -211  pi-                 91   168     0     0     0     0     0      5.178      9.679     -4.761     11.966      0.140
   219       -211  pi-                 91   170     0     0     0     0     0      0.934      1.734     -0.583      2.059      0.140
   220        111  (pi0)              -91   170     0   279   280     0     0      0.107      0.436     -0.616      0.774      0.135
   221        211  pi+                 91   174     0     0     0     0     0     -0.310     -1.222     -0.064      1.270      0.140
   222        111  (pi0)              -91   174     0   281   282     0     0      0.012     -0.976      0.691      1.204      0.135
   223       -211  pi-                 91   178     0     0     0     0     0     -0.699     -2.264     -0.387      2.405      0.140
   224        111  (pi0)              -91   178     0   283   284     0     0     -1.665     -4.158     -0.037      4.481      0.135
   225       -211  pi-                 91   190     0     0     0     0     0      0.150      0.661     -2.250      2.354      0.140
   226        111  (pi0)              -91   190     0   285   286     0     0     -0.109      0.048     -0.110      0.211      0.135
   227       2212  p+                  91   192     0     0     0     0     0     -0.536      0.003    -10.756     10.810      0.938
   228        211  pi+                 91   192     0     0     0     0     0      0.151     -0.060     -3.239      3.246      0.140
   229        211  pi+                 91   193     0     0     0     0     0     -0.147     -0.354    -16.206     16.211      0.140
   230       -211  pi-                 91   193     0     0     0     0     0     -0.304      0.307     -9.312      9.323      0.140
   231        130  K_L0                91   199   199     0     0     0     0      0.549      0.371     -0.624      1.037      0.498
   232         22  gamma               91   118     0     0     0     0     0     -0.368     -0.045     -0.200      0.421      0.000
   233         22  gamma               91   118     0     0     0     0     0     -0.456     -0.106     -0.430      0.636      0.000
   234         22  gamma               91   119     0     0     0     0     0     -0.092     -0.007     -0.628      0.635      0.000
   235         22  gamma               91   119     0     0     0     0     0     -0.005      0.003     -1.431      1.431      0.000
   236         22  gamma               91   133     0     0     0     0     0     -0.023      0.016     -0.004      0.028      0.000
   237         22  gamma               91   133     0     0     0     0     0      0.096      0.550     -0.018      0.559      0.000
   238         22  gamma               91   144     0     0     0     0     0     -0.268     -0.354     -0.613      0.757      0.000
   239         22  gamma               91   144     0     0     0     0     0     -0.067     -0.254     -0.400      0.478      0.000
   240         22  gamma               91   152     0     0     0     0     0     -0.080     -0.252     -0.211      0.339      0.000
   241         22  gamma               91   152     0     0     0     0     0     -0.430     -0.617     -0.551      0.932      0.000
   242         22  gamma               91   171     0     0     0     0     0      0.320      0.549      0.033      0.636      0.000
   243         22  gamma               91   171     0     0     0     0     0      0.041      0.159     -0.044      0.170      0.000
   244         22  gamma               91   172     0     0     0     0     0      0.231      0.546     -0.574      0.825      0.000
   245         22  gamma               91   172     0     0     0     0     0     -0.010      0.064     -0.107      0.126      0.000
   246         22  gamma               91   173     0     0     0     0     0     -0.162     -0.736      0.500      0.905      0.000
   247         22  gamma               91   173     0     0     0     0     0     -0.003     -0.459      0.357      0.581      0.000
   248        211  pi+                 91   177     0     0     0     0     0     -0.198     -0.736     -0.335      0.845      0.140
   249       -211  pi-                 91   177     0     0     0     0     0     -0.275     -0.683      0.142      0.763      0.140
   250        111  (pi0)              -91   177     0   287   288     0     0     -0.106     -0.092     -0.083      0.212      0.135
   251        111  (pi0)              -91   182     0   289   290     0     0      0.012     -0.018      1.573      1.579      0.135
   252        111  (pi0)              -91   182     0   291   292     0     0      0.279     -0.140      4.400      4.413      0.135
   253        111  (pi0)              -91   182     0   293   294     0     0      0.060      0.094      1.945      1.953      0.135
   254         22  gamma               91   184     0     0     0     0     0     -0.518      0.515      4.874      4.928      0.000
   255         22  gamma               91   184     0     0     0     0     0      0.133      0.042      1.073      1.082      0.000
   256         22  gamma               91   187     0     0     0     0     0     -0.022     -0.042      0.185      0.191      0.000
   257         22  gamma               91   187     0     0     0     0     0     -0.461     -0.068      1.803      1.862      0.000
   258        211  pi+                 91   191     0     0     0     0     0     -0.046      0.157     -0.333      0.396      0.140
   259       -211  pi-                 91   191     0     0     0     0     0     -0.040     -0.010     -0.716      0.730      0.140
   260        111  (pi0)              -91   191     0   295   297     0     0     -0.045     -0.054     -0.267      0.308      0.135
   261         22  gamma               91   195     0     0     0     0     0     -0.018      0.495     -0.234      0.548      0.000
   262         22  gamma               91   195     0     0     0     0     0     -0.000      0.182     -0.187      0.261      0.000
   263         22  gamma               91   197     0     0     0     0     0     -0.341     -0.212     -0.843      0.934      0.000
   264         22  gamma               91   197     0     0     0     0     0     -0.312     -0.356     -0.893      1.010      0.000
   265        211  pi+                 91   198     0     0     0     0     0     -0.050      0.033     -0.068      0.166      0.140
   266       -211  pi-                 91   198     0     0     0     0     0     -0.827      0.360     -1.003      1.356      0.140
   267         22  gamma               91   200     0     0     0     0     0      0.007      0.032     -0.067      0.075      0.000
   268         22  gamma               91   200     0     0     0     0     0      0.042     -0.124     -0.573      0.588      0.000
   269         22  gamma               91   205     0     0     0     0     0      0.080     -0.116      0.149      0.205      0.000
   270         22  gamma               91   205     0     0     0     0     0      0.542     -0.469      0.442      0.842      0.000
   271        211  pi+                 91   208     0     0     0     0     0     -0.110      0.034     -0.208      0.276      0.140
   272       -211  pi-                 91   208     0     0     0     0     0      0.172      0.131     -1.219      1.246      0.140
   273         22  gamma               91   212     0     0     0     0     0     -0.201     -0.350     -0.123      0.422      0.000
   274         22  gamma               91   212     0     0     0     0     0     -0.069     -0.286     -0.009      0.294      0.000
   275         22  gamma               91   214     0     0     0     0     0     -0.011      0.543      0.168      0.569      0.000
   276         22  gamma               91   214     0     0     0     0     0     -0.097      0.241      0.087      0.273      0.000
   277         22  gamma               91   216     0     0     0     0     0      0.569      0.043      1.681      1.775      0.000
   278         22  gamma               91   216     0     0     0     0     0      0.042      0.007      0.048      0.064      0.000
   279         22  gamma               91   220     0     0     0     0     0      0.016      0.182     -0.351      0.395      0.000
   280         22  gamma               91   220     0     0     0     0     0      0.092      0.255     -0.265      0.379      0.000
   281         22  gamma               91   222     0     0     0     0     0      0.009     -0.895      0.674      1.120      0.000
   282         22  gamma               91   222     0     0     0     0     0      0.003     -0.082      0.017      0.084      0.000
   283         22  gamma               91   224     0     0     0     0     0     -1.581     -3.991     -0.057      4.293      0.000
   284         22  gamma               91   224     0     0     0     0     0     -0.084     -0.166      0.020      0.188      0.000
   285         22  gamma               91   226     0     0     0     0     0      0.011      0.042     -0.074      0.086      0.000
   286         22  gamma               91   226     0     0     0     0     0     -0.120      0.006     -0.036      0.126      0.000
   287         22  gamma               91   250     0     0     0     0     0      0.024     -0.048     -0.005      0.054      0.000
   288         22  gamma               91   250     0     0     0     0     0     -0.130     -0.045     -0.079      0.158      0.000
   289         22  gamma               91   251     0     0     0     0     0     -0.053     -0.042      0.859      0.861      0.000
   290         22  gamma               91   251     0     0     0     0     0      0.065      0.024      0.715      0.718      0.000
   291         22  gamma               91   252     0     0     0     0     0      0.103     -0.015      2.229      2.232      0.000
   292         22  gamma               91   252     0     0     0     0     0      0.175     -0.125      2.171      2.181      0.000
   293         22  gamma               91   253     0     0     0     0     0      0.068     -0.004      1.108      1.110      0.000
   294         22  gamma               91   253     0     0     0     0     0     -0.008      0.098      0.838      0.843      0.000
   295         22  gamma               91   260     0     0     0     0     0     -0.000     -0.047     -0.013      0.049      0.000
   296         11  e-                  91   260     0     0     0     0     0     -0.003      0.004     -0.023      0.023      0.001
   297        -11  e+                  91   260     0     0     0     0     0     -0.042     -0.011     -0.232      0.236      0.001
                                   Charge sum:  2.000           Momentum sum:     -0.000     -0.000     -0.000    200.000    200.000

 --------  End PYTHIA Event Listing  -----------------------------------------------------------------------------------------------
[0;33mRivet.AnalysisLoader: WARN [0m Ignoring duplicate plugin analysis called 'STAR_2006_I709170'
[0;33mRivet.AnalysisHandler: WARN [0m Analysis 'STAR_2006_I709170TEST' not found.
[0;33mRivet.AnalysisHandler: WARN [0m Analysis 'BRAHMS_2007_I742956' is unvalidated: be careful, it may be broken!
[0;33mRivet.AnalysisHandler: WARN [0m Analysis 'STAR_2003_I631869' is unvalidated: be careful, it may be broken!
[0;33mRivet.AnalysisHandler: WARN [0m Analysis 'STAR_2012_I930463' is unvalidated: be careful, it may be broken!
[0;33mRivet.AnalysisHandler: WARN [0m Analysis 'STAR_2019_I1771348' is unvalidated: be careful, it may be broken!
[0;33mRivet.AnalysisHandler: WARN [0m Analysis 'STAR_2020_I1783875' is unvalidated: be careful, it may be broken!
[0;33mRivet.AnalysisHandler: WARN [0m Analysis 'STAR_2021_I1853218' is unvalidated: be careful, it may be broken!

 Pythia::next(): 1000 events have been generated 

 Pythia::next(): 2000 events have been generated 
 PYTHIA Error in BeamRemnants::setKinematics: kinematics construction failed after retrying 10 times

 Pythia::next(): 3000 events have been generated 

 Pythia::next(): 4000 events have been generated 
 PYTHIA Warning in SimpleSpaceShower::pT2nextQCD: weight above unity

 Pythia::next(): 5000 events have been generated 

 Pythia::next(): 6000 events have been generated 

 Pythia::next(): 7000 events have been generated 

 Pythia::next(): 8000 events have been generated 

 Pythia::next(): 9000 events have been generated 

 Pythia::next(): 10000 events have been generated 

 Pythia::next(): 11000 events have been generated 

 Pythia::next(): 12000 events have been generated 

 Pythia::next(): 13000 events have been generated 

 Pythia::next(): 14000 events have been generated 

 Pythia::next(): 15000 events have been generated 

 Pythia::next(): 16000 events have been generated 

 Pythia::next(): 17000 events have been generated 

 Pythia::next(): 18000 events have been generated 

 Pythia::next(): 19000 events have been generated 

 Pythia::next(): 20000 events have been generated 

 Pythia::next(): 21000 events have been generated 

 Pythia::next(): 22000 events have been generated 

 Pythia::next(): 23000 events have been generated 

 Pythia::next(): 24000 events have been generated 

 Pythia::next(): 25000 events have been generated 

 Pythia::next(): 26000 events have been generated 

 Pythia::next(): 27000 events have been generated 

 Pythia::next(): 28000 events have been generated 

 Pythia::next(): 29000 events have been generated 

 Pythia::next(): 30000 events have been generated 

 Pythia::next(): 31000 events have been generated 

 Pythia::next(): 32000 events have been generated 

 Pythia::next(): 33000 events have been generated 

 Pythia::next(): 34000 events have been generated 

 Pythia::next(): 35000 events have been generated 
 PYTHIA Error in SimpleSpaceShower::pT2nearThreshold: stuck in loop

 Pythia::next(): 36000 events have been generated 

 Pythia::next(): 37000 events have been generated 

 Pythia::next(): 38000 events have been generated 

 Pythia::next(): 39000 events have been generated 

 Pythia::next(): 40000 events have been generated 

 Pythia::next(): 41000 events have been generated 

 Pythia::next(): 42000 events have been generated 

 Pythia::next(): 43000 events have been generated 

 Pythia::next(): 44000 events have been generated 

 Pythia::next(): 45000 events have been generated 

 Pythia::next(): 46000 events have been generated 

 Pythia::next(): 47000 events have been generated 

 Pythia::next(): 48000 events have been generated 

 Pythia::next(): 49000 events have been generated 

 Pythia::next(): 50000 events have been generated 
 PYTHIA Warning in MultipartonInteractions::pTnext: weight above unity

 Pythia::next(): 51000 events have been generated 

 Pythia::next(): 52000 events have been generated 

 Pythia::next(): 53000 events have been generated 

 Pythia::next(): 54000 events have been generated 

 Pythia::next(): 55000 events have been generated 

 Pythia::next(): 56000 events have been generated 

 Pythia::next(): 57000 events have been generated 

 Pythia::next(): 58000 events have been generated 

 Pythia::next(): 59000 events have been generated 

 Pythia::next(): 60000 events have been generated 

 Pythia::next(): 61000 events have been generated 

 Pythia::next(): 62000 events have been generated 

 Pythia::next(): 63000 events have been generated 

 Pythia::next(): 64000 events have been generated 

 Pythia::next(): 65000 events have been generated 

 Pythia::next(): 66000 events have been generated 

 Pythia::next(): 67000 events have been generated 

 Pythia::next(): 68000 events have been generated 

 Pythia::next(): 69000 events have been generated 

 Pythia::next(): 70000 events have been generated 

 Pythia::next(): 71000 events have been generated 

 Pythia::next(): 72000 events have been generated 

 Pythia::next(): 73000 events have been generated 

 Pythia::next(): 74000 events have been generated 

 Pythia::next(): 75000 events have been generated 

 Pythia::next(): 76000 events have been generated 

 Pythia::next(): 77000 events have been generated 

 Pythia::next(): 78000 events have been generated 

 Pythia::next(): 79000 events have been generated 

 Pythia::next(): 80000 events have been generated 

 Pythia::next(): 81000 events have been generated 

 Pythia::next(): 82000 events have been generated 

 Pythia::next(): 83000 events have been generated 

 Pythia::next(): 84000 events have been generated 

 Pythia::next(): 85000 events have been generated 

 Pythia::next(): 86000 events have been generated 

 Pythia::next(): 87000 events have been generated 

 Pythia::next(): 88000 events have been generated 

 Pythia::next(): 89000 events have been generated 

 Pythia::next(): 90000 events have been generated 

 Pythia::next(): 91000 events have been generated 

 Pythia::next(): 92000 events have been generated 

 Pythia::next(): 93000 events have been generated 

 Pythia::next(): 94000 events have been generated 

 Pythia::next(): 95000 events have been generated 

 Pythia::next(): 96000 events have been generated 

 Pythia::next(): 97000 events have been generated 

 Pythia::next(): 98000 events have been generated 

 Pythia::next(): 99000 events have been generated 

 *-------  PYTHIA Event and Cross Section Statistics  -------------------------------------------------------------*
 |                                                                                                                 |
 | Subprocess                                    Code |            Number of events       |      sigma +- delta    |
 |                                                    |       Tried   Selected   Accepted |     (estimated) (mb)   |
 |                                                    |                                   |                        |
 |-----------------------------------------------------------------------------------------------------------------|
 |                                                    |                                   |                        |
 | g g -> g g                                     111 |      126697      18014      18014 |   1.363e-05  5.652e-08 |
 | g g -> q qbar (uds)                            112 |        3427        510        510 |   3.814e-07  9.812e-09 |
 | q g -> q g                                     113 |      551650      52361      52361 |   3.970e-05  8.372e-08 |
 | q q(bar)' -> q q(bar)'                         114 |      280011      28166      28166 |   2.125e-05  5.564e-08 |
 | q qbar -> g g                                  115 |        1564        264        264 |   2.053e-07  6.818e-09 |
 | q qbar -> q' qbar' (uds)                       116 |        1277        234        234 |   1.908e-07  7.355e-09 |
 | g g -> c cbar                                  121 |        1020        159        159 |   1.283e-07  5.870e-09 |
 | q qbar -> c cbar                               122 |         423         92         92 |   6.047e-08  4.152e-09 |
 | g g -> b bbar                                  123 |         960        135        135 |   1.134e-07  5.609e-09 |
 | q qbar -> b bbar                               124 |         370         65         65 |   5.396e-08  4.130e-09 |
 |                                                    |                                   |                        |
 | sum                                                |      967399     100000     100000 |   7.572e-05  1.166e-07 |
 |                                                                                                                 |
 *-------  End PYTHIA Event and Cross Section Statistics ----------------------------------------------------------*

 *-------  PYTHIA Multiparton Interactions Statistics  --------*
 |                                                             |
 |  Note: excludes hardest subprocess if already listed above  |
 |                                                             |
 | Subprocess                               Code |       Times |
 |                                               |             |
 |-------------------------------------------------------------|
 |                                               |             |
 | g g -> g g                                111 |      155700 |
 | g g -> q qbar (uds)                       112 |        2049 |
 | q g -> q g                                113 |      123870 |
 | q q(bar)' -> q q(bar)'                    114 |       22173 |
 | q qbar -> g g                             115 |         485 |
 | q qbar -> q' qbar' (uds)                  116 |         217 |
 | g g -> c cbar                             121 |         137 |
 | q qbar -> c cbar                          122 |          13 |
 | g g -> b bbar                             123 |           1 |
 | q qbar -> b bbar                          124 |           0 |
 | q g -> q gamma (udscb)                    201 |          19 |
 | q qbar -> g gamma                         202 |           7 |
 | g g -> g gamma                            203 |           0 |
 | f fbar -> gamma gamma                     204 |           0 |
 | g g -> gamma gamma                        205 |           0 |
 | f f' -> f f' (t-channel gamma*/Z0)        211 |           3 |
 | f_1 f_2 -> f_3 f_4 (t-channel W+-)        212 |           0 |
 | f fbar -> f' fbar' (s-channel gamma*)     223 |           0 |
 | g g -> ccbar(3S1)[3S1(1)] g               401 |           2 |
 | g g -> ccbar(3S1)[3S1(8)] g               402 |           1 |
 | q g -> ccbar(3S1)[3S1(8)] q               403 |           1 |
 | q qbar -> ccbar(3S1)[3S1(8)] g            404 |           0 |
 | g g -> ccbar(3S1)[1S0(8)] g               405 |           6 |
 | q g -> ccbar(3S1)[1S0(8)] q               406 |           1 |
 | q qbar -> ccbar(3S1)[1S0(8)] g            407 |           0 |
 | g g -> ccbar(3S1)[3PJ(8)] g               408 |          11 |
 | q g -> ccbar(3S1)[3PJ(8)] q               409 |           2 |
 | q qbar -> ccbar(3S1)[3PJ(8)] g            410 |           0 |
 | g g -> ccbar(3PJ)[3PJ(1)] g               411 |         193 |
 | q g -> ccbar(3PJ)[3PJ(1)] q               412 |          15 |
 | q qbar -> ccbar(3PJ)[3PJ(1)] g            413 |           0 |
 | g g -> ccbar(3PJ)[3S1(8)] g               414 |           0 |
 | q g -> ccbar(3PJ)[3S1(8)] q               415 |           0 |
 | q qbar -> ccbar(3PJ)[3S1(8)] g            416 |           0 |
 | g g -> ccbar(3DJ)[3DJ(1)] g               417 |           0 |
 | g g -> ccbar(3DJ)[3PJ(8)] g               418 |           1 |
 | q g -> ccbar(3DJ)[3PJ(8)] q               419 |           0 |
 | q qbar -> ccbar(3DJ)[3PJ(8)] g            420 |           0 |
 | g g -> double ccbar(3S1)[3S1(1)]          421 |           0 |
 | q qbar -> double ccbar(3S1)[3S1(1)]       422 |           0 |
 | g g -> ccbar(3S1)[3S1(1)] gamma           441 |           0 |
 | g g -> bbbar(3S1)[3S1(1)] g               501 |           0 |
 | g g -> bbbar(3S1)[3S1(8)] g               502 |           0 |
 | q g -> bbbar(3S1)[3S1(8)] q               503 |           0 |
 | q qbar -> bbbar(3S1)[3S1(8)] g            504 |           0 |
 | g g -> bbbar(3S1)[1S0(8)] g               505 |           0 |
 | q g -> bbbar(3S1)[1S0(8)] q               506 |           0 |
 | q qbar -> bbbar(3S1)[1S0(8)] g            507 |           0 |
 | g g -> bbbar(3S1)[3PJ(8)] g               508 |           1 |
 | q g -> bbbar(3S1)[3PJ(8)] q               509 |           0 |
 | q qbar -> bbbar(3S1)[3PJ(8)] g            510 |           0 |
 | g g -> bbbar(3PJ)[3PJ(1)] g               511 |           1 |
 | q g -> bbbar(3PJ)[3PJ(1)] q               512 |           0 |
 | q qbar -> bbbar(3PJ)[3PJ(1)] g            513 |           0 |
 | g g -> bbbar(3PJ)[3S1(8)] g               514 |           0 |
 | q g -> bbbar(3PJ)[3S1(8)] q               515 |           0 |
 | q qbar -> bbbar(3PJ)[3S1(8)] g            516 |           0 |
 | g g -> double bbbar(3S1)[3S1(1)]          521 |           0 |
 | q qbar -> double bbbar(3S1)[3S1(1)]       522 |           0 |
 | g g -> bbbar(3S1)[3S1(1)] gamma           551 |           0 |
 |                                                             |
 | sum                                           |      304909 |
 |                                               |             |
 *-------  End PYTHIA Multiparton Interactions Statistics -----*

 *-------  PYTHIA Error and Warning Messages Statistics  ----------------------------------------------------------* 
 |                                                                                                                 | 
 |  times   message                                                                                                | 
 |                                                                                                                 | 
 |     74   Error in BeamRemnants::setKinematics: kinematics construction failed after retrying 10 times           | 
 |      8   Error in SimpleSpaceShower::pT2nearThreshold: stuck in loop                                            | 
 |      2   Warning in MultipartonInteractions::pTnext: weight above unity                                         | 
 |     43   Warning in SimpleSpaceShower::pT2nextQCD: weight above unity                                           | 
 |                                                                                                                 | 
 *-------  End PYTHIA Error and Warning Messages Statistics  ------------------------------------------------------* 
