
 *------------------------------------------------------------------------------------* 
 |                                                                                    | 
 |  *------------------------------------------------------------------------------*  | 
 |  |                                                                              |  | 
 |  |                                                                              |  | 
 |  |   PPP   Y   Y  TTTTT  H   H  III    A      Welcome to the Lund Monte Carlo!  |  | 
 |  |   P  P   Y Y     T    H   H   I    A A     This is PYTHIA version 8.315      |  | 
 |  |   PPP     Y      T    HHHHH   I   AAAAA    Last date of change: 27 May 2025  |  | 
 |  |   P       Y      T    H   H   I   A   A                                      |  | 
 |  |   P       Y      T    H   H  III  A   A    Now is 08 Oct 2025 at 02:57:05    |  | 
 |  |                                                                              |  | 
 |  |   Program documentation and an archive of historic versions is found on:     |  | 
 |  |                                                                              |  | 
 |  |                               https://pythia.org/                            |  | 
 |  |                                                                              |  | 
 |  |   PYTHIA is authored by a collaboration consisting of:                       |  | 
 |  |                                                                              |  | 
 |  |   Javira Altmann, Christian Bierlich, Naomi Cooke, Nishita Desai,            |  | 
 |  |   Ilkka Helenius, Philip Ilten, Leif Lonnblad, Stephen Mrenna,               |  | 
 |  |   Christian Preuss, Torbjorn Sjostrand, and Peter Skands.                    |  | 
 |  |                                                                              |  | 
 |  |   The complete list of authors, including contact information and            |  | 
 |  |   affiliations, can be found on https://pythia.org/.                         |  | 
 |  |   Problems or bugs should be reported on email at authors@pythia.org.        |  | 
 |  |                                                                              |  | 
 |  |   The main program reference is C. Bierlich et al,                           |  | 
 |  |   'A comprehensive guide to the physics and usage of Pythia 8.3',            |  | 
 |  |   SciPost Phys. Codebases 8-r8.3 (2022) [arXiv:2203.11601 [hep-ph]]          |  | 
 |  |                                                                              |  | 
 |  |   PYTHIA is released under the GNU General Public Licence version 2          |  | 
 |  |   or later. Please respect the MCnet Guidelines for Generator Authors        |  | 
 |  |   and Users.                                                                 |  | 
 |  |                                                                              |  | 
 |  |   Disclaimer: this program comes without any guarantees.                     |  | 
 |  |   Beware of errors and use common sense when interpreting results.           |  | 
 |  |                                                                              |  | 
 |  |   Copyright (C) 2025 Torbjorn Sjostrand                                      |  | 
 |  |                                                                              |  | 
 |  |                                                                              |  | 
 |  *------------------------------------------------------------------------------*  | 
 |                                                                                    | 
 *------------------------------------------------------------------------------------* 


 *-------  PYTHIA Process Initialization  --------------------------*
 |                                                                  |
 | We collide p+ with p+ at a CM energy of 2.000e+02 GeV            |
 |                                                                  |
 |------------------------------------------------------------------|
 |                                                    |             |
 | Subprocess                                    Code |   Estimated |
 |                                                    |    max (mb) |
 |                                                    |             |
 |------------------------------------------------------------------|
 |                                                    |             |
 | g g -> g g                                     111 |   2.393e-13 |
 | g g -> q qbar (uds)                            112 |   6.924e-15 |
 | q g -> q g                                     113 |   1.174e-11 |
 | q q(bar)' -> q q(bar)'                         114 |   8.651e-11 |
 | q qbar -> g g                                  115 |   3.889e-13 |
 | q qbar -> q' qbar' (uds)                       116 |   4.490e-13 |
 | g g -> c cbar                                  121 |   2.290e-15 |
 | q qbar -> c cbar                               122 |   1.490e-13 |
 | g g -> b bbar                                  123 |   2.135e-15 |
 | q qbar -> b bbar                               124 |   1.430e-13 |
 |                                                                  |
 *-------  End PYTHIA Process Initialization -----------------------*

 *-------  PYTHIA Multiparton Interactions Initialization  ---------* 
 |                                                                  | 
 |                   sigmaNonDiffractive =    28.49 mb              | 
 |                                                                  | 
 |    pT0 =  1.06 gives sigmaInteraction =    84.95 mb: accepted    | 
 |                                                                  | 
 *-------  End PYTHIA Multiparton Interactions Initialization  -----* 

 *-------  PYTHIA Flag + Mode + Parm + Word + FVec + MVec + PVec + WVec Settings (changes only)  ------------------* 
 |                                                                                                                 | 
 | Name                                          |                      Now |      Default         Min         Max | 
 |                                               |                          |                                      | 
 | Beams:eCM                                     |                200.00000 |    14000.000         0.0             | 
 | HardQCD:all                                   |                       on |          off                         | 
 | Main:numberOfEvents                           |                   100000 |         1000           0             | 
 | Main:rivetAnalyses                            |      BRAHMS_2007_I742956 |                                      | 
 |                                               |        STAR_2003_I631869 |                                      | 
 |                                               |        STAR_2012_I930463 |                                      | 
 |                                               |       STAR_2019_I1771348 |                                      | 
 |                                               |       STAR_2020_I1783875 |                                      | 
 |                                               |       STAR_2021_I1853218 |                                      | 
 |                                               |    STAR_2006_I709170TEST |                                      | 
 | Main:rivetDumpFile                            |                        # |                                      | 
 | Main:rivetRunName                             |                        # |                                      | 
 | Main:runRivet                                 |                       on |          off                         | 
 | Main:writeLog                                 |                       on |          off                         | 
 | PhaseSpace:pTHatMin                           |                 70.00000 |          0.0         0.0             | 
 | Stat:showPartonLevel                          |                       on |          off                         | 
 | StringZ:useOldAExtra                          |                       on |          off                         | 
 |                                                                                                                 | 
 *-------  End PYTHIA Flag + Mode + Parm + Word + FVec + MVec + PVec + WVec Settings  -----------------------------* 

 --------  PYTHIA Particle Data Table (changed only)  ------------------------------------------------------------------------------
 
      id   name            antiName         spn chg col      m0        mWidth      mMin       mMax       tau0    res dec ext vis wid
             no onMode   bRatio   meMode     products 

 no particle data has been changed from its default value 

 --------  End PYTHIA Particle Data Table  -----------------------------------------------------------------------------------------


 --------  PYTHIA Info Listing  ---------------------------------------- 
 
 Beam A: id =   2212, pz =  1.000e+02, e =  1.000e+02, m =  9.383e-01.
 Beam B: id =   2212, pz = -1.000e+02, e =  1.000e+02, m =  9.383e-01.

 In 1: id =    2, x =  6.870e-01, pdf =  2.170e-02 at Q2 =  4.903e+03.
 In 2: id =    1, x =  7.296e-01, pdf =  2.821e-03 at same Q2.

 Subprocess q q(bar)' -> q q(bar)' with code 114 is 2 -> 2.
 It has sHat =  2.005e+04,    tHat = -1.151e+04,    uHat = -8.538e+03,
       pTHat =  7.002e+01,   m3Hat =  3.300e-01,   m4Hat =  3.300e-01,
    thetaHat =  1.720e+00,  phiHat =  4.791e+00.
     alphaEM =  7.794e-03,  alphaS =  1.357e-01    at Q2 =  4.903e+03.

 Impact parameter b =  9.327e-01 gives enhancement factor =  8.625e-01.
 Max pT scale for MPI =  7.002e+01, ISR =  7.002e+01, FSR =  7.002e+01.
 Number of MPI =     3, ISR =     3, FSRproc =    10, FSRreson =     0.

 --------  End PYTHIA Info Listing  ------------------------------------

 --------  PYTHIA Event Listing  (hard process)  -----------------------------------------------------------------------------------
 
    no         id  name            status     mothers   daughters     colours      p_x        p_y        p_z         e          m 
     0         90  (system)           -11     0     0     0     0     0     0      0.000      0.000      0.000    200.000    200.000
     1       2212  (p+)               -12     0     0     3     0     0     0      0.000      0.000     99.996    100.000      0.938
     2       2212  (p+)               -12     0     0     4     0     0     0      0.000      0.000    -99.996    100.000      0.938
     3          2  (u)                -21     1     0     5     6   101     0      0.000      0.000     68.704     68.704      0.000
     4          1  (d)                -21     2     0     5     6   102     0      0.000      0.000    -72.964     72.964      0.000
     5          2  u                   23     3     4     0     0   102     0      5.467    -69.804    -12.641     71.150      0.330
     6          1  d                   23     3     4     0     0   101     0     -5.467     69.804      8.381     70.518      0.330
                                   Charge sum:  0.333           Momentum sum:      0.000      0.000     -4.259    141.668    141.604

 --------  End PYTHIA Event Listing  -----------------------------------------------------------------------------------------------

 --------  PYTHIA Event Listing  (complete event)  ---------------------------------------------------------------------------------
 
    no         id  name            status     mothers   daughters     colours      p_x        p_y        p_z         e          m 
     0         90  (system)           -11     0     0     0     0     0     0      0.000      0.000      0.000    200.000    200.000
     1       2212  (p+)               -12     0     0    68     0     0     0      0.000      0.000     99.996    100.000      0.938
     2       2212  (p+)               -12     0     0    69     0     0     0      0.000      0.000    -99.996    100.000      0.938
     3          2  (u)                -21     7     7     5     6   101     0      0.000      0.000     68.704     68.704      0.000
     4          1  (d)                -21     8     0     5     6   102     0      0.000      0.000    -72.964     72.964      0.000
     5          2  (u)                -23     3     4     9     9   102     0      5.467    -69.804    -12.641     71.150      0.330
     6          1  (d)                -23     3     4    10    10   101     0     -5.467     69.804      8.381     70.518      0.330
     7          2  (u)                -42    12    12     3     3   101     0     -0.000      0.000     68.704     68.704      0.000
     8          1  (d)                -41    13     0    11     4   103     0      0.000     -0.000    -75.557     75.557      0.000
     9          2  (u)                -44     5     5    14    14   102     0      6.885    -69.869    -13.772     71.546      0.330
    10          1  (d)                -44     6     6    15    15   101     0     -4.416     69.755      6.974     70.243      0.330
    11         21  (g)                -43     8     0    16    16   103   102     -2.469      0.113     -0.054      2.472      0.000
    12          2  (u)                -42    32    32     7     7   101     0     -0.000     -0.000     68.704     68.704      0.000
    13          1  (d)                -41    38     0    17     8   104     0      0.000      0.000    -78.767     78.767      0.000
    14          2  (u)                -44     9     9    20    20   102     0      7.988    -68.718    -15.599     70.918      0.330
    15          1  (d)                -44    10    10    30    31   101     0     -3.599     70.609      6.876     71.035      0.330
    16         21  (g)                -44    11    11    18    19   103   102     -2.436      0.147     -0.118      2.444      0.000
    17         21  (g)                -43    13     0    42    42   104   103     -1.952     -2.038     -1.221      3.075      0.000
    18         21  (g)                -51    16     0    21    22   103   105     -3.454     -1.913      0.049      3.948      0.000
    19         21  (g)                -51    16     0    23    23   105   102      1.521     -2.274     -1.151      2.968      0.000
    20          2  (u)                -52    14    14    26    26   102     0      7.484    -64.384    -14.615     66.446      0.330
    21         21  (g)                -51    18     0    41    41   103   106     -2.701     -2.741     -1.288      4.058      0.000
    22         21  (g)                -51    18     0    29    29   106   105     -0.210      0.016      0.927      0.950      0.000
    23         21  (g)                -52    19    19    24    25   105   102      0.978     -1.462     -0.740      1.908      0.000
    24         21  (g)                -51    23     0    27    28   105   107      1.589     -5.292     -2.408      6.027      0.000
    25         21  (g)                -51    23     0    45    45   107   102      1.139    -11.237     -1.751     11.430      0.000
    26          2  (u)                -52    20    20    39    39   102     0      5.734    -49.318    -11.196     50.898      0.330
    27         21  (g)                -51    24     0    43    43   108   107      1.639     -3.093     -0.700      3.570      0.000
    28         21  (g)                -51    24     0    46    46   105   108     -0.096     -2.195     -1.506      2.664      0.000
    29         21  (g)                -52    22    22    44    44   106   105     -0.164      0.013      0.725      0.743      0.000
    30          1  (d)                -51    15     0    40    40   109     0     -3.452     66.929      7.392     67.426      0.330
    31         21  (g)                -51    15     0    47    47   101   109     -0.146      3.679     -0.420      3.706      0.000
    32          2  (u)                -53    37    37    12    12   101     0     -0.000     -0.000     68.802     68.802      0.000
    33         21  (g)                -31    85    85    35    36   110   111      0.000      0.000      1.987      1.987      0.000
    34         21  (g)                -31    86    86    35    36   112   113      0.000      0.000     -0.688      0.688      0.000
    35         21  (g)                -33    33    34    87    87   110   113     -0.371      0.712      1.622      1.810      0.000
    36         21  (g)                -33    33    34    88    88   112   111      0.371     -0.712     -0.322      0.865      0.000
    37          2  (u)                -42    51    51    32    32   101     0     -0.000     -0.000     68.802     68.802      0.000
    38          1  (d)                -41    69    69    48    13   114     0      0.000      0.000    -80.061     80.061      0.000
    39          2  (u)                -44    26    26    70    70   102     0      6.021    -49.245    -11.319     50.887      0.330
    40          1  (d)                -44    30    30    55    56   109     0     -3.175     67.000      7.333     67.475      0.330
    41         21  (g)                -44    21    21    60    60   103   106     -2.676     -2.734     -1.311      4.045      0.000
    42         21  (g)                -44    17    17    73    73   104   103     -1.933     -2.033     -1.238      3.066      0.000
    43         21  (g)                -44    27    27    54    54   108   107      1.659     -3.088     -0.703      3.575      0.000
    44         21  (g)                -44    29    29    58    59   106   105     -0.164      0.013      0.723      0.741      0.000
    45         21  (g)                -44    25    25    76    76   107   102      1.200    -11.222     -1.780     11.425      0.000
    46         21  (g)                -44    28    28    52    53   105   108     -0.076     -2.190     -1.514      2.664      0.000
    47         21  (g)                -44    31    31    49    50   101   109     -0.127      3.684     -0.423      3.710      0.000
    48         21  (g)                -43    38     0    79    79   114   104     -0.728     -0.185     -1.028      1.273      0.000
    49         21  (g)                -51    47     0    57    57   115   109      0.245      0.950     -0.646      1.175      0.000
    50         21  (g)                -51    47     0    61    62   101   115     -0.372      2.734      0.490      2.802      0.000
    51          2  (u)                -53    63    63    37    37   101     0     -0.000     -0.000     69.068     69.068      0.000
    52         21  (g)                -51    46     0    77    77   105   116     -0.155     -1.411     -1.230      1.878      0.000
    53         21  (g)                -51    46     0    81    81   116   108      0.957     -2.416     -0.657      2.680      0.000
    54         21  (g)                -52    43    43    74    74   108   107      0.780     -1.452     -0.330      1.681      0.000
    55          1  (d)                -51    40     0    71    71   117     0     -2.818     60.306      7.058     60.784      0.330
    56         21  (g)                -51    40     0    82    82   109   117     -0.341      6.756      0.233      6.769      0.000
    57         21  (g)                -52    49    49    78    78   115   109      0.229      0.888     -0.603      1.097      0.000
    58         21  (g)                -51    44     0    75    75   118   105      0.150     -0.093     -0.257      0.311      0.000
    59         21  (g)                -51    44     0    83    83   106   118     -0.792     -0.383      0.745      1.153      0.000
    60         21  (g)                -52    41    41    72    72   103   106     -2.198     -2.246     -1.077      3.322      0.000
    61         21  (g)                -51    50     0    80    80   119   115      0.069      2.147      0.086      2.150      0.000
    62         21  (g)                -51    50     0    84    84   101   119     -0.442      0.587      0.960      1.208      0.000
    63          2  (u)                -53    68    68    51    51   101     0     -0.000     -0.000     69.624     69.624      0.000
    64          2  (u)                -31    89    89    66    67   120     0      0.000      0.000      0.085      0.085      0.000
    65          2  (u)                -31    90    90    66    67   121     0      0.000      0.000     -2.760      2.760      0.000
    66          2  (u)                -33    64    65    91    91   120     0      0.220     -0.131     -2.063      2.105      0.330
    67          2  (u)                -33    64    65    92    92   121     0     -0.220      0.131     -0.612      0.741      0.330
    68          2  (u)                -61     1     0    63    63   101     0     -1.311      1.297     69.608     69.633      0.000
    69          1  (d)                -61     2     0    38    38   113     0      1.108     -0.536    -80.045     80.054      0.000
    70          2  (u)                -62    39    39   125   125   102     0      6.073    -49.081    -10.595     50.578      0.330
    71          1  (d)                -62    55    55   111   111   117     0     -3.079     60.754      6.246     61.153      0.330
    72         21  (g)                -62    60    60    97     0   103   106     -2.188     -2.239     -1.084      3.314      0.000
    73         21  (g)                -62    42    42    97     0   104   103     -1.920     -2.030     -1.244      3.059      0.000
    74         21  (g)                -62    54    54    96     0   108   107      0.781     -1.446     -0.299      1.670      0.000
    75         21  (g)                -62    58    58    98     0   118   105      0.153     -0.094     -0.253      0.310      0.000
    76         21  (g)                -62    45    45   126   126   107   102      1.199    -11.175     -1.618     11.355      0.000
    77         21  (g)                -62    52    52    98     0   105   116     -0.140     -1.415     -1.214      1.870      0.000
    78         21  (g)                -62    57    57   109   109   115   109      0.236      0.887     -0.611      1.102      0.000
    79         21  (g)                -62    48    48   131   131   113   104     -0.714     -0.190     -1.038      1.274      0.000
    80         21  (g)                -62    61    61   108   108   119   115      0.063      2.161      0.060      2.163      0.000
    81         21  (g)                -62    53    53    96     0   116   108      0.961     -2.408     -0.611      2.664      0.000
    82         21  (g)                -62    56    56   110   110   109   117     -0.361      6.799      0.142      6.810      0.000
    83         21  (g)                -62    59    59   129   129   106   118     -0.807     -0.367      0.737      1.153      0.000
    84         21  (g)                -62    62    62   107   107   101   119     -0.460      0.606      0.945      1.213      0.000
    85         21  (g)                -61     1     0    33    33   110   101      0.713     -0.567      1.937      2.140      0.000
    86         21  (g)                -61     2     0    34    34   112   113     -0.291      0.018     -0.581      0.650      0.000
    87         21  (g)                -62    35    35   132   132   110   113      0.252      0.206      1.845      1.874      0.000
    88         21  (g)                -62    36    36   106   106   112   101      0.169     -0.756     -0.490      0.916      0.000
    89          2  (u)                -61     1     0    64    64   120     0      0.124     -0.539     -0.665      0.864      0.000
    90          2  (u)                -61     2     0    65    65   121     0      0.083     -0.032     -2.491      2.492      0.000
    91          2  (u)                -62    66    66    99    99   120     0      0.328     -0.297     -2.526      2.585      0.330
    92          2  (u)                -62    67    67   112   112   121     0     -0.121     -0.274     -0.630      0.772      0.330
    93       2103  (ud_1)             -63     1     0   100   100     0   120      0.476     -0.036      2.019      2.214      0.771
    94         -2  (ubar)             -63     1     0   133   133     0   110     -0.001     -0.155     26.064     26.067      0.330
    95          2  (u)                -63     2     0   105   105   124     0     -0.900      0.551    -15.847     15.886      0.330
    96         21  (g)                -73    74    81   127   127   116   107      1.742     -3.854     -0.910      4.334      0.261
    97         21  (g)                -73    72    73   130   130   104   106     -4.108     -4.270     -2.328      6.372      0.276
    98         21  (g)                -73    75    77   128   128   118   116      0.013     -1.509     -1.467      2.180      0.568
    99          2  (u)                -71    91    91   101   104   120     0      0.328     -0.297     -2.526      2.585      0.330
   100       2103  (ud_1)             -71    93    93   101   104     0   120      0.476     -0.036      2.019      2.214      0.771
   101        221  (eta)              -83    99   100   167   169     0     0     -0.115     -0.072      0.080      0.570      0.548
   102        211  pi+                 83    99   100     0     0     0     0      0.394     -0.505     -0.249      0.701      0.140
   103       -211  pi-                 84    99   100     0     0     0     0     -0.211      0.083     -1.603      1.625      0.140
   104       2214  (Delta+)           -84    99   100   151   152     0     0      0.736      0.161      1.265      1.903      1.205
   105          2  (u)                -71    95    95   113   124   124     0     -0.900      0.551    -15.847     15.886      0.330
   106         21  (g)                -71    88    88   113   124   112   101      0.169     -0.756     -0.490      0.916      0.000
   107         21  (g)                -71    84    84   113   124   101   119     -0.460      0.606      0.945      1.213      0.000
   108         21  (g)                -71    80    80   113   124   119   115      0.063      2.161      0.060      2.163      0.000
   109         21  (g)                -71    78    78   113   124   115   109      0.236      0.887     -0.611      1.102      0.000
   110         21  (g)                -71    82    82   113   124   109   117     -0.361      6.799      0.142      6.810      0.000
   111          1  (d)                -71    71    71   113   124   117     0     -3.079     60.754      6.246     61.153      0.330
   112          2  (u)                -71    92    92   113   124   121     0     -0.121     -0.274     -0.630      0.772      0.330
   113        321  K+                  86   105   112     0     0     0     0     -0.722      0.188    -12.328     12.360      0.494
   114        223  (omega)            -83   105   112   170   172     0     0     -1.137     27.658      2.300     27.788      0.780
   115        113  (rho0)             -83   105   112   153   154     0     0     -1.039     14.668      1.654     14.818      0.773
   116       -213  (rho-)             -83   105   112   155   156     0     0     -0.606     18.520      1.962     18.688      1.430
   117        211  pi+                 83   105   112     0     0     0     0     -0.654      4.430     -0.017      4.481      0.140
   118       -211  pi-                 83   105   112     0     0     0     0      0.407      2.795      0.519      2.876      0.140
   119        211  pi+                 83   105   112     0     0     0     0     -0.588      0.700      0.524      1.063      0.140
   120        113  (rho0)             -83   105   112   157   158     0     0      0.226      1.281     -0.578      1.605      0.740
   121        111  (pi0)              -83   105   112   173   174     0     0     -0.326      0.607      0.523      0.876      0.135
   122       -211  pi-                 84   105   112     0     0     0     0      0.521     -0.005     -0.568      0.783      0.140
   123       3222  (Sigma+)           -88   105   112   175   176     0     0     -0.128     -0.389     -1.515      1.969      1.189
   124        111  (pi0)              -84   105   112   177   178     0     0     -0.408      0.274     -2.662      2.710      0.135
   125          2  (u)                -71    70    70   134   150   102     0      6.073    -49.081    -10.595     50.578      0.330
   126         21  (g)                -71    76    76   134   150   107   102      1.199    -11.175     -1.618     11.355      0.000
   127         21  (g)                -71    96    96   134   150   116   107      1.742     -3.854     -0.910      4.334      0.261
   128         21  (g)                -71    98    98   134   150   118   116      0.013     -1.509     -1.467      2.180      0.568
   129         21  (g)                -71    83    83   134   150   106   118     -0.807     -0.367      0.737      1.153      0.000
   130         21  (g)                -71    97    97   134   150   104   106     -4.108     -4.270     -2.328      6.372      0.276
   131         21  (g)                -71    79    79   134   150   113   104     -0.714     -0.190     -1.038      1.274      0.000
   132         21  (g)                -71    87    87   134   150   110   113      0.252      0.206      1.845      1.874      0.000
   133         -2  (ubar)             -71    94    94   134   150     0   110     -0.001     -0.155     26.064     26.067      0.330
   134        323  (K*+)              -83   125   133   159   160     0     0      4.431    -35.052     -7.047     36.038      0.906
   135       -311  (Kbar0)            -83   125   133   161   161     0     0      2.291    -17.451     -3.711     17.994      0.498
   136        111  (pi0)              -83   125   133   179   180     0     0      0.059     -0.410      0.034      0.437      0.135
   137       2112  n0                  83   125   133     0     0     0     0      1.345     -7.754     -1.546      8.075      0.940
   138      -2212  pbar-               83   125   133     0     0     0     0      0.140     -2.782     -1.522      3.310      0.938
   139        321  K+                  83   125   133     0     0     0     0      0.690     -1.387     -0.001      1.626      0.494
   140       -311  (Kbar0)            -83   125   133   162   162     0     0     -0.009     -1.389     -0.978      1.770      0.498
   141       -211  pi-                 84   125   133     0     0     0     0     -2.704     -1.837     -0.802      3.369      0.140
   142        321  K+                  84   125   133     0     0     0     0     -0.524      0.031     -0.075      0.724      0.494
   143       -321  K-                  84   125   133     0     0     0     0     -0.793     -1.262     -0.203      1.583      0.494
   144        111  (pi0)              -84   125   133   181   182     0     0     -0.129     -0.422     -0.210      0.508      0.135
   145        213  (rho+)             -84   125   133   163   164     0     0     -1.242     -0.806     -0.496      1.775      0.844
   146       -211  pi-                 84   125   133     0     0     0     0     -0.212      0.423     -0.110      0.506      0.140
   147        111  (pi0)              -84   125   133   183   184     0     0      0.030     -0.139      1.633      1.645      0.135
   148        211  pi+                 84   125   133     0     0     0     0     -0.111     -0.177      6.691      6.695      0.140
   149        223  (omega)            -84   125   133   185   187     0     0      0.139     -0.228      4.508      4.581      0.769
   150       -213  (rho-)             -84   125   133   165   166     0     0      0.249      0.246     14.526     14.551      0.772
   151       2212  p+                  91   104     0     0     0     0     0      0.664     -0.041      0.913      1.469      0.938
   152        111  (pi0)              -91   104     0   188   189     0     0      0.071      0.202      0.352      0.434      0.135
   153        211  pi+                 91   115     0     0     0     0     0     -0.067      3.882      0.671      3.942      0.140
   154       -211  pi-                 91   115     0     0     0     0     0     -0.972     10.786      0.984     10.875      0.140
   155       -211  pi-                 91   116     0     0     0     0     0      0.089     12.534      1.752     12.657      0.140
   156        111  (pi0)              -91   116     0   190   191     0     0     -0.695      5.985      0.210      6.031      0.135
   157        211  pi+                 91   120     0     0     0     0     0     -0.230      0.416     -0.094      0.504      0.140
   158       -211  pi-                 91   120     0     0     0     0     0      0.456      0.865     -0.485      1.100      0.140
   159        321  K+                  91   134     0     0     0     0     0      3.869    -31.938     -6.445     32.815      0.494
   160        111  (pi0)              -91   134     0   192   193     0     0      0.561     -3.114     -0.602      3.223      0.135
   161        130  K_L0                91   135   135     0     0     0     0      2.291    -17.451     -3.711     17.994      0.498
   162        310  (K_S0)             -91   140   140   194   195     0     0     -0.009     -1.389     -0.978      1.770      0.498
   163        211  pi+                 91   145     0     0     0     0     0     -1.174     -0.366     -0.322      1.279      0.140
   164        111  (pi0)              -91   145     0   196   197     0     0     -0.068     -0.439     -0.174      0.496      0.135
   165       -211  pi-                 91   150     0     0     0     0     0      0.364      0.160     13.468     13.475      0.140
   166        111  (pi0)              -91   150     0   198   199     0     0     -0.115      0.086      1.058      1.076      0.135
   167        111  (pi0)              -91   101     0   200   201     0     0     -0.112      0.125      0.004      0.215      0.135
   168        111  (pi0)              -91   101     0   202   203     0     0     -0.046     -0.109      0.038      0.183      0.135
   169        111  (pi0)              -91   101     0   204   205     0     0      0.044     -0.088      0.038      0.171      0.135
   170        211  pi+                 91   114     0     0     0     0     0     -0.266      5.654      0.247      5.668      0.140
   171       -211  pi-                 91   114     0     0     0     0     0     -0.458     13.003      1.081     13.056      0.140
   172        111  (pi0)              -91   114     0   206   207     0     0     -0.413      9.001      0.971      9.064      0.135
   173         22  gamma               91   121     0     0     0     0     0     -0.076      0.094      0.039      0.127      0.000
   174         22  gamma               91   121     0     0     0     0     0     -0.250      0.513      0.484      0.748      0.000
   175       2212  p+                  91   123     0     0     0     0     0     -0.254     -0.248     -1.359      1.689      0.938
   176        111  (pi0)              -91   123     0   208   209     0     0      0.126     -0.141     -0.156      0.280      0.135
   177         22  gamma               91   124     0     0     0     0     0     -0.231      0.230     -1.615      1.647      0.000
   178         22  gamma               91   124     0     0     0     0     0     -0.177      0.044     -1.047      1.063      0.000
   179         22  gamma               91   136     0     0     0     0     0      0.016     -0.021      0.038      0.046      0.000
   180         22  gamma               91   136     0     0     0     0     0      0.043     -0.389     -0.003      0.391      0.000
   181         22  gamma               91   144     0     0     0     0     0     -0.050     -0.215     -0.177      0.283      0.000
   182         22  gamma               91   144     0     0     0     0     0     -0.080     -0.208     -0.033      0.225      0.000
   183         22  gamma               91   147     0     0     0     0     0      0.003     -0.081      1.417      1.419      0.000
   184         22  gamma               91   147     0     0     0     0     0      0.027     -0.059      0.216      0.225      0.000
   185        211  pi+                 91   149     0     0     0     0     0      0.297     -0.045      2.397      2.420      0.140
   186       -211  pi-                 91   149     0     0     0     0     0     -0.075     -0.183      0.686      0.727      0.140
   187        111  (pi0)              -91   149     0   210   211     0     0     -0.084     -0.000      1.424      1.433      0.135
   188         22  gamma               91   152     0     0     0     0     0      0.086      0.099      0.115      0.174      0.000
   189         22  gamma               91   152     0     0     0     0     0     -0.015      0.103      0.238      0.260      0.000
   190         22  gamma               91   156     0     0     0     0     0     -0.278      2.974      0.107      2.989      0.000
   191         22  gamma               91   156     0     0     0     0     0     -0.418      3.011      0.103      3.042      0.000
   192         22  gamma               91   160     0     0     0     0     0      0.379     -2.394     -0.487      2.473      0.000
   193         22  gamma               91   160     0     0     0     0     0      0.182     -0.719     -0.115      0.751      0.000
   194        111  (pi0)              -91   162     0   212   213     0     0     -0.184     -0.508     -0.272      0.620      0.135
   195        111  (pi0)              -91   162     0   214   215     0     0      0.175     -0.881     -0.706      1.150      0.135
   196         22  gamma               91   164     0     0     0     0     0      0.031     -0.117     -0.083      0.147      0.000
   197         22  gamma               91   164     0     0     0     0     0     -0.099     -0.322     -0.091      0.349      0.000
   198         22  gamma               91   166     0     0     0     0     0     -0.056      0.035      0.872      0.874      0.000
   199         22  gamma               91   166     0     0     0     0     0     -0.059      0.051      0.186      0.202      0.000
   200         22  gamma               91   167     0     0     0     0     0     -0.127      0.068      0.036      0.149      0.000
   201         22  gamma               91   167     0     0     0     0     0      0.015      0.057     -0.032      0.067      0.000
   202         22  gamma               91   168     0     0     0     0     0     -0.001     -0.105      0.071      0.127      0.000
   203         22  gamma               91   168     0     0     0     0     0     -0.046     -0.004     -0.033      0.056      0.000
   204         22  gamma               91   169     0     0     0     0     0      0.016     -0.057     -0.048      0.076      0.000
   205         22  gamma               91   169     0     0     0     0     0      0.028     -0.031      0.086      0.095      0.000
   206         22  gamma               91   172     0     0     0     0     0     -0.247      6.082      0.710      6.129      0.000
   207         22  gamma               91   172     0     0     0     0     0     -0.166      2.919      0.260      2.935      0.000
   208         22  gamma               91   176     0     0     0     0     0      0.038     -0.122     -0.042      0.134      0.000
   209         22  gamma               91   176     0     0     0     0     0      0.088     -0.019     -0.114      0.145      0.000
   210         22  gamma               91   187     0     0     0     0     0     -0.030      0.034      0.135      0.142      0.000
   211         22  gamma               91   187     0     0     0     0     0     -0.054     -0.034      1.289      1.291      0.000
   212         22  gamma               91   194     0     0     0     0     0     -0.015     -0.007     -0.038      0.041      0.000
   213         22  gamma               91   194     0     0     0     0     0     -0.169     -0.502     -0.234      0.579      0.000
   214         22  gamma               91   195     0     0     0     0     0      0.093     -0.407     -0.245      0.484      0.000
   215         22  gamma               91   195     0     0     0     0     0      0.082     -0.474     -0.461      0.667      0.000
                                   Charge sum:  2.000           Momentum sum:      0.000     -0.000     -0.000    200.000    200.000

 --------  End PYTHIA Event Listing  -----------------------------------------------------------------------------------------------
[0;33mRivet.AnalysisLoader: WARN [0m Ignoring duplicate plugin analysis called 'STAR_2006_I709170'
[0;33mRivet.AnalysisHandler: WARN [0m Analysis 'STAR_2006_I709170TEST' not found.
[0;33mRivet.AnalysisHandler: WARN [0m Analysis 'BRAHMS_2007_I742956' is unvalidated: be careful, it may be broken!
[0;33mRivet.AnalysisHandler: WARN [0m Analysis 'STAR_2003_I631869' is unvalidated: be careful, it may be broken!
[0;33mRivet.AnalysisHandler: WARN [0m Analysis 'STAR_2012_I930463' is unvalidated: be careful, it may be broken!
[0;33mRivet.AnalysisHandler: WARN [0m Analysis 'STAR_2019_I1771348' is unvalidated: be careful, it may be broken!
[0;33mRivet.AnalysisHandler: WARN [0m Analysis 'STAR_2020_I1783875' is unvalidated: be careful, it may be broken!
[0;33mRivet.AnalysisHandler: WARN [0m Analysis 'STAR_2021_I1853218' is unvalidated: be careful, it may be broken!

 Pythia::next(): 1000 events have been generated 
 PYTHIA Error in BeamRemnants::setKinematics: kinematics construction failed after retrying 10 times

 Pythia::next(): 2000 events have been generated 
 PYTHIA Warning in SimpleSpaceShower::pT2nextQCD: weight above unity

 Pythia::next(): 3000 events have been generated 

 Pythia::next(): 4000 events have been generated 

 Pythia::next(): 5000 events have been generated 

 Pythia::next(): 6000 events have been generated 

 Pythia::next(): 7000 events have been generated 

 Pythia::next(): 8000 events have been generated 

 Pythia::next(): 9000 events have been generated 

 Pythia::next(): 10000 events have been generated 

 Pythia::next(): 11000 events have been generated 

 Pythia::next(): 12000 events have been generated 

 Pythia::next(): 13000 events have been generated 

 Pythia::next(): 14000 events have been generated 

 Pythia::next(): 15000 events have been generated 

 Pythia::next(): 16000 events have been generated 

 Pythia::next(): 17000 events have been generated 

 Pythia::next(): 18000 events have been generated 

 Pythia::next(): 19000 events have been generated 

 Pythia::next(): 20000 events have been generated 

 Pythia::next(): 21000 events have been generated 

 Pythia::next(): 22000 events have been generated 

 Pythia::next(): 23000 events have been generated 

 Pythia::next(): 24000 events have been generated 

 Pythia::next(): 25000 events have been generated 

 Pythia::next(): 26000 events have been generated 

 Pythia::next(): 27000 events have been generated 

 Pythia::next(): 28000 events have been generated 

 Pythia::next(): 29000 events have been generated 

 Pythia::next(): 30000 events have been generated 

 Pythia::next(): 31000 events have been generated 

 Pythia::next(): 32000 events have been generated 

 Pythia::next(): 33000 events have been generated 
 PYTHIA Error in BeamRemnants::setKinematics: no momentum left for beam remnants
 PYTHIA Warning in SimpleSpaceShower::branch: used up beam momentum; retrying parton level
 PYTHIA Error in Pythia::next: partonLevel failed; try again
 PYTHIA Abort from Pythia::next: parton+hadronLevel failed; giving up

 Pythia::next(): 34000 events have been generated 

 Pythia::next(): 35000 events have been generated 

 Pythia::next(): 36000 events have been generated 

 Pythia::next(): 37000 events have been generated 

 Pythia::next(): 38000 events have been generated 

 Pythia::next(): 39000 events have been generated 

 Pythia::next(): 40000 events have been generated 

 Pythia::next(): 41000 events have been generated 

 Pythia::next(): 42000 events have been generated 

 Pythia::next(): 43000 events have been generated 

 Pythia::next(): 44000 events have been generated 

 Pythia::next(): 45000 events have been generated 

 Pythia::next(): 46000 events have been generated 

 Pythia::next(): 47000 events have been generated 

 Pythia::next(): 48000 events have been generated 

 Pythia::next(): 49000 events have been generated 

 Pythia::next(): 50000 events have been generated 

 Pythia::next(): 51000 events have been generated 

 Pythia::next(): 52000 events have been generated 

 Pythia::next(): 53000 events have been generated 

 Pythia::next(): 54000 events have been generated 

 Pythia::next(): 55000 events have been generated 

 Pythia::next(): 56000 events have been generated 

 Pythia::next(): 57000 events have been generated 

 Pythia::next(): 58000 events have been generated 

 Pythia::next(): 59000 events have been generated 

 Pythia::next(): 60000 events have been generated 

 Pythia::next(): 61000 events have been generated 

 Pythia::next(): 62000 events have been generated 

 Pythia::next(): 63000 events have been generated 

 Pythia::next(): 64000 events have been generated 

 Pythia::next(): 65000 events have been generated 

 Pythia::next(): 66000 events have been generated 

 Pythia::next(): 67000 events have been generated 

 Pythia::next(): 68000 events have been generated 

 Pythia::next(): 69000 events have been generated 

 Pythia::next(): 70000 events have been generated 

 Pythia::next(): 71000 events have been generated 

 Pythia::next(): 72000 events have been generated 

 Pythia::next(): 73000 events have been generated 

 Pythia::next(): 74000 events have been generated 

 Pythia::next(): 75000 events have been generated 

 Pythia::next(): 76000 events have been generated 

 Pythia::next(): 77000 events have been generated 

 Pythia::next(): 78000 events have been generated 

 Pythia::next(): 79000 events have been generated 

 Pythia::next(): 80000 events have been generated 

 Pythia::next(): 81000 events have been generated 
 PYTHIA Error in SimpleSpaceShower::pT2nearThreshold: stuck in loop

 Pythia::next(): 82000 events have been generated 

 Pythia::next(): 83000 events have been generated 

 Pythia::next(): 84000 events have been generated 

 Pythia::next(): 85000 events have been generated 

 Pythia::next(): 86000 events have been generated 

 Pythia::next(): 87000 events have been generated 

 Pythia::next(): 88000 events have been generated 

 Pythia::next(): 89000 events have been generated 

 Pythia::next(): 90000 events have been generated 

 Pythia::next(): 91000 events have been generated 

 Pythia::next(): 92000 events have been generated 

 Pythia::next(): 93000 events have been generated 

 Pythia::next(): 94000 events have been generated 

 Pythia::next(): 95000 events have been generated 

 Pythia::next(): 96000 events have been generated 

 Pythia::next(): 97000 events have been generated 

 Pythia::next(): 98000 events have been generated 

 Pythia::next(): 99000 events have been generated 

 *-------  PYTHIA Event and Cross Section Statistics  -------------------------------------------------------------*
 |                                                                                                                 |
 | Subprocess                                    Code |            Number of events       |      sigma +- delta    |
 |                                                    |       Tried   Selected   Accepted |     (estimated) (mb)   |
 |                                                    |                                   |                        |
 |-----------------------------------------------------------------------------------------------------------------|
 |                                                    |                                   |                        |
 | g g -> g g                                     111 |        2653        189        189 |   1.662e-14  7.735e-16 |
 | g g -> q qbar (uds)                            112 |          87          9          9 |   5.324e-16  1.351e-16 |
 | q g -> q g                                     113 |      131398      10488      10488 |   9.355e-13  5.220e-15 |
 | q q(bar)' -> q q(bar)'                         114 |      971537      87417      87416 |   7.790e-12  1.482e-14 |
 | q qbar -> g g                                  115 |        4347        628        628 |   5.655e-14  1.357e-15 |
 | q qbar -> q' qbar' (uds)                       116 |        5004        751        751 |   6.658e-14  1.559e-15 |
 | g g -> c cbar                                  121 |          26          0          0 |   0.000e+00  0.000e+00 |
 | q qbar -> c cbar                               122 |        1662        261        261 |   2.392e-14  9.214e-16 |
 | g g -> b bbar                                  123 |          22          1          1 |   5.363e-17  5.363e-17 |
 | q qbar -> b bbar                               124 |        1605        256        256 |   2.175e-14  8.763e-16 |
 |                                                    |                                   |                        |
 | sum                                                |     1118341     100000      99999 |   8.911e-12  1.591e-14 |
 |                                                                                                                 |
 *-------  End PYTHIA Event and Cross Section Statistics ----------------------------------------------------------*

 *-------  PYTHIA Multiparton Interactions Statistics  --------*
 |                                                             |
 |  Note: excludes hardest subprocess if already listed above  |
 |                                                             |
 | Subprocess                               Code |       Times |
 |                                               |             |
 |-------------------------------------------------------------|
 |                                               |             |
 | g g -> g g                                111 |       73153 |
 | g g -> q qbar (uds)                       112 |        1019 |
 | q g -> q g                                113 |       55392 |
 | q q(bar)' -> q q(bar)'                    114 |        9114 |
 | q qbar -> g g                             115 |         234 |
 | q qbar -> q' qbar' (uds)                  116 |         112 |
 | g g -> c cbar                             121 |          33 |
 | q qbar -> c cbar                          122 |           1 |
 | g g -> b bbar                             123 |           0 |
 | q qbar -> b bbar                          124 |           0 |
 | q g -> q gamma (udscb)                    201 |           4 |
 | q qbar -> g gamma                         202 |           4 |
 | g g -> g gamma                            203 |           0 |
 | f fbar -> gamma gamma                     204 |           0 |
 | g g -> gamma gamma                        205 |           0 |
 | f f' -> f f' (t-channel gamma*/Z0)        211 |           1 |
 | f_1 f_2 -> f_3 f_4 (t-channel W+-)        212 |           0 |
 | f fbar -> f' fbar' (s-channel gamma*)     223 |           0 |
 | g g -> ccbar(3S1)[3S1(1)] g               401 |           1 |
 | g g -> ccbar(3S1)[3S1(8)] g               402 |           0 |
 | q g -> ccbar(3S1)[3S1(8)] q               403 |           0 |
 | q qbar -> ccbar(3S1)[3S1(8)] g            404 |           0 |
 | g g -> ccbar(3S1)[1S0(8)] g               405 |           2 |
 | q g -> ccbar(3S1)[1S0(8)] q               406 |           0 |
 | q qbar -> ccbar(3S1)[1S0(8)] g            407 |           0 |
 | g g -> ccbar(3S1)[3PJ(8)] g               408 |           5 |
 | q g -> ccbar(3S1)[3PJ(8)] q               409 |           1 |
 | q qbar -> ccbar(3S1)[3PJ(8)] g            410 |           0 |
 | g g -> ccbar(3PJ)[3PJ(1)] g               411 |          59 |
 | q g -> ccbar(3PJ)[3PJ(1)] q               412 |           6 |
 | q qbar -> ccbar(3PJ)[3PJ(1)] g            413 |           2 |
 | g g -> ccbar(3PJ)[3S1(8)] g               414 |           0 |
 | q g -> ccbar(3PJ)[3S1(8)] q               415 |           0 |
 | q qbar -> ccbar(3PJ)[3S1(8)] g            416 |           0 |
 | g g -> ccbar(3DJ)[3DJ(1)] g               417 |           0 |
 | g g -> ccbar(3DJ)[3PJ(8)] g               418 |           0 |
 | q g -> ccbar(3DJ)[3PJ(8)] q               419 |           0 |
 | q qbar -> ccbar(3DJ)[3PJ(8)] g            420 |           0 |
 | g g -> double ccbar(3S1)[3S1(1)]          421 |           0 |
 | q qbar -> double ccbar(3S1)[3S1(1)]       422 |           0 |
 | g g -> ccbar(3S1)[3S1(1)] gamma           441 |           0 |
 | g g -> bbbar(3S1)[3S1(1)] g               501 |           0 |
 | g g -> bbbar(3S1)[3S1(8)] g               502 |           0 |
 | q g -> bbbar(3S1)[3S1(8)] q               503 |           0 |
 | q qbar -> bbbar(3S1)[3S1(8)] g            504 |           0 |
 | g g -> bbbar(3S1)[1S0(8)] g               505 |           0 |
 | q g -> bbbar(3S1)[1S0(8)] q               506 |           0 |
 | q qbar -> bbbar(3S1)[1S0(8)] g            507 |           0 |
 | g g -> bbbar(3S1)[3PJ(8)] g               508 |           0 |
 | q g -> bbbar(3S1)[3PJ(8)] q               509 |           0 |
 | q qbar -> bbbar(3S1)[3PJ(8)] g            510 |           0 |
 | g g -> bbbar(3PJ)[3PJ(1)] g               511 |           0 |
 | q g -> bbbar(3PJ)[3PJ(1)] q               512 |           0 |
 | q qbar -> bbbar(3PJ)[3PJ(1)] g            513 |           0 |
 | g g -> bbbar(3PJ)[3S1(8)] g               514 |           0 |
 | q g -> bbbar(3PJ)[3S1(8)] q               515 |           0 |
 | q qbar -> bbbar(3PJ)[3S1(8)] g            516 |           0 |
 | g g -> double bbbar(3S1)[3S1(1)]          521 |           0 |
 | q qbar -> double bbbar(3S1)[3S1(1)]       522 |           0 |
 | g g -> bbbar(3S1)[3S1(1)] gamma           551 |           0 |
 |                                                             |
 | sum                                           |      139143 |
 |                                               |             |
 *-------  End PYTHIA Multiparton Interactions Statistics -----*

 *-------  PYTHIA Error and Warning Messages Statistics  ----------------------------------------------------------* 
 |                                                                                                                 | 
 |  times   message                                                                                                | 
 |                                                                                                                 | 
 |      1   Abort from Pythia::next: parton+hadronLevel failed; giving up                                          | 
 |     67   Error in BeamRemnants::setKinematics: kinematics construction failed after retrying 10 times           | 
 |     57   Error in BeamRemnants::setKinematics: no momentum left for beam remnants                               | 
 |     10   Error in Pythia::next: partonLevel failed; try again                                                   | 
 |      1   Error in SimpleSpaceShower::pT2nearThreshold: stuck in loop                                            | 
 |     43   Warning in SimpleSpaceShower::branch: used up beam momentum; retrying parton level                     | 
 |      9   Warning in SimpleSpaceShower::pT2nextQCD: weight above unity                                           | 
 |                                                                                                                 | 
 *-------  End PYTHIA Error and Warning Messages Statistics  ------------------------------------------------------* 
