
 *------------------------------------------------------------------------------------* 
 |                                                                                    | 
 |  *------------------------------------------------------------------------------*  | 
 |  |                                                                              |  | 
 |  |                                                                              |  | 
 |  |   PPP   Y   Y  TTTTT  H   H  III    A      Welcome to the Lund Monte Carlo!  |  | 
 |  |   P  P   Y Y     T    H   H   I    A A     This is PYTHIA version 8.315      |  | 
 |  |   PPP     Y      T    HHHHH   I   AAAAA    Last date of change: 27 May 2025  |  | 
 |  |   P       Y      T    H   H   I   A   A                                      |  | 
 |  |   P       Y      T    H   H  III  A   A    Now is 08 Oct 2025 at 02:51:01    |  | 
 |  |                                                                              |  | 
 |  |   Program documentation and an archive of historic versions is found on:     |  | 
 |  |                                                                              |  | 
 |  |                               https://pythia.org/                            |  | 
 |  |                                                                              |  | 
 |  |   PYTHIA is authored by a collaboration consisting of:                       |  | 
 |  |                                                                              |  | 
 |  |   Javira Altmann, Christian Bierlich, Naomi Cooke, Nishita Desai,            |  | 
 |  |   Ilkka Helenius, Philip Ilten, Leif Lonnblad, Stephen Mrenna,               |  | 
 |  |   Christian Preuss, Torbjorn Sjostrand, and Peter Skands.                    |  | 
 |  |                                                                              |  | 
 |  |   The complete list of authors, including contact information and            |  | 
 |  |   affiliations, can be found on https://pythia.org/.                         |  | 
 |  |   Problems or bugs should be reported on email at authors@pythia.org.        |  | 
 |  |                                                                              |  | 
 |  |   The main program reference is C. Bierlich et al,                           |  | 
 |  |   'A comprehensive guide to the physics and usage of Pythia 8.3',            |  | 
 |  |   SciPost Phys. Codebases 8-r8.3 (2022) [arXiv:2203.11601 [hep-ph]]          |  | 
 |  |                                                                              |  | 
 |  |   PYTHIA is released under the GNU General Public Licence version 2          |  | 
 |  |   or later. Please respect the MCnet Guidelines for Generator Authors        |  | 
 |  |   and Users.                                                                 |  | 
 |  |                                                                              |  | 
 |  |   Disclaimer: this program comes without any guarantees.                     |  | 
 |  |   Beware of errors and use common sense when interpreting results.           |  | 
 |  |                                                                              |  | 
 |  |   Copyright (C) 2025 Torbjorn Sjostrand                                      |  | 
 |  |                                                                              |  | 
 |  |                                                                              |  | 
 |  *------------------------------------------------------------------------------*  | 
 |                                                                                    | 
 *------------------------------------------------------------------------------------* 


 *-------  PYTHIA Process Initialization  --------------------------*
 |                                                                  |
 | We collide p+ with p+ at a CM energy of 2.000e+02 GeV            |
 |                                                                  |
 |------------------------------------------------------------------|
 |                                                    |             |
 | Subprocess                                    Code |   Estimated |
 |                                                    |    max (mb) |
 |                                                    |             |
 |------------------------------------------------------------------|
 |                                                    |             |
 | g g -> g g                                     111 |   1.005e-07 |
 | g g -> q qbar (uds)                            112 |   2.929e-09 |
 | q g -> q g                                     113 |   7.905e-07 |
 | q q(bar)' -> q q(bar)'                         114 |   8.367e-07 |
 | q qbar -> g g                                  115 |   2.698e-09 |
 | q qbar -> q' qbar' (uds)                       116 |   2.806e-09 |
 | g g -> c cbar                                  121 |   9.685e-10 |
 | q qbar -> c cbar                               122 |   9.285e-10 |
 | g g -> b bbar                                  123 |   8.986e-10 |
 | q qbar -> b bbar                               124 |   8.690e-10 |
 |                                                                  |
 *-------  End PYTHIA Process Initialization -----------------------*

 *-------  PYTHIA Multiparton Interactions Initialization  ---------* 
 |                                                                  | 
 |                   sigmaNonDiffractive =    28.49 mb              | 
 |                                                                  | 
 |    pT0 =  1.06 gives sigmaInteraction =    84.95 mb: accepted    | 
 |                                                                  | 
 *-------  End PYTHIA Multiparton Interactions Initialization  -----* 

 *-------  PYTHIA Flag + Mode + Parm + Word + FVec + MVec + PVec + WVec Settings (changes only)  ------------------* 
 |                                                                                                                 | 
 | Name                                          |                      Now |      Default         Min         Max | 
 |                                               |                          |                                      | 
 | Beams:eCM                                     |                200.00000 |    14000.000         0.0             | 
 | HardQCD:all                                   |                       on |          off                         | 
 | Main:numberOfEvents                           |                   100000 |         1000           0             | 
 | Main:rivetAnalyses                            |      BRAHMS_2007_I742956 |                                      | 
 |                                               |        STAR_2003_I631869 |                                      | 
 |                                               |        STAR_2012_I930463 |                                      | 
 |                                               |       STAR_2019_I1771348 |                                      | 
 |                                               |       STAR_2020_I1783875 |                                      | 
 |                                               |       STAR_2021_I1853218 |                                      | 
 |                                               |    STAR_2006_I709170TEST |                                      | 
 | Main:rivetDumpFile                            |                        # |                                      | 
 | Main:rivetRunName                             |                        # |                                      | 
 | Main:runRivet                                 |                       on |          off                         | 
 | Main:writeLog                                 |                       on |          off                         | 
 | PhaseSpace:pTHatMax                           |                 50.00000 |     -1.00000                         | 
 | PhaseSpace:pTHatMin                           |                 40.00000 |          0.0         0.0             | 
 | Stat:showPartonLevel                          |                       on |          off                         | 
 | StringZ:useOldAExtra                          |                       on |          off                         | 
 |                                                                                                                 | 
 *-------  End PYTHIA Flag + Mode + Parm + Word + FVec + MVec + PVec + WVec Settings  -----------------------------* 

 --------  PYTHIA Particle Data Table (changed only)  ------------------------------------------------------------------------------
 
      id   name            antiName         spn chg col      m0        mWidth      mMin       mMax       tau0    res dec ext vis wid
             no onMode   bRatio   meMode     products 

 no particle data has been changed from its default value 

 --------  End PYTHIA Particle Data Table  -----------------------------------------------------------------------------------------


 --------  PYTHIA Info Listing  ---------------------------------------- 
 
 Beam A: id =   2212, pz =  1.000e+02, e =  1.000e+02, m =  9.383e-01.
 Beam B: id =   2212, pz = -1.000e+02, e =  1.000e+02, m =  9.383e-01.

 In 1: id =    2, x =  4.307e-01, pdf =  1.945e-01 at Q2 =  1.805e+03.
 In 2: id =   21, x =  4.361e-01, pdf =  3.984e-02 at same Q2.

 Subprocess q g -> q g with code 113 is 2 -> 2.
 It has sHat =  7.514e+03,    tHat = -3.012e+03,    uHat = -4.502e+03,
       pTHat =  4.248e+01,   m3Hat =  3.300e-01,   m4Hat =  0.000e+00,
    thetaHat =  1.371e+00,  phiHat =  4.293e+00.
     alphaEM =  7.750e-03,  alphaS =  1.479e-01    at Q2 =  1.805e+03.

 Impact parameter b =  2.125e-01 gives enhancement factor =  3.035e+00.
 Max pT scale for MPI =  4.248e+01, ISR =  4.248e+01, FSR =  4.248e+01.
 Number of MPI =     6, ISR =     2, FSRproc =    31, FSRreson =     0.

 --------  End PYTHIA Info Listing  ------------------------------------

 --------  PYTHIA Event Listing  (hard process)  -----------------------------------------------------------------------------------
 
    no         id  name            status     mothers   daughters     colours      p_x        p_y        p_z         e          m 
     0         90  (system)           -11     0     0     0     0     0     0      0.000      0.000      0.000    200.000    200.000
     1       2212  (p+)               -12     0     0     3     0     0     0      0.000      0.000     99.996    100.000      0.938
     2       2212  (p+)               -12     0     0     4     0     0     0      0.000      0.000    -99.996    100.000      0.938
     3          2  (u)                -21     1     0     5     6   101     0      0.000      0.000     43.071     43.071      0.000
     4         21  (g)                -21     2     0     5     6   102   101      0.000      0.000    -43.614     43.614      0.000
     5          2  u                   23     3     4     0     0   103     0    -17.281    -38.806      8.326     43.289      0.330
     6         21  g                   23     3     4     0     0   102   103     17.281     38.806     -8.869     43.396      0.000
                                   Charge sum:  0.667           Momentum sum:      0.000      0.000     -0.543     86.685     86.683

 --------  End PYTHIA Event Listing  -----------------------------------------------------------------------------------------------

 --------  PYTHIA Event Listing  (complete event)  ---------------------------------------------------------------------------------
 
    no         id  name            status     mothers   daughters     colours      p_x        p_y        p_z         e          m 
     0         90  (system)           -11     0     0     0     0     0     0      0.000      0.000      0.000    200.000    200.000
     1       2212  (p+)               -12     0     0   140     0     0     0      0.000      0.000     99.996    100.000      0.938
     2       2212  (p+)               -12     0     0   141     0     0     0      0.000      0.000    -99.996    100.000      0.938
     3          2  (u)                -21    10     0     5     6   101     0      0.000      0.000     43.071     43.071      0.000
     4         21  (g)                -21    11    11     5     6   102   101      0.000      0.000    -43.614     43.614      0.000
     5          2  (u)                -23     3     4     9     9   103     0    -17.281    -38.806      8.326     43.289      0.330
     6         21  (g)                -23     3     4     7     8   102   103     17.281     38.806     -8.869     43.396      0.000
     7         21  (g)                -51     6     0    13    13   102   104      8.844     38.350     -5.062     39.681      0.000
     8         21  (g)                -51     6     0    14    14   104   103      6.687     -3.473     -2.963      8.097      0.000
     9          2  (u)                -52     5     5    12    12   103     0    -15.532    -34.877      7.483     38.907      0.330
    10          2  (u)                -41    21    21    15     3   105     0     -0.000     -0.000     60.334     60.334      0.000
    11         21  (g)                -42    24    24     4     4   102   101      0.000      0.000    -43.614     43.614      0.000
    12          2  (u)                -44     9     9    19    20   103     0    -11.489    -34.113     10.305     37.443      0.330
    13         21  (g)                -44     7     7    16    17   102   104     11.861     38.920     -5.414     41.046      0.000
    14         21  (g)                -44     8     8    18    18   104   103      7.134     -3.388     -3.261      8.545      0.000
    15         21  (g)                -43    10     0    34    35   105   101     -7.507     -1.419     15.089     16.913      0.000
    16         21  (g)                -51    13     0    22    23   102   106      6.922     25.383     -9.024     27.814      0.000
    17         21  (g)                -51    13     0    43    43   106   104      6.141     12.967      3.061     14.671      0.000
    18         21  (g)                -52    14    14    25    26   104   103      5.934     -2.818     -2.712      7.107      0.000
    19          2  (u)                -51    12     0    27    27   103     0     -7.141    -16.152      1.546     17.731      0.330
    20         22  (gamma)            -51    12     0    44    44     0     0     -4.349    -17.961     10.112     21.065      0.000
    21          2  (u)                -53    36    36    10    10   105     0     -0.000      0.000     61.686     61.686      0.000
    22         21  (g)                -51    16     0    31    32   107   106     -1.844      0.300     -0.327      1.897      0.000
    23         21  (g)                -51    16     0    28    29   102   107      8.766     25.083    -11.888     29.108      0.000
    24         21  (g)                -53    30    30    11    11   102   101     -0.000      0.000    -46.805     46.805      0.000
    25         21  (g)                -51    18     0    41    41   104   108      2.136     -6.133      1.427      6.649      0.000
    26         21  (g)                -51    18     0    46    46   108   103      2.208     -0.277     -3.794      4.399      0.000
    27          2  (u)                -52    19    19    39    39   103     0     -5.551    -12.561      1.202     13.789      0.330
    28         21  (g)                -51    23     0    33    33   109   107      7.066     12.057     -7.792     16.001      0.000
    29         21  (g)                -51    23     0    47    47   102   109      1.699     13.026     -5.067     14.079      0.000
    30         21  (g)                -53    38     0    24    24   102   101      0.000      0.000    -47.777     47.777      0.000
    31         21  (g)                -51    22     0    40    40   110   106      1.574      4.120     -4.596      6.370      0.000
    32         21  (g)                -51    22     0    48    48   107   110     -0.705      0.808      1.278      1.668      0.000
    33         21  (g)                -52    28    28    45    45   109   107      4.354      7.429     -4.801      9.859      0.000
    34         21  (g)                -51    15     0    42    42   111   101     -4.426     -2.903      9.769     11.111      0.000
    35         21  (g)                -51    15     0    49    49   105   111     -3.081      1.484     11.886     12.368      0.000
    36          2  (u)                -53    37    37    21    21   105     0     -0.000      0.000     68.252     68.252      0.000
    37          2  (u)                -42   140   140    36    36   105     0      0.000      0.000     68.252     68.252      0.000
    38         21  (g)                -41    82    82    50    30   112   101     -0.000     -0.000    -52.972     52.972      0.000
    39          2  (u)                -44    27    27    88    88   103     0     -5.701    -12.810      1.464     14.101      0.330
    40         21  (g)                -44    31    31    61    61   110   106      1.443      3.903     -4.718      6.292      0.000
    41         21  (g)                -44    25    25    64    64   104   108      2.074     -6.236      1.498      6.740      0.000
    42         21  (g)                -44    34    34    80    81   111   101     -4.442     -2.929      9.836     11.182      0.000
    43         21  (g)                -44    17    17    59    60   106   104      6.002     12.738      2.678     14.333      0.000
    44         22  (gamma)            -44    20    20   147   147     0     0     -4.479    -18.177     10.437     21.434      0.000
    45         21  (g)                -44    33    33    67    67   109   107      4.180      7.139     -5.034      9.684      0.000
    46         21  (g)                -44    26    26    62    63   108   103      2.110     -0.439     -3.830      4.395      0.000
    47         21  (g)                -44    29    29   121   121   102   109      1.472     12.647     -5.394     13.828      0.000
    48         21  (g)                -44    32    32    65    66   107   110     -0.710      0.800      1.264      1.656      0.000
    49         21  (g)                -44    35    35    92    93   105   111     -3.087      1.474     11.844     12.328      0.000
    50         21  (g)                -43    38     0   127   127   112   102      1.136      1.890     -4.764      5.250      0.000
    51          1  (d)                -31   176   176    53    54   113     0      0.000      0.000      5.873      5.873      0.000
    52         21  (g)                -31   177   177    53    54   114   115      0.000      0.000     -2.551      2.551      0.000
    53          1  (d)                -33    51    52   178   178   114     0     -1.254      1.698      5.185      5.608      0.330
    54         21  (g)                -33    51    52   179   179   113   115      1.254     -1.698     -1.863      2.816      0.000
    55         21  (g)                -31   180   180    57    58   117   118      0.000      0.000      2.495      2.495      0.000
    56          1  (d)                -31   181   181    57    58   116     0      0.000      0.000     -2.112      2.112      0.000
    57         21  (g)                -33    55    56   182   182   116   118     -0.379      1.925      1.363      2.389      0.000
    58          1  (d)                -33    55    56   183   183   117     0      0.379     -1.925     -0.981      2.218      0.330
    59         21  (g)                -51    43     0    68    69   119   104      2.538      8.548      2.338      9.218      0.000
    60         21  (g)                -51    43     0    85    85   106   119      3.668      4.740     -0.325      6.002      0.000
    61         21  (g)                -52    40    40    83    84   110   106      1.240      3.353     -4.053      5.405      0.000
    62         21  (g)                -51    46     0    86    87   120   103      0.190      0.896     -0.404      1.001      0.000
    63         21  (g)                -51    46     0    71    72   108   120      2.296     -2.463     -3.155      4.615      0.000
    64         21  (g)                -52    41    41    70    70   104   108      1.699     -5.107      1.227      5.521      0.000
    65         -4  (cbar)             -51    48     0   151   151     0   110      0.254      0.822      0.078      1.731      1.500
    66          4  (c)                -51    48     0   124   124   107     0      0.051      1.712     -0.036      2.277      1.500
    67         21  (g)                -52    45    45   119   120   109   107      3.164      5.405     -3.811      7.331      0.000
    68         21  (g)                -51    59     0    74    75   119   121      3.279      8.030      2.556      9.043      0.000
    69         21  (g)                -51    59     0    76    76   121   104     -0.603      0.103     -0.118      0.623      0.000
    70         21  (g)                -52    64    64    73    73   104   108      1.561     -4.693      1.127      5.073      0.000
    71         21  (g)                -51    63     0    77    78   123   120      2.139     -2.051     -2.980      4.203      0.000
    72         21  (g)                -51    63     0    79    79   108   123      0.551     -1.598      0.109      1.694      0.000
    73         21  (g)                -52    70    70   111   111   104   108      1.167     -3.507      0.842      3.791      0.000
    74         21  (g)                -51    68     0   134   135   119   125      1.304      2.556      1.659      3.314      0.000
    75         21  (g)                -51    68     0   130   130   125   121      1.845      5.496      0.872      5.863      0.000
    76         21  (g)                -52    69    69   109   110   121   104     -0.473      0.081     -0.093      0.489      0.000
    77         21  (g)                -51    71     0   112   113   126   120      0.216      0.235     -0.237      0.397      0.000
    78         21  (g)                -51    71     0   114   114   123   126      2.190     -3.058     -2.690      4.624      0.000
    79         21  (g)                -52    72    72   158   158   108   123      0.285     -0.826      0.056      0.875      0.000
    80         21  (g)                -51    42     0    94    94   111   127     -1.809     -1.578      5.977      6.442      0.000
    81         21  (g)                -51    42     0    98    99   127   101     -2.632     -1.351      3.790      4.809      0.000
    82         21  (g)                -53   100   100    38    38   112   101     -0.000     -0.000    -53.040     53.040      0.000
    83         21  (g)                -51    61     0    91    91   110   128      2.040      4.036     -4.090      6.098      0.000
    84         21  (g)                -51    61     0    89    90   128   106     -0.231      0.052     -0.013      0.237      0.000
    85         21  (g)                -52    60    60   136   136   106   119      3.099      4.005     -0.274      5.072      0.000
    86         21  (g)                -51    62     0   149   149   120   129     -0.302      0.978     -0.101      1.029      0.000
    87         21  (g)                -51    62     0   163   163   129   103     -0.052     -1.305     -0.163      1.317      0.000
    88          2  (u)                -52    39    39   142   142   103     0     -5.157    -11.588      1.324     12.756      0.330
    89         21  (g)                -51    84     0   162   162   130   106      1.021      1.611     -2.323      3.006      0.000
    90         21  (g)                -51    84     0   164   164   128   130     -0.048      0.823     -0.105      0.832      0.000
    91         21  (g)                -52    83    83   143   143   110   128      0.836      1.653     -1.676      2.498      0.000
    92         21  (g)                -51    49     0   152   152   105   131     -0.453      0.149      4.173      4.200      0.000
    93         21  (g)                -51    49     0    97    97   131   111     -2.981      1.022      8.820      9.366      0.000
    94         21  (g)                -52    80    80    95    96   111   127     -1.462     -1.275      4.829      5.204      0.000
    95         21  (g)                -51    94     0   145   145   132   127     -2.329     -0.670      5.487      5.998      0.000
    96         21  (g)                -51    94     0   131   132   111   132     -0.008     -0.305      1.931      1.955      0.000
    97         21  (g)                -52    93    93   133   133   131   111     -2.106      0.722      6.231      6.617      0.000
    98         21  (g)                -51    81     0   161   161   127   133     -0.690      0.085      1.529      1.679      0.000
    99         21  (g)                -51    81     0   167   167   133   101     -1.943     -1.436      2.154      3.237      0.000
   100         21  (g)                -53   141   141    82    82   112   101     -0.000     -0.000    -53.147     53.147      0.000
   101         21  (g)                -31   139   139   103   104   134   135      0.000      0.000      1.219      1.219      0.000
   102         21  (g)                -31   185   185   103   104   136   137      0.000      0.000    -25.753     25.753      0.000
   103         21  (g)                -33   101   102   186   186   134   137     -0.250     -0.601      1.127      1.302      0.000
   104         21  (g)                -33   101   102   137   138   136   135      0.250      0.601    -25.662     25.670      0.000
   105         21  (g)                -31   189   189   107   108   139   140      0.000      0.000      0.347      0.347      0.000
   106          2  (u)                -31   190   190   107   108   138     0      0.000      0.000     -3.409      3.409      0.000
   107         21  (g)                -33   105   106   191   191   138   140      0.210     -0.574      0.004      0.611      0.000
   108          2  (u)                -33   105   106   192   192   139     0     -0.210      0.574     -3.067      3.145      0.330
   109         21  (g)                -51    76     0   128   129   121   141     -0.476     -0.343     -0.409      0.715      0.000
   110         21  (g)                -51    76     0   168   168   141   104      0.372     -0.686      0.582      0.974      0.000
   111         21  (g)                -52    73    73   144   144   104   108      0.798     -2.397      0.576      2.591      0.000
   112         21  (g)                -51    77     0   155   155   142   120     -0.217     -0.190     -0.359      0.461      0.000
   113         21  (g)                -51    77     0   169   169   126   142      1.504     -1.070     -1.193      2.198      0.000
   114         21  (g)                -52    78    78   160   160   123   126      1.119     -1.563     -1.375      2.363      0.000
   115          1  (d)                -31   193   193   117   118   143     0      0.000      0.000      0.669      0.669      0.000
   116         21  (g)                -31   194   194   117   118   144   145      0.000      0.000     -0.785      0.785      0.000
   117          1  (d)                -33   115   116   195   195   144     0     -0.453     -0.309     -0.477      0.798      0.330
   118         21  (g)                -33   115   116   196   196   143   145      0.453      0.309      0.360      0.656      0.000
   119         21  (g)                -51    67     0   122   123   146   107      2.417      4.601     -3.696      6.377      0.000
   120         21  (g)                -51    67     0   170   170   109   146      0.921      2.298     -0.752      2.587      0.000
   121         21  (g)                -52    47    47   125   126   102   109      1.298     11.153     -4.757     12.195      0.000
   122         21  (g)                -51   119     0   148   148   146   147      0.853      1.074     -0.373      1.422      0.000
   123         21  (g)                -51   119     0   171   171   147   107      1.449      3.522     -3.142      4.937      0.000
   124          4  (c)                -52    66    66   156   156   107     0      0.166      1.717     -0.218      2.296      1.500
   125         -3  (sbar)             -51   121     0   150   150     0   109      1.043      9.308     -3.724     10.092      0.500
   126          3  (s)                -51   121     0   172   172   102     0      0.344      1.993     -1.406      2.513      0.500
   127         21  (g)                -52    50    50   153   153   112   102      1.047      1.742     -4.392      4.839      0.000
   128         21  (g)                -51   109     0   157   157   148   141      0.040     -0.265      0.259      0.372      0.000
   129         21  (g)                -51   109     0   173   173   121   148     -0.376      0.338     -0.601      0.786      0.000
   130         21  (g)                -52    75    75   159   159   125   121      1.706      5.080      0.806      5.419      0.000
   131         21  (g)                -51    96     0   166   166   149   132     -0.974     -0.338      3.976      4.107      0.000
   132         21  (g)                -51    96     0   174   174   111   149     -0.032      0.376      0.910      0.985      0.000
   133         21  (g)                -52    97    97   165   165   131   111     -1.107      0.380      3.277      3.480      0.000
   134         21  (g)                -51    74     0   146   146   150   125      0.478      0.233      0.420      0.678      0.000
   135         21  (g)                -51    74     0   175   175   119   150      1.380      3.040      1.190      3.544      0.000
   136         21  (g)                -52    85    85   154   154   106   119      2.545      3.289     -0.225      4.165      0.000
   137         21  (g)                -51   104     0   187   187   136   151      0.174     -0.022    -20.470     20.471      0.000
   138         21  (g)                -51   104     0   188   188   151   135      0.076      0.623     -5.177      5.215      0.000
   139         21  (g)                -53   184   184   101   101   134   135     -0.000      0.000      1.234      1.234      0.000
   140          2  (u)                -61     1     0    37    37   105     0      1.288     -1.831     68.234     68.271      0.000
   141         21  (g)                -61     2     0   100   100   112   101     -1.416     -0.234    -53.127     53.146      0.000
   142          2  (u)                -62    88    88   279   279   103     0     -5.177    -11.803      1.312     12.959      0.330
   143         21  (g)                -62    91    91   294   294   110   128      0.788      1.633     -1.675      2.469      0.000
   144         21  (g)                -62   111   111   205     0   104   108      0.800     -2.444      0.531      2.626      0.000
   145         21  (g)                -62    95    95   201     0   132   127     -2.227     -0.826      5.531      6.019      0.000
   146         21  (g)                -62   134   134   289   289   150   125      0.485      0.218      0.412      0.672      0.000
   147         22  gamma               62    44    44     0     0     0     0     -4.326    -18.631     10.333     21.739      0.000
   148         21  (g)                -62   122   122   203     0   146   147      0.839      1.057     -0.380      1.402      0.000
   149         21  (g)                -62    86    86   281   281   120   129     -0.308      0.963     -0.083      1.015      0.000
   150         -3  (sbar)             -62   125   125   209   209     0   109      0.920      9.193     -3.641      9.943      0.500
   151         -4  (cbar)             -62    65    65   295   295     0   110      0.249      0.794      0.081      1.717      1.500
   152         21  (g)                -62    92    92   216   216   105   131     -0.375      0.036      4.184      4.200      0.000
   153         21  (g)                -62   127   127   238   238   112   102      0.928      1.716     -4.394      4.808      0.000
   154         21  (g)                -62   136   136   291   291   106   119      2.524      3.227     -0.246      4.104      0.000
   155         21  (g)                -62   112   112   282   282   142   120     -0.227     -0.193     -0.356      0.464      0.000
   156          4  (c)                -62   124   124   206   206   107     0      0.153      1.683     -0.202      2.269      1.500
   157         21  (g)                -62   128   128   204     0   148   141      0.044     -0.274      0.255      0.376      0.000
   158         21  (g)                -62    79    79   205     0   108   123      0.283     -0.840      0.041      0.887      0.000
   159         21  (g)                -62   130   130   288   288   125   121      1.703      4.987      0.824      5.334      0.000
   160         21  (g)                -62   114   114   284   284   123   126      1.078     -1.584     -1.417      2.383      0.000
   161         21  (g)                -62    98    98   201     0   127   133     -0.661      0.041      1.545      1.681      0.000
   162         21  (g)                -62    89    89   292   292   130   106      0.957      1.591     -2.327      2.977      0.000
   163         21  (g)                -62    87    87   280   280   129   103     -0.061     -1.324     -0.177      1.337      0.000
   164         21  (g)                -62    90    90   293   293   128   130     -0.054      0.812     -0.095      0.819      0.000
   165         21  (g)                -62   133   133   217   217   131   111     -1.046      0.289      3.306      3.479      0.000
   166         21  (g)                -62   131   131   219   219   149   132     -0.900     -0.447      3.993      4.117      0.000
   167         21  (g)                -62    99    99   221   221   133   101     -1.906     -1.511      2.182      3.267      0.000
   168         21  (g)                -62   110   110   204     0   141   104      0.381     -0.708      0.566      0.983      0.000
   169         21  (g)                -62   113   113   283   283   126   142      1.467     -1.091     -1.239      2.209      0.000
   170         21  (g)                -62   120   120   203     0   109   146      0.894      2.266     -0.747      2.548      0.000
   171         21  (g)                -62   123   123   207   207   147   107      1.359      3.480     -3.134      4.877      0.000
   172          3  (s)                -62   126   126   237   237   102     0      0.302      1.970     -1.391      2.481      0.500
   173         21  (g)                -62   129   129   287   287   121   148     -0.392      0.333     -0.589      0.782      0.000
   174         21  (g)                -62   132   132   218   218   111   149     -0.015      0.350      0.914      0.979      0.000
   175         21  (g)                -62   135   135   290   290   119   150      1.393      2.971      1.192      3.491      0.000
   176          1  (d)                -61     1     0    51    51   134     0     -1.626     -1.057      6.059      6.362      0.000
   177         21  (g)                -61     2     0    52    52   136   112     -1.150     -1.157     -2.405      2.906      0.000
   178          1  (d)                -62    53    53   260   260   114     0     -2.830      0.638      5.244      6.002      0.330
   179         21  (g)                -62    54    54   239   239   113   112      0.055     -2.852     -1.590      3.266      0.000
   180         21  (g)                -61     1     0    55    55   117   118     -0.502      1.599      2.378      2.909      0.000
   181          1  (d)                -61     2     0    56    56   118     0      0.640      0.331     -1.963      2.091      0.000
   182         21  (g)                -62    57    57   259   259   116   114     -0.518      3.284      0.785      3.416      0.000
   183          1  (d)                -62    58    58   261   261   117     0      0.656     -1.354     -0.370      1.584      0.330
   184         21  (g)                -61     1     0   139   139   137   137      0.257     -0.145      1.208      1.243      0.000
   185         21  (g)                -61     2     0   102   102   135   135      1.084      0.974    -25.966     26.007      0.000
   186         21  (g)                -62   103   103   202     0   134   138      0.007     -0.740      1.075      1.305      0.000
   187         21  (g)                -62   137   137   256   256   136   151      1.037      0.752    -20.655     20.695      0.000
   188         21  (g)                -62   138   138   257   257   151   143      0.298      0.816     -5.178      5.250      0.000
   189         21  (g)                -61     1     0   105   105   139   117     -0.061      0.348      0.264      0.441      0.000
   190          2  (u)                -61     2     0   106   106   117     0     -0.046      0.684     -3.657      3.721      0.000
   191         21  (g)                -62   107   107   202     0   138   113      0.158     -0.262      0.168      0.349      0.000
   192          2  (u)                -62   108   108   200     0   139     0     -0.264      1.294     -3.561      3.813      0.330
   193          1  (d)                -61     1     0   115   115   118     0      0.180      0.280      0.443      0.554      0.000
   194         21  (g)                -61     2     0   116   116   101   118      0.478     -0.870     -0.579      1.149      0.000
   195          1  (d)                -62   117   117   222   222   101     0     -0.060     -0.853     -0.191      0.936      0.330
   196         21  (g)                -62   118   118   258   258   143   116      0.718      0.263      0.055      0.767      0.000
   197          2  (u)                -63     1     0   200     0   153     0     -0.042      0.009     -0.199      0.388      0.330
   198         -1  (dbar)             -63     1     0   241   241     0   134      0.506      0.797     20.041     20.066      0.330
   199          2  (u)                -63     2     0   255   255   155     0      0.409      0.271    -10.731     10.747      0.330
   200       2203  (uu_1)             -74   192   197   215   215     0   105     -0.307      1.303     -3.760      4.200      1.309
   201         21  (g)                -73   145   161   220   220   132   133     -2.888     -0.785      7.076      7.700      0.520
   202         21  (g)                -73   186   191   240   240   134   113      0.164     -1.002      1.243      1.654      0.400
   203         21  (g)                -73   148   170   208   208   109   147      1.733      3.323     -1.127      3.950      0.535
   204         21  (g)                -73   157   168   286   286   148   104      0.425     -0.981      0.821      1.360      0.175
   205         21  (g)                -73   144   158   285   285   104   123      1.083     -3.284      0.571      3.513      0.241
   206          4  (c)                -71   156   156   210   214   107     0      0.153      1.683     -0.202      2.269      1.500
   207         21  (g)                -71   171   171   210   214   147   107      1.359      3.480     -3.134      4.877      0.000
   208         21  (g)                -71   203   203   210   214   109   147      1.733      3.323     -1.127      3.950      0.535
   209         -3  (sbar)             -71   150   150   210   214     0   109      0.920      9.193     -3.641      9.943      0.500
   210        413  (D*+)              -83   206   209   367   368     0     0      1.108      3.101     -1.531      4.151      2.010
   211       -213  (rho-)             -83   206   209   322   323     0     0     -0.043      1.542     -0.444      1.717      0.609
   212        323  (K*+)              -83   206   209   324   325     0     0      1.375      2.371     -1.951      3.480      0.890
   213       -323  (K*-)              -84   206   209   326   327     0     0      1.398      7.442     -2.650      8.074      0.912
   214        321  K+                  84   206   209     0     0     0     0      0.326      3.223     -1.529      3.616      0.494
   215       2203  (uu_1)             -74   200   200   223   236     0   105     -0.307      1.303     -3.760      4.200      1.309
   216         21  (g)                -71   152   152   223   236   105   131     -0.375      0.036      4.184      4.200      0.000
   217         21  (g)                -71   165   165   223   236   131   111     -1.046      0.289      3.306      3.479      0.000
   218         21  (g)                -71   174   174   223   236   111   149     -0.015      0.350      0.914      0.979      0.000
   219         21  (g)                -71   166   166   223   236   149   132     -0.900     -0.447      3.993      4.117      0.000
   220         21  (g)                -71   201   201   223   236   132   133     -2.888     -0.785      7.076      7.700      0.520
   221         21  (g)                -71   167   167   223   236   133   101     -1.906     -1.511      2.182      3.267      0.000
   222          1  (d)                -71   195   195   223   236   101     0     -0.060     -0.853     -0.191      0.936      0.330
   223        321  K+                  83   215   222     0     0     0     0     -0.098      0.512     -1.064      1.283      0.494
   224       3222  (Sigma+)           -87   215   222   369   370     0     0     -0.173      0.814     -0.465      1.524      1.189
   225        111  (pi0)              -83   215   222   371   372     0     0     -0.474     -0.375     -1.053      1.222      0.135
   226       -211  pi-                 83   215   222     0     0     0     0      0.193      0.408      0.456      0.657      0.140
   227        211  pi+                 83   215   222     0     0     0     0      0.059     -0.353     -0.108      0.399      0.140
   228       -211  pi-                 83   215   222     0     0     0     0      0.248      0.422     -0.060      0.512      0.140
   229        111  (pi0)              -84   215   222   373   374     0     0     -0.392     -0.092      1.566      1.622      0.135
   230        213  (rho+)             -84   215   222   328   329     0     0     -0.665      0.121      3.623      3.796      0.913
   231        111  (pi0)              -84   215   222   375   376     0     0     -0.773      0.163      1.676      1.858      0.135
   232        221  (eta)              -84   215   222   377   379     0     0     -1.168      0.030      3.546      3.773      0.548
   233       -213  (rho-)             -84   215   222   330   331     0     0     -0.667     -0.402      2.774      3.002      0.842
   234       -313  (K*bar0)           -84   215   222   332   333     0     0     -1.599     -1.164      4.781      5.248      0.878
   235        323  (K*+)              -84   215   222   334   335     0     0     -1.174     -0.118      0.653      1.592      0.847
   236       -213  (rho-)             -84   215   222   336   337     0     0     -0.813     -1.585      1.380      2.391      0.802
   237          3  (s)                -71   172   172   242   254   102     0      0.302      1.970     -1.391      2.481      0.500
   238         21  (g)                -71   153   153   242   254   112   102      0.928      1.716     -4.394      4.808      0.000
   239         21  (g)                -71   179   179   242   254   113   112      0.055     -2.852     -1.590      3.266      0.000
   240         21  (g)                -71   202   202   242   254   134   113      0.164     -1.002      1.243      1.654      0.400
   241         -1  (dbar)             -71   198   198   242   254     0   134      0.506      0.797     20.041     20.066      0.330
   242       -321  K-                  83   237   241     0     0     0     0     -0.103      0.866     -1.175      1.544      0.494
   243        211  pi+                 83   237   241     0     0     0     0      0.574      0.680     -1.697      1.921      0.140
   244       -211  pi-                 83   237   241     0     0     0     0     -0.080      0.461      0.014      0.488      0.140
   245        113  (rho0)             -83   237   241   338   339     0     0      0.981      0.608     -2.257      2.909      1.427
   246        223  (omega)            -83   237   241   380   382     0     0     -0.035     -0.717     -0.595      1.208      0.769
   247        213  (rho+)             -83   237   241   340   341     0     0     -0.367      0.198     -1.129      1.402      0.720
   248        223  (omega)            -83   237   241   383   385     0     0      0.657     -0.696      0.314      1.275      0.782
   249       -213  (rho-)             -84   237   241   342   343     0     0     -0.037     -0.849      1.009      1.482      0.673
   250        211  pi+                 84   237   241     0     0     0     0     -0.100     -0.004     -0.032      0.175      0.140
   251       -211  pi-                 84   237   241     0     0     0     0     -0.375     -0.005      1.178      1.244      0.140
   252       3122  (Lambda0)          -84   237   241   386   387     0     0      0.182     -0.669      4.560      4.746      1.116
   253      -3112  (Sigmabar+)        -84   237   241   388   389     0     0      0.223      0.964      8.598      8.737      1.197
   254        111  (pi0)              -84   237   241   390   391     0     0      0.436     -0.208      5.119      5.143      0.135
   255          2  (u)                -71   199   199   262   278   155     0      0.409      0.271    -10.731     10.747      0.330
   256         21  (g)                -71   187   187   262   278   136   151      1.037      0.752    -20.655     20.695      0.000
   257         21  (g)                -71   188   188   262   278   151   143      0.298      0.816     -5.178      5.250      0.000
   258         21  (g)                -71   196   196   262   278   143   116      0.718      0.263      0.055      0.767      0.000
   259         21  (g)                -71   182   182   262   278   116   114     -0.518      3.284      0.785      3.416      0.000
   260          1  (d)                -71   178   178   262   278   114     0     -2.830      0.638      5.244      6.002      0.330
   261          1  (d)                -71   183   183   262   278   117     0      0.656     -1.354     -0.370      1.584      0.330
   262        321  K+                  85   255   261     0     0     0     0      0.049      0.359     -2.406      2.483      0.494
   263        111  (pi0)              -86   255   261   392   393     0     0      0.363     -0.366     -0.083      0.540      0.135
   264       -213  (rho-)             -86   255   261   344   345     0     0      0.241     -0.809     -1.173      1.709      0.912
   265       -211  pi-                 83   255   261     0     0     0     0     -1.672      0.047      2.228      2.790      0.140
   266       2214  (Delta+)           -83   255   261   346   347     0     0     -0.315      1.783      0.873      2.359      1.235
   267        111  (pi0)              -83   255   261   394   395     0     0      0.325      0.363      1.138      1.245      0.135
   268      -2112  nbar0               83   255   261     0     0     0     0     -0.907     -0.121      0.909      1.596      0.940
   269       -213  (rho-)             -83   255   261   348   349     0     0      0.262      1.077      0.544      1.414      0.688
   270        223  (omega)            -83   255   261   396   398     0     0     -0.316      1.166     -0.472      1.515      0.782
   271        211  pi+                 84   255   261     0     0     0     0      0.153      0.200     -2.563      2.579      0.140
   272        111  (pi0)              -84   255   261   399   400     0     0     -0.107     -0.183     -1.744      1.762      0.135
   273       -211  pi-                 84   255   261     0     0     0     0      0.056      0.437     -2.221      2.269      0.140
   274        211  pi+                 84   255   261     0     0     0     0      0.611      0.306     -4.122      4.181      0.140
   275       -211  pi-                 84   255   261     0     0     0     0     -0.205     -0.198     -1.459      1.493      0.140
   276        211  pi+                 84   255   261     0     0     0     0      0.332     -0.006     -1.261      1.311      0.140
   277       -211  pi-                 84   255   261     0     0     0     0      0.510      0.970    -10.328     10.387      0.140
   278       3224  (Sigma*+)          -88   255   261   350   351     0     0      0.389     -0.356     -8.708      8.829      1.360
   279          2  (u)                -71   142   142   296   321   103     0     -5.177    -11.803      1.312     12.959      0.330
   280         21  (g)                -71   163   163   296   321   129   103     -0.061     -1.324     -0.177      1.337      0.000
   281         21  (g)                -71   149   149   296   321   120   129     -0.308      0.963     -0.083      1.015      0.000
   282         21  (g)                -71   155   155   296   321   142   120     -0.227     -0.193     -0.356      0.464      0.000
   283         21  (g)                -71   169   169   296   321   126   142      1.467     -1.091     -1.239      2.209      0.000
   284         21  (g)                -71   160   160   296   321   123   126      1.078     -1.584     -1.417      2.383      0.000
   285         21  (g)                -71   205   205   296   321   104   123      1.083     -3.284      0.571      3.513      0.241
   286         21  (g)                -71   204   204   296   321   148   104      0.425     -0.981      0.821      1.360      0.175
   287         21  (g)                -71   173   173   296   321   121   148     -0.392      0.333     -0.589      0.782      0.000
   288         21  (g)                -71   159   159   296   321   125   121      1.703      4.987      0.824      5.334      0.000
   289         21  (g)                -71   146   146   296   321   150   125      0.485      0.218      0.412      0.672      0.000
   290         21  (g)                -71   175   175   296   321   119   150      1.393      2.971      1.192      3.491      0.000
   291         21  (g)                -71   154   154   296   321   106   119      2.524      3.227     -0.246      4.104      0.000
   292         21  (g)                -71   162   162   296   321   130   106      0.957      1.591     -2.327      2.977      0.000
   293         21  (g)                -71   164   164   296   321   128   130     -0.054      0.812     -0.095      0.819      0.000
   294         21  (g)                -71   143   143   296   321   110   128      0.788      1.633     -1.675      2.469      0.000
   295         -4  (cbar)             -71   151   151   296   321     0   110      0.249      0.794      0.081      1.717      1.500
   296        211  pi+                 83   279   295     0     0     0     0     -2.785     -6.770      0.741      7.359      0.140
   297        111  (pi0)              -83   279   295   401   402     0     0     -1.354     -2.879      0.657      3.252      0.135
   298        311  (K0)               -83   279   295   352   352     0     0     -0.349     -1.577     -0.285      1.714      0.498
   299       -311  (Kbar0)            -83   279   295   353   353     0     0     -0.475     -0.808      0.261      1.093      0.498
   300       -211  pi-                 83   279   295     0     0     0     0     -0.564     -0.730     -0.696      1.164      0.140
   301        211  pi+                 83   279   295     0     0     0     0     -0.066      0.151      0.170      0.275      0.140
   302       -211  pi-                 83   279   295     0     0     0     0      0.207     -0.328     -0.382      0.562      0.140
   303        223  (omega)            -83   279   295   403   405     0     0      0.851     -0.688     -0.463      1.428      0.793
   304        211  pi+                 83   279   295     0     0     0     0      0.230     -0.487     -0.237      0.604      0.140
   305        111  (pi0)              -83   279   295   406   408     0     0      0.043     -0.160     -0.350      0.410      0.135
   306       -211  pi-                 83   279   295     0     0     0     0     -0.010     -0.216      0.091      0.273      0.140
   307        213  (rho+)             -83   279   295   354   355     0     0      0.616     -0.905      0.251      1.391      0.821
   308       -211  pi-                 83   279   295     0     0     0     0     -0.146      0.020      0.464      0.506      0.140
   309        211  pi+                 83   279   295     0     0     0     0      0.148     -0.738     -0.336      0.836      0.140
   310       -211  pi-                 83   279   295     0     0     0     0      0.231     -0.401     -0.538      0.723      0.140
   311        223  (omega)            -83   279   295   409   411     0     0      1.215     -1.710     -0.347      2.261      0.769
   312        223  (omega)            -84   279   295   412   414     0     0      0.029      0.038     -0.443      0.892      0.773
   313       2112  n0                  84   279   295     0     0     0     0      0.719      0.035      0.483      1.279      0.940
   314      -1114  (Deltabar+)        -84   279   295   356   357     0     0      0.314      1.948      0.102      2.338      1.249
   315        311  (K0)               -84   279   295   358   358     0     0      0.009      0.075      0.747      0.901      0.498
   316       -313  (K*bar0)           -84   279   295   359   360     0     0      2.752      5.091      0.242      5.860      0.888
   317       -213  (rho-)             -84   279   295   361   362     0     0      0.808      1.369      0.498      1.974      1.059
   318        211  pi+                 84   279   295     0     0     0     0      0.811      1.540     -0.123      1.750      0.140
   319        221  (eta)              -84   279   295   415   417     0     0      0.738      0.564     -0.272      1.112      0.548
   320       3212  (Sigma0)           -84   279   295   418   419     0     0      1.906      3.077     -2.416      4.512      1.193
   321      -4232  (Xi_cbar-)         -84   279   295   420   421     0     0      0.054      1.757     -0.812      3.137      2.468
   322       -211  pi-                 91   211     0     0     0     0     0      0.200      0.579     -0.326      0.707      0.140
   323        111  (pi0)              -91   211     0   422   423     0     0     -0.242      0.964     -0.118      1.010      0.135
   324        311  (K0)               -91   212     0   363   363     0     0      1.291      1.820     -1.382      2.672      0.498
   325        211  pi+                 91   212     0     0     0     0     0      0.084      0.551     -0.569      0.809      0.140
   326       -311  (Kbar0)            -91   213     0   364   364     0     0      0.572      2.631     -0.806      2.854      0.498
   327       -211  pi-                 91   213     0     0     0     0     0      0.826      4.811     -1.845      5.220      0.140
   328        211  pi+                 91   230     0     0     0     0     0      0.136      0.195      1.448      1.474      0.140
   329        111  (pi0)              -91   230     0   424   425     0     0     -0.801     -0.074      2.174      2.322      0.135
   330       -211  pi-                 91   233     0     0     0     0     0     -0.370      0.211      1.209      1.289      0.140
   331        111  (pi0)              -91   233     0   426   427     0     0     -0.297     -0.614      1.565      1.712      0.135
   332       -321  K-                  91   234     0     0     0     0     0     -0.486     -0.341      1.654      1.825      0.494
   333        211  pi+                 91   234     0     0     0     0     0     -1.114     -0.823      3.127      3.423      0.140
   334        311  (K0)               -91   235     0   365   365     0     0     -0.877      0.048      0.236      1.036      0.498
   335        211  pi+                 91   235     0     0     0     0     0     -0.297     -0.166      0.417      0.556      0.140
   336       -211  pi-                 91   236     0     0     0     0     0     -0.688     -0.846      0.446      1.186      0.140
   337        111  (pi0)              -91   236     0   428   429     0     0     -0.124     -0.738      0.934      1.205      0.135
   338        211  pi+                 91   245     0     0     0     0     0      1.178      0.324     -2.216      2.534      0.140
   339       -211  pi-                 91   245     0     0     0     0     0     -0.197      0.284     -0.041      0.375      0.140
   340        211  pi+                 91   247     0     0     0     0     0     -0.461     -0.027     -0.965      1.079      0.140
   341        111  (pi0)              -91   247     0   430   431     0     0      0.095      0.225     -0.164      0.323      0.135
   342       -211  pi-                 91   249     0     0     0     0     0      0.097     -0.620      0.294      0.707      0.140
   343        111  (pi0)              -91   249     0   432   433     0     0     -0.134     -0.230      0.715      0.775      0.135
   344       -211  pi-                 91   264     0     0     0     0     0      0.549     -0.511     -0.551      0.941      0.140
   345        111  (pi0)              -91   264     0   434   435     0     0     -0.308     -0.297     -0.623      0.768      0.135
   346       2212  p+                  91   266     0     0     0     0     0     -0.084      1.442      0.517      1.798      0.938
   347        111  (pi0)              -91   266     0   436   437     0     0     -0.231      0.341      0.356      0.561      0.135
   348       -211  pi-                 91   269     0     0     0     0     0      0.235      0.304      0.473      0.625      0.140
   349        111  (pi0)              -91   269     0   438   439     0     0      0.027      0.773      0.071      0.789      0.135
   350       3122  (Lambda0)          -91   278     0   440   441     0     0      0.136     -0.271     -7.013      7.108      1.116
   351        211  pi+                 91   278     0     0     0     0     0      0.253     -0.085     -1.695      1.722      0.140
   352        310  (K_S0)             -91   298   298   442   443     0     0     -0.349     -1.577     -0.285      1.714      0.498
   353        130  K_L0                91   299   299     0     0     0     0     -0.475     -0.808      0.261      1.093      0.498
   354        211  pi+                 91   307     0     0     0     0     0      0.339     -0.386      0.507      0.736      0.140
   355        111  (pi0)              -91   307     0   444   445     0     0      0.276     -0.519     -0.256      0.656      0.135
   356      -2112  nbar0               91   314     0     0     0     0     0      0.393      1.554     -0.112      1.861      0.940
   357        211  pi+                 91   314     0     0     0     0     0     -0.079      0.394      0.214      0.476      0.140
   358        310  (K_S0)             -91   315   315   446   447     0     0      0.009      0.075      0.747      0.901      0.498
   359       -311  (Kbar0)            -91   316     0   366   366     0     0      2.266      4.552      0.311      5.119      0.498
   360        111  (pi0)              -91   316     0   448   449     0     0      0.486      0.538     -0.069      0.741      0.135
   361       -211  pi-                 91   317     0     0     0     0     0      0.204      0.729      0.723      1.056      0.140
   362        111  (pi0)              -91   317     0   450   451     0     0      0.604      0.640     -0.225      0.918      0.135
   363        310  (K_S0)             -91   324   324   452   453     0     0      1.291      1.820     -1.382      2.672      0.498
   364        310  (K_S0)             -91   326   326   454   455     0     0      0.572      2.631     -0.806      2.854      0.498
   365        310  (K_S0)             -91   334   334   456   457     0     0     -0.877      0.048      0.236      1.036      0.498
   366        310  (K_S0)             -91   359   359   458   459     0     0      2.266      4.552      0.311      5.119      0.498
   367        421  (D0)               -91   210     0   460   461     0     0      1.072      2.917     -1.433      3.897      1.865
   368        211  pi+                 91   210     0     0     0     0     0      0.036      0.184     -0.098      0.254      0.140
   369       2112  n0                  91   224     0     0     0     0     0     -0.308      0.690     -0.306      1.244      0.940
   370        211  pi+                 91   224     0     0     0     0     0      0.135      0.124     -0.159      0.280      0.140
   371         22  gamma               91   225     0     0     0     0     0     -0.305     -0.308     -0.804      0.914      0.000
   372         22  gamma               91   225     0     0     0     0     0     -0.169     -0.067     -0.249      0.308      0.000
   373         22  gamma               91   229     0     0     0     0     0     -0.326     -0.089      1.065      1.117      0.000
   374         22  gamma               91   229     0     0     0     0     0     -0.067     -0.003      0.501      0.505      0.000
   375         22  gamma               91   231     0     0     0     0     0     -0.759      0.148      1.575      1.755      0.000
   376         22  gamma               91   231     0     0     0     0     0     -0.014      0.016      0.101      0.103      0.000
   377        211  pi+                 91   232     0     0     0     0     0     -0.545     -0.090      1.286      1.406      0.140
   378       -211  pi-                 91   232     0     0     0     0     0     -0.183      0.016      0.796      0.829      0.140
   379        111  (pi0)              -91   232     0   462   463     0     0     -0.440      0.104      1.464      1.538      0.135
   380        211  pi+                 91   246     0     0     0     0     0     -0.033      0.015     -0.077      0.163      0.140
   381       -211  pi-                 91   246     0     0     0     0     0      0.177     -0.119     -0.135      0.288      0.140
   382        111  (pi0)              -91   246     0   464   465     0     0     -0.179     -0.613     -0.383      0.757      0.135
   383        211  pi+                 91   248     0     0     0     0     0      0.187     -0.183      0.356      0.463      0.140
   384       -211  pi-                 91   248     0     0     0     0     0      0.308     -0.452      0.064      0.568      0.140
   385        111  (pi0)              -91   248     0   466   467     0     0      0.161     -0.061     -0.106      0.243      0.135
   386       2212  p+                  91   252     0     0     0     0     0      0.064     -0.613      3.900      4.058      0.938
   387       -211  pi-                 91   252     0     0     0     0     0      0.118     -0.056      0.660      0.688      0.140
   388      -2112  nbar0               91   253     0     0     0     0     0      0.153      0.650      5.506      5.625      0.940
   389        211  pi+                 91   253     0     0     0     0     0      0.070      0.314      3.092      3.112      0.140
   390         22  gamma               91   254     0     0     0     0     0      0.114     -0.109      1.260      1.270      0.000
   391         22  gamma               91   254     0     0     0     0     0      0.321     -0.099      3.859      3.874      0.000
   392         22  gamma               91   263     0     0     0     0     0      0.062     -0.019      0.021      0.069      0.000
   393         22  gamma               91   263     0     0     0     0     0      0.301     -0.347     -0.105      0.471      0.000
   394         22  gamma               91   267     0     0     0     0     0      0.205      0.303      0.744      0.829      0.000
   395         22  gamma               91   267     0     0     0     0     0      0.120      0.060      0.394      0.416      0.000
   396        211  pi+                 91   270     0     0     0     0     0     -0.166      0.336     -0.004      0.400      0.140
   397       -211  pi-                 91   270     0     0     0     0     0      0.115      0.351     -0.021      0.395      0.140
   398        111  (pi0)              -91   270     0   468   469     0     0     -0.266      0.479     -0.447      0.720      0.135
   399         22  gamma               91   272     0     0     0     0     0     -0.113     -0.166     -1.127      1.144      0.000
   400         22  gamma               91   272     0     0     0     0     0      0.006     -0.017     -0.618      0.618      0.000
   401         22  gamma               91   297     0     0     0     0     0     -1.254     -2.616      0.567      2.956      0.000
   402         22  gamma               91   297     0     0     0     0     0     -0.100     -0.263      0.091      0.296      0.000
   403        211  pi+                 91   303     0     0     0     0     0      0.592     -0.299     -0.468      0.824      0.140
   404       -211  pi-                 91   303     0     0     0     0     0      0.136     -0.324      0.097      0.390      0.140
   405        111  (pi0)              -91   303     0   470   471     0     0      0.123     -0.065     -0.092      0.215      0.135
   406         22  gamma               91   305     0     0     0     0     0      0.021     -0.135     -0.350      0.376      0.000
   407         11  e-                  91   305     0     0     0     0     0      0.002     -0.000     -0.001      0.002      0.001
   408        -11  e+                  91   305     0     0     0     0     0      0.021     -0.025      0.001      0.033      0.001
   409        211  pi+                 91   311     0     0     0     0     0      0.130     -0.158     -0.100      0.267      0.140
   410       -211  pi-                 91   311     0     0     0     0     0      0.704     -0.948      0.091      1.193      0.140
   411        111  (pi0)              -91   311     0   472   473     0     0      0.382     -0.603     -0.337      0.801      0.135
   412        211  pi+                 91   312     0     0     0     0     0     -0.023      0.204     -0.041      0.252      0.140
   413       -211  pi-                 91   312     0     0     0     0     0      0.202     -0.167     -0.238      0.380      0.140
   414        111  (pi0)              -91   312     0   474   475     0     0     -0.149      0.001     -0.165      0.260      0.135
   415        111  (pi0)              -91   319     0   476   477     0     0      0.362      0.336     -0.039      0.513      0.135
   416        111  (pi0)              -91   319     0   478   479     0     0      0.092      0.144     -0.043      0.222      0.135
   417        111  (pi0)              -91   319     0   480   481     0     0      0.284      0.084     -0.190      0.377      0.135
   418       3122  (Lambda0)          -91   320     0   482   483     0     0      1.686      2.797     -2.130      4.056      1.116
   419         22  gamma               91   320     0     0     0     0     0      0.220      0.279     -0.285      0.456      0.000
   420      -3222  (Sigmabar-)        -91   321     0   484   485     0     0     -0.479      1.204     -1.214      2.137      1.189
   421        311  (K0)               -91   321     0   486   486     0     0      0.533      0.553      0.402      1.000      0.498
   422         22  gamma               91   323     0     0     0     0     0     -0.080      0.589     -0.077      0.599      0.000
   423         22  gamma               91   323     0     0     0     0     0     -0.162      0.375     -0.041      0.411      0.000
   424         22  gamma               91   329     0     0     0     0     0     -0.229     -0.062      0.512      0.564      0.000
   425         22  gamma               91   329     0     0     0     0     0     -0.572     -0.013      1.663      1.758      0.000
   426         22  gamma               91   331     0     0     0     0     0     -0.230     -0.563      1.318      1.451      0.000
   427         22  gamma               91   331     0     0     0     0     0     -0.067     -0.051      0.247      0.261      0.000
   428         22  gamma               91   337     0     0     0     0     0     -0.151     -0.680      0.861      1.108      0.000
   429         22  gamma               91   337     0     0     0     0     0      0.027     -0.058      0.073      0.097      0.000
   430         22  gamma               91   341     0     0     0     0     0      0.090      0.214     -0.092      0.250      0.000
   431         22  gamma               91   341     0     0     0     0     0      0.005      0.010     -0.073      0.074      0.000
   432         22  gamma               91   343     0     0     0     0     0     -0.003      0.017      0.027      0.032      0.000
   433         22  gamma               91   343     0     0     0     0     0     -0.131     -0.247      0.688      0.743      0.000
   434         22  gamma               91   345     0     0     0     0     0      0.006      0.006     -0.002      0.009      0.000
   435         22  gamma               91   345     0     0     0     0     0     -0.314     -0.303     -0.620      0.759      0.000
   436         22  gamma               91   347     0     0     0     0     0     -0.230      0.239      0.276      0.431      0.000
   437         22  gamma               91   347     0     0     0     0     0     -0.002      0.103      0.080      0.130      0.000
   438         22  gamma               91   349     0     0     0     0     0     -0.054      0.277      0.015      0.282      0.000
   439         22  gamma               91   349     0     0     0     0     0      0.081      0.497      0.056      0.507      0.000
   440       2212  p+                  91   350     0     0     0     0     0      0.093     -0.129     -5.665      5.745      0.938
   441       -211  pi-                 91   350     0     0     0     0     0      0.043     -0.142     -1.348      1.363      0.140
   442        111  (pi0)              -91   352     0   487   488     0     0     -0.307     -0.591     -0.007      0.680      0.135
   443        111  (pi0)              -91   352     0   489   490     0     0     -0.042     -0.986     -0.278      1.035      0.135
   444         22  gamma               91   355     0     0     0     0     0      0.058     -0.169     -0.139      0.226      0.000
   445         22  gamma               91   355     0     0     0     0     0      0.218     -0.351     -0.117      0.429      0.000
   446        111  (pi0)              -91   358     0   491   492     0     0     -0.099     -0.147      0.337      0.404      0.135
   447        111  (pi0)              -91   358     0   493   494     0     0      0.108      0.221      0.410      0.497      0.135
   448         22  gamma               91   360     0     0     0     0     0      0.109      0.078      0.031      0.137      0.000
   449         22  gamma               91   360     0     0     0     0     0      0.377      0.460     -0.100      0.604      0.000
   450         22  gamma               91   362     0     0     0     0     0      0.261      0.190     -0.108      0.340      0.000
   451         22  gamma               91   362     0     0     0     0     0      0.343      0.451     -0.117      0.578      0.000
   452        111  (pi0)              -91   363     0   495   496     0     0      0.647      0.569     -0.552      1.032      0.135
   453        111  (pi0)              -91   363     0   497   498     0     0      0.644      1.252     -0.830      1.639      0.135
   454        211  pi+                 91   364     0     0     0     0     0     -0.004      0.386     -0.187      0.451      0.140
   455       -211  pi-                 91   364     0     0     0     0     0      0.577      2.245     -0.618      2.403      0.140
   456        211  pi+                 91   365     0     0     0     0     0     -0.191     -0.013      0.236      0.334      0.140
   457       -211  pi-                 91   365     0     0     0     0     0     -0.685      0.061      0.001      0.702      0.140
   458        211  pi+                 91   366     0     0     0     0     0      1.340      2.729     -0.015      3.043      0.140
   459       -211  pi-                 91   366     0     0     0     0     0      0.927      1.823      0.325      2.076      0.140
   460        311  (K0)               -91   367     0   499   499     0     0      0.620      2.861     -1.624      3.385      0.498
   461        111  (pi0)              -91   367     0   500   501     0     0      0.452      0.055      0.192      0.512      0.135
   462         22  gamma               91   379     0     0     0     0     0     -0.264      0.070      1.087      1.120      0.000
   463         22  gamma               91   379     0     0     0     0     0     -0.176      0.035      0.377      0.418      0.000
   464         22  gamma               91   382     0     0     0     0     0      0.002     -0.055     -0.078      0.096      0.000
   465         22  gamma               91   382     0     0     0     0     0     -0.181     -0.558     -0.305      0.661      0.000
   466         22  gamma               91   385     0     0     0     0     0      0.007      0.021     -0.058      0.062      0.000
   467         22  gamma               91   385     0     0     0     0     0      0.155     -0.081     -0.048      0.181      0.000
   468         22  gamma               91   398     0     0     0     0     0     -0.117      0.098     -0.091      0.177      0.000
   469         22  gamma               91   398     0     0     0     0     0     -0.149      0.381     -0.356      0.542      0.000
   470         22  gamma               91   405     0     0     0     0     0      0.118      0.008     -0.041      0.125      0.000
   471         22  gamma               91   405     0     0     0     0     0      0.005     -0.074     -0.051      0.090      0.000
   472         22  gamma               91   411     0     0     0     0     0      0.126     -0.122     -0.129      0.218      0.000
   473         22  gamma               91   411     0     0     0     0     0      0.256     -0.481     -0.208      0.583      0.000
   474         22  gamma               91   414     0     0     0     0     0     -0.124     -0.058     -0.113      0.177      0.000
   475         22  gamma               91   414     0     0     0     0     0     -0.025      0.059     -0.052      0.083      0.000
   476         22  gamma               91   415     0     0     0     0     0      0.032     -0.001     -0.027      0.042      0.000
   477         22  gamma               91   415     0     0     0     0     0      0.330      0.336     -0.012      0.471      0.000
   478         22  gamma               91   416     0     0     0     0     0      0.057      0.154      0.001      0.165      0.000
   479         22  gamma               91   416     0     0     0     0     0      0.035     -0.010     -0.045      0.058      0.000
   480         22  gamma               91   417     0     0     0     0     0      0.126     -0.014     -0.027      0.129      0.000
   481         22  gamma               91   417     0     0     0     0     0      0.158      0.098     -0.163      0.247      0.000
   482       2212  p+                  91   418     0     0     0     0     0      1.267      2.241     -1.734      3.243      0.938
   483       -211  pi-                 91   418     0     0     0     0     0      0.419      0.556     -0.397      0.813      0.140
   484      -2212  pbar-               91   420     0     0     0     0     0     -0.455      1.235     -1.086      1.947      0.938
   485        111  (pi0)              -91   420     0   502   503     0     0     -0.024     -0.031     -0.128      0.190      0.135
   486        310  (K_S0)             -91   421   421   504   505     0     0      0.533      0.553      0.402      1.000      0.498
   487         22  gamma               91   442     0     0     0     0     0     -0.146     -0.149      0.009      0.209      0.000
   488         22  gamma               91   442     0     0     0     0     0     -0.161     -0.442     -0.016      0.471      0.000
   489         22  gamma               91   443     0     0     0     0     0     -0.053     -0.777     -0.272      0.825      0.000
   490         22  gamma               91   443     0     0     0     0     0      0.011     -0.209     -0.007      0.210      0.000
   491         22  gamma               91   446     0     0     0     0     0     -0.100     -0.170      0.317      0.374      0.000
   492         22  gamma               91   446     0     0     0     0     0      0.001      0.023      0.020      0.030      0.000
   493         22  gamma               91   447     0     0     0     0     0      0.082      0.029      0.125      0.152      0.000
   494         22  gamma               91   447     0     0     0     0     0      0.027      0.192      0.285      0.345      0.000
   495         22  gamma               91   452     0     0     0     0     0      0.193      0.106     -0.100      0.242      0.000
   496         22  gamma               91   452     0     0     0     0     0      0.455      0.463     -0.452      0.790      0.000
   497         22  gamma               91   453     0     0     0     0     0      0.601      1.078     -0.745      1.441      0.000
   498         22  gamma               91   453     0     0     0     0     0      0.043      0.174     -0.085      0.198      0.000
   499        310  (K_S0)             -91   460   460   506   507     0     0      0.620      2.861     -1.624      3.385      0.498
   500         22  gamma               91   461     0     0     0     0     0      0.427      0.020      0.193      0.469      0.000
   501         22  gamma               91   461     0     0     0     0     0      0.025      0.035     -0.001      0.043      0.000
   502         22  gamma               91   485     0     0     0     0     0     -0.042     -0.008      0.014      0.045      0.000
   503         22  gamma               91   485     0     0     0     0     0      0.018     -0.023     -0.142      0.145      0.000
   504        211  pi+                 91   486     0     0     0     0     0      0.493      0.568      0.302      0.823      0.140
   505       -211  pi-                 91   486     0     0     0     0     0      0.040     -0.015      0.100      0.177      0.140
   506        111  (pi0)              -91   499     0   508   509     0     0     -0.020      0.585     -0.354      0.697      0.135
   507        111  (pi0)              -91   499     0   510   511     0     0      0.640      2.276     -1.270      2.688      0.135
   508         22  gamma               91   506     0     0     0     0     0     -0.061      0.518     -0.318      0.611      0.000
   509         22  gamma               91   506     0     0     0     0     0      0.041      0.067     -0.036      0.087      0.000
   510         22  gamma               91   507     0     0     0     0     0      0.305      0.844     -0.485      1.020      0.000
   511         22  gamma               91   507     0     0     0     0     0      0.335      1.432     -0.785      1.667      0.000
                                   Charge sum:  2.000           Momentum sum:      0.000      0.000      0.000    200.000    200.000

 --------  End PYTHIA Event Listing  -----------------------------------------------------------------------------------------------
[0;33mRivet.AnalysisLoader: WARN [0m Ignoring duplicate plugin analysis called 'STAR_2006_I709170'
[0;33mRivet.AnalysisHandler: WARN [0m Analysis 'STAR_2006_I709170TEST' not found.
[0;33mRivet.AnalysisHandler: WARN [0m Analysis 'BRAHMS_2007_I742956' is unvalidated: be careful, it may be broken!
[0;33mRivet.AnalysisHandler: WARN [0m Analysis 'STAR_2003_I631869' is unvalidated: be careful, it may be broken!
[0;33mRivet.AnalysisHandler: WARN [0m Analysis 'STAR_2012_I930463' is unvalidated: be careful, it may be broken!
[0;33mRivet.AnalysisHandler: WARN [0m Analysis 'STAR_2019_I1771348' is unvalidated: be careful, it may be broken!
[0;33mRivet.AnalysisHandler: WARN [0m Analysis 'STAR_2020_I1783875' is unvalidated: be careful, it may be broken!
[0;33mRivet.AnalysisHandler: WARN [0m Analysis 'STAR_2021_I1853218' is unvalidated: be careful, it may be broken!

 Pythia::next(): 1000 events have been generated 
 PYTHIA Warning in SimpleSpaceShower::pT2nextQCD: weight above unity
 PYTHIA Error in BeamRemnants::setKinematics: kinematics construction failed after retrying 10 times

 Pythia::next(): 2000 events have been generated 

 Pythia::next(): 3000 events have been generated 

 Pythia::next(): 4000 events have been generated 

 Pythia::next(): 5000 events have been generated 

 Pythia::next(): 6000 events have been generated 

 Pythia::next(): 7000 events have been generated 

 Pythia::next(): 8000 events have been generated 
 PYTHIA Error in SimpleSpaceShower::pT2nearThreshold: stuck in loop

 Pythia::next(): 9000 events have been generated 

 Pythia::next(): 10000 events have been generated 

 Pythia::next(): 11000 events have been generated 

 Pythia::next(): 12000 events have been generated 

 Pythia::next(): 13000 events have been generated 

 Pythia::next(): 14000 events have been generated 

 Pythia::next(): 15000 events have been generated 

 Pythia::next(): 16000 events have been generated 

 Pythia::next(): 17000 events have been generated 

 Pythia::next(): 18000 events have been generated 

 Pythia::next(): 19000 events have been generated 

 Pythia::next(): 20000 events have been generated 

 Pythia::next(): 21000 events have been generated 

 Pythia::next(): 22000 events have been generated 

 Pythia::next(): 23000 events have been generated 

 Pythia::next(): 24000 events have been generated 

 Pythia::next(): 25000 events have been generated 

 Pythia::next(): 26000 events have been generated 

 Pythia::next(): 27000 events have been generated 

 Pythia::next(): 28000 events have been generated 

 Pythia::next(): 29000 events have been generated 

 Pythia::next(): 30000 events have been generated 

 Pythia::next(): 31000 events have been generated 

 Pythia::next(): 32000 events have been generated 

 Pythia::next(): 33000 events have been generated 

 Pythia::next(): 34000 events have been generated 

 Pythia::next(): 35000 events have been generated 

 Pythia::next(): 36000 events have been generated 

 Pythia::next(): 37000 events have been generated 

 Pythia::next(): 38000 events have been generated 

 Pythia::next(): 39000 events have been generated 

 Pythia::next(): 40000 events have been generated 

 Pythia::next(): 41000 events have been generated 

 Pythia::next(): 42000 events have been generated 

 Pythia::next(): 43000 events have been generated 

 Pythia::next(): 44000 events have been generated 

 Pythia::next(): 45000 events have been generated 

 Pythia::next(): 46000 events have been generated 

 Pythia::next(): 47000 events have been generated 

 Pythia::next(): 48000 events have been generated 

 Pythia::next(): 49000 events have been generated 

 Pythia::next(): 50000 events have been generated 

 Pythia::next(): 51000 events have been generated 

 Pythia::next(): 52000 events have been generated 

 Pythia::next(): 53000 events have been generated 

 Pythia::next(): 54000 events have been generated 

 Pythia::next(): 55000 events have been generated 

 Pythia::next(): 56000 events have been generated 

 Pythia::next(): 57000 events have been generated 

 Pythia::next(): 58000 events have been generated 

 Pythia::next(): 59000 events have been generated 

 Pythia::next(): 60000 events have been generated 

 Pythia::next(): 61000 events have been generated 

 Pythia::next(): 62000 events have been generated 

 Pythia::next(): 63000 events have been generated 

 Pythia::next(): 64000 events have been generated 

 Pythia::next(): 65000 events have been generated 

 Pythia::next(): 66000 events have been generated 

 Pythia::next(): 67000 events have been generated 

 Pythia::next(): 68000 events have been generated 

 Pythia::next(): 69000 events have been generated 

 Pythia::next(): 70000 events have been generated 

 Pythia::next(): 71000 events have been generated 

 Pythia::next(): 72000 events have been generated 

 Pythia::next(): 73000 events have been generated 

 Pythia::next(): 74000 events have been generated 

 Pythia::next(): 75000 events have been generated 

 Pythia::next(): 76000 events have been generated 

 Pythia::next(): 77000 events have been generated 

 Pythia::next(): 78000 events have been generated 

 Pythia::next(): 79000 events have been generated 

 Pythia::next(): 80000 events have been generated 

 Pythia::next(): 81000 events have been generated 

 Pythia::next(): 82000 events have been generated 

 Pythia::next(): 83000 events have been generated 

 Pythia::next(): 84000 events have been generated 

 Pythia::next(): 85000 events have been generated 

 Pythia::next(): 86000 events have been generated 

 Pythia::next(): 87000 events have been generated 

 Pythia::next(): 88000 events have been generated 

 Pythia::next(): 89000 events have been generated 

 Pythia::next(): 90000 events have been generated 

 Pythia::next(): 91000 events have been generated 

 Pythia::next(): 92000 events have been generated 

 Pythia::next(): 93000 events have been generated 

 Pythia::next(): 94000 events have been generated 

 Pythia::next(): 95000 events have been generated 

 Pythia::next(): 96000 events have been generated 

 Pythia::next(): 97000 events have been generated 

 Pythia::next(): 98000 events have been generated 

 Pythia::next(): 99000 events have been generated 

 *-------  PYTHIA Event and Cross Section Statistics  -------------------------------------------------------------*
 |                                                                                                                 |
 | Subprocess                                    Code |            Number of events       |      sigma +- delta    |
 |                                                    |       Tried   Selected   Accepted |     (estimated) (mb)   |
 |                                                    |                                   |                        |
 |-----------------------------------------------------------------------------------------------------------------|
 |                                                    |                                   |                        |
 | g g -> g g                                     111 |       67325       5191       5191 |   7.799e-09  6.527e-11 |
 | g g -> q qbar (uds)                            112 |        1937        147        147 |   2.225e-10  1.106e-11 |
 | q g -> q g                                     113 |      530066      41886      41886 |   6.254e-08  1.588e-10 |
 | q q(bar)' -> q q(bar)'                         114 |      561005      51961      51961 |   7.733e-08  1.682e-10 |
 | q qbar -> g g                                  115 |        1873        261        261 |   3.731e-10  1.344e-11 |
 | q qbar -> q' qbar' (uds)                       116 |        1893        286        286 |   4.146e-10  1.539e-11 |
 | g g -> c cbar                                  121 |         666         52         52 |   7.539e-11  6.460e-12 |
 | q qbar -> c cbar                               122 |         625         90         90 |   1.485e-10  9.244e-12 |
 | g g -> b bbar                                  123 |         634         52         52 |   7.250e-11  6.315e-12 |
 | q qbar -> b bbar                               124 |         577         74         74 |   1.126e-10  7.898e-12 |
 |                                                    |                                   |                        |
 | sum                                                |     1166601     100000     100000 |   1.491e-07  2.419e-10 |
 |                                                                                                                 |
 *-------  End PYTHIA Event and Cross Section Statistics ----------------------------------------------------------*

 *-------  PYTHIA Multiparton Interactions Statistics  --------*
 |                                                             |
 |  Note: excludes hardest subprocess if already listed above  |
 |                                                             |
 | Subprocess                               Code |       Times |
 |                                               |             |
 |-------------------------------------------------------------|
 |                                               |             |
 | g g -> g g                                111 |      131887 |
 | g g -> q qbar (uds)                       112 |        1757 |
 | q g -> q g                                113 |      100881 |
 | q q(bar)' -> q q(bar)'                    114 |       17485 |
 | q qbar -> g g                             115 |         372 |
 | q qbar -> q' qbar' (uds)                  116 |         156 |
 | g g -> c cbar                             121 |          95 |
 | q qbar -> c cbar                          122 |           8 |
 | g g -> b bbar                             123 |           1 |
 | q qbar -> b bbar                          124 |           0 |
 | q g -> q gamma (udscb)                    201 |          20 |
 | q qbar -> g gamma                         202 |           3 |
 | g g -> g gamma                            203 |           0 |
 | f fbar -> gamma gamma                     204 |           0 |
 | g g -> gamma gamma                        205 |           0 |
 | f f' -> f f' (t-channel gamma*/Z0)        211 |           0 |
 | f_1 f_2 -> f_3 f_4 (t-channel W+-)        212 |           0 |
 | f fbar -> f' fbar' (s-channel gamma*)     223 |           0 |
 | g g -> ccbar(3S1)[3S1(1)] g               401 |           1 |
 | g g -> ccbar(3S1)[3S1(8)] g               402 |           0 |
 | q g -> ccbar(3S1)[3S1(8)] q               403 |           0 |
 | q qbar -> ccbar(3S1)[3S1(8)] g            404 |           0 |
 | g g -> ccbar(3S1)[1S0(8)] g               405 |           3 |
 | q g -> ccbar(3S1)[1S0(8)] q               406 |           2 |
 | q qbar -> ccbar(3S1)[1S0(8)] g            407 |           0 |
 | g g -> ccbar(3S1)[3PJ(8)] g               408 |           5 |
 | q g -> ccbar(3S1)[3PJ(8)] q               409 |           0 |
 | q qbar -> ccbar(3S1)[3PJ(8)] g            410 |           0 |
 | g g -> ccbar(3PJ)[3PJ(1)] g               411 |         154 |
 | q g -> ccbar(3PJ)[3PJ(1)] q               412 |          11 |
 | q qbar -> ccbar(3PJ)[3PJ(1)] g            413 |           2 |
 | g g -> ccbar(3PJ)[3S1(8)] g               414 |           0 |
 | q g -> ccbar(3PJ)[3S1(8)] q               415 |           0 |
 | q qbar -> ccbar(3PJ)[3S1(8)] g            416 |           1 |
 | g g -> ccbar(3DJ)[3DJ(1)] g               417 |           0 |
 | g g -> ccbar(3DJ)[3PJ(8)] g               418 |           2 |
 | q g -> ccbar(3DJ)[3PJ(8)] q               419 |           0 |
 | q qbar -> ccbar(3DJ)[3PJ(8)] g            420 |           0 |
 | g g -> double ccbar(3S1)[3S1(1)]          421 |           0 |
 | q qbar -> double ccbar(3S1)[3S1(1)]       422 |           0 |
 | g g -> ccbar(3S1)[3S1(1)] gamma           441 |           0 |
 | g g -> bbbar(3S1)[3S1(1)] g               501 |           0 |
 | g g -> bbbar(3S1)[3S1(8)] g               502 |           0 |
 | q g -> bbbar(3S1)[3S1(8)] q               503 |           0 |
 | q qbar -> bbbar(3S1)[3S1(8)] g            504 |           0 |
 | g g -> bbbar(3S1)[1S0(8)] g               505 |           0 |
 | q g -> bbbar(3S1)[1S0(8)] q               506 |           0 |
 | q qbar -> bbbar(3S1)[1S0(8)] g            507 |           0 |
 | g g -> bbbar(3S1)[3PJ(8)] g               508 |           0 |
 | q g -> bbbar(3S1)[3PJ(8)] q               509 |           0 |
 | q qbar -> bbbar(3S1)[3PJ(8)] g            510 |           0 |
 | g g -> bbbar(3PJ)[3PJ(1)] g               511 |           1 |
 | q g -> bbbar(3PJ)[3PJ(1)] q               512 |           0 |
 | q qbar -> bbbar(3PJ)[3PJ(1)] g            513 |           0 |
 | g g -> bbbar(3PJ)[3S1(8)] g               514 |           0 |
 | q g -> bbbar(3PJ)[3S1(8)] q               515 |           0 |
 | q qbar -> bbbar(3PJ)[3S1(8)] g            516 |           0 |
 | g g -> double bbbar(3S1)[3S1(1)]          521 |           0 |
 | q qbar -> double bbbar(3S1)[3S1(1)]       522 |           0 |
 | g g -> bbbar(3S1)[3S1(1)] gamma           551 |           0 |
 |                                                             |
 | sum                                           |      252847 |
 |                                               |             |
 *-------  End PYTHIA Multiparton Interactions Statistics -----*

 *-------  PYTHIA Error and Warning Messages Statistics  ----------------------------------------------------------* 
 |                                                                                                                 | 
 |  times   message                                                                                                | 
 |                                                                                                                 | 
 |     94   Error in BeamRemnants::setKinematics: kinematics construction failed after retrying 10 times           | 
 |      7   Error in SimpleSpaceShower::pT2nearThreshold: stuck in loop                                            | 
 |     58   Warning in SimpleSpaceShower::pT2nextQCD: weight above unity                                           | 
 |                                                                                                                 | 
 *-------  End PYTHIA Error and Warning Messages Statistics  ------------------------------------------------------* 
