
 *------------------------------------------------------------------------------------* 
 |                                                                                    | 
 |  *------------------------------------------------------------------------------*  | 
 |  |                                                                              |  | 
 |  |                                                                              |  | 
 |  |   PPP   Y   Y  TTTTT  H   H  III    A      Welcome to the Lund Monte Carlo!  |  | 
 |  |   P  P   Y Y     T    H   H   I    A A     This is PYTHIA version 8.315      |  | 
 |  |   PPP     Y      T    HHHHH   I   AAAAA    Last date of change: 27 May 2025  |  | 
 |  |   P       Y      T    H   H   I   A   A                                      |  | 
 |  |   P       Y      T    H   H  III  A   A    Now is 08 Oct 2025 at 02:42:36    |  | 
 |  |                                                                              |  | 
 |  |   Program documentation and an archive of historic versions is found on:     |  | 
 |  |                                                                              |  | 
 |  |                               https://pythia.org/                            |  | 
 |  |                                                                              |  | 
 |  |   PYTHIA is authored by a collaboration consisting of:                       |  | 
 |  |                                                                              |  | 
 |  |   Javira Altmann, Christian Bierlich, Naomi Cooke, Nishita Desai,            |  | 
 |  |   Ilkka Helenius, Philip Ilten, Leif Lonnblad, Stephen Mrenna,               |  | 
 |  |   Christian Preuss, Torbjorn Sjostrand, and Peter Skands.                    |  | 
 |  |                                                                              |  | 
 |  |   The complete list of authors, including contact information and            |  | 
 |  |   affiliations, can be found on https://pythia.org/.                         |  | 
 |  |   Problems or bugs should be reported on email at authors@pythia.org.        |  | 
 |  |                                                                              |  | 
 |  |   The main program reference is C. Bierlich et al,                           |  | 
 |  |   'A comprehensive guide to the physics and usage of Pythia 8.3',            |  | 
 |  |   SciPost Phys. Codebases 8-r8.3 (2022) [arXiv:2203.11601 [hep-ph]]          |  | 
 |  |                                                                              |  | 
 |  |   PYTHIA is released under the GNU General Public Licence version 2          |  | 
 |  |   or later. Please respect the MCnet Guidelines for Generator Authors        |  | 
 |  |   and Users.                                                                 |  | 
 |  |                                                                              |  | 
 |  |   Disclaimer: this program comes without any guarantees.                     |  | 
 |  |   Beware of errors and use common sense when interpreting results.           |  | 
 |  |                                                                              |  | 
 |  |   Copyright (C) 2025 Torbjorn Sjostrand                                      |  | 
 |  |                                                                              |  | 
 |  |                                                                              |  | 
 |  *------------------------------------------------------------------------------*  | 
 |                                                                                    | 
 *------------------------------------------------------------------------------------* 


 *-------  PYTHIA Process Initialization  --------------------------*
 |                                                                  |
 | We collide p+ with p+ at a CM energy of 2.000e+02 GeV            |
 |                                                                  |
 |------------------------------------------------------------------|
 |                                                    |             |
 | Subprocess                                    Code |   Estimated |
 |                                                    |    max (mb) |
 |                                                    |             |
 |------------------------------------------------------------------|
 |                                                    |             |
 | g g -> g g                                     111 |   4.111e-01 |
 | g g -> q qbar (uds)                            112 |   7.689e-03 |
 | q g -> q g                                     113 |   6.454e-01 |
 | q q(bar)' -> q q(bar)'                         114 |   1.421e-01 |
 | q qbar -> g g                                  115 |   1.049e-03 |
 | q qbar -> q' qbar' (uds)                       116 |   7.440e-04 |
 | g g -> c cbar                                  121 |   2.118e-03 |
 | q qbar -> c cbar                               122 |   2.219e-04 |
 | g g -> b bbar                                  123 |   5.794e-04 |
 | q qbar -> b bbar                               124 |   9.276e-05 |
 |                                                                  |
 *-------  End PYTHIA Process Initialization -----------------------*

 *-------  PYTHIA Multiparton Interactions Initialization  ---------* 
 |                                                                  | 
 |                   sigmaNonDiffractive =    28.49 mb              | 
 |                                                                  | 
 |    pT0 =  1.06 gives sigmaInteraction =    84.95 mb: accepted    | 
 |                                                                  | 
 *-------  End PYTHIA Multiparton Interactions Initialization  -----* 

 *-------  PYTHIA Flag + Mode + Parm + Word + FVec + MVec + PVec + WVec Settings (changes only)  ------------------* 
 |                                                                                                                 | 
 | Name                                          |                      Now |      Default         Min         Max | 
 |                                               |                          |                                      | 
 | Beams:eCM                                     |                200.00000 |    14000.000         0.0             | 
 | HardQCD:all                                   |                       on |          off                         | 
 | Main:numberOfEvents                           |                   100000 |         1000           0             | 
 | Main:rivetAnalyses                            |      BRAHMS_2007_I742956 |                                      | 
 |                                               |        STAR_2003_I631869 |                                      | 
 |                                               |        STAR_2012_I930463 |                                      | 
 |                                               |       STAR_2019_I1771348 |                                      | 
 |                                               |       STAR_2020_I1783875 |                                      | 
 |                                               |       STAR_2021_I1853218 |                                      | 
 |                                               |    STAR_2006_I709170TEST |                                      | 
 | Main:rivetDumpFile                            |                        # |                                      | 
 | Main:rivetRunName                             |                        # |                                      | 
 | Main:runRivet                                 |                       on |          off                         | 
 | Main:writeLog                                 |                       on |          off                         | 
 | PhaseSpace:pTHatMax                           |                 10.00000 |     -1.00000                         | 
 | PhaseSpace:pTHatMin                           |                  5.00000 |          0.0         0.0             | 
 | Stat:showPartonLevel                          |                       on |          off                         | 
 | StringZ:useOldAExtra                          |                       on |          off                         | 
 |                                                                                                                 | 
 *-------  End PYTHIA Flag + Mode + Parm + Word + FVec + MVec + PVec + WVec Settings  -----------------------------* 

 --------  PYTHIA Particle Data Table (changed only)  ------------------------------------------------------------------------------
 
      id   name            antiName         spn chg col      m0        mWidth      mMin       mMax       tau0    res dec ext vis wid
             no onMode   bRatio   meMode     products 

 no particle data has been changed from its default value 

 --------  End PYTHIA Particle Data Table  -----------------------------------------------------------------------------------------


 --------  PYTHIA Info Listing  ---------------------------------------- 
 
 Beam A: id =   2212, pz =  1.000e+02, e =  1.000e+02, m =  9.383e-01.
 Beam B: id =   2212, pz = -1.000e+02, e =  1.000e+02, m =  9.383e-01.

 In 1: id =    2, x =  1.122e-01, pdf =  6.307e-01 at Q2 =  2.648e+01.
 In 2: id =   21, x =  1.149e-01, pdf =  1.019e+00 at same Q2.

 Subprocess q g -> q g with code 113 is 2 -> 2.
 It has sHat =  5.158e+02,    tHat = -2.799e+01,    uHat = -4.879e+02,
       pTHat =  5.144e+00,   m3Hat =  3.300e-01,   m4Hat =  0.000e+00,
    thetaHat =  4.702e-01,  phiHat =  2.019e+00.
     alphaEM =  7.573e-03,  alphaS =  2.390e-01    at Q2 =  2.648e+01.

 Impact parameter b =  7.538e-01 gives enhancement factor =  1.337e+00.
 Max pT scale for MPI =  5.145e+00, ISR =  5.145e+00, FSR =  5.145e+00.
 Number of MPI =     6, ISR =     1, FSRproc =     9, FSRreson =     0.

 --------  End PYTHIA Info Listing  ------------------------------------

 --------  PYTHIA Event Listing  (hard process)  -----------------------------------------------------------------------------------
 
    no         id  name            status     mothers   daughters     colours      p_x        p_y        p_z         e          m 
     0         90  (system)           -11     0     0     0     0     0     0      0.000      0.000      0.000    200.000    200.000
     1       2212  (p+)               -12     0     0     3     0     0     0      0.000      0.000     99.996    100.000      0.938
     2       2212  (p+)               -12     0     0     4     0     0     0      0.000      0.000    -99.996    100.000      0.938
     3          2  (u)                -21     1     0     5     6   101     0      0.000      0.000     11.220     11.220      0.000
     4         21  (g)                -21     2     0     5     6   102   103      0.000      0.000    -11.494     11.494      0.000
     5          2  u                   23     3     4     0     0   102     0     -2.231      4.636      9.986     11.238      0.330
     6         21  g                   23     3     4     0     0   101   103      2.231     -4.636    -10.259     11.476      0.000
                                   Charge sum:  0.667           Momentum sum:      0.000      0.000     -0.273     22.714     22.712

 --------  End PYTHIA Event Listing  -----------------------------------------------------------------------------------------------

 --------  PYTHIA Event Listing  (complete event)  ---------------------------------------------------------------------------------
 
    no         id  name            status     mothers   daughters     colours      p_x        p_y        p_z         e          m 
     0         90  (system)           -11     0     0     0     0     0     0      0.000      0.000      0.000    200.000    200.000
     1       2212  (p+)               -12     0     0    59     0     0     0      0.000      0.000     99.996    100.000      0.938
     2       2212  (p+)               -12     0     0    60     0     0     0      0.000      0.000    -99.996    100.000      0.938
     3          2  (u)                -21     7     7     5     6   101     0      0.000      0.000     11.220     11.220      0.000
     4         21  (g)                -21     8     0     5     6   102   103      0.000      0.000    -11.494     11.494      0.000
     5          2  (u)                -23     3     4     9     9   102     0     -2.231      4.636      9.986     11.238      0.330
     6         21  (g)                -23     3     4    10    10   101   103      2.231     -4.636    -10.259     11.476      0.000
     7          2  (u)                -42    59    59     3     3   101     0      0.000      0.000     11.220     11.220      0.000
     8          2  (u)                -41    44    44    11     4   102     0     -0.000     -0.000    -42.084     42.084      0.000
     9          2  (u)                -44     5     5    42    43   102     0     -2.399      4.580      9.773     11.061      0.330
    10         21  (g)                -44     6     6    16    17   101   103     -0.692     -5.609    -10.465     11.894      0.000
    11          2  (u)                -43     8     0    18    18   103     0      3.091      1.030    -30.172     30.349      0.330
    12         21  (g)                -31    69    69    14    15   105   104      0.000      0.000      0.490      0.490      0.000
    13         21  (g)                -31    50    50    14    15   107   106      0.000      0.000    -11.217     11.217      0.000
    14         21  (g)                -33    12    13    71    71   107   104      1.540      0.484     -9.609      9.744      0.000
    15         21  (g)                -33    12    13    48    49   105   106     -1.540     -0.484     -1.118      1.964      0.000
    16         21  (g)                -51    10     0    36    37   101   108      0.951     -4.718     -8.924     10.140      0.000
    17         21  (g)                -51    10     0    19    20   108   103     -1.304     -0.777     -4.839      5.072      0.000
    18          2  (u)                -52    11    11    21    21   103     0      2.752      0.916    -26.874     27.032      0.330
    19         21  (g)                -51    17     0    38    38   108   109     -0.103      0.531    -12.222     12.234      0.000
    20         21  (g)                -51    17     0    65    65   109   103     -0.255     -0.992     -1.781      2.055      0.000
    21          2  (u)                -52    18    18    63    63   103     0      1.806      0.600    -17.710     17.815      0.330
    22          1  (d)                -31    74    74    24    25   110     0      0.000      0.000      1.171      1.171      0.000
    23         21  (g)                -31    75    75    24    25   111   112      0.000      0.000     -2.663      2.663      0.000
    24          1  (d)                -33    22    23    76    76   111     0      1.079      0.123      0.738      1.354      0.330
    25         21  (g)                -33    22    23    77    77   110   112     -1.079     -0.123     -2.230      2.481      0.000
    26         21  (g)                -31    78    78    28    29   113   114      0.000      0.000      1.881      1.881      0.000
    27         21  (g)                -31    79    79    28    29   115   113      0.000      0.000     -3.931      3.931      0.000
    28         21  (g)                -33    26    27    30    31   115   116     -1.072     -0.142     -3.691      3.846      0.000
    29         21  (g)                -33    26    27    32    32   116   114      1.072      0.142      1.641      1.966      0.000
    30         21  (g)                -51    28     0    80    80   115   117     -0.438      0.925     -1.864      2.126      0.000
    31         21  (g)                -51    28     0    35    35   117   116     -0.492     -1.048     -1.608      1.982      0.000
    32         21  (g)                -52    29    29    33    34   116   114      0.930      0.123      1.423      1.704      0.000
    33         21  (g)                -51    32     0    81    81   118   114      1.097     -0.681      0.326      1.332      0.000
    34         21  (g)                -51    32     0    41    41   116   118     -0.299      0.525      0.668      0.900      0.000
    35         21  (g)                -52    31    31    39    40   117   116     -0.361     -0.769     -1.180      1.453      0.000
    36          2  (u)                -51    16     0    62    62   101     0      0.360     -2.571     -6.172      6.704      0.330
    37         -2  (ubar)             -51    16     0    66    66     0   108      0.586     -2.124     -3.288      3.972      0.330
    38         21  (g)                -52    19    19    64    64   108   109     -0.099      0.508    -11.687     11.698      0.000
    39         21  (g)                -51    35     0    82    82   117   119      0.224     -0.212     -0.904      0.956      0.000
    40         21  (g)                -51    35     0    84    84   119   116     -0.680     -0.389     -0.062      0.786      0.000
    41         21  (g)                -52    34    34    83    83   116   118     -0.203      0.357      0.454      0.613      0.000
    42          2  (u)                -51     9     0    61    61   120     0     -1.964      2.828      5.703      6.670      0.330
    43         21  (g)                -51     9     0    45    46   102   120     -0.435      1.752      4.039      4.424      0.000
    44          2  (u)                -53    47    47     8     8   102     0      0.000     -0.000    -42.116     42.116      0.000
    45         21  (g)                -51    43     0    67    67   121   120     -0.721      1.653      2.898      3.413      0.000
    46         21  (g)                -51    43     0    68    68   102   121      0.286      0.098      1.054      1.097      0.000
    47          2  (u)                -53    60    60    44    44   102     0      0.000     -0.000    -42.203     42.203      0.000
    48         21  (g)                -51    15     0    72    72   105   122     -1.142     -0.672     -0.726      1.511      0.000
    49         21  (g)                -51    15     0    73    73   122   106     -0.399      0.188     -1.559      1.620      0.000
    50         21  (g)                -53    70    70    13    13   107   106      0.000     -0.000    -12.384     12.384      0.000
    51         21  (g)                -31    85    85    53    54   123   124      0.000      0.000     34.802     34.802      0.000
    52         21  (g)                -31    86    86    53    54   125   126      0.000      0.000     -0.031      0.031      0.000
    53         21  (g)                -33    51    52    87    87   123   126      0.301      0.301      1.489      1.549      0.000
    54         21  (g)                -33    51    52    88    88   125   124     -0.301     -0.301     33.282     33.284      0.000
    55         21  (g)                -31    89    89    57    58   128   127      0.000      0.000      0.040      0.040      0.000
    56         21  (g)                -31    90    90    57    58   130   129      0.000      0.000     -8.229      8.229      0.000
    57         21  (g)                -33    55    56    91    91   130   127     -0.151     -0.233     -7.713      7.718      0.000
    58         21  (g)                -33    55    56    92    92   128   129      0.151      0.233     -0.476      0.551      0.000
    59          2  (u)                -61     1     0     7     7   125     0     -1.086      0.058     11.200     11.252      0.000
    60          2  (u)                -61     2     0    47    47   112     0     -0.418      0.010    -42.201     42.203      0.000
    61          2  (u)                -62    42    42    97     0   120     0     -2.569      2.860      5.599      6.800      0.330
    62          2  (u)                -62    36    36   130   130   101     0      0.271     -2.568     -6.150      6.678      0.330
    63          2  (u)                -62    21    21   101     0   103     0      1.626      0.604    -17.632     17.720      0.330
    64         21  (g)                -62    38    38   105   105   108   109     -0.215      0.511    -11.692     11.705      0.000
    65         21  (g)                -62    20    20   104   104   109   128     -0.288     -0.991     -1.790      2.066      0.000
    66         -2  (ubar)             -62    37    37   100     0     0   117      0.517     -2.121     -3.257      3.935      0.330
    67         21  (g)                -62    45    45    97     0   121   120     -1.029      1.670      2.857      3.465      0.000
    68         21  (g)                -62    46    46    95     0   102   123      0.182      0.104      1.064      1.085      0.000
    69         21  (g)                -61     1     0    12    12   106   106      0.142     -0.715      0.191      0.754      0.000
    70         21  (g)                -61     2     0    50    50   104   104     -1.349      0.093    -12.528     12.601      0.000
    71         21  (g)                -62    14    14   101     0   107   103      0.510      0.477     -9.743      9.768      0.000
    72         21  (g)                -62    48    48    98     0   105   101     -1.174     -1.248     -1.227      2.108      0.000
    73         21  (g)                -62    49    49    96     0   122   115     -0.543      0.149     -1.368      1.479      0.000
    74          1  (d)                -61     1     0    22    22   112     0      0.997      1.462      0.767      1.929      0.000
    75         21  (g)                -61     2     0    23    23   111   112      0.728      0.075     -2.550      2.653      0.000
    76          1  (d)                -62    24    24   116   116   111     0      2.180      1.519      0.065      2.678      0.330
    77         21  (g)                -62    25    25    96     0   110   122     -0.455      0.018     -1.848      1.904      0.000
    78         21  (g)                -61     1     0    26    26   113   113     -0.334     -1.110      1.768      2.114      0.000
    79         21  (g)                -61     2     0    27    27   114   114      0.340     -0.574     -3.914      3.970      0.000
    80         21  (g)                -62    30    30   133   133   115   102     -0.294      0.596     -1.721      1.845      0.000
    81         21  (g)                -62    33    33   128   128   118   119      0.991     -1.275      0.276      1.638      0.000
    82         21  (g)                -62    39    39   100     0   117   108      0.300     -0.373     -0.918      1.035      0.000
    83         21  (g)                -62    41    41    99     0   116   121     -0.293      0.046      0.473      0.558      0.000
    84         21  (g)                -62    40    40    98     0   119   105     -0.699     -0.679     -0.255      1.007      0.000
    85         21  (g)                -61     1     0    51    51   126   126     -0.038     -0.043     34.619     34.619      0.000
    86         21  (g)                -61     2     0    52    52   124   124     -0.058      0.185      0.270      0.333      0.000
    87         21  (g)                -62    53    53    95     0   123   116      0.243      0.475      2.381      2.440      0.000
    88         21  (g)                -62    54    54   127   127   125   118     -0.340     -0.333     32.508     32.512      0.000
    89         21  (g)                -61     1     0    55    55   129   129      0.177      0.410     -1.178      1.260      0.000
    90         21  (g)                -61     2     0    56    56   127   127      0.504     -0.046     -8.692      8.706      0.000
    91         21  (g)                -62    57    57   131   131   112   110      0.251     -0.246     -6.725      6.734      0.000
    92         21  (g)                -62    58    58   103   103   128   107      0.431      0.610     -3.144      3.232      0.000
    93          2  (u)                -63     1     0   136   136   131     0      0.143     -0.063     49.922     49.923      0.330
    94       2101  (ud_0)             -63     2     0   117   117     0   111      0.254      0.257    -27.675     27.684      0.579
    95         21  (g)                -73    68    87   134   134   102   116      0.425      0.579      3.446      3.525      0.195
    96         21  (g)                -73    73    77   132   132   110   115     -0.998      0.167     -3.216      3.383      0.275
    97          2  (u)                -73    61    67    99     0   121     0     -3.598      4.530      8.456     10.265      0.638
    98         21  (g)                -73    72    84   129   129   119   101     -1.873     -1.927     -1.482      3.115      0.532
    99          2  (u)                -73    97    83   135   135   116     0     -3.891      4.576      8.929     10.824      1.158
   100         -2  (ubar)             -73    66    82   106   106     0   108      0.817     -2.494     -4.176      4.971      0.620
   101          2  (u)                -73    63    71   102   102   107     0      2.136      1.081    -27.375     27.488      0.692
   102          2  (u)                -71   101   101   107   115   107     0      2.136      1.081    -27.375     27.488      0.692
   103         21  (g)                -71    92    92   107   115   128   107      0.431      0.610     -3.144      3.232      0.000
   104         21  (g)                -71    65    65   107   115   109   128     -0.288     -0.991     -1.790      2.066      0.000
   105         21  (g)                -71    64    64   107   115   108   109     -0.215      0.511    -11.692     11.705      0.000
   106         -2  (ubar)             -71   100   100   107   115     0   108      0.817     -2.494     -4.176      4.971      0.620
   107        213  (rho+)             -83   102   106   170   171     0     0      0.872      0.984    -10.835     10.945      0.816
   108       -211  pi-                 83   102   106     0     0     0     0      0.378     -0.484     -5.226      5.264      0.140
   109        211  pi+                 83   102   106     0     0     0     0      1.222      1.087    -18.875     18.946      0.140
   110       -211  pi-                 84   102   106     0     0     0     0     -0.304      0.050     -0.497      0.601      0.140
   111        211  pi+                 84   102   106     0     0     0     0      0.196     -1.074     -4.435      4.569      0.140
   112       -211  pi-                 84   102   106     0     0     0     0     -0.228      0.318     -1.179      1.250      0.140
   113        211  pi+                 84   102   106     0     0     0     0     -0.270      0.143     -0.262      0.427      0.140
   114        223  (omega)            -84   102   106   202   203     0     0      1.257     -1.907     -5.516      6.023      0.798
   115       -211  pi-                 84   102   106     0     0     0     0     -0.241     -0.399     -1.351      1.436      0.140
   116          1  (d)                -71    76    76   118   126   111     0      2.180      1.519      0.065      2.678      0.330
   117       2101  (ud_0)             -71    94    94   118   126     0   111      0.254      0.257    -27.675     27.684      0.579
   118       -213  (rho-)             -83   116   117   172   173     0     0      0.872      0.899     -0.239      1.527      0.839
   119        113  (rho0)             -83   116   117   174   175     0     0      0.534     -0.517     -2.088      2.315      0.671
   120        111  (pi0)              -83   116   117   204   205     0     0      0.549      0.533     -0.499      0.923      0.135
   121        321  K+                  83   116   117     0     0     0     0     -0.243      0.189     -0.669      0.887      0.494
   122       -311  (Kbar0)            -83   116   117   176   176     0     0     -0.104      0.150     -1.028      1.157      0.498
   123        223  (omega)            -83   116   117   206   208     0     0      0.725     -0.027     -2.855      3.046      0.777
   124       -211  pi-                 83   116   117     0     0     0     0     -0.078      0.777     -1.426      1.632      0.140
   125        221  (eta)              -84   116   117   209   211     0     0     -0.052     -0.266     -5.853      5.885      0.548
   126       2212  p+                  84   116   117     0     0     0     0      0.230      0.038    -12.954     12.990      0.938
   127         21  (g)                -71    88    88   137   169   125   118     -0.340     -0.333     32.508     32.512      0.000
   128         21  (g)                -71    81    81   137   169   118   119      0.991     -1.275      0.276      1.638      0.000
   129         21  (g)                -71    98    98   137   169   119   101     -1.873     -1.927     -1.482      3.115      0.532
   130          2  (u)                -71    62    62   137   169   101     0      0.271     -2.568     -6.150      6.678      0.330
   131         21  (g)                -71    91    91   137   169   112   110      0.251     -0.246     -6.725      6.734      0.000
   132         21  (g)                -71    96    96   137   169   110   115     -0.998      0.167     -3.216      3.383      0.275
   133         21  (g)                -71    80    80   137   169   115   102     -0.294      0.596     -1.721      1.845      0.000
   134         21  (g)                -71    95    95   137   169   102   116      0.425      0.579      3.446      3.525      0.195
   135          2  (u)                -71    99    99   137   169   116     0     -3.891      4.576      8.929     10.824      1.158
   136          2  (u)                -71    93    93   137   169   131     0      0.143     -0.063     49.922     49.923      0.330
   137        111  (pi0)              -85   127   136   212   213     0     0     -0.129     -0.327     -0.673      0.771      0.135
   138        213  (rho+)             -85   127   136   177   178     0     0      0.269     -1.954     -3.787      4.319      0.651
   139       -211  pi-                 85   127   136     0     0     0     0     -0.528     -0.319     -1.620      1.739      0.140
   140        223  (omega)            -85   127   136   214   215     0     0     -0.021     -1.674     -0.779      2.010      0.794
   141        211  pi+                 85   127   136     0     0     0     0      0.135     -0.090     -0.025      0.216      0.140
   142        221  (eta)              -85   127   136   216   217     0     0     -0.290      0.054      0.172      0.646      0.548
   143       -213  (rho-)             -85   127   136   179   180     0     0     -0.048     -0.728     -0.181      1.100      0.803
   144        211  pi+                 85   127   136     0     0     0     0     -0.338      0.496      0.774      0.989      0.140
   145        111  (pi0)              -85   127   136   218   219     0     0     -0.042     -0.585      0.683      0.911      0.135
   146       -211  pi-                 85   127   136     0     0     0     0     -0.149      0.158      0.550      0.607      0.140
   147        211  pi+                 85   127   136     0     0     0     0      0.262     -0.284      2.552      2.585      0.140
   148        113  (rho0)             -85   127   136   181   182     0     0     -0.497      0.734      3.263      3.457      0.718
   149       -211  pi-                 85   127   136     0     0     0     0      0.455     -1.173      3.624      3.839      0.140
   150        221  (eta)              -85   127   136   220   222     0     0      0.366     -0.458      3.196      3.295      0.548
   151        211  pi+                 86   127   136     0     0     0     0     -0.205     -0.164     14.550     14.553      0.140
   152        311  (K0)               -86   127   136   183   183     0     0      0.510      0.211     11.847     11.870      0.498
   153        211  pi+                 83   127   136     0     0     0     0     -1.899      2.515      3.818      4.953      0.140
   154        113  (rho0)             -83   127   136   184   185     0     0     -1.696      1.664      4.831      5.434      0.738
   155       -213  (rho-)             -83   127   136   186   187     0     0     -0.042      0.489      1.725      2.094      1.082
   156        113  (rho0)             -83   127   136   188   189     0     0     -0.002      0.375      1.174      1.727      1.210
   157        321  K+                  83   127   136     0     0     0     0     -0.550      0.374     -0.559      0.999      0.494
   158       -323  (K*-)              -83   127   136   190   191     0     0      0.264     -0.339     -0.577      1.143      0.888
   159        111  (pi0)              -83   127   136   223   224     0     0     -0.547      0.706     -3.852      3.957      0.135
   160       2212  p+                  83   127   136     0     0     0     0      0.055     -0.353     -0.458      1.104      0.938
   161       -211  pi-                 84   127   136     0     0     0     0     -0.118      0.504     -1.062      1.190      0.140
   162      -3114  (Sigma*bar+)       -84   127   136   192   193     0     0     -0.026     -0.332     -2.175      2.598      1.382
   163       -311  (Kbar0)            -84   127   136   194   194     0     0      0.087     -0.036     -0.313      0.596      0.498
   164        113  (rho0)             -84   127   136   195   196     0     0      0.525      0.229     -0.212      0.976      0.760
   165       -211  pi-                 84   127   136     0     0     0     0     -0.297      0.039     -0.153      0.364      0.140
   166        211  pi+                 84   127   136     0     0     0     0     -0.069     -0.115      0.363      0.411      0.140
   167        113  (rho0)             -84   127   136   197   198     0     0     -0.320      0.382      0.783      1.297      0.905
   168       -211  pi-                 84   127   136     0     0     0     0      0.447     -0.614      3.710      3.790      0.140
   169       3224  (Sigma*+)          -88   127   136   199   200     0     0     -0.878      0.121     34.598     34.638      1.426
   170        211  pi+                 91   107     0     0     0     0     0      0.538      0.738     -9.394      9.439      0.140
   171        111  (pi0)              -91   107     0   225   226     0     0      0.335      0.246     -1.442      1.506      0.135
   172       -211  pi-                 91   118     0     0     0     0     0      0.236      0.781     -0.015      0.828      0.140
   173        111  (pi0)              -91   118     0   227   228     0     0      0.637      0.118     -0.224      0.698      0.135
   174        211  pi+                 91   119     0     0     0     0     0      0.314     -0.087     -0.321      0.478      0.140
   175       -211  pi-                 91   119     0     0     0     0     0      0.220     -0.431     -1.767      1.838      0.140
   176        310  (K_S0)             -91   122   122   229   230     0     0     -0.104      0.150     -1.028      1.157      0.498
   177        211  pi+                 91   138     0     0     0     0     0      0.316     -0.692     -1.825      1.982      0.140
   178        111  (pi0)              -91   138     0   231   232     0     0     -0.046     -1.262     -1.962      2.337      0.135
   179       -211  pi-                 91   143     0     0     0     0     0     -0.192     -0.621     -0.408      0.780      0.140
   180        111  (pi0)              -91   143     0   233   234     0     0      0.144     -0.106      0.227      0.319      0.135
   181        211  pi+                 91   148     0     0     0     0     0     -0.432      0.655      1.629      1.814      0.140
   182       -211  pi-                 91   148     0     0     0     0     0     -0.064      0.079      1.634      1.643      0.140
   183        130  K_L0                91   152   152     0     0     0     0      0.510      0.211     11.847     11.870      0.498
   184        211  pi+                 91   154     0     0     0     0     0      0.008      0.114      0.334      0.379      0.140
   185       -211  pi-                 91   154     0     0     0     0     0     -1.704      1.550      4.497      5.055      0.140
   186       -211  pi-                 91   155     0     0     0     0     0     -0.436      0.365      1.490      1.601      0.140
   187        111  (pi0)              -91   155     0   235   236     0     0      0.393      0.124      0.235      0.493      0.135
   188        211  pi+                 91   156     0     0     0     0     0      0.107      0.786      0.623      1.018      0.140
   189       -211  pi-                 91   156     0     0     0     0     0     -0.109     -0.410      0.551      0.710      0.140
   190       -311  (Kbar0)            -91   158     0   201   201     0     0      0.080      0.077     -0.279      0.581      0.498
   191       -211  pi-                 91   158     0     0     0     0     0      0.183     -0.416     -0.298      0.561      0.140
   192      -3212  (Sigmabar0)        -91   162     0   237   238     0     0      0.031     -0.263     -2.064      2.398      1.193
   193        211  pi+                 91   162     0     0     0     0     0     -0.058     -0.069     -0.111      0.200      0.140
   194        130  K_L0                91   163   163     0     0     0     0      0.087     -0.036     -0.313      0.596      0.498
   195        211  pi+                 91   164     0     0     0     0     0      0.008      0.352      0.019      0.379      0.140
   196       -211  pi-                 91   164     0     0     0     0     0      0.518     -0.123     -0.231      0.597      0.140
   197        211  pi+                 91   167     0     0     0     0     0     -0.077     -0.208     -0.018      0.263      0.140
   198       -211  pi-                 91   167     0     0     0     0     0     -0.243      0.590      0.801      1.034      0.140
   199       3122  (Lambda0)          -91   169     0   239   240     0     0     -0.858      0.312     29.294     29.330      1.116
   200        211  pi+                 91   169     0     0     0     0     0     -0.020     -0.190      5.304      5.309      0.140
   201        310  (K_S0)             -91   190   190   241   242     0     0      0.080      0.077     -0.279      0.581      0.498
   202        111  (pi0)              -91   114     0   243   244     0     0      0.153     -0.514     -2.113      2.184      0.135
   203         22  gamma               91   114     0     0     0     0     0      1.104     -1.393     -3.403      3.839      0.000
   204         22  gamma               91   120     0     0     0     0     0      0.162      0.219     -0.233      0.359      0.000
   205         22  gamma               91   120     0     0     0     0     0      0.387      0.314     -0.265      0.564      0.000
   206        211  pi+                 91   123     0     0     0     0     0      0.372      0.171     -1.453      1.516      0.140
   207       -211  pi-                 91   123     0     0     0     0     0      0.304     -0.208     -0.615      0.730      0.140
   208        111  (pi0)              -91   123     0   245   246     0     0      0.049      0.011     -0.787      0.800      0.135
   209        211  pi+                 91   125     0     0     0     0     0     -0.118     -0.058     -2.679      2.686      0.140
   210       -211  pi-                 91   125     0     0     0     0     0      0.003     -0.197     -2.256      2.268      0.140
   211        111  (pi0)              -91   125     0   247   248     0     0      0.063     -0.011     -0.919      0.931      0.135
   212         22  gamma               91   137     0     0     0     0     0     -0.003      0.004     -0.081      0.081      0.000
   213         22  gamma               91   137     0     0     0     0     0     -0.126     -0.331     -0.592      0.690      0.000
   214        111  (pi0)              -91   140     0   249   250     0     0     -0.315     -1.347     -0.723      1.566      0.135
   215         22  gamma               91   140     0     0     0     0     0      0.294     -0.327     -0.057      0.443      0.000
   216         22  gamma               91   142     0     0     0     0     0     -0.047      0.269     -0.010      0.273      0.000
   217         22  gamma               91   142     0     0     0     0     0     -0.243     -0.215      0.182      0.372      0.000
   218         22  gamma               91   145     0     0     0     0     0     -0.044     -0.171      0.129      0.219      0.000
   219         22  gamma               91   145     0     0     0     0     0      0.002     -0.414      0.554      0.692      0.000
   220        211  pi+                 91   150     0     0     0     0     0     -0.014     -0.037      0.651      0.667      0.140
   221       -211  pi-                 91   150     0     0     0     0     0      0.060     -0.134      0.678      0.707      0.140
   222        111  (pi0)              -91   150     0   251   252     0     0      0.320     -0.287      1.867      1.921      0.135
   223         22  gamma               91   159     0     0     0     0     0     -0.246      0.229     -1.603      1.638      0.000
   224         22  gamma               91   159     0     0     0     0     0     -0.302      0.477     -2.249      2.319      0.000
   225         22  gamma               91   171     0     0     0     0     0      0.084      0.053     -0.582      0.591      0.000
   226         22  gamma               91   171     0     0     0     0     0      0.250      0.193     -0.860      0.916      0.000
   227         22  gamma               91   173     0     0     0     0     0      0.615      0.093     -0.189      0.651      0.000
   228         22  gamma               91   173     0     0     0     0     0      0.021      0.024     -0.035      0.048      0.000
   229        211  pi+                 91   176     0     0     0     0     0     -0.252      0.034     -0.481      0.562      0.140
   230       -211  pi-                 91   176     0     0     0     0     0      0.148      0.116     -0.547      0.595      0.140
   231         22  gamma               91   178     0     0     0     0     0     -0.011     -1.156     -1.825      2.161      0.000
   232         22  gamma               91   178     0     0     0     0     0     -0.035     -0.106     -0.137      0.177      0.000
   233         22  gamma               91   180     0     0     0     0     0      0.089     -0.026      0.197      0.217      0.000
   234         22  gamma               91   180     0     0     0     0     0      0.054     -0.080      0.031      0.102      0.000
   235         22  gamma               91   187     0     0     0     0     0      0.054      0.062      0.012      0.083      0.000
   236         22  gamma               91   187     0     0     0     0     0      0.339      0.062      0.223      0.410      0.000
   237      -3122  (Lambdabar0)       -91   192     0   253   254     0     0      0.094     -0.285     -1.946      2.263      1.116
   238         22  gamma               91   192     0     0     0     0     0     -0.063      0.022     -0.118      0.135      0.000
   239       2112  n0                  91   199     0     0     0     0     0     -0.712      0.297     26.763     26.791      0.940
   240        111  (pi0)              -91   199     0   255   256     0     0     -0.146      0.015      2.531      2.539      0.135
   241        211  pi+                 91   201     0     0     0     0     0      0.058      0.217     -0.275      0.382      0.140
   242       -211  pi-                 91   201     0     0     0     0     0      0.022     -0.140     -0.003      0.199      0.140
   243         22  gamma               91   202     0     0     0     0     0      0.127     -0.494     -2.057      2.120      0.000
   244         22  gamma               91   202     0     0     0     0     0      0.026     -0.020     -0.055      0.064      0.000
   245         22  gamma               91   208     0     0     0     0     0      0.080      0.036     -0.685      0.690      0.000
   246         22  gamma               91   208     0     0     0     0     0     -0.031     -0.025     -0.102      0.110      0.000
   247         22  gamma               91   211     0     0     0     0     0      0.065     -0.000     -0.918      0.920      0.000
   248         22  gamma               91   211     0     0     0     0     0     -0.002     -0.011     -0.001      0.011      0.000
   249         22  gamma               91   214     0     0     0     0     0     -0.069     -0.567     -0.273      0.633      0.000
   250         22  gamma               91   214     0     0     0     0     0     -0.247     -0.779     -0.450      0.933      0.000
   251         22  gamma               91   222     0     0     0     0     0      0.159     -0.081      0.559      0.587      0.000
   252         22  gamma               91   222     0     0     0     0     0      0.162     -0.205      1.308      1.334      0.000
   253      -2212  pbar-               91   237     0     0     0     0     0      0.023     -0.296     -1.783      2.037      0.938
   254        211  pi+                 91   237     0     0     0     0     0      0.071      0.012     -0.162      0.226      0.140
   255         22  gamma               91   240     0     0     0     0     0     -0.034      0.062      0.629      0.633      0.000
   256         22  gamma               91   240     0     0     0     0     0     -0.112     -0.047      1.902      1.906      0.000
                                   Charge sum:  2.000           Momentum sum:      0.000     -0.000     -0.000    200.000    200.000

 --------  End PYTHIA Event Listing  -----------------------------------------------------------------------------------------------
[0;33mRivet.AnalysisLoader: WARN [0m Ignoring duplicate plugin analysis called 'STAR_2006_I709170'
[0;33mRivet.AnalysisHandler: WARN [0m Analysis 'STAR_2006_I709170TEST' not found.
[0;33mRivet.AnalysisHandler: WARN [0m Analysis 'BRAHMS_2007_I742956' is unvalidated: be careful, it may be broken!
[0;33mRivet.AnalysisHandler: WARN [0m Analysis 'STAR_2003_I631869' is unvalidated: be careful, it may be broken!
[0;33mRivet.AnalysisHandler: WARN [0m Analysis 'STAR_2012_I930463' is unvalidated: be careful, it may be broken!
[0;33mRivet.AnalysisHandler: WARN [0m Analysis 'STAR_2019_I1771348' is unvalidated: be careful, it may be broken!
[0;33mRivet.AnalysisHandler: WARN [0m Analysis 'STAR_2020_I1783875' is unvalidated: be careful, it may be broken!
[0;33mRivet.AnalysisHandler: WARN [0m Analysis 'STAR_2021_I1853218' is unvalidated: be careful, it may be broken!

 Pythia::next(): 1000 events have been generated 
 PYTHIA Error in BeamRemnants::setKinematics: kinematics construction failed after retrying 10 times

 Pythia::next(): 2000 events have been generated 

 Pythia::next(): 3000 events have been generated 
 PYTHIA Warning in SimpleSpaceShower::pT2nextQCD: weight above unity

 Pythia::next(): 4000 events have been generated 

 Pythia::next(): 5000 events have been generated 

 Pythia::next(): 6000 events have been generated 

 Pythia::next(): 7000 events have been generated 

 Pythia::next(): 8000 events have been generated 

 Pythia::next(): 9000 events have been generated 
 PYTHIA Error in SimpleSpaceShower::pT2nearThreshold: stuck in loop

 Pythia::next(): 10000 events have been generated 

 Pythia::next(): 11000 events have been generated 

 Pythia::next(): 12000 events have been generated 

 Pythia::next(): 13000 events have been generated 

 Pythia::next(): 14000 events have been generated 

 Pythia::next(): 15000 events have been generated 

 Pythia::next(): 16000 events have been generated 

 Pythia::next(): 17000 events have been generated 

 Pythia::next(): 18000 events have been generated 

 Pythia::next(): 19000 events have been generated 

 Pythia::next(): 20000 events have been generated 

 Pythia::next(): 21000 events have been generated 

 Pythia::next(): 22000 events have been generated 

 Pythia::next(): 23000 events have been generated 

 Pythia::next(): 24000 events have been generated 

 Pythia::next(): 25000 events have been generated 

 Pythia::next(): 26000 events have been generated 

 Pythia::next(): 27000 events have been generated 

 Pythia::next(): 28000 events have been generated 

 Pythia::next(): 29000 events have been generated 

 Pythia::next(): 30000 events have been generated 

 Pythia::next(): 31000 events have been generated 

 Pythia::next(): 32000 events have been generated 

 Pythia::next(): 33000 events have been generated 

 Pythia::next(): 34000 events have been generated 
 PYTHIA Warning in MultipartonInteractions::pTnext: weight above unity

 Pythia::next(): 35000 events have been generated 

 Pythia::next(): 36000 events have been generated 

 Pythia::next(): 37000 events have been generated 

 Pythia::next(): 38000 events have been generated 

 Pythia::next(): 39000 events have been generated 

 Pythia::next(): 40000 events have been generated 

 Pythia::next(): 41000 events have been generated 

 Pythia::next(): 42000 events have been generated 

 Pythia::next(): 43000 events have been generated 

 Pythia::next(): 44000 events have been generated 

 Pythia::next(): 45000 events have been generated 

 Pythia::next(): 46000 events have been generated 

 Pythia::next(): 47000 events have been generated 

 Pythia::next(): 48000 events have been generated 

 Pythia::next(): 49000 events have been generated 

 Pythia::next(): 50000 events have been generated 

 Pythia::next(): 51000 events have been generated 

 Pythia::next(): 52000 events have been generated 

 Pythia::next(): 53000 events have been generated 

 Pythia::next(): 54000 events have been generated 

 Pythia::next(): 55000 events have been generated 

 Pythia::next(): 56000 events have been generated 

 Pythia::next(): 57000 events have been generated 

 Pythia::next(): 58000 events have been generated 

 Pythia::next(): 59000 events have been generated 

 Pythia::next(): 60000 events have been generated 

 Pythia::next(): 61000 events have been generated 

 Pythia::next(): 62000 events have been generated 

 Pythia::next(): 63000 events have been generated 

 Pythia::next(): 64000 events have been generated 

 Pythia::next(): 65000 events have been generated 

 Pythia::next(): 66000 events have been generated 

 Pythia::next(): 67000 events have been generated 

 Pythia::next(): 68000 events have been generated 

 Pythia::next(): 69000 events have been generated 

 Pythia::next(): 70000 events have been generated 

 Pythia::next(): 71000 events have been generated 

 Pythia::next(): 72000 events have been generated 

 Pythia::next(): 73000 events have been generated 

 Pythia::next(): 74000 events have been generated 

 Pythia::next(): 75000 events have been generated 

 Pythia::next(): 76000 events have been generated 

 Pythia::next(): 77000 events have been generated 

 Pythia::next(): 78000 events have been generated 

 Pythia::next(): 79000 events have been generated 

 Pythia::next(): 80000 events have been generated 

 Pythia::next(): 81000 events have been generated 

 Pythia::next(): 82000 events have been generated 

 Pythia::next(): 83000 events have been generated 

 Pythia::next(): 84000 events have been generated 

 Pythia::next(): 85000 events have been generated 

 Pythia::next(): 86000 events have been generated 

 Pythia::next(): 87000 events have been generated 

 Pythia::next(): 88000 events have been generated 

 Pythia::next(): 89000 events have been generated 

 Pythia::next(): 90000 events have been generated 

 Pythia::next(): 91000 events have been generated 

 Pythia::next(): 92000 events have been generated 

 Pythia::next(): 93000 events have been generated 

 Pythia::next(): 94000 events have been generated 

 Pythia::next(): 95000 events have been generated 

 Pythia::next(): 96000 events have been generated 

 Pythia::next(): 97000 events have been generated 

 Pythia::next(): 98000 events have been generated 

 Pythia::next(): 99000 events have been generated 

 *-------  PYTHIA Event and Cross Section Statistics  -------------------------------------------------------------*
 |                                                                                                                 |
 | Subprocess                                    Code |            Number of events       |      sigma +- delta    |
 |                                                    |       Tried   Selected   Accepted |     (estimated) (mb)   |
 |                                                    |                                   |                        |
 |-----------------------------------------------------------------------------------------------------------------|
 |                                                    |                                   |                        |
 | g g -> g g                                     111 |      214210      41959      41959 |   8.018e-02  1.815e-04 |
 | g g -> q qbar (uds)                            112 |        3993        967        967 |   1.843e-03  3.116e-05 |
 | q g -> q g                                     113 |      335955      46910      46910 |   9.019e-02  2.007e-04 |
 | q q(bar)' -> q q(bar)'                         114 |       73692       9503       9503 |   1.848e-02  8.869e-05 |
 | q qbar -> g g                                  115 |         541        160        160 |   2.972e-04  1.253e-05 |
 | q qbar -> q' qbar' (uds)                       116 |         386        109        109 |   2.255e-04  1.179e-05 |
 | g g -> c cbar                                  121 |        1104        278        278 |   5.193e-04  1.731e-05 |
 | q qbar -> c cbar                               122 |         109         27         27 |   5.873e-05  6.320e-06 |
 | g g -> b bbar                                  123 |         285         78         78 |   1.472e-04  9.887e-06 |
 | q qbar -> b bbar                               124 |          52          9          9 |   1.953e-05  3.511e-06 |
 |                                                    |                                   |                        |
 | sum                                                |      630327     100000     100000 |   1.920e-01  2.877e-04 |
 |                                                                                                                 |
 *-------  End PYTHIA Event and Cross Section Statistics ----------------------------------------------------------*

 *-------  PYTHIA Multiparton Interactions Statistics  --------*
 |                                                             |
 |  Note: excludes hardest subprocess if already listed above  |
 |                                                             |
 | Subprocess                               Code |       Times |
 |                                               |             |
 |-------------------------------------------------------------|
 |                                               |             |
 | g g -> g g                                111 |      168955 |
 | g g -> q qbar (uds)                       112 |        2170 |
 | q g -> q g                                113 |      141801 |
 | q q(bar)' -> q q(bar)'                    114 |       27163 |
 | q qbar -> g g                             115 |         504 |
 | q qbar -> q' qbar' (uds)                  116 |         259 |
 | g g -> c cbar                             121 |         163 |
 | q qbar -> c cbar                          122 |          18 |
 | g g -> b bbar                             123 |           1 |
 | q qbar -> b bbar                          124 |           0 |
 | q g -> q gamma (udscb)                    201 |          23 |
 | q qbar -> g gamma                         202 |          11 |
 | g g -> g gamma                            203 |           0 |
 | f fbar -> gamma gamma                     204 |           0 |
 | g g -> gamma gamma                        205 |           0 |
 | f f' -> f f' (t-channel gamma*/Z0)        211 |           1 |
 | f_1 f_2 -> f_3 f_4 (t-channel W+-)        212 |           0 |
 | f fbar -> f' fbar' (s-channel gamma*)     223 |           0 |
 | g g -> ccbar(3S1)[3S1(1)] g               401 |           0 |
 | g g -> ccbar(3S1)[3S1(8)] g               402 |           1 |
 | q g -> ccbar(3S1)[3S1(8)] q               403 |           1 |
 | q qbar -> ccbar(3S1)[3S1(8)] g            404 |           0 |
 | g g -> ccbar(3S1)[1S0(8)] g               405 |           4 |
 | q g -> ccbar(3S1)[1S0(8)] q               406 |           1 |
 | q qbar -> ccbar(3S1)[1S0(8)] g            407 |           0 |
 | g g -> ccbar(3S1)[3PJ(8)] g               408 |          16 |
 | q g -> ccbar(3S1)[3PJ(8)] q               409 |           4 |
 | q qbar -> ccbar(3S1)[3PJ(8)] g            410 |           0 |
 | g g -> ccbar(3PJ)[3PJ(1)] g               411 |         223 |
 | q g -> ccbar(3PJ)[3PJ(1)] q               412 |          27 |
 | q qbar -> ccbar(3PJ)[3PJ(1)] g            413 |           0 |
 | g g -> ccbar(3PJ)[3S1(8)] g               414 |           1 |
 | q g -> ccbar(3PJ)[3S1(8)] q               415 |           0 |
 | q qbar -> ccbar(3PJ)[3S1(8)] g            416 |           0 |
 | g g -> ccbar(3DJ)[3DJ(1)] g               417 |           0 |
 | g g -> ccbar(3DJ)[3PJ(8)] g               418 |           1 |
 | q g -> ccbar(3DJ)[3PJ(8)] q               419 |           1 |
 | q qbar -> ccbar(3DJ)[3PJ(8)] g            420 |           0 |
 | g g -> double ccbar(3S1)[3S1(1)]          421 |           0 |
 | q qbar -> double ccbar(3S1)[3S1(1)]       422 |           0 |
 | g g -> ccbar(3S1)[3S1(1)] gamma           441 |           0 |
 | g g -> bbbar(3S1)[3S1(1)] g               501 |           0 |
 | g g -> bbbar(3S1)[3S1(8)] g               502 |           0 |
 | q g -> bbbar(3S1)[3S1(8)] q               503 |           0 |
 | q qbar -> bbbar(3S1)[3S1(8)] g            504 |           0 |
 | g g -> bbbar(3S1)[1S0(8)] g               505 |           0 |
 | q g -> bbbar(3S1)[1S0(8)] q               506 |           0 |
 | q qbar -> bbbar(3S1)[1S0(8)] g            507 |           0 |
 | g g -> bbbar(3S1)[3PJ(8)] g               508 |           0 |
 | q g -> bbbar(3S1)[3PJ(8)] q               509 |           0 |
 | q qbar -> bbbar(3S1)[3PJ(8)] g            510 |           0 |
 | g g -> bbbar(3PJ)[3PJ(1)] g               511 |           1 |
 | q g -> bbbar(3PJ)[3PJ(1)] q               512 |           0 |
 | q qbar -> bbbar(3PJ)[3PJ(1)] g            513 |           0 |
 | g g -> bbbar(3PJ)[3S1(8)] g               514 |           0 |
 | q g -> bbbar(3PJ)[3S1(8)] q               515 |           0 |
 | q qbar -> bbbar(3PJ)[3S1(8)] g            516 |           0 |
 | g g -> double bbbar(3S1)[3S1(1)]          521 |           0 |
 | q qbar -> double bbbar(3S1)[3S1(1)]       522 |           0 |
 | g g -> bbbar(3S1)[3S1(1)] gamma           551 |           0 |
 |                                                             |
 | sum                                           |      341350 |
 |                                               |             |
 *-------  End PYTHIA Multiparton Interactions Statistics -----*

 *-------  PYTHIA Error and Warning Messages Statistics  ----------------------------------------------------------* 
 |                                                                                                                 | 
 |  times   message                                                                                                | 
 |                                                                                                                 | 
 |     74   Error in BeamRemnants::setKinematics: kinematics construction failed after retrying 10 times           | 
 |     16   Error in SimpleSpaceShower::pT2nearThreshold: stuck in loop                                            | 
 |      4   Warning in MultipartonInteractions::pTnext: weight above unity                                         | 
 |     10   Warning in SimpleSpaceShower::pT2nextQCD: weight above unity                                           | 
 |                                                                                                                 | 
 *-------  End PYTHIA Error and Warning Messages Statistics  ------------------------------------------------------* 
