
 *------------------------------------------------------------------------------------* 
 |                                                                                    | 
 |  *------------------------------------------------------------------------------*  | 
 |  |                                                                              |  | 
 |  |                                                                              |  | 
 |  |   PPP   Y   Y  TTTTT  H   H  III    A      Welcome to the Lund Monte Carlo!  |  | 
 |  |   P  P   Y Y     T    H   H   I    A A     This is PYTHIA version 8.315      |  | 
 |  |   PPP     Y      T    HHHHH   I   AAAAA    Last date of change: 27 May 2025  |  | 
 |  |   P       Y      T    H   H   I   A   A                                      |  | 
 |  |   P       Y      T    H   H  III  A   A    Now is 07 Oct 2025 at 18:42:08    |  | 
 |  |                                                                              |  | 
 |  |   Program documentation and an archive of historic versions is found on:     |  | 
 |  |                                                                              |  | 
 |  |                               https://pythia.org/                            |  | 
 |  |                                                                              |  | 
 |  |   PYTHIA is authored by a collaboration consisting of:                       |  | 
 |  |                                                                              |  | 
 |  |   Javira Altmann, Christian Bierlich, Naomi Cooke, Nishita Desai,            |  | 
 |  |   Ilkka Helenius, Philip Ilten, Leif Lonnblad, Stephen Mrenna,               |  | 
 |  |   Christian Preuss, Torbjorn Sjostrand, and Peter Skands.                    |  | 
 |  |                                                                              |  | 
 |  |   The complete list of authors, including contact information and            |  | 
 |  |   affiliations, can be found on https://pythia.org/.                         |  | 
 |  |   Problems or bugs should be reported on email at authors@pythia.org.        |  | 
 |  |                                                                              |  | 
 |  |   The main program reference is C. Bierlich et al,                           |  | 
 |  |   'A comprehensive guide to the physics and usage of Pythia 8.3',            |  | 
 |  |   SciPost Phys. Codebases 8-r8.3 (2022) [arXiv:2203.11601 [hep-ph]]          |  | 
 |  |                                                                              |  | 
 |  |   PYTHIA is released under the GNU General Public Licence version 2          |  | 
 |  |   or later. Please respect the MCnet Guidelines for Generator Authors        |  | 
 |  |   and Users.                                                                 |  | 
 |  |                                                                              |  | 
 |  |   Disclaimer: this program comes without any guarantees.                     |  | 
 |  |   Beware of errors and use common sense when interpreting results.           |  | 
 |  |                                                                              |  | 
 |  |   Copyright (C) 2025 Torbjorn Sjostrand                                      |  | 
 |  |                                                                              |  | 
 |  |                                                                              |  | 
 |  *------------------------------------------------------------------------------*  | 
 |                                                                                    | 
 *------------------------------------------------------------------------------------* 

 PYTHIA Warning in Pythia::init: should not combine softQCD processes with hard ones

 *-------  PYTHIA Process Initialization  --------------------------*
 |                                                                  |
 | We collide p+ with p+ at a CM energy of 2.000e+02 GeV            |
 |                                                                  |
 |------------------------------------------------------------------|
 |                                                    |             |
 | Subprocess                                    Code |   Estimated |
 |                                                    |    max (mb) |
 |                                                    |             |
 |------------------------------------------------------------------|
 |                                                    |             |
 | non-diffractive                                101 |   2.849e+01 |
 | A B -> A B elastic                             102 |   9.577e+00 |
 | A B -> X B single diffractive                  103 |   4.644e+00 |
 | A B -> A X single diffractive                  104 |   4.644e+00 |
 | A B -> X X double diffractive                  105 |   4.201e+00 |
 | A B -> A X B central diffractive               106 |   0.000e+00 |
 | g g -> g g                                     111 |   4.111e-01 |
 | g g -> q qbar (uds)                            112 |   7.689e-03 |
 | q g -> q g                                     113 |   6.454e-01 |
 | q q(bar)' -> q q(bar)'                         114 |   1.421e-01 |
 | q qbar -> g g                                  115 |   1.049e-03 |
 | q qbar -> q' qbar' (uds)                       116 |   7.440e-04 |
 | g g -> c cbar                                  121 |   2.118e-03 |
 | q qbar -> c cbar                               122 |   2.219e-04 |
 | g g -> b bbar                                  123 |   5.794e-04 |
 | q qbar -> b bbar                               124 |   9.276e-05 |
 |                                                                  |
 *-------  End PYTHIA Process Initialization -----------------------*

 *-------  PYTHIA Multiparton Interactions Initialization  ---------* 
 |                                                                  | 
 |                   sigmaNonDiffractive =    28.49 mb              | 
 |                                                                  | 
 |    pT0 =  1.06 gives sigmaInteraction =    84.98 mb: accepted    | 
 |                                                                  | 
 *-------  End PYTHIA Multiparton Interactions Initialization  -----* 

 *-------  PYTHIA Multiparton Interactions Initialization  ---------* 
 |                                                                  | 
 |   diffraction XB for p+ on p+                                    | 
 |                                                                  | 
 |   diffractive mass = 1.00e+01 GeV and sigmaNorm =    10.00 mb    | 
 |    pT0 =  0.56 gives sigmaInteraction =    25.16 mb: accepted    | 
 |   diffractive mass = 1.65e+01 GeV and sigmaNorm =    10.00 mb    | 
 |    pT0 =  0.62 gives sigmaInteraction =    24.03 mb: accepted    | 
 |   diffractive mass = 2.71e+01 GeV and sigmaNorm =    10.00 mb    | 
 |    pT0 =  0.69 gives sigmaInteraction =    21.96 mb: accepted    | 
 |   diffractive mass = 4.47e+01 GeV and sigmaNorm =    10.00 mb    | 
 |    pT0 =  0.77 gives sigmaInteraction =    19.91 mb: accepted    | 
 |   diffractive mass = 7.37e+01 GeV and sigmaNorm =    10.00 mb    | 
 |    pT0 =  0.86 gives sigmaInteraction =    17.94 mb: accepted    | 
 |   diffractive mass = 1.21e+02 GeV and sigmaNorm =    10.00 mb    | 
 |    pT0 =  0.95 gives sigmaInteraction =    16.73 mb: accepted    | 
 |   diffractive mass = 2.00e+02 GeV and sigmaNorm =    10.00 mb    | 
 |    pT0 =  1.06 gives sigmaInteraction =    16.56 mb: accepted    | 
 |                                                                  | 
 *-------  End PYTHIA Multiparton Interactions Initialization  -----* 
 PYTHIA Warning in MultipartonInteractions::init: maximum increased by factor 4.192

 *-------  PYTHIA Multiparton Interactions Initialization  ---------* 
 |                                                                  | 
 |   diffraction AX for p+ on p+                                    | 
 |                                                                  | 
 |   diffractive mass = 1.00e+01 GeV and sigmaNorm =    10.00 mb    | 
 |    pT0 =  0.56 gives sigmaInteraction =    25.07 mb: accepted    | 
 |   diffractive mass = 1.65e+01 GeV and sigmaNorm =    10.00 mb    | 
 |    pT0 =  0.62 gives sigmaInteraction =    23.98 mb: accepted    | 
 |   diffractive mass = 2.71e+01 GeV and sigmaNorm =    10.00 mb    | 
 |    pT0 =  0.69 gives sigmaInteraction =    22.08 mb: accepted    | 
 |   diffractive mass = 4.47e+01 GeV and sigmaNorm =    10.00 mb    | 
 |    pT0 =  0.77 gives sigmaInteraction =    19.86 mb: accepted    | 
 |   diffractive mass = 7.37e+01 GeV and sigmaNorm =    10.00 mb    | 
 |    pT0 =  0.86 gives sigmaInteraction =    18.01 mb: accepted    | 
 |   diffractive mass = 1.21e+02 GeV and sigmaNorm =    10.00 mb    | 
 |    pT0 =  0.95 gives sigmaInteraction =    16.70 mb: accepted    | 
 |   diffractive mass = 2.00e+02 GeV and sigmaNorm =    10.00 mb    | 
 |    pT0 =  1.06 gives sigmaInteraction =    16.50 mb: accepted    | 
 |                                                                  | 
 *-------  End PYTHIA Multiparton Interactions Initialization  -----* 

 *-------  PYTHIA Flag + Mode + Parm + Word + FVec + MVec + PVec + WVec Settings (changes only)  ------------------* 
 |                                                                                                                 | 
 | Name                                          |                      Now |      Default         Min         Max | 
 |                                               |                          |                                      | 
 | Beams:eCM                                     |                200.00000 |    14000.000         0.0             | 
 | HardQCD:all                                   |                       on |          off                         | 
 | Main:rivetAnalyses                            |      BRAHMS_2007_I742956 |                                      | 
 |                                               |        STAR_2003_I631869 |                                      | 
 |                                               |        STAR_2012_I930463 |                                      | 
 |                                               |       STAR_2019_I1771348 |                                      | 
 |                                               |       STAR_2020_I1783875 |                                      | 
 |                                               |       STAR_2021_I1853218 |                                      | 
 |                                               |    STAR_2006_I709170TEST |                                      | 
 | Main:rivetDumpFile                            |                        # |                                      | 
 | Main:rivetRunName                             |                        # |                                      | 
 | Main:runRivet                                 |                       on |          off                         | 
 | Main:writeLog                                 |                       on |          off                         | 
 | PhaseSpace:pTHatMax                           |                 10.00000 |     -1.00000                         | 
 | PhaseSpace:pTHatMin                           |                  5.00000 |          0.0         0.0             | 
 | SoftQCD:all                                   |                       on |          off                         | 
 | Stat:showPartonLevel                          |                       on |          off                         | 
 | StringZ:useOldAExtra                          |                       on |          off                         | 
 |                                                                                                                 | 
 *-------  End PYTHIA Flag + Mode + Parm + Word + FVec + MVec + PVec + WVec Settings  -----------------------------* 

 --------  PYTHIA Particle Data Table (changed only)  ------------------------------------------------------------------------------
 
      id   name            antiName         spn chg col      m0        mWidth      mMin       mMax       tau0    res dec ext vis wid
             no onMode   bRatio   meMode     products 

 no particle data has been changed from its default value 

 --------  End PYTHIA Particle Data Table  -----------------------------------------------------------------------------------------


 --------  PYTHIA Info Listing  ---------------------------------------- 
 
 Beam A: id =   2212, pz =  1.000e+02, e =  1.000e+02, m =  9.383e-01.
 Beam B: id =   2212, pz = -1.000e+02, e =  1.000e+02, m =  9.383e-01.

 In 1: id =   21, x =  3.913e-02, pdf =  2.430e+00 at Q2 =  8.309e+00.
 In 2: id =    2, x =  1.895e-01, pdf =  6.359e-01 at same Q2.

 Process non-diffractive with code 101 is 2 -> 2.
 Subprocess q g -> q g with code 113 is 2 -> 2.
 It has sHat =  2.966e+02,    tHat = -8.556e+00,    uHat = -2.881e+02,
       pTHat =  2.883e+00,   m3Hat =  0.000e+00,   m4Hat =  0.000e+00,
    thetaHat =  3.413e-01,  phiHat =  5.019e+00.
     alphaEM =  7.531e-03,  alphaS =  2.851e-01    at Q2 =  9.436e+00.

 Impact parameter b =  8.550e-01 gives enhancement factor =  1.053e+00.
 Max pT scale for MPI =  2.883e+00, ISR =  2.883e+00, FSR =  2.883e+00.
 Number of MPI =     2, ISR =     2, FSRproc =     3, FSRreson =     0.

 --------  End PYTHIA Info Listing  ------------------------------------

 --------  PYTHIA Event Listing  (hard process)  -----------------------------------------------------------------------------------
 
    no         id  name            status     mothers   daughters     colours      p_x        p_y        p_z         e          m 
     0         90  (system)           -11     0     0     0     0     0     0      0.000      0.000      0.000    200.000    200.000
     1       2212  (p+)               -12     0     0     3     0     0     0      0.000      0.000     99.996    100.000      0.938
     2       2212  (p+)               -12     0     0     4     0     0     0      0.000      0.000    -99.996    100.000      0.938
     3         21  (g)                -21     1     0     5     6   102   103      0.000      0.000      3.913      3.913      0.000
     4          2  (u)                -21     2     0     5     6   101     0      0.000      0.000    -18.952     18.952      0.000
     5         21  g                   23     3     4     0     0   101   103     -2.747      0.870      3.252      4.345      0.000
     6          2  u                   23     3     4     0     0   102     0      2.747     -0.870    -18.291     18.520      0.330
                                   Charge sum:  0.667           Momentum sum:      0.000      0.000    -15.039     22.865     17.223

 --------  End PYTHIA Event Listing  -----------------------------------------------------------------------------------------------

 --------  PYTHIA Event Listing  (complete event)  ---------------------------------------------------------------------------------
 
    no         id  name            status     mothers   daughters     colours      p_x        p_y        p_z         e          m 
     0         90  (system)           -11     0     0     0     0     0     0      0.000      0.000      0.000    200.000    200.000
     1       2212  (p+)               -12     0     0    34     0     0     0      0.000      0.000     99.996    100.000      0.938
     2       2212  (p+)               -12     0     0    35     0     0     0      0.000      0.000    -99.996    100.000      0.938
     3         21  (g)                -21     7     0     5     6   102   103      0.000      0.000      3.913      3.913      0.000
     4          2  (u)                -21     8     8     5     6   101     0      0.000      0.000    -18.952     18.952      0.000
     5         21  (g)                -23     3     4     9     9   101   103     -2.747      0.870      3.252      4.345      0.000
     6          2  (u)                -23     3     4    10    10   102     0      2.747     -0.870    -18.291     18.520      0.330
     7         21  (g)                -41    21    21    11     3   102   104     -0.000      0.000     10.692     10.692      0.000
     8          2  (u)                -42    14    14     4     4   101     0      0.000      0.000    -18.952     18.952      0.000
     9         21  (g)                -44     5     5    12    13   101   103     -0.877      0.780      3.786      3.964      0.000
    10          2  (u)                -44     6     6    24    24   102     0      2.803     -0.873    -18.608     18.841      0.330
    11         21  (g)                -43     7     0    25    25   103   104     -1.926      0.094      6.562      6.839      0.000
    12         21  (g)                -51     9     0    15    16   105   103     -0.571      0.880      3.763      3.906      0.000
    13         21  (g)                -51     9     0    17    17   101   105     -0.306     -0.100     -0.605      0.685      0.000
    14          2  (u)                -53    22     0     8     8   101     0      0.000      0.000    -19.580     19.580      0.000
    15         21  (g)                -51    12     0    18    19   106   103     -0.428      0.865      3.711      3.835      0.000
    16         21  (g)                -51    12     0    20    20   105   106     -0.219     -0.010     -0.098      0.240      0.000
    17         21  (g)                -52    13    13    26    26   101   105     -0.231     -0.075     -0.456      0.517      0.000
    18         21  (g)                -51    15     0    23    23   107   103     -0.532      0.120      0.504      0.743      0.000
    19         21  (g)                -51    15     0    28    28   106   107     -0.026      0.739      3.149      3.235      0.000
    20         21  (g)                -52    16    16    27    27   105   106     -0.089     -0.004     -0.039      0.097      0.000
    21         21  (g)                -42    34    34     7     7   102   104     -0.000     -0.000     10.692     10.692      0.000
    22         21  (g)                -41    35    35    29    14   101   108      0.000      0.000    -47.583     47.583      0.000
    23         21  (g)                -44    18    18    36    36   107   103     -0.532      0.123      0.504      0.743      0.000
    24          2  (u)                -44    10    10    37    37   102     0      2.917     -0.368    -18.620     18.854      0.330
    25         21  (g)                -44    11    11    38    38   103   104     -1.925      0.097      6.553      6.830      0.000
    26         21  (g)                -44    17    17    39    39   101   105     -0.228     -0.062     -0.458      0.515      0.000
    27         21  (g)                -44    20    20    40    40   105   106     -0.088     -0.002     -0.040      0.097      0.000
    28         21  (g)                -44    19    19    41    41   106   107     -0.025      0.740      3.157      3.242      0.000
    29         -2  (ubar)             -43    22     0    42    42     0   108     -0.119     -0.528    -27.986     27.994      0.330
    30         21  (g)                -31    43    43    32    33   109   110      0.000      0.000      0.662      0.662      0.000
    31         21  (g)                -31    44    44    32    33   111   112      0.000      0.000     -0.299      0.299      0.000
    32         21  (g)                -33    30    31    45    45   109   112     -0.441      0.044      0.222      0.496      0.000
    33         21  (g)                -33    30    31    46    46   111   110      0.441     -0.044      0.141      0.465      0.000
    34         21  (g)                -61     1     0    21    21   111   104     -0.703     -0.366     10.677     10.706      0.000
    35         21  (g)                -61     2     0    22    22   101   108      0.537     -0.255    -47.571     47.575      0.000
    36         21  (g)                -62    23    23    60    60   107   103     -0.571      0.101      0.484      0.756      0.000
    37          2  (u)                -62    24    24    55    55   102     0      3.120     -0.472    -18.509     18.779      0.330
    38         21  (g)                -62    25    25    59    59   103   104     -2.363     -0.132      6.470      6.890      0.000
    39         21  (g)                -62    26    26    51     0   101   105     -0.224     -0.066     -0.468      0.523      0.000
    40         21  (g)                -62    27    27    51     0   105   109     -0.089     -0.004     -0.043      0.099      0.000
    41         21  (g)                -62    28    28    61    61   106   107     -0.235      0.631      3.162      3.233      0.000
    42         -2  (ubar)             -62    29    29    53    53     0   108      0.197     -0.678    -27.992     28.002      0.330
    43         21  (g)                -61     1     0    30    30   112   112      0.936      0.960      1.008      1.678      0.000
    44         21  (g)                -61     2     0    31    31   110   110      0.545      0.327     -0.130      0.649      0.000
    45         21  (g)                -62    32    32    62    62   109   106     -0.017      0.416      0.236      0.479      0.000
    46         21  (g)                -62    33    33    56    56   111   102      1.499      0.870      0.642      1.848      0.000
    47       2101  (ud_0)             -63     1     0    57    57     0   111      0.065      0.144     65.482     65.485      0.579
    48          2  (u)                -63     1     0    58    58   104     0     -0.298     -0.738     22.196     22.213      0.330
    49       2203  (uu_1)             -63     2     0    64    64     0   101     -0.259      0.068    -15.723     15.744      0.771
    50          1  (d)                -63     2     0    52    52   108     0     -0.824     -0.141    -35.939     35.950      0.330
    51         21  (g)                -73    39    40    63    63   101   109     -0.313     -0.070     -0.511      0.622      0.151
    52          1  (d)                -71    50    50    54    54   108     0     -0.824     -0.141    -35.939     35.950      0.330
    53         -2  (ubar)             -71    42    42    54    54     0   108      0.197     -0.678    -27.992     28.002      0.330
    54       -211  pi-                 81    52    53     0     0     0     0     -0.628     -0.819    -63.939     63.948      0.140
    55          2  (u)                -72    37    37    73    85   102     0      3.120     -0.472    -18.507     18.777      0.330
    56         21  (g)                -72    46    46    73    85   111   102      1.499      0.870      0.642      1.848      0.000
    57       2101  (ud_0)             -72    47    47    73    85     0   111      0.066      0.144     65.489     65.492      0.579
    58          2  (u)                -71    48    48    65    72   104     0     -0.298     -0.738     22.196     22.213      0.330
    59         21  (g)                -71    38    38    65    72   103   104     -2.363     -0.132      6.470      6.890      0.000
    60         21  (g)                -71    36    36    65    72   107   103     -0.571      0.101      0.484      0.756      0.000
    61         21  (g)                -71    41    41    65    72   106   107     -0.235      0.631      3.162      3.233      0.000
    62         21  (g)                -71    45    45    65    72   109   106     -0.017      0.416      0.236      0.479      0.000
    63         21  (g)                -71    51    51    65    72   101   109     -0.313     -0.070     -0.511      0.622      0.151
    64       2203  (uu_1)             -71    49    49    65    72     0   101     -0.259      0.068    -15.723     15.744      0.771
    65        323  (K*+)              -83    58    64    86    87     0     0     -0.129     -0.653     15.247     15.287      0.885
    66       3312  (Xi-)              -83    58    64   104   105     0     0     -0.558     -0.085      7.248      7.389      1.322
    67      -3312  (Xibar+)           -83    58    64   106   107     0     0     -1.821      0.376      7.369      7.714      1.322
    68       -323  (K*-)              -83    58    64    88    89     0     0     -1.386     -0.088      1.758      2.401      0.864
    69        213  (rho+)             -84    58    64    90    91     0     0      0.358      0.378     -0.325      0.804      0.520
    70        113  (rho0)             -84    58    64    92    93     0     0     -0.107      0.159      0.170      0.841      0.800
    71       2214  (Delta+)           -84    58    64    94    95     0     0     -0.176      0.335     -2.186      2.515      1.184
    72        113  (rho0)             -84    58    64    96    97     0     0     -0.237     -0.146    -12.964     12.985      0.682
    73        211  pi+                 83    55    57     0     0     0     0      1.914      0.026     -9.744      9.931      0.140
    74       -211  pi-                 83    55    57     0     0     0     0      0.134      0.048     -1.738      1.750      0.140
    75        111  (pi0)              -83    55    57   108   109     0     0      0.307     -0.597     -1.397      1.555      0.135
    76        211  pi+                 83    55    57     0     0     0     0      0.050      0.046     -1.530      1.538      0.140
    77        113  (rho0)             -83    55    57    98    99     0     0      0.380      0.311     -1.470      1.743      0.798
    78        311  (K0)               -83    55    57   100   100     0     0      0.372      0.264     -0.187      0.700      0.498
    79       -311  (Kbar0)            -83    55    57   101   101     0     0      1.109     -0.241     -0.964      1.570      0.498
    80       -211  pi-                 83    55    57     0     0     0     0     -0.237     -0.021     -1.063      1.098      0.140
    81        211  pi+                 83    55    57     0     0     0     0      0.488      0.618      0.877      1.187      0.140
    82       2112  n0                  84    55    57     0     0     0     0     -0.024     -0.353     12.380     12.421      0.940
    83      -2112  nbar0               84    55    57     0     0     0     0      0.561      0.636      5.370      5.517      0.940
    84       -211  pi-                 84    55    57     0     0     0     0     -0.062      0.064     16.537     16.538      0.140
    85       2212  p+                  84    55    57     0     0     0     0     -0.307     -0.261     30.552     30.569      0.938
    86        311  (K0)               -91    65     0   102   102     0     0     -0.263     -0.558      8.545      8.582      0.498
    87        211  pi+                 91    65     0     0     0     0     0      0.134     -0.094      6.702      6.705      0.140
    88       -311  (Kbar0)            -91    68     0   103   103     0     0     -0.666     -0.191      1.206      1.477      0.498
    89       -211  pi-                 91    68     0     0     0     0     0     -0.721      0.103      0.552      0.924      0.140
    90        211  pi+                 91    69     0     0     0     0     0      0.233      0.378     -0.392      0.608      0.140
    91        111  (pi0)              -91    69     0   110   111     0     0      0.125      0.000      0.067      0.196      0.135
    92        211  pi+                 91    70     0     0     0     0     0     -0.352      0.024      0.319      0.495      0.140
    93       -211  pi-                 91    70     0     0     0     0     0      0.244      0.135     -0.149      0.345      0.140
    94       2112  n0                  91    71     0     0     0     0     0     -0.116      0.355     -2.119      2.347      0.940
    95        211  pi+                 91    71     0     0     0     0     0     -0.060     -0.020     -0.068      0.167      0.140
    96        211  pi+                 91    72     0     0     0     0     0     -0.420     -0.090    -10.450     10.460      0.140
    97       -211  pi-                 91    72     0     0     0     0     0      0.183     -0.056     -2.514      2.525      0.140
    98        211  pi+                 91    77     0     0     0     0     0      0.291      0.372     -0.339      0.598      0.140
    99       -211  pi-                 91    77     0     0     0     0     0      0.088     -0.061     -1.131      1.145      0.140
   100        130  K_L0                91    78    78     0     0     0     0      0.372      0.264     -0.187      0.700      0.498
   101        130  K_L0                91    79    79     0     0     0     0      1.109     -0.241     -0.964      1.570      0.498
   102        130  K_L0                91    86    86     0     0     0     0     -0.263     -0.558      8.545      8.582      0.498
   103        130  K_L0                91    88    88     0     0     0     0     -0.666     -0.191      1.206      1.477      0.498
   104       3122  (Lambda0)          -91    66     0   112   113     0     0     -0.587     -0.054      5.909      6.042      1.116
   105       -211  pi-                 91    66     0     0     0     0     0      0.029     -0.031      1.339      1.347      0.140
   106      -3122  (Lambdabar0)       -91    67     0   114   115     0     0     -1.604      0.462      6.575      6.875      1.116
   107        211  pi+                 91    67     0     0     0     0     0     -0.217     -0.086      0.794      0.839      0.140
   108         22  gamma               91    75     0     0     0     0     0      0.014     -0.129     -0.323      0.348      0.000
   109         22  gamma               91    75     0     0     0     0     0      0.294     -0.467     -1.074      1.207      0.000
   110         22  gamma               91    91     0     0     0     0     0      0.055      0.062      0.060      0.103      0.000
   111         22  gamma               91    91     0     0     0     0     0      0.070     -0.062      0.007      0.093      0.000
   112       2112  n0                  91   104     0     0     0     0     0     -0.569     -0.105      4.893      5.016      0.940
   113        111  (pi0)              -91   104     0   116   117     0     0     -0.018      0.051      1.016      1.026      0.135
   114      -2112  nbar0               91   106     0     0     0     0     0     -1.526      0.447      5.929      6.210      0.940
   115        111  (pi0)              -91   106     0   118   119     0     0     -0.078      0.015      0.646      0.665      0.135
   116         22  gamma               91   113     0     0     0     0     0      0.007     -0.010      0.005      0.013      0.000
   117         22  gamma               91   113     0     0     0     0     0     -0.025      0.061      1.011      1.013      0.000
   118         22  gamma               91   115     0     0     0     0     0     -0.036     -0.051      0.439      0.443      0.000
   119         22  gamma               91   115     0     0     0     0     0     -0.043      0.066      0.208      0.222      0.000
                                   Charge sum:  2.000           Momentum sum:     -0.000     -0.000     -0.000    200.000    200.000

 --------  End PYTHIA Event Listing  -----------------------------------------------------------------------------------------------
[0;33mRivet.AnalysisLoader: WARN [0m Ignoring duplicate plugin analysis called 'STAR_2006_I709170'
[0;33mRivet.AnalysisHandler: WARN [0m Analysis 'STAR_2006_I709170TEST' not found.
[0;33mRivet.AnalysisHandler: WARN [0m Analysis 'BRAHMS_2007_I742956' is unvalidated: be careful, it may be broken!
[0;33mRivet.AnalysisHandler: WARN [0m Analysis 'STAR_2003_I631869' is unvalidated: be careful, it may be broken!
[0;33mRivet.AnalysisHandler: WARN [0m Analysis 'STAR_2012_I930463' is unvalidated: be careful, it may be broken!
[0;33mRivet.AnalysisHandler: WARN [0m Analysis 'STAR_2019_I1771348' is unvalidated: be careful, it may be broken!
[0;33mRivet.AnalysisHandler: WARN [0m Analysis 'STAR_2020_I1783875' is unvalidated: be careful, it may be broken!
[0;33mRivet.AnalysisHandler: WARN [0m Analysis 'STAR_2021_I1853218' is unvalidated: be careful, it may be broken!
 PYTHIA Error in BeamRemnants::setKinematics: kinematics construction failed after retrying 10 times

 *-------  PYTHIA Event and Cross Section Statistics  -------------------------------------------------------------*
 |                                                                                                                 |
 | Subprocess                                    Code |            Number of events       |      sigma +- delta    |
 |                                                    |       Tried   Selected   Accepted |     (estimated) (mb)   |
 |                                                    |                                   |                        |
 |-----------------------------------------------------------------------------------------------------------------|
 |                                                    |                                   |                        |
 | non-diffractive                                101 |         566        566        566 |   2.849e+01  0.000e+00 |
 | A B -> A B elastic                             102 |         177        177        177 |   9.577e+00  2.534e-08 |
 | A B -> X B single diffractive                  103 |          81         81         81 |   4.644e+00  1.622e-08 |
 | A B -> A X single diffractive                  104 |         101        101        101 |   4.644e+00  0.000e+00 |
 | A B -> X X double diffractive                  105 |          71         71         71 |   4.201e+00  1.582e-08 |
 | g g -> g g                                     111 |          10          0          0 |   0.000e+00  0.000e+00 |
 | g g -> q qbar (uds)                            112 |           0          0          0 |   0.000e+00  0.000e+00 |
 | q g -> q g                                     113 |           9          4          4 |   1.163e-01  3.969e-02 |
 | q q(bar)' -> q q(bar)'                         114 |           2          0          0 |   0.000e+00  0.000e+00 |
 | q qbar -> g g                                  115 |           0          0          0 |   0.000e+00  0.000e+00 |
 | q qbar -> q' qbar' (uds)                       116 |           0          0          0 |   0.000e+00  0.000e+00 |
 | g g -> c cbar                                  121 |           0          0          0 |   0.000e+00  0.000e+00 |
 | q qbar -> c cbar                               122 |           0          0          0 |   0.000e+00  0.000e+00 |
 | g g -> b bbar                                  123 |           0          0          0 |   0.000e+00  0.000e+00 |
 | q qbar -> b bbar                               124 |           0          0          0 |   0.000e+00  0.000e+00 |
 |                                                    |                                   |                        |
 | sum                                                |        1017       1000       1000 |   5.167e+01  3.969e-02 |
 |                                                                                                                 |
 *-------  End PYTHIA Event and Cross Section Statistics ----------------------------------------------------------*

 *-------  PYTHIA Multiparton Interactions Statistics  --------*
 |                                                             |
 |  Note: excludes hardest subprocess if already listed above  |
 |                                                             |
 | Subprocess                               Code |       Times |
 |                                               |             |
 |-------------------------------------------------------------|
 |                                               |             |
 | g g -> g g                                111 |         784 |
 | g g -> q qbar (uds)                       112 |           9 |
 | q g -> q g                                113 |         698 |
 | q q(bar)' -> q q(bar)'                    114 |         154 |
 | q qbar -> g g                             115 |           1 |
 | q qbar -> q' qbar' (uds)                  116 |           0 |
 | g g -> c cbar                             121 |           1 |
 | q qbar -> c cbar                          122 |           0 |
 | g g -> b bbar                             123 |           0 |
 | q qbar -> b bbar                          124 |           0 |
 | q g -> q gamma (udscb)                    201 |           0 |
 | q qbar -> g gamma                         202 |           0 |
 | g g -> g gamma                            203 |           0 |
 | f fbar -> gamma gamma                     204 |           0 |
 | g g -> gamma gamma                        205 |           0 |
 | f f' -> f f' (t-channel gamma*/Z0)        211 |           0 |
 | f_1 f_2 -> f_3 f_4 (t-channel W+-)        212 |           0 |
 | f fbar -> f' fbar' (s-channel gamma*)     223 |           0 |
 | g g -> ccbar(3S1)[3S1(1)] g               401 |           0 |
 | g g -> ccbar(3S1)[3S1(8)] g               402 |           0 |
 | q g -> ccbar(3S1)[3S1(8)] q               403 |           0 |
 | q qbar -> ccbar(3S1)[3S1(8)] g            404 |           0 |
 | g g -> ccbar(3S1)[1S0(8)] g               405 |           0 |
 | q g -> ccbar(3S1)[1S0(8)] q               406 |           0 |
 | q qbar -> ccbar(3S1)[1S0(8)] g            407 |           0 |
 | g g -> ccbar(3S1)[3PJ(8)] g               408 |           1 |
 | q g -> ccbar(3S1)[3PJ(8)] q               409 |           0 |
 | q qbar -> ccbar(3S1)[3PJ(8)] g            410 |           0 |
 | g g -> ccbar(3PJ)[3PJ(1)] g               411 |           2 |
 | q g -> ccbar(3PJ)[3PJ(1)] q               412 |           0 |
 | q qbar -> ccbar(3PJ)[3PJ(1)] g            413 |           0 |
 | g g -> ccbar(3PJ)[3S1(8)] g               414 |           0 |
 | q g -> ccbar(3PJ)[3S1(8)] q               415 |           0 |
 | q qbar -> ccbar(3PJ)[3S1(8)] g            416 |           0 |
 | g g -> ccbar(3DJ)[3DJ(1)] g               417 |           0 |
 | g g -> ccbar(3DJ)[3PJ(8)] g               418 |           0 |
 | q g -> ccbar(3DJ)[3PJ(8)] q               419 |           0 |
 | q qbar -> ccbar(3DJ)[3PJ(8)] g            420 |           0 |
 | g g -> double ccbar(3S1)[3S1(1)]          421 |           0 |
 | q qbar -> double ccbar(3S1)[3S1(1)]       422 |           0 |
 | g g -> ccbar(3S1)[3S1(1)] gamma           441 |           0 |
 | g g -> bbbar(3S1)[3S1(1)] g               501 |           0 |
 | g g -> bbbar(3S1)[3S1(8)] g               502 |           0 |
 | q g -> bbbar(3S1)[3S1(8)] q               503 |           0 |
 | q qbar -> bbbar(3S1)[3S1(8)] g            504 |           0 |
 | g g -> bbbar(3S1)[1S0(8)] g               505 |           0 |
 | q g -> bbbar(3S1)[1S0(8)] q               506 |           0 |
 | q qbar -> bbbar(3S1)[1S0(8)] g            507 |           0 |
 | g g -> bbbar(3S1)[3PJ(8)] g               508 |           0 |
 | q g -> bbbar(3S1)[3PJ(8)] q               509 |           0 |
 | q qbar -> bbbar(3S1)[3PJ(8)] g            510 |           0 |
 | g g -> bbbar(3PJ)[3PJ(1)] g               511 |           0 |
 | q g -> bbbar(3PJ)[3PJ(1)] q               512 |           0 |
 | q qbar -> bbbar(3PJ)[3PJ(1)] g            513 |           0 |
 | g g -> bbbar(3PJ)[3S1(8)] g               514 |           0 |
 | q g -> bbbar(3PJ)[3S1(8)] q               515 |           0 |
 | q qbar -> bbbar(3PJ)[3S1(8)] g            516 |           0 |
 | g g -> double bbbar(3S1)[3S1(1)]          521 |           0 |
 | q qbar -> double bbbar(3S1)[3S1(1)]       522 |           0 |
 | g g -> bbbar(3S1)[3S1(1)] gamma           551 |           0 |
 |                                                             |
 | sum                                           |        1650 |
 |                                               |             |
 *-------  End PYTHIA Multiparton Interactions Statistics -----*

 *-------  PYTHIA Error and Warning Messages Statistics  ----------------------------------------------------------* 
 |                                                                                                                 | 
 |  times   message                                                                                                | 
 |                                                                                                                 | 
 |      2   Error in BeamRemnants::setKinematics: kinematics construction failed after retrying 10 times           | 
 |      2   Warning in MultipartonInteractions::init: maximum increased                                            | 
 |      1   Warning in Pythia::init: should not combine softQCD processes with hard ones                           | 
 |                                                                                                                 | 
 *-------  End PYTHIA Error and Warning Messages Statistics  ------------------------------------------------------* 
