
 *------------------------------------------------------------------------------------* 
 |                                                                                    | 
 |  *------------------------------------------------------------------------------*  | 
 |  |                                                                              |  | 
 |  |                                                                              |  | 
 |  |   PPP   Y   Y  TTTTT  H   H  III    A      Welcome to the Lund Monte Carlo!  |  | 
 |  |   P  P   Y Y     T    H   H   I    A A     This is PYTHIA version 8.315      |  | 
 |  |   PPP     Y      T    HHHHH   I   AAAAA    Last date of change: 27 May 2025  |  | 
 |  |   P       Y      T    H   H   I   A   A                                      |  | 
 |  |   P       Y      T    H   H  III  A   A    Now is 08 Oct 2025 at 02:48:49    |  | 
 |  |                                                                              |  | 
 |  |   Program documentation and an archive of historic versions is found on:     |  | 
 |  |                                                                              |  | 
 |  |                               https://pythia.org/                            |  | 
 |  |                                                                              |  | 
 |  |   PYTHIA is authored by a collaboration consisting of:                       |  | 
 |  |                                                                              |  | 
 |  |   Javira Altmann, Christian Bierlich, Naomi Cooke, Nishita Desai,            |  | 
 |  |   Ilkka Helenius, Philip Ilten, Leif Lonnblad, Stephen Mrenna,               |  | 
 |  |   Christian Preuss, Torbjorn Sjostrand, and Peter Skands.                    |  | 
 |  |                                                                              |  | 
 |  |   The complete list of authors, including contact information and            |  | 
 |  |   affiliations, can be found on https://pythia.org/.                         |  | 
 |  |   Problems or bugs should be reported on email at authors@pythia.org.        |  | 
 |  |                                                                              |  | 
 |  |   The main program reference is C. Bierlich et al,                           |  | 
 |  |   'A comprehensive guide to the physics and usage of Pythia 8.3',            |  | 
 |  |   SciPost Phys. Codebases 8-r8.3 (2022) [arXiv:2203.11601 [hep-ph]]          |  | 
 |  |                                                                              |  | 
 |  |   PYTHIA is released under the GNU General Public Licence version 2          |  | 
 |  |   or later. Please respect the MCnet Guidelines for Generator Authors        |  | 
 |  |   and Users.                                                                 |  | 
 |  |                                                                              |  | 
 |  |   Disclaimer: this program comes without any guarantees.                     |  | 
 |  |   Beware of errors and use common sense when interpreting results.           |  | 
 |  |                                                                              |  | 
 |  |   Copyright (C) 2025 Torbjorn Sjostrand                                      |  | 
 |  |                                                                              |  | 
 |  |                                                                              |  | 
 |  *------------------------------------------------------------------------------*  | 
 |                                                                                    | 
 *------------------------------------------------------------------------------------* 


 *-------  PYTHIA Process Initialization  --------------------------*
 |                                                                  |
 | We collide p+ with p+ at a CM energy of 2.000e+02 GeV            |
 |                                                                  |
 |------------------------------------------------------------------|
 |                                                    |             |
 | Subprocess                                    Code |   Estimated |
 |                                                    |    max (mb) |
 |                                                    |             |
 |------------------------------------------------------------------|
 |                                                    |             |
 | g g -> g g                                     111 |   3.212e-06 |
 | g g -> q qbar (uds)                            112 |   9.236e-08 |
 | q g -> q g                                     113 |   1.759e-05 |
 | q q(bar)' -> q q(bar)'                         114 |   1.226e-05 |
 | q qbar -> g g                                  115 |   5.437e-08 |
 | q qbar -> q' qbar' (uds)                       116 |   5.255e-08 |
 | g g -> c cbar                                  121 |   3.049e-08 |
 | q qbar -> c cbar                               122 |   1.736e-08 |
 | g g -> b bbar                                  123 |   2.787e-08 |
 | q qbar -> b bbar                               124 |   1.606e-08 |
 |                                                                  |
 *-------  End PYTHIA Process Initialization -----------------------*

 *-------  PYTHIA Multiparton Interactions Initialization  ---------* 
 |                                                                  | 
 |                   sigmaNonDiffractive =    28.49 mb              | 
 |                                                                  | 
 |    pT0 =  1.06 gives sigmaInteraction =    84.95 mb: accepted    | 
 |                                                                  | 
 *-------  End PYTHIA Multiparton Interactions Initialization  -----* 

 *-------  PYTHIA Flag + Mode + Parm + Word + FVec + MVec + PVec + WVec Settings (changes only)  ------------------* 
 |                                                                                                                 | 
 | Name                                          |                      Now |      Default         Min         Max | 
 |                                               |                          |                                      | 
 | Beams:eCM                                     |                200.00000 |    14000.000         0.0             | 
 | HardQCD:all                                   |                       on |          off                         | 
 | Main:numberOfEvents                           |                   100000 |         1000           0             | 
 | Main:rivetAnalyses                            |      BRAHMS_2007_I742956 |                                      | 
 |                                               |        STAR_2003_I631869 |                                      | 
 |                                               |        STAR_2012_I930463 |                                      | 
 |                                               |       STAR_2019_I1771348 |                                      | 
 |                                               |       STAR_2020_I1783875 |                                      | 
 |                                               |       STAR_2021_I1853218 |                                      | 
 |                                               |    STAR_2006_I709170TEST |                                      | 
 | Main:rivetDumpFile                            |                        # |                                      | 
 | Main:rivetRunName                             |                        # |                                      | 
 | Main:runRivet                                 |                       on |          off                         | 
 | Main:writeLog                                 |                       on |          off                         | 
 | PhaseSpace:pTHatMax                           |                 40.00000 |     -1.00000                         | 
 | PhaseSpace:pTHatMin                           |                 30.00000 |          0.0         0.0             | 
 | Stat:showPartonLevel                          |                       on |          off                         | 
 | StringZ:useOldAExtra                          |                       on |          off                         | 
 |                                                                                                                 | 
 *-------  End PYTHIA Flag + Mode + Parm + Word + FVec + MVec + PVec + WVec Settings  -----------------------------* 

 --------  PYTHIA Particle Data Table (changed only)  ------------------------------------------------------------------------------
 
      id   name            antiName         spn chg col      m0        mWidth      mMin       mMax       tau0    res dec ext vis wid
             no onMode   bRatio   meMode     products 

 no particle data has been changed from its default value 

 --------  End PYTHIA Particle Data Table  -----------------------------------------------------------------------------------------


 --------  PYTHIA Info Listing  ---------------------------------------- 
 
 Beam A: id =   2212, pz =  1.000e+02, e =  1.000e+02, m =  9.383e-01.
 Beam B: id =   2212, pz = -1.000e+02, e =  1.000e+02, m =  9.383e-01.

 In 1: id =   21, x =  2.820e-01, pdf =  1.939e-01 at Q2 =  1.024e+03.
 In 2: id =    1, x =  3.802e-01, pdf =  9.551e-02 at same Q2.

 Subprocess q g -> q g with code 113 is 2 -> 2.
 It has sHat =  4.289e+03,    tHat = -1.690e+03,    uHat = -2.599e+03,
       pTHat =  3.200e+01,   m3Hat =  0.000e+00,   m4Hat =  3.300e-01,
    thetaHat =  1.357e+00,  phiHat =  4.293e+00.
     alphaEM =  7.726e-03,  alphaS =  1.559e-01    at Q2 =  1.024e+03.

 Impact parameter b =  2.125e-01 gives enhancement factor =  3.035e+00.
 Max pT scale for MPI =  3.200e+01, ISR =  3.200e+01, FSR =  3.200e+01.
 Number of MPI =     6, ISR =     4, FSRproc =    18, FSRreson =     0.

 --------  End PYTHIA Info Listing  ------------------------------------

 --------  PYTHIA Event Listing  (hard process)  -----------------------------------------------------------------------------------
 
    no         id  name            status     mothers   daughters     colours      p_x        p_y        p_z         e          m 
     0         90  (system)           -11     0     0     0     0     0     0      0.000      0.000      0.000    200.000    200.000
     1       2212  (p+)               -12     0     0     3     0     0     0      0.000      0.000     99.996    100.000      0.938
     2       2212  (p+)               -12     0     0     4     0     0     0      0.000      0.000    -99.996    100.000      0.938
     3         21  (g)                -21     1     0     5     6   102   101      0.000      0.000     28.204     28.204      0.000
     4          1  (d)                -21     2     0     5     6   101     0      0.000      0.000    -38.016     38.016      0.000
     5         21  g                   23     3     4     0     0   102   103    -13.018    -29.233      2.109     32.070      0.000
     6          1  d                   23     3     4     0     0   103     0     13.018     29.233    -11.921     34.150      0.330
                                   Charge sum: -0.333           Momentum sum:      0.000      0.000     -9.812     66.220     65.489

 --------  End PYTHIA Event Listing  -----------------------------------------------------------------------------------------------

 --------  PYTHIA Event Listing  (complete event)  ---------------------------------------------------------------------------------
 
    no         id  name            status     mothers   daughters     colours      p_x        p_y        p_z         e          m 
     0         90  (system)           -11     0     0     0     0     0     0      0.000      0.000      0.000    200.000    200.000
     1       2212  (p+)               -12     0     0   104     0     0     0      0.000      0.000     99.996    100.000      0.938
     2       2212  (p+)               -12     0     0   105     0     0     0      0.000      0.000    -99.996    100.000      0.938
     3         21  (g)                -21     7     0     5     6   102   101      0.000      0.000     28.204     28.204      0.000
     4          1  (d)                -21     8     8     5     6   101     0      0.000      0.000    -38.016     38.016      0.000
     5         21  (g)                -23     3     4     9     9   102   103    -13.018    -29.233      2.109     32.070      0.000
     6          1  (d)                -23     3     4    10    10   103     0     13.018     29.233    -11.921     34.150      0.330
     7         21  (g)                -41    18    18    11     3   104   101      0.000     -0.000     34.225     34.225      0.000
     8          1  (d)                -42    19     0     4     4   101     0     -0.000      0.000    -38.016     38.016      0.000
     9         21  (g)                -44     5     5    12    13   102   103    -12.004    -32.433      4.704     34.902      0.000
    10          1  (d)                -44     6     6    14    14   103     0     13.677     27.151     -5.064     30.822      0.330
    11         21  (g)                -43     7     0    22    22   104   102     -1.673      5.282     -3.431      6.517      0.000
    12         21  (g)                -51     9     0    20    20   102   105    -14.076    -21.250      0.662     25.497      0.000
    13         21  (g)                -51     9     0    15    16   105   103      2.740     -9.856      3.794     10.911      0.000
    14          1  (d)                -52    10    10    17    17   103     0     13.009     25.824     -4.816     29.316      0.330
    15         21  (g)                -51    13     0    23    23   105   106     -1.304     -1.456      6.178      6.480      0.000
    16         21  (g)                -51    13     0    24    24   106   103      5.723     -5.067     -3.006      8.214      0.000
    17          1  (d)                -52    14    14    21    21   103     0     11.330     22.491     -4.195     25.533      0.330
    18         21  (g)                -42    52    52     7     7   104   101     -0.000     -0.000     34.225     34.225      0.000
    19          1  (d)                -41    76    76    25     8   107     0      0.000      0.000    -52.724     52.724      0.000
    20         21  (g)                -44    12    12    31    31   102   105    -12.985    -20.430     -0.919     24.224      0.000
    21          1  (d)                -44    17    17    28    28   103     0     12.636     23.473     -3.241     26.856      0.330
    22         21  (g)                -44    11    11    32    33   104   102     -1.236      5.610     -3.397      6.674      0.000
    23         21  (g)                -44    15    15    29    30   105   106     -1.291     -1.446      5.995      6.301      0.000
    24         21  (g)                -44    16    16    26    27   106   103      6.216     -4.697     -3.008      8.351      0.000
    25         21  (g)                -43    19     0    50    51   107   101     -3.340     -2.510    -13.929     14.542      0.000
    26         21  (g)                -51    24     0    43    44   106   108      4.105     -0.203      0.807      4.189      0.000
    27         21  (g)                -51    24     0    53    54   108   103      2.886     -3.054     -4.014      5.810      0.000
    28          1  (d)                -52    21    21    55    55   103     0     11.861     22.032     -3.042     25.208      0.330
    29         21  (g)                -51    23     0    45    45   109   106      0.199     -3.279      3.812      5.033      0.000
    30         21  (g)                -51    23     0    77    78   105   109     -2.607      0.077      2.104      3.351      0.000
    31         21  (g)                -52    20    20    34    34   102   105    -11.868    -18.673     -0.840     22.142      0.000
    32         21  (g)                -51    22     0   108   108   104   110     -1.956      2.264     -0.266      3.004      0.000
    33         21  (g)                -51    22     0    92    93   110   102      0.401      2.844     -3.154      4.265      0.000
    34         21  (g)                -52    31    31    79    79   102   105    -11.549    -18.171     -0.818     21.546      0.000
    35          1  (d)                -31   127   127    37    38   111     0      0.000      0.000      0.412      0.412      0.000
    36          2  (u)                -31   128   128    37    38   112     0      0.000      0.000     -6.449      6.449      0.000
    37          1  (d)                -33    35    36   129   129   112     0     -0.828      0.988     -1.035      1.686      0.330
    38          2  (u)                -33    35    36   130   130   111     0      0.828     -0.988     -5.002      5.176      0.330
    39          1  (d)                -31   131   131    41    42   113     0      0.000      0.000      1.737      1.737      0.000
    40         21  (g)                -31    58    58    41    42   114   115      0.000      0.000     -1.151      1.151      0.000
    41          1  (d)                -33    39    40    56    57   114     0      1.006     -0.716      0.960      1.598      0.330
    42         21  (g)                -33    39    40   134   134   113   115     -1.006      0.716     -0.374      1.290      0.000
    43         21  (g)                -51    26     0    62    63   116   108      2.309     -0.950     -0.355      2.522      0.000
    44         21  (g)                -51    26     0    64    64   106   116      1.835      0.109      1.904      2.646      0.000
    45         21  (g)                -52    29    29    83    84   109   106      0.161     -2.641      3.070      4.053      0.000
    46         21  (g)                -31    69    69    48    49   117   118      0.000      0.000     24.091     24.091      0.000
    47         21  (g)                -31    70     0    48    49   119   117      0.000      0.000     -0.165      0.165      0.000
    48         21  (g)                -33    46    47    71    71   119   120     -1.041     -0.503      2.082      2.381      0.000
    49         21  (g)                -33    46    47    72    72   120   118      1.041      0.503     21.844     21.875      0.000
    50         21  (g)                -51    25     0    74    75   107   121     -2.228     -2.522    -13.293     13.712      0.000
    51         21  (g)                -51    25     0   116   116   121   101     -1.112      0.011     -0.311      1.155      0.000
    52         21  (g)                -53   104   104    18    18   104   101     -0.000     -0.000     34.550     34.550      0.000
    53         21  (g)                -51    27     0   112   112   108   122      2.394     -3.162     -3.004      4.975      0.000
    54         21  (g)                -51    27     0    59    60   122   103      0.842      0.760     -1.100      1.580      0.000
    55          1  (d)                -52    28    28    61    61   103     0     11.510     21.381     -2.952     24.463      0.330
    56          1  (d)                -51    41     0   133   133   123     0      1.425     -0.778      0.447      1.716      0.330
    57         21  (g)                -51    41     0   135   135   114   123     -0.419      0.061     -0.029      0.425      0.000
    58         21  (g)                -53   132   132    40    40   114   115      0.000      0.000     -1.693      1.693      0.000
    59          2  (u)                -51    54     0   117   117   122     0      0.507      0.858     -1.039      1.477      0.330
    60         -2  (ubar)             -51    54     0   118   118     0   103      2.597      4.106     -0.639      4.912      0.330
    61          1  (d)                -52    55    55   107   107   103     0      9.248     17.177     -2.374     19.655      0.330
    62         21  (g)                -51    43     0    82    82   124   108      2.405     -0.111      0.028      2.408      0.000
    63         21  (g)                -51    43     0    80    81   116   124      0.502     -0.803      0.238      0.976      0.000
    64         21  (g)                -52    44    44    85    85   106   116      1.237      0.073      1.284      1.784      0.000
    65         21  (g)                -31    95     0    67    68   125   126      0.000      0.000      1.687      1.687      0.000
    66         21  (g)                -31    96    96    67    68   127   128      0.000      0.000     -0.872      0.872      0.000
    67         21  (g)                -33    65    66    97    97   125   128     -0.447      0.529      1.457      1.614      0.000
    68         21  (g)                -33    65    66    98    98   127   126      0.447     -0.529     -0.643      0.945      0.000
    69         21  (g)                -42   136   136    46    46   117   118      0.000     -0.000     24.091     24.091      0.000
    70         21  (g)                -41   137   137    73    47   129   117     -0.000      0.000     -0.242      0.242      0.000
    71         21  (g)                -44    48    48   138   138   119   120     -0.573     -0.809      1.338      1.666      0.000
    72         21  (g)                -44    49    49   139   139   120   118      1.089      0.471     21.041     21.075      0.000
    73         21  (g)                -43    70     0   140   140   129   119     -0.516      0.338      1.469      1.594      0.000
    74         21  (g)                -51    50     0   111   111   130   121     -1.692     -0.935     -8.218      8.442      0.000
    75         21  (g)                -51    50     0   120   120   107   130     -0.536     -1.587     -7.095      7.290      0.000
    76          1  (d)                -53   105   105    19    19   107     0      0.000      0.000    -54.743     54.743      0.000
    77         21  (g)                -51    30     0   113   113   131   109     -1.299      0.452      0.641      1.518      0.000
    78         21  (g)                -51    30     0    86    87   105   131     -1.501     -0.680      1.449      2.194      0.000
    79         21  (g)                -52    34    34    88    88   102   105    -11.355    -17.866     -0.804     21.185      0.000
    80         21  (g)                -51    63     0   119   119   116   132     -0.046     -0.217      0.250      0.334      0.000
    81         21  (g)                -51    63     0   122   122   132   124      2.250     -0.665      0.008      2.346      0.000
    82         21  (g)                -52    62    62   110   110   124   108      0.703     -0.033      0.008      0.704      0.000
    83         21  (g)                -51    45     0   109   109   109   133     -0.101     -0.212     -0.043      0.239      0.000
    84         21  (g)                -51    45     0   123   123   133   106      0.519     -2.414      3.380      4.186      0.000
    85         21  (g)                -52    64    64   115   115   106   116      0.979      0.058      1.016      1.413      0.000
    86         21  (g)                -51    78     0    91    91   134   131     -1.507     -0.388      1.142      1.930      0.000
    87         21  (g)                -51    78     0    89    90   105   134     -0.894     -1.708      0.243      1.943      0.000
    88         21  (g)                -52    79    79    94    94   102   105    -10.455    -16.450     -0.740     19.506      0.000
    89         21  (g)                -51    87     0   124   124   105   135     -0.015     -0.681      0.371      0.776      0.000
    90         21  (g)                -51    87     0   125   125   135   134     -1.415     -1.165      0.279      1.854      0.000
    91         21  (g)                -52    86    86   121   121   134   131     -0.971     -0.250      0.736      1.243      0.000
    92         21  (g)                -51    33     0   114   114   110   136      0.050      2.873     -3.190      4.294      0.000
    93         21  (g)                -51    33     0   126   126   136   102      0.106     -0.416      0.019      0.429      0.000
    94         21  (g)                -52    88    88   106   106   102   105    -10.210    -16.064     -0.723     19.048      0.000
    95         21  (g)                -41   141   141    99    65   137   126      0.000      0.000      8.925      8.925      0.000
    96         21  (g)                -42   142   142    66    66   127   128      0.000      0.000     -0.872      0.872      0.000
    97         21  (g)                -44    67    67   143   143   125   128     -0.135      0.729      1.503      1.676      0.000
    98         21  (g)                -44    68    68   144   144   127   126      0.478     -0.509     -0.624      0.937      0.000
    99         21  (g)                -43    95     0   145   145   137   125     -0.343     -0.219      7.174      7.185      0.000
   100         21  (g)                -31   146   146   102   103   139   138      0.000      0.000      3.295      3.295      0.000
   101         21  (g)                -31   147   147   102   103   140   139      0.000      0.000     -0.058      0.058      0.000
   102         21  (g)                -33   100   101   148   148   141   138     -0.207     -0.062      3.076      3.083      0.000
   103         21  (g)                -33   100   101   149   149   140   141      0.207      0.062      0.161      0.270      0.000
   104         21  (g)                -61     1     0    52    52   137   101     -2.737     -0.319     34.528     34.638      0.000
   105          1  (d)                -61     2     0    76    76   107     0     -1.964     -0.712    -54.752     54.792      0.000
   106         21  (g)                -62    94    94   213   213   102   105    -11.310    -16.282     -0.921     19.846      0.000
   107          1  (d)                -62    61    61   160   160   103     0      8.187     16.958     -2.214     18.963      0.330
   108         21  (g)                -62    32    32   216   216   104   110     -2.125      2.230     -0.314      3.096      0.000
   109         21  (g)                -62    83    83   208   208   109   133     -0.114     -0.215     -0.045      0.247      0.000
   110         21  (g)                -62    82    82   157     0   124   119      0.663     -0.040      0.023      0.665      0.000
   111         21  (g)                -62    74    74   165   165   130   121     -2.002     -1.045     -8.254      8.558      0.000
   112         21  (g)                -62    53    53   202   202   108   122      2.175     -3.223     -2.947      4.879      0.000
   113         21  (g)                -62    77    77   159     0   131   113     -1.402      0.436      0.611      1.591      0.000
   114         21  (g)                -62    92    92   215   215   110   136     -0.127      2.820     -3.196      4.264      0.000
   115         21  (g)                -62    85    85   158     0   106   116      0.878      0.044      1.037      1.359      0.000
   116         21  (g)                -62    51    51   166   166   121   101     -1.173     -0.002     -0.335      1.220      0.000
   117          2  (u)                -62    59    59   201   201   122     0      0.446      0.840     -1.030      1.440      0.330
   118         -2  (ubar)             -62    60    60   161   161     0   103      2.333      4.052     -0.592      4.725      0.330
   119         21  (g)                -62    80    80   205   205   116   132     -0.071     -0.220      0.249      0.340      0.000
   120         21  (g)                -62    75    75   164   164   107   130     -0.803     -1.682     -7.105      7.345      0.000
   121         21  (g)                -62    91    91   154     0   134   131     -1.060     -0.263      0.714      1.305      0.000
   122         21  (g)                -62    81    81   157     0   132   124      2.118     -0.690      0.057      2.228      0.000
   123         21  (g)                -62    84    84   207   207   133   140      0.205     -2.454      3.394      4.193      0.000
   124         21  (g)                -62    89    89   212   212   105   135     -0.068     -0.689      0.371      0.786      0.000
   125         21  (g)                -62    90    90   211   211   135   114     -1.531     -1.185      0.250      1.952      0.000
   126         21  (g)                -62    93    93   214   214   136   102      0.081     -0.420      0.022      0.429      0.000
   127          1  (d)                -61     1     0    35    35   101     0      0.508      0.415      0.156      0.674      0.000
   128          2  (u)                -61     2     0    36    36   112     0      1.164     -0.173     -6.954      7.053      0.000
   129          1  (d)                -62    37    37   168   168   112     0     -0.198      1.261     -1.446      1.957      0.330
   130          2  (u)                -62    38    38   167   167   101     0      1.870     -1.020     -5.352      5.770      0.330
   131          1  (d)                -61     1     0    39    39   115     0      0.600     -1.162      1.585      2.055      0.000
   132         21  (g)                -61     2     0    58    58   123   115     -0.240      0.081     -1.539      1.560      0.000
   133          1  (d)                -62    56    56   169   169   123     0      1.651     -1.416     -0.191      2.208      0.330
   134         21  (g)                -62    42    42   159     0   113   109     -0.920      0.408      0.142      1.017      0.000
   135         21  (g)                -62    57    57   154     0   114   134     -0.371     -0.073      0.094      0.390      0.000
   136         21  (g)                -61     1     0    69    69   117   117      0.409     -0.436     23.441     23.449      0.000
   137         21  (g)                -61     2     0    70    70   118   118      1.035      0.842      1.529      2.029      0.000
   138         21  (g)                -62    71    71   153     0   119   127      0.111     -0.224     -0.080      0.263      0.000
   139         21  (g)                -62    72    72   156     0   120   129      1.567      0.098     23.616     23.668      0.000
   140         21  (g)                -62    73    73   155     0   129   125     -0.235      0.531      1.434      1.547      0.000
   141         21  (g)                -61     1     0    95    95   128   128     -0.200      0.571      8.835      8.856      0.000
   142         21  (g)                -61     2     0    96    96   126   126     -0.219     -0.562     -0.759      0.970      0.000
   143         21  (g)                -62    97    97   155     0   125   104     -0.190      0.760      1.255      1.479      0.000
   144         21  (g)                -62    98    98   153     0   127   108      0.279     -0.994     -0.397      1.106      0.000
   145         21  (g)                -62    99    99   219   219   137   141     -0.508      0.242      7.218      7.240      0.000
   146         21  (g)                -61     1     0   100   100   139   139      0.411     -0.011      3.880      3.901      0.000
   147         21  (g)                -61     2     0   101   101   138   138      0.353     -0.090      0.431      0.564      0.000
   148         21  (g)                -62   102   102   156     0   141   120      0.138     -0.075      3.088      3.092      0.000
   149         21  (g)                -62   103   103   158     0   140   106      0.625     -0.026      1.222      1.373      0.000
   150       2203  (uu_1)             -63     1     0   186   186     0   115      0.914      0.417     23.881     23.915      0.771
   151         -1  (dbar)             -63     1     0   220   220     0   137      0.095      0.526      0.484      0.792      0.330
   152          2  (u)                -63     2     0   185   185   115     0     -0.129      0.615    -34.745     34.752      0.330
   153         21  (g)                -73   138   144   203   203   119   108      0.390     -1.218     -0.477      1.368      0.101
   154         21  (g)                -73   121   135   210   210   114   131     -1.430     -0.336      0.809      1.694      0.240
   155         21  (g)                -73   140   143   217   217   129   104     -0.425      1.291      2.689      3.027      0.286
   156         21  (g)                -73   139   148   218   218   141   129      1.705      0.024     26.704     26.760      0.305
   157         21  (g)                -73   110   122   204   204   132   119      2.781     -0.730      0.080      2.893      0.309
   158         21  (g)                -73   115   149   206   206   140   116      1.503      0.018      2.259      2.732      0.321
   159         21  (g)                -73   113   134   209   209   131   109     -2.322      0.844      0.754      2.607      0.352
   160          1  (d)                -71   107   107   162   163   103     0      8.187     16.958     -2.214     18.963      0.330
   161         -2  (ubar)             -71   118   118   162   163     0   103      2.333      4.052     -0.592      4.725      0.330
   162        221  (eta)              -82   160   161   306   307     0     0      4.213      9.110     -1.127     10.115      0.548
   163       -211  pi-                 82   160   161     0     0     0     0      6.307     11.899     -1.679     13.573      0.140
   164         21  (g)                -71   120   120   170   184   107   130     -0.803     -1.682     -7.105      7.345      0.000
   165         21  (g)                -71   111   111   170   184   130   121     -2.002     -1.045     -8.254      8.558      0.000
   166         21  (g)                -71   116   116   170   184   121   101     -1.173     -0.002     -0.335      1.220      0.000
   167          2  (u)                -71   130   130   170   184   101     0      1.870     -1.020     -5.352      5.770      0.330
   168          1  (d)                -71   129   129   170   184   112     0     -0.198      1.261     -1.446      1.957      0.330
   169          1  (d)                -71   133   133   170   184   123     0      1.651     -1.416     -0.191      2.208      0.330
   170        113  (rho0)             -85   164   169   256   257     0     0     -0.109      0.153     -0.565      1.068      0.887
   171       -211  pi-                 86   164   169     0     0     0     0      0.235      0.167     -0.323      0.455      0.140
   172        211  pi+                 86   164   169     0     0     0     0     -0.028     -0.820     -0.147      0.845      0.140
   173       -211  pi-                 86   164   169     0     0     0     0      0.414      0.022     -0.626      0.764      0.140
   174        111  (pi0)              -83   164   169   308   309     0     0      0.373     -0.099     -0.420      0.586      0.135
   175        113  (rho0)             -83   164   169   258   259     0     0      0.525     -1.217     -4.298      4.565      0.778
   176        323  (K*+)              -83   164   169   260   261     0     0      0.135      0.441     -1.104      1.488      0.884
   177       -323  (K*-)              -83   164   169   262   263     0     0     -0.397     -0.713     -1.773      2.148      0.897
   178        113  (rho0)             -83   164   169   264   265     0     0     -1.486     -0.976     -3.790      4.269      0.833
   179        331  (eta')             -84   164   169   310   311     0     0     -1.012     -0.450     -5.644      5.831      0.958
   180        211  pi+                 84   164   169     0     0     0     0      0.218     -0.154     -0.730      0.790      0.140
   181        111  (pi0)              -84   164   169   312   313     0     0      0.087      0.153     -0.471      0.520      0.135
   182       -211  pi-                 84   164   169     0     0     0     0     -0.131     -0.074     -0.280      0.347      0.140
   183       2224  (Delta++)          -88   164   169   266   267     0     0      0.095     -0.203     -2.117      2.469      1.251
   184       -213  (rho-)             -84   164   169   268   269     0     0      0.426     -0.134     -0.396      0.915      0.693
   185          2  (u)                -71   152   152   187   200   115     0     -0.129      0.615    -34.745     34.752      0.330
   186       2203  (uu_1)             -71   150   150   187   200     0   115      0.914      0.417     23.881     23.915      0.771
   187        211  pi+                 83   185   186     0     0     0     0     -0.013     -0.167     -1.641      1.655      0.140
   188        111  (pi0)              -83   185   186   314   315     0     0      0.232      0.171     -4.284      4.296      0.135
   189        223  (omega)            -83   185   186   316   318     0     0     -0.341      0.464    -15.237     15.268      0.787
   190        111  (pi0)              -83   185   186   319   320     0     0      0.923      0.390     -4.073      4.196      0.135
   191        313  (K*0)              -83   185   186   270   271     0     0     -0.757     -0.197     -4.339      4.504      0.921
   192       -313  (K*bar0)           -83   185   186   272   273     0     0     -0.145      0.456     -2.873      3.054      0.921
   193       -213  (rho-)             -83   185   186   274   275     0     0     -0.301     -0.462     -0.747      1.179      0.726
   194        323  (K*+)              -84   185   186   276   277     0     0      0.499      0.300     -0.038      1.123      0.960
   195       -313  (K*bar0)           -84   185   186   278   279     0     0     -0.400     -0.241      1.386      1.714      0.894
   196       -211  pi-                 84   185   186     0     0     0     0      0.478     -0.049      1.205      1.305      0.140
   197        213  (rho+)             -84   185   186   280   281     0     0      0.123      0.091      0.563      1.003      0.816
   198       -213  (rho-)             -84   185   186   282   283     0     0      0.017     -0.276      8.119      8.171      0.880
   199       2212  p+                  84   185   186     0     0     0     0      0.540      0.659      8.252      8.349      0.938
   200        211  pi+                 84   185   186     0     0     0     0     -0.071     -0.109      2.843      2.850      0.140
   201          2  (u)                -71   117   117   221   255   122     0      0.446      0.840     -1.030      1.440      0.330
   202         21  (g)                -71   112   112   221   255   108   122      2.175     -3.223     -2.947      4.879      0.000
   203         21  (g)                -71   153   153   221   255   119   108      0.390     -1.218     -0.477      1.368      0.101
   204         21  (g)                -71   157   157   221   255   132   119      2.781     -0.730      0.080      2.893      0.309
   205         21  (g)                -71   119   119   221   255   116   132     -0.071     -0.220      0.249      0.340      0.000
   206         21  (g)                -71   158   158   221   255   140   116      1.503      0.018      2.259      2.732      0.321
   207         21  (g)                -71   123   123   221   255   133   140      0.205     -2.454      3.394      4.193      0.000
   208         21  (g)                -71   109   109   221   255   109   133     -0.114     -0.215     -0.045      0.247      0.000
   209         21  (g)                -71   159   159   221   255   131   109     -2.322      0.844      0.754      2.607      0.352
   210         21  (g)                -71   154   154   221   255   114   131     -1.430     -0.336      0.809      1.694      0.240
   211         21  (g)                -71   125   125   221   255   135   114     -1.531     -1.185      0.250      1.952      0.000
   212         21  (g)                -71   124   124   221   255   105   135     -0.068     -0.689      0.371      0.786      0.000
   213         21  (g)                -71   106   106   221   255   102   105    -11.310    -16.282     -0.921     19.846      0.000
   214         21  (g)                -71   126   126   221   255   136   102      0.081     -0.420      0.022      0.429      0.000
   215         21  (g)                -71   114   114   221   255   110   136     -0.127      2.820     -3.196      4.264      0.000
   216         21  (g)                -71   108   108   221   255   104   110     -2.125      2.230     -0.314      3.096      0.000
   217         21  (g)                -71   155   155   221   255   129   104     -0.425      1.291      2.689      3.027      0.286
   218         21  (g)                -71   156   156   221   255   141   129      1.705      0.024     26.704     26.760      0.305
   219         21  (g)                -71   145   145   221   255   137   141     -0.508      0.242      7.218      7.240      0.000
   220         -1  (dbar)             -71   151   151   221   255     0   137      0.095      0.526      0.484      0.792      0.330
   221        213  (rho+)             -83   201   220   284   285     0     0      0.685      0.119     -1.279      2.037      1.425
   222        111  (pi0)              -83   201   220   321   322     0     0      1.431     -1.518     -1.759      2.732      0.135
   223        311  (K0)               -83   201   220   286   286     0     0      0.756     -1.175     -0.020      1.483      0.498
   224       -321  K-                  83   201   220     0     0     0     0      0.453      0.063     -0.247      0.717      0.494
   225        213  (rho+)             -83   201   220   287   288     0     0      0.440     -0.330     -0.032      0.960      0.786
   226        111  (pi0)              -83   201   220   323   324     0     0      0.752     -1.103     -0.769      1.547      0.135
   227       -211  pi-                 83   201   220     0     0     0     0      0.338     -0.170      0.028      0.404      0.140
   228        213  (rho+)             -83   201   220   289   290     0     0      1.041     -0.569      0.553      1.532      0.796
   229        113  (rho0)             -83   201   220   291   292     0     0      0.548     -0.265      0.639      1.168      0.765
   230        223  (omega)            -83   201   220   325   327     0     0     -0.101     -1.020      1.354      1.869      0.783
   231        223  (omega)            -83   201   220   328   330     0     0      0.653      0.241      1.367      1.721      0.781
   232       -211  pi-                 83   201   220     0     0     0     0     -0.251     -0.048     -0.062      0.297      0.140
   233        223  (omega)            -83   201   220   331   332     0     0     -0.128     -0.791      1.300      1.717      0.785
   234        211  pi+                 83   201   220     0     0     0     0      0.032     -0.368      1.104      1.173      0.140
   235       -211  pi-                 84   201   220     0     0     0     0     -1.898     -0.590      0.432      2.039      0.140
   236        113  (rho0)             -84   201   220   293   294     0     0     -1.789     -0.147      0.611      2.060      0.804
   237        111  (pi0)              -84   201   220   333   334     0     0     -1.242     -1.575     -0.017      2.010      0.135
   238        211  pi+                 84   201   220     0     0     0     0     -0.050      0.027      0.178      0.233      0.140
   239        221  (eta)              -84   201   220   335   337     0     0     -1.076     -1.530     -0.285      1.970      0.548
   240        223  (omega)            -84   201   220   338   340     0     0     -4.800     -6.757     -0.076      8.326      0.783
   241       -213  (rho-)             -84   201   220   295   296     0     0     -4.270     -6.483     -0.219      7.799      0.715
   242        113  (rho0)             -84   201   220   297   298     0     0     -1.185     -0.657     -0.751      1.718      0.743
   243        211  pi+                 84   201   220     0     0     0     0      0.520     -0.006     -0.007      0.538      0.140
   244       -211  pi-                 84   201   220     0     0     0     0     -0.051      0.232     -0.348      0.444      0.140
   245        211  pi+                 84   201   220     0     0     0     0     -0.083      0.837     -0.249      0.888      0.140
   246        111  (pi0)              -84   201   220   341   342     0     0     -1.233      0.941     -0.581      1.661      0.135
   247       3112  (Sigma-)           -84   201   220   343   344     0     0     -0.128      1.063     -0.824      1.805      1.197
   248      -3212  (Sigmabar0)        -84   201   220   345   346     0     0     -0.559      1.300     -0.259      1.869      1.193
   249        223  (omega)            -84   201   220   347   349     0     0     -0.614      0.191      1.285      1.633      0.777
   250       2212  p+                  84   201   220     0     0     0     0      0.226      0.911      2.908      3.197      0.938
   251        211  pi+                 84   201   220     0     0     0     0      0.269     -0.505      1.509      1.620      0.140
   252      -2212  pbar-               84   201   220     0     0     0     0      0.181     -0.196      7.184      7.250      0.938
   253       -211  pi-                 84   201   220     0     0     0     0     -0.124      1.130      4.834      4.968      0.140
   254        223  (omega)            -84   201   220   350   352     0     0      0.741      0.012     17.496     17.529      0.783
   255        213  (rho+)             -84   201   220   299   300     0     0     -0.134      0.599      1.355      1.673      0.766
   256        211  pi+                 91   170     0     0     0     0     0     -0.286      0.311     -0.006      0.445      0.140
   257       -211  pi-                 91   170     0     0     0     0     0      0.178     -0.158     -0.559      0.623      0.140
   258        211  pi+                 91   175     0     0     0     0     0      0.037     -0.497     -0.767      0.925      0.140
   259       -211  pi-                 91   175     0     0     0     0     0      0.488     -0.720     -3.531      3.640      0.140
   260        311  (K0)               -91   176     0   301   301     0     0     -0.032      0.484     -1.051      1.260      0.498
   261        211  pi+                 91   176     0     0     0     0     0      0.167     -0.043     -0.053      0.228      0.140
   262       -311  (Kbar0)            -91   177     0   302   302     0     0     -0.132     -0.745     -1.416      1.681      0.498
   263       -211  pi-                 91   177     0     0     0     0     0     -0.266      0.032     -0.356      0.467      0.140
   264        211  pi+                 91   178     0     0     0     0     0     -1.235     -0.843     -2.312      2.757      0.140
   265       -211  pi-                 91   178     0     0     0     0     0     -0.251     -0.133     -1.478      1.512      0.140
   266       2212  p+                  91   183     0     0     0     0     0     -0.090     -0.136     -1.967      2.185      0.938
   267        211  pi+                 91   183     0     0     0     0     0      0.185     -0.066     -0.150      0.284      0.140
   268       -211  pi-                 91   184     0     0     0     0     0      0.190      0.200      0.028      0.311      0.140
   269        111  (pi0)              -91   184     0   353   354     0     0      0.236     -0.334     -0.423      0.604      0.135
   270        321  K+                  91   191     0     0     0     0     0     -0.204     -0.286     -2.675      2.743      0.494
   271       -211  pi-                 91   191     0     0     0     0     0     -0.553      0.089     -1.663      1.761      0.140
   272       -311  (Kbar0)            -91   192     0   303   303     0     0      0.053      0.456     -2.619      2.705      0.498
   273        111  (pi0)              -91   192     0   355   356     0     0     -0.199      0.000     -0.254      0.349      0.135
   274       -211  pi-                 91   193     0     0     0     0     0     -0.456     -0.118     -0.287      0.569      0.140
   275        111  (pi0)              -91   193     0   357   358     0     0      0.155     -0.345     -0.459      0.610      0.135
   276        311  (K0)               -91   194     0   304   304     0     0      0.202      0.282     -0.324      0.687      0.498
   277        211  pi+                 91   194     0     0     0     0     0      0.298      0.018      0.286      0.436      0.140
   278       -311  (Kbar0)            -91   195     0   305   305     0     0      0.029     -0.212      0.603      0.811      0.498
   279        111  (pi0)              -91   195     0   359   360     0     0     -0.429     -0.028      0.783      0.903      0.135
   280        211  pi+                 91   197     0     0     0     0     0      0.039     -0.042      0.725      0.740      0.140
   281        111  (pi0)              -91   197     0   361   362     0     0      0.083      0.133     -0.162      0.263      0.135
   282       -211  pi-                 91   198     0     0     0     0     0      0.025      0.198      5.548      5.553      0.140
   283        111  (pi0)              -91   198     0   363   364     0     0     -0.008     -0.474      2.571      2.618      0.135
   284        211  pi+                 91   221     0     0     0     0     0     -0.141      0.250     -1.133      1.177      0.140
   285        111  (pi0)              -91   221     0   365   366     0     0      0.827     -0.131     -0.147      0.860      0.135
   286        130  K_L0                91   223   223     0     0     0     0      0.756     -1.175     -0.020      1.483      0.498
   287        211  pi+                 91   225     0     0     0     0     0     -0.182     -0.205      0.025      0.309      0.140
   288        111  (pi0)              -91   225     0   367   368     0     0      0.622     -0.125     -0.057      0.651      0.135
   289        211  pi+                 91   228     0     0     0     0     0      0.021     -0.298     -0.007      0.330      0.140
   290        111  (pi0)              -91   228     0   369   370     0     0      1.020     -0.272      0.560      1.203      0.135
   291        211  pi+                 91   229     0     0     0     0     0      0.593     -0.386      0.303      0.782      0.140
   292       -211  pi-                 91   229     0     0     0     0     0     -0.045      0.120      0.336      0.386      0.140
   293        211  pi+                 91   236     0     0     0     0     0     -0.572      0.191     -0.061      0.622      0.140
   294       -211  pi-                 91   236     0     0     0     0     0     -1.217     -0.338      0.672      1.437      0.140
   295       -211  pi-                 91   241     0     0     0     0     0     -0.163     -0.274     -0.047      0.351      0.140
   296        111  (pi0)              -91   241     0   371   372     0     0     -4.107     -6.209     -0.172      7.448      0.135
   297        211  pi+                 91   242     0     0     0     0     0     -1.082     -0.690     -0.447      1.366      0.140
   298       -211  pi-                 91   242     0     0     0     0     0     -0.102      0.033     -0.304      0.351      0.140
   299        211  pi+                 91   255     0     0     0     0     0      0.022     -0.059      0.720      0.736      0.140
   300        111  (pi0)              -91   255     0   373   374     0     0     -0.156      0.657      0.635      0.937      0.135
   301        310  (K_S0)             -91   260   260   375   376     0     0     -0.032      0.484     -1.051      1.260      0.498
   302        310  (K_S0)             -91   262   262   377   378     0     0     -0.132     -0.745     -1.416      1.681      0.498
   303        310  (K_S0)             -91   272   272   379   380     0     0      0.053      0.456     -2.619      2.705      0.498
   304        310  (K_S0)             -91   276   276   381   382     0     0      0.202      0.282     -0.324      0.687      0.498
   305        130  K_L0                91   278   278     0     0     0     0      0.029     -0.212      0.603      0.811      0.498
   306         22  gamma               91   162     0     0     0     0     0      1.493      3.285     -0.142      3.611      0.000
   307         22  gamma               91   162     0     0     0     0     0      2.720      5.825     -0.985      6.504      0.000
   308         22  gamma               91   174     0     0     0     0     0      0.169     -0.057     -0.100      0.205      0.000
   309         22  gamma               91   174     0     0     0     0     0      0.204     -0.042     -0.320      0.382      0.000
   310        113  (rho0)             -91   179     0   383   384     0     0     -0.795     -0.156     -4.824      4.933      0.638
   311         22  gamma               91   179     0     0     0     0     0     -0.217     -0.294     -0.820      0.898      0.000
   312         22  gamma               91   181     0     0     0     0     0     -0.027      0.000     -0.032      0.042      0.000
   313         22  gamma               91   181     0     0     0     0     0      0.114      0.153     -0.439      0.478      0.000
   314         22  gamma               91   188     0     0     0     0     0      0.082      0.135     -2.581      2.585      0.000
   315         22  gamma               91   188     0     0     0     0     0      0.150      0.036     -1.704      1.711      0.000
   316        211  pi+                 91   189     0     0     0     0     0     -0.029      0.346     -7.344      7.354      0.140
   317       -211  pi-                 91   189     0     0     0     0     0     -0.072     -0.121     -1.826      1.836      0.140
   318        111  (pi0)              -91   189     0   385   386     0     0     -0.239      0.239     -6.067      6.078      0.135
   319         22  gamma               91   190     0     0     0     0     0      0.320      0.172     -1.252      1.303      0.000
   320         22  gamma               91   190     0     0     0     0     0      0.604      0.217     -2.821      2.893      0.000
   321         22  gamma               91   222     0     0     0     0     0      0.068     -0.120     -0.112      0.178      0.000
   322         22  gamma               91   222     0     0     0     0     0      1.363     -1.398     -1.646      2.554      0.000
   323         22  gamma               91   226     0     0     0     0     0      0.536     -0.673     -0.510      1.000      0.000
   324         22  gamma               91   226     0     0     0     0     0      0.216     -0.429     -0.260      0.547      0.000
   325        211  pi+                 91   230     0     0     0     0     0     -0.124     -0.665      0.619      0.927      0.140
   326       -211  pi-                 91   230     0     0     0     0     0     -0.151     -0.052      0.309      0.375      0.140
   327        111  (pi0)              -91   230     0   387   388     0     0      0.175     -0.303      0.426      0.567      0.135
   328        211  pi+                 91   231     0     0     0     0     0      0.318      0.071      0.473      0.591      0.140
   329       -211  pi-                 91   231     0     0     0     0     0      0.245      0.310      0.785      0.889      0.140
   330        111  (pi0)              -91   231     0   389   390     0     0      0.091     -0.140      0.109      0.241      0.135
   331        111  (pi0)              -91   233     0   391   392     0     0      0.239     -0.553      1.038      1.208      0.135
   332         22  gamma               91   233     0     0     0     0     0     -0.366     -0.237      0.262      0.509      0.000
   333         22  gamma               91   237     0     0     0     0     0     -0.223     -0.205      0.002      0.303      0.000
   334         22  gamma               91   237     0     0     0     0     0     -1.019     -1.370     -0.019      1.708      0.000
   335        111  (pi0)              -91   239     0   393   394     0     0     -0.443     -0.502     -0.106      0.691      0.135
   336        111  (pi0)              -91   239     0   395   396     0     0     -0.336     -0.740     -0.052      0.825      0.135
   337        111  (pi0)              -91   239     0   397   398     0     0     -0.297     -0.289     -0.127      0.454      0.135
   338        211  pi+                 91   240     0     0     0     0     0     -2.261     -3.378     -0.135      4.070      0.140
   339       -211  pi-                 91   240     0     0     0     0     0     -0.939     -1.514     -0.102      1.790      0.140
   340        111  (pi0)              -91   240     0   399   400     0     0     -1.600     -1.865      0.161      2.466      0.135
   341         22  gamma               91   246     0     0     0     0     0     -0.314      0.277     -0.213      0.470      0.000
   342         22  gamma               91   246     0     0     0     0     0     -0.919      0.664     -0.368      1.192      0.000
   343       2112  n0                  91   247     0     0     0     0     0     -0.199      1.085     -0.741      1.627      0.940
   344       -211  pi-                 91   247     0     0     0     0     0      0.070     -0.022     -0.082      0.178      0.140
   345      -3122  (Lambdabar0)       -91   248     0   401   402     0     0     -0.487      1.143     -0.183      1.680      1.116
   346         22  gamma               91   248     0     0     0     0     0     -0.072      0.157     -0.076      0.189      0.000
   347        211  pi+                 91   249     0     0     0     0     0      0.002      0.092      0.027      0.169      0.140
   348       -211  pi-                 91   249     0     0     0     0     0     -0.229     -0.061      0.707      0.759      0.140
   349        111  (pi0)              -91   249     0   403   404     0     0     -0.387      0.160      0.552      0.706      0.135
   350        211  pi+                 91   254     0     0     0     0     0      0.216     -0.273      7.247      7.256      0.140
   351       -211  pi-                 91   254     0     0     0     0     0      0.299      0.123      7.012      7.021      0.140
   352        111  (pi0)              -91   254     0   405   406     0     0      0.226      0.161      3.237      3.251      0.135
   353         22  gamma               91   269     0     0     0     0     0      0.008     -0.110     -0.123      0.165      0.000
   354         22  gamma               91   269     0     0     0     0     0      0.228     -0.225     -0.300      0.439      0.000
   355         22  gamma               91   273     0     0     0     0     0     -0.006      0.018     -0.102      0.103      0.000
   356         22  gamma               91   273     0     0     0     0     0     -0.192     -0.018     -0.152      0.246      0.000
   357         22  gamma               91   275     0     0     0     0     0      0.014     -0.184     -0.251      0.312      0.000
   358         22  gamma               91   275     0     0     0     0     0      0.141     -0.161     -0.208      0.298      0.000
   359         22  gamma               91   279     0     0     0     0     0     -0.341     -0.077      0.628      0.718      0.000
   360         22  gamma               91   279     0     0     0     0     0     -0.088      0.048      0.155      0.185      0.000
   361         22  gamma               91   281     0     0     0     0     0      0.028      0.147     -0.115      0.189      0.000
   362         22  gamma               91   281     0     0     0     0     0      0.055     -0.014     -0.047      0.074      0.000
   363         22  gamma               91   283     0     0     0     0     0     -0.070     -0.302      1.654      1.683      0.000
   364         22  gamma               91   283     0     0     0     0     0      0.062     -0.172      0.916      0.934      0.000
   365         22  gamma               91   285     0     0     0     0     0      0.266     -0.016      0.011      0.267      0.000
   366         22  gamma               91   285     0     0     0     0     0      0.561     -0.115     -0.158      0.594      0.000
   367         22  gamma               91   288     0     0     0     0     0      0.045     -0.049     -0.001      0.067      0.000
   368         22  gamma               91   288     0     0     0     0     0      0.577     -0.076     -0.057      0.585      0.000
   369         22  gamma               91   290     0     0     0     0     0      0.397     -0.171      0.250      0.500      0.000
   370         22  gamma               91   290     0     0     0     0     0      0.623     -0.100      0.309      0.703      0.000
   371         22  gamma               91   296     0     0     0     0     0     -0.190     -0.339     -0.017      0.389      0.000
   372         22  gamma               91   296     0     0     0     0     0     -3.918     -5.870     -0.155      7.059      0.000
   373         22  gamma               91   300     0     0     0     0     0      0.022      0.042      0.057      0.074      0.000
   374         22  gamma               91   300     0     0     0     0     0     -0.178      0.616      0.578      0.863      0.000
   375        211  pi+                 91   301     0     0     0     0     0     -0.197      0.281     -0.756      0.842      0.140
   376       -211  pi-                 91   301     0     0     0     0     0      0.165      0.203     -0.295      0.418      0.140
   377        211  pi+                 91   302     0     0     0     0     0     -0.225     -0.332     -0.924      1.016      0.140
   378       -211  pi-                 91   302     0     0     0     0     0      0.093     -0.413     -0.493      0.665      0.140
   379        111  (pi0)              -91   303     0   407   408     0     0     -0.095      0.277     -2.058      2.083      0.135
   380        111  (pi0)              -91   303     0   409   410     0     0      0.148      0.179     -0.561      0.622      0.135
   381        211  pi+                 91   304     0     0     0     0     0     -0.029      0.283     -0.262      0.411      0.140
   382       -211  pi-                 91   304     0     0     0     0     0      0.230     -0.001     -0.062      0.276      0.140
   383        211  pi+                 91   310     0     0     0     0     0     -0.062      0.151     -1.314      1.332      0.140
   384       -211  pi-                 91   310     0     0     0     0     0     -0.733     -0.307     -3.510      3.601      0.140
   385         22  gamma               91   318     0     0     0     0     0     -0.160      0.121     -2.488      2.496      0.000
   386         22  gamma               91   318     0     0     0     0     0     -0.079      0.117     -3.579      3.582      0.000
   387         22  gamma               91   327     0     0     0     0     0      0.082     -0.253      0.268      0.377      0.000
   388         22  gamma               91   327     0     0     0     0     0      0.092     -0.050      0.158      0.190      0.000
   389         22  gamma               91   330     0     0     0     0     0      0.093     -0.127      0.029      0.160      0.000
   390         22  gamma               91   330     0     0     0     0     0     -0.002     -0.013      0.080      0.081      0.000
   391         22  gamma               91   331     0     0     0     0     0      0.099     -0.356      0.710      0.800      0.000
   392         22  gamma               91   331     0     0     0     0     0      0.139     -0.198      0.328      0.408      0.000
   393         22  gamma               91   335     0     0     0     0     0     -0.446     -0.480     -0.085      0.661      0.000
   394         22  gamma               91   335     0     0     0     0     0      0.003     -0.021     -0.021      0.030      0.000
   395         22  gamma               91   336     0     0     0     0     0     -0.219     -0.601     -0.067      0.643      0.000
   396         22  gamma               91   336     0     0     0     0     0     -0.118     -0.139      0.014      0.182      0.000
   397         22  gamma               91   337     0     0     0     0     0     -0.203     -0.225     -0.149      0.338      0.000
   398         22  gamma               91   337     0     0     0     0     0     -0.093     -0.063      0.023      0.115      0.000
   399         22  gamma               91   340     0     0     0     0     0     -0.798     -0.873      0.021      1.183      0.000
   400         22  gamma               91   340     0     0     0     0     0     -0.803     -0.992      0.140      1.284      0.000
   401      -2212  pbar-               91   345     0     0     0     0     0     -0.375      0.894     -0.233      1.369      0.938
   402        211  pi+                 91   345     0     0     0     0     0     -0.112      0.249      0.050      0.311      0.140
   403         22  gamma               91   349     0     0     0     0     0     -0.235      0.158      0.407      0.496      0.000
   404         22  gamma               91   349     0     0     0     0     0     -0.152      0.002      0.145      0.210      0.000
   405         22  gamma               91   352     0     0     0     0     0      0.049      0.022      1.391      1.392      0.000
   406         22  gamma               91   352     0     0     0     0     0      0.176      0.139      1.846      1.860      0.000
   407         22  gamma               91   379     0     0     0     0     0     -0.095      0.078     -0.765      0.775      0.000
   408         22  gamma               91   379     0     0     0     0     0      0.000      0.200     -1.293      1.308      0.000
   409         22  gamma               91   380     0     0     0     0     0      0.169      0.143     -0.513      0.558      0.000
   410         22  gamma               91   380     0     0     0     0     0     -0.021      0.036     -0.048      0.064      0.000
                                   Charge sum:  2.000           Momentum sum:     -0.000      0.000     -0.000    200.000    200.000

 --------  End PYTHIA Event Listing  -----------------------------------------------------------------------------------------------
[0;33mRivet.AnalysisLoader: WARN [0m Ignoring duplicate plugin analysis called 'STAR_2006_I709170'
[0;33mRivet.AnalysisHandler: WARN [0m Analysis 'STAR_2006_I709170TEST' not found.
[0;33mRivet.AnalysisHandler: WARN [0m Analysis 'BRAHMS_2007_I742956' is unvalidated: be careful, it may be broken!
[0;33mRivet.AnalysisHandler: WARN [0m Analysis 'STAR_2003_I631869' is unvalidated: be careful, it may be broken!
[0;33mRivet.AnalysisHandler: WARN [0m Analysis 'STAR_2012_I930463' is unvalidated: be careful, it may be broken!
[0;33mRivet.AnalysisHandler: WARN [0m Analysis 'STAR_2019_I1771348' is unvalidated: be careful, it may be broken!
[0;33mRivet.AnalysisHandler: WARN [0m Analysis 'STAR_2020_I1783875' is unvalidated: be careful, it may be broken!
[0;33mRivet.AnalysisHandler: WARN [0m Analysis 'STAR_2021_I1853218' is unvalidated: be careful, it may be broken!

 Pythia::next(): 1000 events have been generated 

 Pythia::next(): 2000 events have been generated 

 Pythia::next(): 3000 events have been generated 
 PYTHIA Warning in SimpleSpaceShower::pT2nextQCD: weight above unity

 Pythia::next(): 4000 events have been generated 

 Pythia::next(): 5000 events have been generated 
 PYTHIA Error in BeamRemnants::setKinematics: kinematics construction failed after retrying 10 times

 Pythia::next(): 6000 events have been generated 

 Pythia::next(): 7000 events have been generated 

 Pythia::next(): 8000 events have been generated 
 PYTHIA Error in SimpleSpaceShower::pT2nearThreshold: stuck in loop

 Pythia::next(): 9000 events have been generated 

 Pythia::next(): 10000 events have been generated 

 Pythia::next(): 11000 events have been generated 

 Pythia::next(): 12000 events have been generated 

 Pythia::next(): 13000 events have been generated 

 Pythia::next(): 14000 events have been generated 

 Pythia::next(): 15000 events have been generated 

 Pythia::next(): 16000 events have been generated 

 Pythia::next(): 17000 events have been generated 

 Pythia::next(): 18000 events have been generated 

 Pythia::next(): 19000 events have been generated 

 Pythia::next(): 20000 events have been generated 

 Pythia::next(): 21000 events have been generated 

 Pythia::next(): 22000 events have been generated 

 Pythia::next(): 23000 events have been generated 

 Pythia::next(): 24000 events have been generated 

 Pythia::next(): 25000 events have been generated 

 Pythia::next(): 26000 events have been generated 

 Pythia::next(): 27000 events have been generated 

 Pythia::next(): 28000 events have been generated 

 Pythia::next(): 29000 events have been generated 

 Pythia::next(): 30000 events have been generated 

 Pythia::next(): 31000 events have been generated 

 Pythia::next(): 32000 events have been generated 

 Pythia::next(): 33000 events have been generated 

 Pythia::next(): 34000 events have been generated 

 Pythia::next(): 35000 events have been generated 

 Pythia::next(): 36000 events have been generated 

 Pythia::next(): 37000 events have been generated 

 Pythia::next(): 38000 events have been generated 

 Pythia::next(): 39000 events have been generated 

 Pythia::next(): 40000 events have been generated 

 Pythia::next(): 41000 events have been generated 

 Pythia::next(): 42000 events have been generated 

 Pythia::next(): 43000 events have been generated 

 Pythia::next(): 44000 events have been generated 

 Pythia::next(): 45000 events have been generated 

 Pythia::next(): 46000 events have been generated 

 Pythia::next(): 47000 events have been generated 

 Pythia::next(): 48000 events have been generated 

 Pythia::next(): 49000 events have been generated 

 Pythia::next(): 50000 events have been generated 

 Pythia::next(): 51000 events have been generated 

 Pythia::next(): 52000 events have been generated 

 Pythia::next(): 53000 events have been generated 

 Pythia::next(): 54000 events have been generated 

 Pythia::next(): 55000 events have been generated 

 Pythia::next(): 56000 events have been generated 

 Pythia::next(): 57000 events have been generated 

 Pythia::next(): 58000 events have been generated 

 Pythia::next(): 59000 events have been generated 

 Pythia::next(): 60000 events have been generated 

 Pythia::next(): 61000 events have been generated 

 Pythia::next(): 62000 events have been generated 

 Pythia::next(): 63000 events have been generated 

 Pythia::next(): 64000 events have been generated 

 Pythia::next(): 65000 events have been generated 

 Pythia::next(): 66000 events have been generated 

 Pythia::next(): 67000 events have been generated 

 Pythia::next(): 68000 events have been generated 

 Pythia::next(): 69000 events have been generated 

 Pythia::next(): 70000 events have been generated 

 Pythia::next(): 71000 events have been generated 

 Pythia::next(): 72000 events have been generated 

 Pythia::next(): 73000 events have been generated 

 Pythia::next(): 74000 events have been generated 

 Pythia::next(): 75000 events have been generated 

 Pythia::next(): 76000 events have been generated 

 Pythia::next(): 77000 events have been generated 

 Pythia::next(): 78000 events have been generated 

 Pythia::next(): 79000 events have been generated 

 Pythia::next(): 80000 events have been generated 

 Pythia::next(): 81000 events have been generated 

 Pythia::next(): 82000 events have been generated 

 Pythia::next(): 83000 events have been generated 

 Pythia::next(): 84000 events have been generated 
 PYTHIA Error in MiniStringFragmentation::fragment: no 1- or 2-body state found above mass threshold
 PYTHIA Error in LundFragmentation::fragment: ministring fragmentation failed
 PYTHIA Error in Pythia::next: hadronLevel failed; try again

 Pythia::next(): 85000 events have been generated 

 Pythia::next(): 86000 events have been generated 

 Pythia::next(): 87000 events have been generated 

 Pythia::next(): 88000 events have been generated 

 Pythia::next(): 89000 events have been generated 

 Pythia::next(): 90000 events have been generated 

 Pythia::next(): 91000 events have been generated 

 Pythia::next(): 92000 events have been generated 

 Pythia::next(): 93000 events have been generated 

 Pythia::next(): 94000 events have been generated 

 Pythia::next(): 95000 events have been generated 

 Pythia::next(): 96000 events have been generated 

 Pythia::next(): 97000 events have been generated 

 Pythia::next(): 98000 events have been generated 

 Pythia::next(): 99000 events have been generated 

 *-------  PYTHIA Event and Cross Section Statistics  -------------------------------------------------------------*
 |                                                                                                                 |
 | Subprocess                                    Code |            Number of events       |      sigma +- delta    |
 |                                                    |       Tried   Selected   Accepted |     (estimated) (mb)   |
 |                                                    |                                   |                        |
 |-----------------------------------------------------------------------------------------------------------------|
 |                                                    |                                   |                        |
 | g g -> g g                                     111 |      109647      10577      10577 |   3.118e-07  1.790e-09 |
 | g g -> q qbar (uds)                            112 |        3052        280        280 |   8.539e-09  3.041e-10 |
 | q g -> q g                                     113 |      599831      48880      48880 |   1.430e-06  3.241e-09 |
 | q q(bar)' -> q q(bar)'                         114 |      417389      39382      39382 |   1.159e-06  2.720e-09 |
 | q qbar -> g g                                  115 |        1927        282        282 |   8.171e-09  2.671e-10 |
 | q qbar -> q' qbar' (uds)                       116 |        1738        250        250 |   7.834e-09  3.023e-10 |
 | g g -> c cbar                                  121 |        1033         93         93 |   2.982e-09  1.776e-10 |
 | q qbar -> c cbar                               122 |         582         86         86 |   2.559e-09  1.675e-10 |
 | g g -> b bbar                                  123 |         955         88         88 |   2.852e-09  1.705e-10 |
 | q qbar -> b bbar                               124 |         582         82         82 |   2.391e-09  1.575e-10 |
 |                                                    |                                   |                        |
 | sum                                                |     1136736     100000     100000 |   2.936e-06  4.634e-09 |
 |                                                                                                                 |
 *-------  End PYTHIA Event and Cross Section Statistics ----------------------------------------------------------*

 *-------  PYTHIA Multiparton Interactions Statistics  --------*
 |                                                             |
 |  Note: excludes hardest subprocess if already listed above  |
 |                                                             |
 | Subprocess                               Code |       Times |
 |                                               |             |
 |-------------------------------------------------------------|
 |                                               |             |
 | g g -> g g                                111 |      144719 |
 | g g -> q qbar (uds)                       112 |        1939 |
 | q g -> q g                                113 |      112615 |
 | q q(bar)' -> q q(bar)'                    114 |       19526 |
 | q qbar -> g g                             115 |         446 |
 | q qbar -> q' qbar' (uds)                  116 |         224 |
 | g g -> c cbar                             121 |         105 |
 | q qbar -> c cbar                          122 |          12 |
 | g g -> b bbar                             123 |           2 |
 | q qbar -> b bbar                          124 |           0 |
 | q g -> q gamma (udscb)                    201 |          13 |
 | q qbar -> g gamma                         202 |           6 |
 | g g -> g gamma                            203 |           0 |
 | f fbar -> gamma gamma                     204 |           0 |
 | g g -> gamma gamma                        205 |           0 |
 | f f' -> f f' (t-channel gamma*/Z0)        211 |           1 |
 | f_1 f_2 -> f_3 f_4 (t-channel W+-)        212 |           0 |
 | f fbar -> f' fbar' (s-channel gamma*)     223 |           0 |
 | g g -> ccbar(3S1)[3S1(1)] g               401 |           1 |
 | g g -> ccbar(3S1)[3S1(8)] g               402 |           0 |
 | q g -> ccbar(3S1)[3S1(8)] q               403 |           0 |
 | q qbar -> ccbar(3S1)[3S1(8)] g            404 |           0 |
 | g g -> ccbar(3S1)[1S0(8)] g               405 |           1 |
 | q g -> ccbar(3S1)[1S0(8)] q               406 |           1 |
 | q qbar -> ccbar(3S1)[1S0(8)] g            407 |           0 |
 | g g -> ccbar(3S1)[3PJ(8)] g               408 |           8 |
 | q g -> ccbar(3S1)[3PJ(8)] q               409 |           2 |
 | q qbar -> ccbar(3S1)[3PJ(8)] g            410 |           1 |
 | g g -> ccbar(3PJ)[3PJ(1)] g               411 |         164 |
 | q g -> ccbar(3PJ)[3PJ(1)] q               412 |          17 |
 | q qbar -> ccbar(3PJ)[3PJ(1)] g            413 |           3 |
 | g g -> ccbar(3PJ)[3S1(8)] g               414 |           1 |
 | q g -> ccbar(3PJ)[3S1(8)] q               415 |           0 |
 | q qbar -> ccbar(3PJ)[3S1(8)] g            416 |           0 |
 | g g -> ccbar(3DJ)[3DJ(1)] g               417 |           0 |
 | g g -> ccbar(3DJ)[3PJ(8)] g               418 |           2 |
 | q g -> ccbar(3DJ)[3PJ(8)] q               419 |           0 |
 | q qbar -> ccbar(3DJ)[3PJ(8)] g            420 |           0 |
 | g g -> double ccbar(3S1)[3S1(1)]          421 |           0 |
 | q qbar -> double ccbar(3S1)[3S1(1)]       422 |           0 |
 | g g -> ccbar(3S1)[3S1(1)] gamma           441 |           1 |
 | g g -> bbbar(3S1)[3S1(1)] g               501 |           0 |
 | g g -> bbbar(3S1)[3S1(8)] g               502 |           0 |
 | q g -> bbbar(3S1)[3S1(8)] q               503 |           0 |
 | q qbar -> bbbar(3S1)[3S1(8)] g            504 |           0 |
 | g g -> bbbar(3S1)[1S0(8)] g               505 |           0 |
 | q g -> bbbar(3S1)[1S0(8)] q               506 |           0 |
 | q qbar -> bbbar(3S1)[1S0(8)] g            507 |           0 |
 | g g -> bbbar(3S1)[3PJ(8)] g               508 |           0 |
 | q g -> bbbar(3S1)[3PJ(8)] q               509 |           0 |
 | q qbar -> bbbar(3S1)[3PJ(8)] g            510 |           0 |
 | g g -> bbbar(3PJ)[3PJ(1)] g               511 |           1 |
 | q g -> bbbar(3PJ)[3PJ(1)] q               512 |           0 |
 | q qbar -> bbbar(3PJ)[3PJ(1)] g            513 |           0 |
 | g g -> bbbar(3PJ)[3S1(8)] g               514 |           0 |
 | q g -> bbbar(3PJ)[3S1(8)] q               515 |           0 |
 | q qbar -> bbbar(3PJ)[3S1(8)] g            516 |           0 |
 | g g -> double bbbar(3S1)[3S1(1)]          521 |           0 |
 | q qbar -> double bbbar(3S1)[3S1(1)]       522 |           0 |
 | g g -> bbbar(3S1)[3S1(1)] gamma           551 |           0 |
 |                                                             |
 | sum                                           |      279811 |
 |                                               |             |
 *-------  End PYTHIA Multiparton Interactions Statistics -----*

 *-------  PYTHIA Error and Warning Messages Statistics  ----------------------------------------------------------* 
 |                                                                                                                 | 
 |  times   message                                                                                                | 
 |                                                                                                                 | 
 |     80   Error in BeamRemnants::setKinematics: kinematics construction failed after retrying 10 times           | 
 |      1   Error in LundFragmentation::fragment: ministring fragmentation failed                                  | 
 |      1   Error in MiniStringFragmentation::fragment: no 1- or 2-body state found above mass threshold           | 
 |      1   Error in Pythia::next: hadronLevel failed; try again                                                   | 
 |     12   Error in SimpleSpaceShower::pT2nearThreshold: stuck in loop                                            | 
 |     57   Warning in SimpleSpaceShower::pT2nextQCD: weight above unity                                           | 
 |                                                                                                                 | 
 *-------  End PYTHIA Error and Warning Messages Statistics  ------------------------------------------------------* 
